#
# A fatal error has been detected by the Java Runtime Environment:
#
#  SIGSEGV (0xb) at pc=0x00007fffc287e05d, pid=3117, tid=0x0000000000000307
#
# JRE version: Java(TM) SE Runtime Environment (8.0_131-b11) (build 1.8.0_131-b11)
# Java VM: Java HotSpot(TM) 64-Bit Server VM (25.131-b11 mixed mode bsd-amd64 compressed oops)
# Problematic frame:
# C  [libobjc.A.dylib+0x705d]  objc_msgSend+0x1d
#
# Failed to write core dump. Core dumps have been disabled. To enable core dumping, try "ulimit -c unlimited" before starting Java again
#
# If you would like to submit a bug report, please visit:
#   http://bugreport.java.com/bugreport/crash.jsp
# The crash happened outside the Java Virtual Machine in native code.
# See problematic frame for where to report the bug.
#

---------------  T H R E A D  ---------------

Current thread (0x00007fbb8b982800):  JavaThread "AWT-AppKit" daemon [_thread_in_native, id=775, stack(0x00007fff526e6000,0x00007fff52ee6000)]

siginfo: si_signo: 11 (SIGSEGV), si_code: 1 (SEGV_MAPERR), si_addr: 0x0000000000000018

Registers:
RAX=0x00007fbb90920160, RBX=0x000000012b910450, RCX=0x00007fbb8c9011d0, RDX=0x0000000000000000
RSP=0x00007fff52ee1288, RBP=0x00007fff52ee1340, RSI=0x00007fffac118116, RDI=0x00007fbb90836d10
R8 =0x0000000000000018, R9 =0x00007fbb8c901520, R10=0x0000000000000000, R11=0x00007fffac118116
R12=0x0000000000000000, R13=0x000000019be590f8, R14=0x000000012b910440, R15=0x00007fbb8b982800
RIP=0x00007fffc287e05d, EFLAGS=0x0000000000010246, ERR=0x0000000000000004
  TRAPNO=0x000000000000000e

Top of Stack: (sp=0x00007fff52ee1288)
0x00007fff52ee1288:   000000012b90e157 00007fff52ee12e0
0x00007fff52ee1298:   0000000000000003 00007fff52ee12c0
0x00007fff52ee12a8:   000000010d7f36d2 000000019be590f8
0x00007fff52ee12b8:   000000019be590f8 00007fbb90920160
0x00007fff52ee12c8:   000000012b9106a0 000000012b910710
0x00007fff52ee12d8:   00007fffc88e26d0 00007fffc95121e0
0x00007fff52ee12e8:   000000012b910450 000000012b910690
0x00007fff52ee12f8:   00007fbb90920160 00007fbb90836d10
0x00007fff52ee1308:   00007fbb90a32680 00007fbb90920160
0x00007fff52ee1318:   00007fbb90836d10 00007fff52ee13c8
0x00007fff52ee1328:   00007fbb8b9829f8 000000019be590f8
0x00007fff52ee1338:   00007fff52ee13f0 00007fff52ee13b8
0x00007fff52ee1348:   0000000118db99f4 000000019be590f8
0x00007fff52ee1358:   00007fff52ee13f0 00007fff52ee13b8
0x00007fff52ee1368:   0000000118db9787 0000000118db9742
0x00007fff52ee1378:   00007fff52ee1378 000000019be590f8
0x00007fff52ee1388:   00007fff52ee13f0 000000019be5bd30
0x00007fff52ee1398:   0000000000000000 000000019be590f8
0x00007fff52ee13a8:   0000000000000000 00007fff52ee13d8
0x00007fff52ee13b8:   00007fff52ee1438 0000000118daa2bd
0x00007fff52ee13c8:   0000000740941838 0000000118db3538
0x00007fff52ee13d8:   00007fbb90920160 00007fff52ee1438
0x00007fff52ee13e8:   00007fbb90836d10 0000000118db4e02
0x00007fff52ee13f8:   00007fff52ee13f8 000000019be592c2
0x00007fff52ee1408:   00007fff52ee1460 000000019be5bd30
0x00007fff52ee1418:   0000000000000000 000000019be592d0
0x00007fff52ee1428:   00007fff52ee13d8 00007fff52ee1448
0x00007fff52ee1438:   00007fff52ee14a8 0000000118daa2bd
0x00007fff52ee1448:   00007fbb90920160 0000000740982a68
0x00007fff52ee1458:   00007fbb90836d10 0000000740982a68
0x00007fff52ee1468:   00007fff52ee1468 00000001a0e6e83e
0x00007fff52ee1478:   00007fff52ee14b8 00000001a0e6e8f8 

Instructions: (pc=0x00007fffc287e05d)
0x00007fffc287e03d:   0f 1f 00 48 85 ff 2e 74 62 40 f6 c7 01 2e 75 66
0x00007fffc287e04d:   49 ba f8 ff ff ff ff 7f 00 00 4c 23 17 49 89 f3
0x00007fffc287e05d:   45 23 5a 18 49 c1 e3 04 4d 03 5a 10 49 3b 33 75
0x00007fffc287e06d:   04 41 ff 63 08 49 83 3b 01 76 0d 49 83 c3 10 49 

Register to memory mapping:

RAX=0x00007fbb90920160 is an unknown value
RBX=0x000000012b910450: Java_jogamp_nativewindow_macosx_OSXUtil_GetScreenRefreshRate0+0x1cf0 in /private/var/folders/lr/vg0t0wxx3tg6yq252w_p67_00000gn/T/jogamp_0000/file_cache/jln7635347574726112278/jln6691954064772272051/libnativewindow_macosx.jnilib at 0x000000012b909000
RCX=0x00007fbb8c9011d0 is an unknown value
RDX=0x0000000000000000 is an unknown value
RSP=0x00007fff52ee1288 is pointing into the stack for thread: 0x00007fbb8b982800
RBP=0x00007fff52ee1340 is pointing into the stack for thread: 0x00007fbb8b982800
RSI=0x00007fffac118116: __NSStyleNameIndexTable+0x7fd5e in /System/Library/Frameworks/AppKit.framework/Versions/C/AppKit at 0x00007fffab4ab000
RDI=0x00007fbb90836d10 is an unknown value
R8 =0x0000000000000018 is an unknown value
R9 =0x00007fbb8c901520 is an unknown value
R10=0x0000000000000000 is an unknown value
R11=0x00007fffac118116: __NSStyleNameIndexTable+0x7fd5e in /System/Library/Frameworks/AppKit.framework/Versions/C/AppKit at 0x00007fffab4ab000
R12=0x0000000000000000 is an unknown value
R13={method} {0x000000019be590f8} 'UnsetJAWTRootSurfaceLayer0' '(JJ)V' in 'jogamp/nativewindow/jawt/macosx/MacOSXJAWTWindow'
R14=0x000000012b910440: Java_jogamp_nativewindow_macosx_OSXUtil_GetScreenRefreshRate0+0x1ce0 in /private/var/folders/lr/vg0t0wxx3tg6yq252w_p67_00000gn/T/jogamp_0000/file_cache/jln7635347574726112278/jln6691954064772272051/libnativewindow_macosx.jnilib at 0x000000012b909000
R15=0x00007fbb8b982800 is a thread


Stack: [0x00007fff526e6000,0x00007fff52ee6000],  sp=0x00007fff52ee1288,  free space=8172k
Native frames: (J=compiled Java code, j=interpreted, Vv=VM code, C=native code)
C  [libobjc.A.dylib+0x705d]  objc_msgSend+0x1d
j  jogamp.nativewindow.jawt.macosx.MacOSXJAWTWindow.UnsetJAWTRootSurfaceLayer0(JJ)V+0
j  jogamp.nativewindow.jawt.macosx.MacOSXJAWTWindow.access$200(JJ)V+2
j  jogamp.nativewindow.jawt.macosx.MacOSXJAWTWindow$1.run()V+38
J 1572 C1 com.jogamp.common.util.RunnableTask.run()V (345 bytes) @ 0x00000001193b6574 [0x00000001193b63e0+0x194]
v  ~StubRoutines::call_stub
V  [libjvm.dylib+0x2ee5b6]  JavaCalls::call_helper(JavaValue*, methodHandle*, JavaCallArguments*, Thread*)+0x6ae
V  [libjvm.dylib+0x325765]  jni_invoke_nonstatic(JNIEnv_*, JavaValue*, _jobject*, JNICallType, _jmethodID*, JNI_ArgumentPusher*, Thread*)+0x2ec
V  [libjvm.dylib+0x317f33]  jni_CallVoidMethod+0x16b
C  [libnativewindow_macosx.jnilib+0x5326]  Java_jogamp_nativewindow_jawt_macosx_MacOSXJAWTWindow_UnsetJAWTRootSurfaceLayer0+0x2b6
C  [Foundation+0x717ba]  __NSThreadPerformPerform+0x146
C  [CoreFoundation+0xa7321]  __CFRUNLOOP_IS_CALLING_OUT_TO_A_SOURCE0_PERFORM_FUNCTION__+0x11
C  [CoreFoundation+0x88197]  __CFRunLoopDoSources0+0x1a7
C  [CoreFoundation+0x87716]  __CFRunLoopRun+0x3a6
C  [CoreFoundation+0x87114]  CFRunLoopRunSpecific+0x1a4
C  [HIToolbox+0x30ebc]  RunCurrentEventLoopInMode+0xf0
C  [HIToolbox+0x30bf9]  ReceiveNextEventCommon+0xb8
C  [HIToolbox+0x30b26]  _BlockUntilNextEventMatchingListInModeWithFilter+0x47
C  [AppKit+0x46a54]  _DPSNextEvent+0x460
C  [AppKit+0x7c27ee]  -[NSApplication(NSEvent) _nextEventMatchingEventMask:untilDate:inMode:dequeue:]+0xaec
C  [libosxapp.dylib+0x23aa]  -[NSApplicationAWT nextEventMatchingMask:untilDate:inMode:dequeue:]+0x7c
C  [AppKit+0x3b3db]  -[NSApplication run]+0x39e
C  [libosxapp.dylib+0x214d]  +[NSApplicationAWT runAWTLoopWithApp:]+0x9c
C  [libawt_lwawt.dylib+0x45edf]  -[AWTStarter starter:]+0x389
C  [Foundation+0x717ba]  __NSThreadPerformPerform+0x146
C  [CoreFoundation+0xa7321]  __CFRUNLOOP_IS_CALLING_OUT_TO_A_SOURCE0_PERFORM_FUNCTION__+0x11
C  [CoreFoundation+0x8821d]  __CFRunLoopDoSources0+0x22d
C  [CoreFoundation+0x87716]  __CFRunLoopRun+0x3a6
C  [CoreFoundation+0x87114]  CFRunLoopRunSpecific+0x1a4
C  [java+0x6465]  CreateExecutionEnvironment+0x367
C  [java+0x218c]  JLI_Launch+0x7a0
C  [java+0x84c2]  main+0x65
C  [java+0x19e4]  start+0x34
C  0x0000000000000007

Java frames: (J=compiled Java code, j=interpreted, Vv=VM code)
j  jogamp.nativewindow.jawt.macosx.MacOSXJAWTWindow.UnsetJAWTRootSurfaceLayer0(JJ)V+0
j  jogamp.nativewindow.jawt.macosx.MacOSXJAWTWindow.access$200(JJ)V+2
j  jogamp.nativewindow.jawt.macosx.MacOSXJAWTWindow$1.run()V+38
J 1572 C1 com.jogamp.common.util.RunnableTask.run()V (345 bytes) @ 0x00000001193b6574 [0x00000001193b63e0+0x194]
v  ~StubRoutines::call_stub

---------------  P R O C E S S  ---------------

Java Threads: ( => current thread )
  0x00007fbb928a9000 JavaThread "Thread-19" [_thread_blocked, id=71315, stack(0x000070000bd29000,0x000070000be29000)]
  0x00007fbb8c0cd800 JavaThread "AWT-EventQueue-1" [_thread_in_native, id=67863, stack(0x000070000bc26000,0x000070000bd26000)]
  0x00007fbb8b24d800 JavaThread "DestroyJavaVM" [_thread_blocked, id=7171, stack(0x000070000a5de000,0x000070000a6de000)]
  0x00007fbb8ba11800 JavaThread "AWT-EventQueue-0" [_thread_blocked, id=60163, stack(0x000070000ba20000,0x000070000bb20000)]
  0x00007fbb8a95b000 JavaThread "Java2D Disposer" daemon [_thread_blocked, id=56847, stack(0x000070000b797000,0x000070000b897000)]
  0x00007fbb8c12f800 JavaThread "Java2D Queue Flusher" daemon [_thread_blocked, id=54791, stack(0x000070000b694000,0x000070000b794000)]
  0x00007fbb8a8e1000 JavaThread "AWT-Shutdown" [_thread_blocked, id=29471, stack(0x000070000b48b000,0x000070000b58b000)]
=>0x00007fbb8b982800 JavaThread "AWT-AppKit" daemon [_thread_in_native, id=775, stack(0x00007fff526e6000,0x00007fff52ee6000)]
  0x00007fbb8a869000 JavaThread "Service Thread" daemon [_thread_blocked, id=18691, stack(0x000070000b202000,0x000070000b302000)]
  0x00007fbb8a844000 JavaThread "C1 CompilerThread2" daemon [_thread_blocked, id=18179, stack(0x000070000b0ff000,0x000070000b1ff000)]
  0x00007fbb8a843800 JavaThread "C2 CompilerThread1" daemon [_thread_blocked, id=17667, stack(0x000070000affc000,0x000070000b0fc000)]
  0x00007fbb8b836800 JavaThread "C2 CompilerThread0" daemon [_thread_blocked, id=17155, stack(0x000070000aef9000,0x000070000aff9000)]
  0x00007fbb8b832800 JavaThread "Signal Dispatcher" daemon [_thread_blocked, id=16643, stack(0x000070000adf6000,0x000070000aef6000)]
  0x00007fbb8c005800 JavaThread "Finalizer" daemon [_thread_blocked, id=12547, stack(0x000070000acf3000,0x000070000adf3000)]
  0x00007fbb8b001800 JavaThread "Reference Handler" daemon [_thread_blocked, id=12035, stack(0x000070000abf0000,0x000070000acf0000)]

Other Threads:
  0x00007fbb8b825000 VMThread [stack: 0x000070000aaed000,0x000070000abed000] [id=11523]
  0x00007fbb8a872000 WatcherThread [stack: 0x000070000b305000,0x000070000b405000] [id=19203]

VM state:not at safepoint (normal execution)

VM Mutex/Monitor currently owned by a thread: None

Heap:
 PSYoungGen      total 180224K, used 23578K [0x0000000795580000, 0x00000007b2580000, 0x00000007c0000000)
  eden space 179712K, 13% used [0x0000000795580000,0x0000000796c5e810,0x00000007a0500000)
  from space 512K, 31% used [0x00000007b2500000,0x00000007b2528000,0x00000007b2580000)
  to   space 6144K, 0% used [0x00000007b1980000,0x00000007b1980000,0x00000007b1f80000)
 ParOldGen       total 74240K, used 27112K [0x0000000740000000, 0x0000000744880000, 0x0000000795580000)
  object space 74240K, 36% used [0x0000000740000000,0x0000000741a7a218,0x0000000744880000)
 Metaspace       used 21426K, capacity 21735K, committed 22016K, reserved 1069056K
  class space    used 2104K, capacity 2214K, committed 2304K, reserved 1048576K

Card table byte_map: [0x000000010e963000,0x000000010ed64000] byte_map_base: 0x000000010af63000

Marking Bits: (ParMarkBitMap*) 0x000000010def1ea0
 Begin Bits: [0x000000010f00f000, 0x000000011100f000)
 End Bits:   [0x000000011100f000, 0x000000011300f000)

Polling page: 0x000000010cdda000

CodeCache: size=245760Kb used=9459Kb max_used=9472Kb free=236300Kb
 bounds [0x0000000118da2000, 0x0000000119722000, 0x0000000127da2000]
 total_blobs=3643 nmethods=2731 adapters=825
 compilation: enabled

Compilation events (10 events):
Event: 145.866 Thread 0x00007fbb8a844000 3184   !   3       sun.lwawt.LWComponentPeer::isShowing (49 bytes)
Event: 145.867 Thread 0x00007fbb8b836800 3187  s!   4       sun.misc.URLClassPath::getLoader (243 bytes)
Event: 145.867 Thread 0x00007fbb8a844000 nmethod 3184 0x0000000118ed40d0 code [0x0000000118ed4280, 0x0000000118ed4b88]
Event: 145.867 Thread 0x00007fbb8a844000 3185       3       sun.java2d.pipe.RenderBuffer::putFloat (26 bytes)
Event: 145.867 Thread 0x00007fbb8a844000 nmethod 3185 0x0000000118ed3c50 code [0x0000000118ed3dc0, 0x0000000118ed3f50]
Event: 145.869 Thread 0x00007fbb8a843800 3188  s    4       sun.misc.URLClassPath::getNextLoader (88 bytes)
Event: 145.874 Thread 0x00007fbb8b836800 nmethod 3187 0x00000001193f9e50 code [0x00000001193f9fc0, 0x00000001193fa798]
Event: 145.877 Thread 0x00007fbb8a843800 nmethod 3188 0x00000001193f3bd0 code [0x00000001193f3d40, 0x00000001193f44b8]
Event: 145.883 Thread 0x00007fbb8a844000 3189       3       java.util.HashMap::putVal (300 bytes)
Event: 145.884 Thread 0x00007fbb8a844000 nmethod 3189 0x000000011934ea10 code [0x000000011934ec80, 0x000000011934ff38]

GC Heap History (10 events):
Event: 122.056 GC heap before
{Heap before GC invocations=39 (full 1):
 PSYoungGen      total 231424K, used 223648K [0x0000000795580000, 0x00000007b3900000, 0x00000007c0000000)
  eden space 222720K, 100% used [0x0000000795580000,0x00000007a2f00000,0x00000007a2f00000)
  from space 8704K, 10% used [0x00000007b2880000,0x00000007b2968030,0x00000007b3100000)
  to   space 8192K, 0% used [0x00000007b3100000,0x00000007b3100000,0x00000007b3900000)
 ParOldGen       total 74240K, used 26296K [0x0000000740000000, 0x0000000744880000, 0x0000000795580000)
  object space 74240K, 35% used [0x0000000740000000,0x00000007419ae1e8,0x0000000744880000)
 Metaspace       used 21322K, capacity 21633K, committed 22016K, reserved 1069056K
  class space    used 2090K, capacity 2181K, committed 2304K, reserved 1048576K
Event: 122.057 GC heap after
Heap after GC invocations=39 (full 1):
 PSYoungGen      total 214528K, used 928K [0x0000000795580000, 0x00000007b3200000, 0x00000007c0000000)
  eden space 213504K, 0% used [0x0000000795580000,0x0000000795580000,0x00000007a2600000)
  from space 1024K, 90% used [0x00000007b3100000,0x00000007b31e8030,0x00000007b3200000)
  to   space 7680K, 0% used [0x00000007b2300000,0x00000007b2300000,0x00000007b2a80000)
 ParOldGen       total 74240K, used 26296K [0x0000000740000000, 0x0000000744880000, 0x0000000795580000)
  object space 74240K, 35% used [0x0000000740000000,0x00000007419ae1e8,0x0000000744880000)
 Metaspace       used 21322K, capacity 21633K, committed 22016K, reserved 1069056K
  class space    used 2090K, capacity 2181K, committed 2304K, reserved 1048576K
}
Event: 127.736 GC heap before
{Heap before GC invocations=40 (full 1):
 PSYoungGen      total 214528K, used 214432K [0x0000000795580000, 0x00000007b3200000, 0x00000007c0000000)
  eden space 213504K, 100% used [0x0000000795580000,0x00000007a2600000,0x00000007a2600000)
  from space 1024K, 90% used [0x00000007b3100000,0x00000007b31e8030,0x00000007b3200000)
  to   space 7680K, 0% used [0x00000007b2300000,0x00000007b2300000,0x00000007b2a80000)
 ParOldGen       total 74240K, used 26296K [0x0000000740000000, 0x0000000744880000, 0x0000000795580000)
  object space 74240K, 35% used [0x0000000740000000,0x00000007419ae1e8,0x0000000744880000)
 Metaspace       used 21322K, capacity 21633K, committed 22016K, reserved 1069056K
  class space    used 2090K, capacity 2181K, committed 2304K, reserved 1048576K
Event: 127.746 GC heap after
Heap after GC invocations=40 (full 1):
 PSYoungGen      total 211968K, used 928K [0x0000000795580000, 0x00000007b3180000, 0x00000007c0000000)
  eden space 204288K, 0% used [0x0000000795580000,0x0000000795580000,0x00000007a1d00000)
  from space 7680K, 12% used [0x00000007b2300000,0x00000007b23e8030,0x00000007b2a80000)
  to   space 7168K, 0% used [0x00000007b2a80000,0x00000007b2a80000,0x00000007b3180000)
 ParOldGen       total 74240K, used 26296K [0x0000000740000000, 0x0000000744880000, 0x0000000795580000)
  object space 74240K, 35% used [0x0000000740000000,0x00000007419ae1e8,0x0000000744880000)
 Metaspace       used 21322K, capacity 21633K, committed 22016K, reserved 1069056K
  class space    used 2090K, capacity 2181K, committed 2304K, reserved 1048576K
}
Event: 134.220 GC heap before
{Heap before GC invocations=41 (full 1):
 PSYoungGen      total 211968K, used 205216K [0x0000000795580000, 0x00000007b3180000, 0x00000007c0000000)
  eden space 204288K, 100% used [0x0000000795580000,0x00000007a1d00000,0x00000007a1d00000)
  from space 7680K, 12% used [0x00000007b2300000,0x00000007b23e8030,0x00000007b2a80000)
  to   space 7168K, 0% used [0x00000007b2a80000,0x00000007b2a80000,0x00000007b3180000)
 ParOldGen       total 74240K, used 26296K [0x0000000740000000, 0x0000000744880000, 0x0000000795580000)
  object space 74240K, 35% used [0x0000000740000000,0x00000007419ae1e8,0x0000000744880000)
 Metaspace       used 21322K, capacity 21633K, committed 22016K, reserved 1069056K
  class space    used 2090K, capacity 2181K, committed 2304K, reserved 1048576K
Event: 134.221 GC heap after
Heap after GC invocations=41 (full 1):
 PSYoungGen      total 196608K, used 928K [0x0000000795580000, 0x00000007b2b80000, 0x00000007c0000000)
  eden space 195584K, 0% used [0x0000000795580000,0x0000000795580000,0x00000007a1480000)
  from space 1024K, 90% used [0x00000007b2a80000,0x00000007b2b68030,0x00000007b2b80000)
  to   space 6656K, 0% used [0x00000007b1e80000,0x00000007b1e80000,0x00000007b2500000)
 ParOldGen       total 74240K, used 26296K [0x0000000740000000, 0x0000000744880000, 0x0000000795580000)
  object space 74240K, 35% used [0x0000000740000000,0x00000007419ae1e8,0x0000000744880000)
 Metaspace       used 21322K, capacity 21633K, committed 22016K, reserved 1069056K
  class space    used 2090K, capacity 2181K, committed 2304K, reserved 1048576K
}
Event: 139.637 GC heap before
{Heap before GC invocations=42 (full 1):
 PSYoungGen      total 196608K, used 196512K [0x0000000795580000, 0x00000007b2b80000, 0x00000007c0000000)
  eden space 195584K, 100% used [0x0000000795580000,0x00000007a1480000,0x00000007a1480000)
  from space 1024K, 90% used [0x00000007b2a80000,0x00000007b2b68030,0x00000007b2b80000)
  to   space 6656K, 0% used [0x00000007b1e80000,0x00000007b1e80000,0x00000007b2500000)
 ParOldGen       total 74240K, used 26296K [0x0000000740000000, 0x0000000744880000, 0x0000000795580000)
  object space 74240K, 35% used [0x0000000740000000,0x00000007419ae1e8,0x0000000744880000)
 Metaspace       used 21322K, capacity 21633K, committed 22016K, reserved 1069056K
  class space    used 2090K, capacity 2181K, committed 2304K, reserved 1048576K
Event: 139.639 GC heap after
Heap after GC invocations=42 (full 1):
 PSYoungGen      total 194048K, used 960K [0x0000000795580000, 0x00000007b2b00000, 0x00000007c0000000)
  eden space 187392K, 0% used [0x0000000795580000,0x0000000795580000,0x00000007a0c80000)
  from space 6656K, 14% used [0x00000007b1e80000,0x00000007b1f70030,0x00000007b2500000)
  to   space 6144K, 0% used [0x00000007b2500000,0x00000007b2500000,0x00000007b2b00000)
 ParOldGen       total 74240K, used 26296K [0x0000000740000000, 0x0000000744880000, 0x0000000795580000)
  object space 74240K, 35% used [0x0000000740000000,0x00000007419ae1e8,0x0000000744880000)
 Metaspace       used 21322K, capacity 21633K, committed 22016K, reserved 1069056K
  class space    used 2090K, capacity 2181K, committed 2304K, reserved 1048576K
}
Event: 145.406 GC heap before
{Heap before GC invocations=43 (full 1):
 PSYoungGen      total 194048K, used 188352K [0x0000000795580000, 0x00000007b2b00000, 0x00000007c0000000)
  eden space 187392K, 100% used [0x0000000795580000,0x00000007a0c80000,0x00000007a0c80000)
  from space 6656K, 14% used [0x00000007b1e80000,0x00000007b1f70030,0x00000007b2500000)
  to   space 6144K, 0% used [0x00000007b2500000,0x00000007b2500000,0x00000007b2b00000)
 ParOldGen       total 74240K, used 26296K [0x0000000740000000, 0x0000000744880000, 0x0000000795580000)
  object space 74240K, 35% used [0x0000000740000000,0x00000007419ae1e8,0x0000000744880000)
 Metaspace       used 21390K, capacity 21703K, committed 22016K, reserved 1069056K
  class space    used 2096K, capacity 2182K, committed 2304K, reserved 1048576K
Event: 145.408 GC heap after
Heap after GC invocations=43 (full 1):
 PSYoungGen      total 180224K, used 160K [0x0000000795580000, 0x00000007b2580000, 0x00000007c0000000)
  eden space 179712K, 0% used [0x0000000795580000,0x0000000795580000,0x00000007a0500000)
  from space 512K, 31% used [0x00000007b2500000,0x00000007b2528000,0x00000007b2580000)
  to   space 6144K, 0% used [0x00000007b1980000,0x00000007b1980000,0x00000007b1f80000)
 ParOldGen       total 74240K, used 27112K [0x0000000740000000, 0x0000000744880000, 0x0000000795580000)
  object space 74240K, 36% used [0x0000000740000000,0x0000000741a7a218,0x0000000744880000)
 Metaspace       used 21390K, capacity 21703K, committed 22016K, reserved 1069056K
  class space    used 2096K, capacity 2182K, committed 2304K, reserved 1048576K
}

Deoptimization events (10 events):
Event: 144.275 Thread 0x00007fbb8c0cd800 Uncommon trap: reason=unstable_if action=reinterpret pc=0x0000000118f1f744 method=java.util.LinkedList$ListItr.<init>(Ljava/util/LinkedList;I)V @ 26
Event: 145.783 Thread 0x00007fbb8c0cd800 Uncommon trap: reason=unstable_if action=reinterpret pc=0x00000001190185e8 method=com.jogamp.common.util.VersionNumber.compareTo(Lcom/jogamp/common/util/VersionNumber;)I @ 21
Event: 145.786 Thread 0x00007fbb8ba11800 Uncommon trap: reason=unstable_if action=reinterpret pc=0x00000001196ff018 method=sun.java2d.pipe.Region.intersectsQuickCheck(Lsun/java2d/pipe/Region;)Z @ 41
Event: 145.787 Thread 0x00007fbb8ba11800 Uncommon trap: reason=unstable_if action=reinterpret pc=0x000000011929c2f8 method=java.awt.font.FontRenderContext.equals(Ljava/awt/font/FontRenderContext;)Z @ 2
Event: 145.787 Thread 0x00007fbb8ba11800 Uncommon trap: reason=unstable_if action=reinterpret pc=0x000000011928ee54 method=java.awt.Font.equals(Ljava/lang/Object;)Z @ 2
Event: 145.865 Thread 0x00007fbb8b1d7000 Uncommon trap: reason=unstable_if action=reinterpret pc=0x00000001193d50dc method=java.util.HashMap.putVal(ILjava/lang/Object;Ljava/lang/Object;ZZ)Ljava/lang/Object; @ 81
Event: 145.865 Thread 0x00007fbb8b1d7000 Uncommon trap: reason=unstable_if action=reinterpret pc=0x000000011933055c method=java.util.HashMap.putVal(ILjava/lang/Object;Ljava/lang/Object;ZZ)Ljava/lang/Object; @ 81
Event: 145.881 Thread 0x00007fbb8c0cd800 Uncommon trap: reason=unstable_if action=reinterpret pc=0x0000000119507898 method=java.util.LinkedList$ListItr.<init>(Ljava/util/LinkedList;I)V @ 26
Event: 145.882 Thread 0x00007fbb8c0cd800 Uncommon trap: reason=unstable_if action=reinterpret pc=0x00000001196b5bb4 method=java.security.AccessControlContext.optimize()Ljava/security/AccessControlContext; @ 233
Event: 145.884 Thread 0x00007fbb928a9000 Uncommon trap: reason=predicate action=maybe_recompile pc=0x000000011919a648 method=java.util.Vector.indexOf(Ljava/lang/Object;I)I @ 44

Internal exceptions (10 events):
Event: 0.145 Thread 0x00007fbb8a80c000 Exception <a 'java/lang/NoSuchFieldError': method resolution failed> (0x0000000795794d70) thrown at [/Users/java_re/workspace/8-2-build-macosx-x86_64/jdk8u131/8869/hotspot/src/share/vm/prims/methodHandles.cpp, line 1146]
Event: 0.314 Thread 0x00007fbb8a80c000 Exception <a 'java/io/FileNotFoundException'> (0x0000000795810268) thrown at [/Users/java_re/workspace/8-2-build-macosx-x86_64/jdk8u131/8869/hotspot/src/share/vm/prims/jni.cpp, line 709]
Event: 0.314 Thread 0x00007fbb8a80c000 Exception <a 'java/io/FileNotFoundException'> (0x0000000795810de8) thrown at [/Users/java_re/workspace/8-2-build-macosx-x86_64/jdk8u131/8869/hotspot/src/share/vm/prims/jni.cpp, line 709]
Event: 0.438 Thread 0x00007fbb8a80c000 Exception <a 'java/io/FileNotFoundException'> (0x0000000795954b18) thrown at [/Users/java_re/workspace/8-2-build-macosx-x86_64/jdk8u131/8869/hotspot/src/share/vm/prims/jni.cpp, line 709]
Event: 2.697 Thread 0x00007fbb8c27a800 Exception <a 'java/lang/UnsatisfiedLinkError': com.jogamp.common.util.JarUtil.fixNativeLibAttribs(Ljava/lang/String;)Z> (0x0000000796ce1bd0) thrown at [/Users/java_re/workspace/8-2-build-macosx-x86_64/jdk8u131/8869/hotspot/src/share/vm/prims/nativeLookup.
Event: 2.921 Thread 0x00007fbb8c005800 Exception <a 'java/lang/NullPointerException'> (0x00000007956a43a8) thrown at [/Users/java_re/workspace/8-2-build-macosx-x86_64/jdk8u131/8869/hotspot/src/share/vm/interpreter/linkResolver.cpp, line 1197]
Event: 3.616 Thread 0x00007fbb8c0cd800 Exception <a 'java/io/FileNotFoundException'> (0x00000007960c6d80) thrown at [/Users/java_re/workspace/8-2-build-macosx-x86_64/jdk8u131/8869/hotspot/src/share/vm/prims/jni.cpp, line 709]
Event: 3.616 Thread 0x00007fbb8c0cd800 Exception <a 'java/io/FileNotFoundException'> (0x00000007960cfba8) thrown at [/Users/java_re/workspace/8-2-build-macosx-x86_64/jdk8u131/8869/hotspot/src/share/vm/prims/jni.cpp, line 709]
Event: 3.616 Thread 0x00007fbb8c0cd800 Implicit null exception at 0x0000000118f7aaf6 to 0x0000000118f7aec1
Event: 19.272 Thread 0x00007fbb8c0cd800 Implicit null exception at 0x000000011916cc86 to 0x000000011916cecd

Events (10 events):
Event: 145.882 loading class java/awt/event/AWTEventListenerProxy
Event: 145.882 loading class java/awt/event/AWTEventListenerProxy done
Event: 145.882 loading class java/awt/Toolkit$ToolkitEventMulticaster
Event: 145.882 loading class java/awt/Toolkit$ToolkitEventMulticaster done
Event: 145.883 Thread 0x00007fbb8b1d7000 Thread exited: 0x00007fbb8b1d7000
Event: 145.884 Thread 0x00007fbb928a9000 Uncommon trap: trap_request=0xffffff86 fr.pc=0x000000011919a648
Event: 145.884 Thread 0x00007fbb928a9000 DEOPT PACKING pc=0x000000011919a648 sp=0x000070000be287b0
Event: 145.884 Thread 0x00007fbb928a9000 DEOPT UNPACKING pc=0x0000000118da7229 sp=0x000070000be28760 mode 2
Event: 145.884 loading class java/awt/Window$1DisposeAction
Event: 145.884 loading class java/awt/Window$1DisposeAction done


Dynamic libraries:
0x00000000385fa000 	/System/Library/Frameworks/Cocoa.framework/Versions/A/Cocoa
0x00000000385fa000 	/System/Library/Frameworks/Security.framework/Versions/A/Security
0x00000000385fa000 	/System/Library/Frameworks/ApplicationServices.framework/Versions/A/ApplicationServices
0x00000000385fa000 	/usr/lib/libz.1.dylib
0x00000000385fa000 	/usr/lib/libSystem.B.dylib
0x00000000385fa000 	/usr/lib/libobjc.A.dylib
0x00000000385fa000 	/System/Library/Frameworks/CoreFoundation.framework/Versions/A/CoreFoundation
0x00000000385fa000 	/System/Library/Frameworks/Foundation.framework/Versions/C/Foundation
0x00000000385fa000 	/System/Library/Frameworks/AppKit.framework/Versions/C/AppKit
0x00000000385fa000 	/System/Library/Frameworks/CoreData.framework/Versions/A/CoreData
0x00000000385fa000 	/System/Library/PrivateFrameworks/RemoteViewServices.framework/Versions/A/RemoteViewServices
0x00000000385fa000 	/System/Library/PrivateFrameworks/UIFoundation.framework/Versions/A/UIFoundation
0x00000000385fa000 	/System/Library/PrivateFrameworks/DFRFoundation.framework/Versions/A/DFRFoundation
0x00000000385fa000 	/usr/lib/libenergytrace.dylib
0x00000000385fa000 	/System/Library/PrivateFrameworks/SkyLight.framework/Versions/A/SkyLight
0x00000000385fa000 	/System/Library/Frameworks/CoreGraphics.framework/Versions/A/CoreGraphics
0x00000000385fa000 	/usr/lib/libScreenReader.dylib
0x00000000385fa000 	/System/Library/Frameworks/Accelerate.framework/Versions/A/Accelerate
0x00000000385fa000 	/System/Library/Frameworks/IOSurface.framework/Versions/A/IOSurface
0x00000000385fa000 	/System/Library/Frameworks/AudioToolbox.framework/Versions/A/AudioToolbox
0x00000000385fa000 	/System/Library/Frameworks/AudioUnit.framework/Versions/A/AudioUnit
0x00000000385fa000 	/System/Library/PrivateFrameworks/DataDetectorsCore.framework/Versions/A/DataDetectorsCore
0x00000000385fa000 	/System/Library/PrivateFrameworks/DesktopServicesPriv.framework/Versions/A/DesktopServicesPriv
0x00000000385fa000 	/System/Library/Frameworks/Carbon.framework/Versions/A/Frameworks/HIToolbox.framework/Versions/A/HIToolbox
0x00000000385fa000 	/usr/lib/libicucore.A.dylib
0x00000000385fa000 	/System/Library/Frameworks/QuartzCore.framework/Versions/A/QuartzCore
0x00000000385fa000 	/System/Library/Frameworks/Carbon.framework/Versions/A/Frameworks/SpeechRecognition.framework/Versions/A/SpeechRecognition
0x00000000385fa000 	/usr/lib/libauto.dylib
0x00000000385fa000 	/usr/lib/libxml2.2.dylib
0x00000000385fa000 	/System/Library/PrivateFrameworks/CoreUI.framework/Versions/A/CoreUI
0x00000000385fa000 	/System/Library/Frameworks/CoreAudio.framework/Versions/A/CoreAudio
0x00000000385fa000 	/System/Library/Frameworks/DiskArbitration.framework/Versions/A/DiskArbitration
0x00000000385fa000 	/usr/lib/liblangid.dylib
0x00000000385fa000 	/System/Library/PrivateFrameworks/MultitouchSupport.framework/Versions/A/MultitouchSupport
0x00000000385fa000 	/System/Library/Frameworks/IOKit.framework/Versions/A/IOKit
0x00000000385fa000 	/usr/lib/libDiagnosticMessagesClient.dylib
0x00000000385fa000 	/System/Library/Frameworks/CoreServices.framework/Versions/A/CoreServices
0x00000000385fa000 	/System/Library/PrivateFrameworks/PerformanceAnalysis.framework/Versions/A/PerformanceAnalysis
0x00000000385fa000 	/System/Library/PrivateFrameworks/GenerationalStorage.framework/Versions/A/GenerationalStorage
0x00000000385fa000 	/System/Library/Frameworks/OpenGL.framework/Versions/A/OpenGL
0x00000000385fa000 	/System/Library/Frameworks/CoreImage.framework/Versions/A/CoreImage
0x00000000385fa000 	/System/Library/Frameworks/CoreText.framework/Versions/A/CoreText
0x00000000385fa000 	/System/Library/Frameworks/ImageIO.framework/Versions/A/ImageIO
0x00000000385fa000 	/System/Library/PrivateFrameworks/Backup.framework/Versions/A/Backup
0x00000000385fa000 	/usr/lib/libarchive.2.dylib
0x00000000385fa000 	/System/Library/Frameworks/CFNetwork.framework/Versions/A/CFNetwork
0x00000000385fa000 	/System/Library/Frameworks/SystemConfiguration.framework/Versions/A/SystemConfiguration
0x00000000385fa000 	/usr/lib/libCRFSuite.dylib
0x00000000385fa000 	/usr/lib/libc++.1.dylib
0x00000000385fa000 	/usr/lib/libc++abi.dylib
0x00000000385fa000 	/usr/lib/system/libcache.dylib
0x00000000385fa000 	/usr/lib/system/libcommonCrypto.dylib
0x00000000385fa000 	/usr/lib/system/libcompiler_rt.dylib
0x00000000385fa000 	/usr/lib/system/libcopyfile.dylib
0x00000000385fa000 	/usr/lib/system/libcorecrypto.dylib
0x00000000385fa000 	/usr/lib/system/libdispatch.dylib
0x00000000385fa000 	/usr/lib/system/libdyld.dylib
0x00000000385fa000 	/usr/lib/system/libkeymgr.dylib
0x00000000385fa000 	/usr/lib/system/liblaunch.dylib
0x00000000385fa000 	/usr/lib/system/libmacho.dylib
0x00000000385fa000 	/usr/lib/system/libquarantine.dylib
0x00000000385fa000 	/usr/lib/system/libremovefile.dylib
0x00000000385fa000 	/usr/lib/system/libsystem_asl.dylib
0x00000000385fa000 	/usr/lib/system/libsystem_blocks.dylib
0x00000000385fa000 	/usr/lib/system/libsystem_c.dylib
0x00000000385fa000 	/usr/lib/system/libsystem_configuration.dylib
0x00000000385fa000 	/usr/lib/system/libsystem_coreservices.dylib
0x00000000385fa000 	/usr/lib/system/libsystem_coretls.dylib
0x00000000385fa000 	/usr/lib/system/libsystem_dnssd.dylib
0x00000000385fa000 	/usr/lib/system/libsystem_info.dylib
0x00000000385fa000 	/usr/lib/system/libsystem_kernel.dylib
0x00000000385fa000 	/usr/lib/system/libsystem_m.dylib
0x00000000385fa000 	/usr/lib/system/libsystem_malloc.dylib
0x00000000385fa000 	/usr/lib/system/libsystem_network.dylib
0x00000000385fa000 	/usr/lib/system/libsystem_networkextension.dylib
0x00000000385fa000 	/usr/lib/system/libsystem_notify.dylib
0x00000000385fa000 	/usr/lib/system/libsystem_platform.dylib
0x00000000385fa000 	/usr/lib/system/libsystem_pthread.dylib
0x00000000385fa000 	/usr/lib/system/libsystem_sandbox.dylib
0x00000000385fa000 	/usr/lib/system/libsystem_secinit.dylib
0x00000000385fa000 	/usr/lib/system/libsystem_symptoms.dylib
0x00000000385fa000 	/usr/lib/system/libsystem_trace.dylib
0x00000000385fa000 	/usr/lib/system/libunwind.dylib
0x00000000385fa000 	/usr/lib/system/libxpc.dylib
0x00000000385fa000 	/usr/lib/libbsm.0.dylib
0x00000000385fa000 	/usr/lib/system/libkxld.dylib
0x00000000385fa000 	/usr/lib/libcoretls.dylib
0x00000000385fa000 	/usr/lib/libcoretls_cfhelpers.dylib
0x00000000385fa000 	/usr/lib/libOpenScriptingUtil.dylib
0x00000000385fa000 	/usr/lib/libpam.2.dylib
0x00000000385fa000 	/usr/lib/libsqlite3.dylib
0x00000000385fa000 	/usr/lib/libxar.1.dylib
0x00000000385fa000 	/usr/lib/libbz2.1.0.dylib
0x00000000385fa000 	/usr/lib/liblzma.5.dylib
0x00000000385fa000 	/usr/lib/libnetwork.dylib
0x00000000385fa000 	/usr/lib/libpcap.A.dylib
0x00000000385fa000 	/System/Library/Frameworks/CoreServices.framework/Versions/A/Frameworks/FSEvents.framework/Versions/A/FSEvents
0x00000000385fa000 	/System/Library/Frameworks/CoreServices.framework/Versions/A/Frameworks/CarbonCore.framework/Versions/A/CarbonCore
0x00000000385fa000 	/System/Library/Frameworks/CoreServices.framework/Versions/A/Frameworks/Metadata.framework/Versions/A/Metadata
0x00000000385fa000 	/System/Library/Frameworks/CoreServices.framework/Versions/A/Frameworks/OSServices.framework/Versions/A/OSServices
0x00000000385fa000 	/System/Library/Frameworks/CoreServices.framework/Versions/A/Frameworks/SearchKit.framework/Versions/A/SearchKit
0x00000000385fa000 	/System/Library/Frameworks/CoreServices.framework/Versions/A/Frameworks/AE.framework/Versions/A/AE
0x00000000385fa000 	/System/Library/Frameworks/CoreServices.framework/Versions/A/Frameworks/LaunchServices.framework/Versions/A/LaunchServices
0x00000000385fa000 	/System/Library/Frameworks/CoreServices.framework/Versions/A/Frameworks/DictionaryServices.framework/Versions/A/DictionaryServices
0x00000000385fa000 	/System/Library/Frameworks/CoreServices.framework/Versions/A/Frameworks/SharedFileList.framework/Versions/A/SharedFileList
0x00000000385fa000 	/System/Library/Frameworks/NetFS.framework/Versions/A/NetFS
0x00000000385fa000 	/System/Library/PrivateFrameworks/NetAuth.framework/Versions/A/NetAuth
0x00000000385fa000 	/System/Library/PrivateFrameworks/login.framework/Versions/A/Frameworks/loginsupport.framework/Versions/A/loginsupport
0x00000000385fa000 	/System/Library/PrivateFrameworks/TCC.framework/Versions/A/TCC
0x00000000385fa000 	/usr/lib/libmecabra.dylib
0x00000000385fa000 	/System/Library/Frameworks/ApplicationServices.framework/Versions/A/Frameworks/ATS.framework/Versions/A/ATS
0x00000000385fa000 	/System/Library/Frameworks/ApplicationServices.framework/Versions/A/Frameworks/ColorSync.framework/Versions/A/ColorSync
0x00000000385fa000 	/System/Library/Frameworks/ApplicationServices.framework/Versions/A/Frameworks/HIServices.framework/Versions/A/HIServices
0x00000000385fa000 	/System/Library/Frameworks/ApplicationServices.framework/Versions/A/Frameworks/LangAnalysis.framework/Versions/A/LangAnalysis
0x00000000385fa000 	/System/Library/Frameworks/ApplicationServices.framework/Versions/A/Frameworks/PrintCore.framework/Versions/A/PrintCore
0x00000000385fa000 	/System/Library/Frameworks/ApplicationServices.framework/Versions/A/Frameworks/QD.framework/Versions/A/QD
0x00000000385fa000 	/System/Library/Frameworks/ApplicationServices.framework/Versions/A/Frameworks/SpeechSynthesis.framework/Versions/A/SpeechSynthesis
0x00000000385fa000 	/System/Library/Frameworks/Accelerate.framework/Versions/A/Frameworks/vImage.framework/Versions/A/vImage
0x00000000385fa000 	/System/Library/Frameworks/Accelerate.framework/Versions/A/Frameworks/vecLib.framework/Versions/A/vecLib
0x00000000385fa000 	/System/Library/Frameworks/Accelerate.framework/Versions/A/Frameworks/vecLib.framework/Versions/A/libvDSP.dylib
0x00000000385fa000 	/System/Library/Frameworks/Accelerate.framework/Versions/A/Frameworks/vecLib.framework/Versions/A/libBNNS.dylib
0x00000000385fa000 	/System/Library/Frameworks/Accelerate.framework/Versions/A/Frameworks/vecLib.framework/Versions/A/libQuadrature.dylib
0x00000000385fa000 	/System/Library/Frameworks/Accelerate.framework/Versions/A/Frameworks/vecLib.framework/Versions/A/libvMisc.dylib
0x00000000385fa000 	/System/Library/Frameworks/Accelerate.framework/Versions/A/Frameworks/vecLib.framework/Versions/A/libLAPACK.dylib
0x00000000385fa000 	/System/Library/Frameworks/Accelerate.framework/Versions/A/Frameworks/vecLib.framework/Versions/A/libBLAS.dylib
0x00000000385fa000 	/System/Library/Frameworks/Accelerate.framework/Versions/A/Frameworks/vecLib.framework/Versions/A/libLinearAlgebra.dylib
0x00000000385fa000 	/System/Library/Frameworks/Accelerate.framework/Versions/A/Frameworks/vecLib.framework/Versions/A/libSparseBLAS.dylib
0x00000000385fa000 	/System/Library/Frameworks/ApplicationServices.framework/Versions/A/Frameworks/ATS.framework/Versions/A/Resources/libFontParser.dylib
0x00000000385fa000 	/System/Library/Frameworks/ApplicationServices.framework/Versions/A/Frameworks/ATS.framework/Versions/A/Resources/libFontRegistry.dylib
0x00000000385fa000 	/System/Library/Frameworks/ImageIO.framework/Versions/A/Resources/libJPEG.dylib
0x00000000385fa000 	/System/Library/Frameworks/ImageIO.framework/Versions/A/Resources/libTIFF.dylib
0x00000000385fa000 	/System/Library/Frameworks/ImageIO.framework/Versions/A/Resources/libPng.dylib
0x00000000385fa000 	/System/Library/Frameworks/ImageIO.framework/Versions/A/Resources/libGIF.dylib
0x00000000385fa000 	/System/Library/Frameworks/ImageIO.framework/Versions/A/Resources/libJP2.dylib
0x00000000385fa000 	/System/Library/Frameworks/ImageIO.framework/Versions/A/Resources/libRadiance.dylib
0x00000000385fa000 	/usr/lib/libcompression.dylib
0x00000000385fa000 	/System/Library/PrivateFrameworks/AppleJPEG.framework/Versions/A/AppleJPEG
0x00000000385fa000 	/usr/lib/libcups.2.dylib
0x00000000385fa000 	/System/Library/Frameworks/Kerberos.framework/Versions/A/Kerberos
0x00000000385fa000 	/System/Library/Frameworks/GSS.framework/Versions/A/GSS
0x00000000385fa000 	/usr/lib/libresolv.9.dylib
0x00000000385fa000 	/usr/lib/libiconv.2.dylib
0x00000000385fa000 	/System/Library/PrivateFrameworks/Heimdal.framework/Versions/A/Heimdal
0x00000000385fa000 	/usr/lib/libheimdal-asn1.dylib
0x00000000385fa000 	/System/Library/Frameworks/OpenDirectory.framework/Versions/A/OpenDirectory
0x00000000385fa000 	/System/Library/PrivateFrameworks/CommonAuth.framework/Versions/A/CommonAuth
0x00000000385fa000 	/System/Library/Frameworks/OpenDirectory.framework/Versions/A/Frameworks/CFOpenDirectory.framework/Versions/A/CFOpenDirectory
0x00000000385fa000 	/System/Library/Frameworks/SecurityFoundation.framework/Versions/A/SecurityFoundation
0x00000000385fa000 	/System/Library/PrivateFrameworks/LanguageModeling.framework/Versions/A/LanguageModeling
0x00000000385fa000 	/usr/lib/libmarisa.dylib
0x00000000385fa000 	/usr/lib/libChineseTokenizer.dylib
0x00000000385fa000 	/usr/lib/libcmph.dylib
0x00000000385fa000 	/System/Library/PrivateFrameworks/CoreEmoji.framework/Versions/A/CoreEmoji
0x00000000385fa000 	/System/Library/Frameworks/ServiceManagement.framework/Versions/A/ServiceManagement
0x00000000385fa000 	/usr/lib/libxslt.1.dylib
0x00000000385fa000 	/System/Library/Frameworks/Carbon.framework/Versions/A/Frameworks/Ink.framework/Versions/A/Ink
0x00000000385fa000 	/System/Library/PrivateFrameworks/TextureIO.framework/Versions/A/TextureIO
0x00000000385fa000 	/System/Library/Frameworks/Metal.framework/Versions/A/Metal
0x00000000385fa000 	/usr/lib/libate.dylib
0x00000000385fa000 	/System/Library/PrivateFrameworks/GPUCompiler.framework/libmetal_timestamp.dylib
0x00000000385fa000 	/System/Library/Frameworks/OpenGL.framework/Versions/A/Libraries/libCoreFSCache.dylib
0x00000000385fa000 	/System/Library/PrivateFrameworks/IOAccelerator.framework/Versions/A/IOAccelerator
0x00000000385fa000 	/System/Library/Frameworks/CoreVideo.framework/Versions/A/CoreVideo
0x00000000385fa000 	/usr/lib/libFosl_dynamic.dylib
0x00000000385fa000 	/System/Library/PrivateFrameworks/MetalPerformanceShaders.framework/Versions/A/MetalPerformanceShaders
0x00000000385fa000 	/System/Library/PrivateFrameworks/FaceCore.framework/Versions/A/FaceCore
0x00000000385fa000 	/System/Library/Frameworks/OpenCL.framework/Versions/A/OpenCL
0x00000000385fa000 	/System/Library/Frameworks/OpenGL.framework/Versions/A/Libraries/libGLU.dylib
0x00000000385fa000 	/System/Library/Frameworks/OpenGL.framework/Versions/A/Libraries/libGFXShared.dylib
0x00000000385fa000 	/System/Library/Frameworks/OpenGL.framework/Versions/A/Libraries/libGL.dylib
0x00000000385fa000 	/System/Library/Frameworks/OpenGL.framework/Versions/A/Libraries/libGLImage.dylib
0x00000000385fa000 	/System/Library/Frameworks/OpenGL.framework/Versions/A/Libraries/libCVMSPluginSupport.dylib
0x00000000385fa000 	/System/Library/Frameworks/OpenGL.framework/Versions/A/Libraries/libCoreVMClient.dylib
0x00000000385fa000 	/System/Library/PrivateFrameworks/CrashReporterSupport.framework/Versions/A/CrashReporterSupport
0x00000000385fa000 	/System/Library/PrivateFrameworks/Sharing.framework/Versions/A/Sharing
0x00000000385fa000 	/System/Library/PrivateFrameworks/IconServices.framework/Versions/A/IconServices
0x00000000385fa000 	/System/Library/PrivateFrameworks/ProtocolBuffer.framework/Versions/A/ProtocolBuffer
0x00000000385fa000 	/System/Library/PrivateFrameworks/Apple80211.framework/Versions/A/Apple80211
0x00000000385fa000 	/System/Library/Frameworks/CoreWLAN.framework/Versions/A/CoreWLAN
0x00000000385fa000 	/System/Library/PrivateFrameworks/CoreUtils.framework/Versions/A/CoreUtils
0x00000000385fa000 	/System/Library/Frameworks/IOBluetooth.framework/Versions/A/IOBluetooth
0x00000000385fa000 	/System/Library/PrivateFrameworks/CoreWiFi.framework/Versions/A/CoreWiFi
0x00000000385fa000 	/System/Library/Frameworks/CoreBluetooth.framework/Versions/A/CoreBluetooth
0x00000000385fa000 	/System/Library/Frameworks/CoreDisplay.framework/Versions/A/CoreDisplay
0x00000000385fa000 	/System/Library/PrivateFrameworks/IOPresentment.framework/Versions/A/IOPresentment
0x00000000385fa000 	/System/Library/PrivateFrameworks/DSExternalDisplay.framework/Versions/A/DSExternalDisplay
0x00000000385fa000 	/System/Library/PrivateFrameworks/DebugSymbols.framework/Versions/A/DebugSymbols
0x00000000385fa000 	/System/Library/PrivateFrameworks/CoreSymbolication.framework/Versions/A/CoreSymbolication
0x00000000385fa000 	/System/Library/PrivateFrameworks/Symbolication.framework/Versions/A/Symbolication
0x00000000385fa000 	/System/Library/PrivateFrameworks/AppleFSCompression.framework/Versions/A/AppleFSCompression
0x00000000385fa000 	/System/Library/PrivateFrameworks/SpeechRecognitionCore.framework/Versions/A/SpeechRecognitionCore
0x00000000385fa000 	/System/Library/PrivateFrameworks/ChunkingLibrary.framework/Versions/A/ChunkingLibrary
0x000000010d600000 	/Library/Java/JavaVirtualMachines/jdk1.8.0_131.jdk/Contents/Home/jre/lib/server/libjvm.dylib
0x00000000385fa000 	/usr/lib/libstdc++.6.dylib
0x000000010cd97000 	/Library/Java/JavaVirtualMachines/jdk1.8.0_131.jdk/Contents/Home/jre/lib/libverify.dylib
0x000000010cda5000 	/Library/Java/JavaVirtualMachines/jdk1.8.0_131.jdk/Contents/Home/jre/lib/libjava.dylib
0x000000010cde4000 	/Library/Java/JavaVirtualMachines/jdk1.8.0_131.jdk/Contents/Home/jre/lib/libzip.dylib
0x0000000114f06000 	/System/Library/Frameworks/JavaVM.framework/Frameworks/JavaRuntimeSupport.framework/JavaRuntimeSupport
0x0000000114f20000 	/System/Library/Frameworks/JavaVM.framework/Versions/A/Frameworks/JavaNativeFoundation.framework/Versions/A/JavaNativeFoundation
0x000000010cdee000 	/System/Library/Frameworks/JavaVM.framework/Versions/A/JavaVM
0x00000000385fa000 	/System/Library/Frameworks/Carbon.framework/Versions/A/Carbon
0x0000000114f35000 	/System/Library/PrivateFrameworks/JavaLaunching.framework/Versions/A/JavaLaunching
0x00000000385fa000 	/System/Library/Frameworks/Carbon.framework/Versions/A/Frameworks/CommonPanels.framework/Versions/A/CommonPanels
0x00000000385fa000 	/System/Library/Frameworks/Carbon.framework/Versions/A/Frameworks/Help.framework/Versions/A/Help
0x00000000385fa000 	/System/Library/Frameworks/Carbon.framework/Versions/A/Frameworks/ImageCapture.framework/Versions/A/ImageCapture
0x00000000385fa000 	/System/Library/Frameworks/Carbon.framework/Versions/A/Frameworks/OpenScripting.framework/Versions/A/OpenScripting
0x00000000385fa000 	/System/Library/Frameworks/Carbon.framework/Versions/A/Frameworks/Print.framework/Versions/A/Print
0x00000000385fa000 	/System/Library/Frameworks/Carbon.framework/Versions/A/Frameworks/SecurityHI.framework/Versions/A/SecurityHI
0x0000000116840000 	/Library/Java/JavaVirtualMachines/jdk1.8.0_131.jdk/Contents/Home/jre/lib/libawt.dylib
0x00000001168e8000 	/Library/Java/JavaVirtualMachines/jdk1.8.0_131.jdk/Contents/Home/jre/lib/./libmlib_image.dylib
0x00000001169b4000 	/Library/Java/JavaVirtualMachines/jdk1.8.0_131.jdk/Contents/Home/jre/lib/libawt_lwawt.dylib
0x0000000116a6b000 	/Library/Java/JavaVirtualMachines/jdk1.8.0_131.jdk/Contents/Home/jre/lib/./libosxapp.dylib
0x00000000385fa000 	/System/Library/Frameworks/ExceptionHandling.framework/Versions/A/ExceptionHandling
0x00000000385fa000 	/System/Library/PrivateFrameworks/CoreServicesInternal.framework/Versions/A/CoreServicesInternal
0x00000000385fa000 	/System/Library/CoreServices/RawCamera.bundle/Contents/MacOS/RawCamera
0x00000000385fa000 	/System/Library/Frameworks/Accelerate.framework/Versions/A/Frameworks/vImage.framework/Versions/A/Libraries/libCGInterfaces.dylib
0x00000000385fa000 	/System/Library/Frameworks/ApplicationServices.framework/Versions/A/Frameworks/ATS.framework/Versions/A/Resources/libTrueTypeScaler.dylib
0x00000001186e9000 	/System/Library/Frameworks/OpenGL.framework/Resources/GLEngine.bundle/GLEngine
0x00000000385fa000 	/System/Library/Frameworks/OpenGL.framework/Versions/A/Libraries/libGLProgrammability.dylib
0x0000000127da2000 	/System/Library/Extensions/AppleIntelSKLGraphicsGLDriver.bundle/Contents/MacOS/AppleIntelSKLGraphicsGLDriver
0x00000000385fa000 	/System/Library/PrivateFrameworks/GPUSupport.framework/Versions/A/Libraries/libGPUSupportMercury.dylib
0x00000001175b3000 	/System/Library/Frameworks/OpenGL.framework/Resources//GLRendererFloat.bundle/GLRendererFloat
0x00000000385fa000 	/System/Library/Frameworks/OpenCL.framework/Versions/A/Libraries/libcldcpuengine.dylib
0x00000000385fa000 	/usr/lib/libcrypto.0.9.8.dylib
0x00000000385fa000 	/System/Library/PrivateFrameworks/TrustEvaluationAgent.framework/Versions/A/TrustEvaluationAgent
0x00000001188ce000 	/System/Library/Extensions/AppleIntelSKLGraphicsMTLDriver.bundle/Contents/MacOS/AppleIntelSKLGraphicsMTLDriver
0x00000000385fa000 	/System/Library/PrivateFrameworks/FamilyControls.framework/Versions/A/FamilyControls
0x00000000385fa000 	/System/Library/PrivateFrameworks/CommerceKit.framework/Versions/A/Frameworks/CommerceCore.framework/Versions/A/CommerceCore
0x00000000385fa000 	/System/Library/PrivateFrameworks/SystemAdministration.framework/Versions/A/SystemAdministration
0x00000000385fa000 	/System/Library/PrivateFrameworks/AppContainer.framework/Versions/A/AppContainer
0x00000000385fa000 	/System/Library/PrivateFrameworks/SecCodeWrapper.framework/Versions/A/SecCodeWrapper
0x00000000385fa000 	/System/Library/Frameworks/DirectoryService.framework/Versions/A/DirectoryService
0x00000000385fa000 	/System/Library/PrivateFrameworks/DiskImages.framework/Versions/A/DiskImages
0x00000000385fa000 	/System/Library/PrivateFrameworks/LoginUIKit.framework/Versions/A/Frameworks/LoginUICore.framework/Versions/A/LoginUICore
0x00000000385fa000 	/usr/lib/libCoreStorage.dylib
0x00000000385fa000 	/usr/lib/libcsfde.dylib
0x00000000385fa000 	/usr/lib/libodfde.dylib
0x00000000385fa000 	/System/Library/Frameworks/DiscRecording.framework/Versions/A/DiscRecording
0x00000000385fa000 	/usr/lib/libcurl.4.dylib
0x00000000385fa000 	/System/Library/PrivateFrameworks/MediaKit.framework/Versions/A/MediaKit
0x00000000385fa000 	/System/Library/PrivateFrameworks/ProtectedCloudStorage.framework/Versions/A/ProtectedCloudStorage
0x00000000385fa000 	/System/Library/PrivateFrameworks/EFILogin.framework/Versions/A/EFILogin
0x00000000385fa000 	/usr/lib/libutil.dylib
0x00000000385fa000 	/System/Library/Frameworks/LDAP.framework/Versions/A/LDAP
0x00000000385fa000 	/usr/lib/libsasl2.2.dylib
0x00000000385fa000 	/System/Library/PrivateFrameworks/CoreDaemon.framework/Versions/B/CoreDaemon
0x00000000385fa000 	/System/Library/PrivateFrameworks/AppleSRP.framework/Versions/A/AppleSRP
0x00000000385fa000 	/System/Library/PrivateFrameworks/APFS.framework/Versions/A/APFS
0x000000012a778000 	/Library/Java/JavaVirtualMachines/jdk1.8.0_131.jdk/Contents/Home/jre/lib/libfontmanager.dylib
0x00000000385fa000 	/System/Library/PrivateFrameworks/ViewBridge.framework/Versions/A/ViewBridge
0x00000000385fa000 	/System/Library/PrivateFrameworks/XPCService.framework/Versions/A/XPCService
0x00000000385fa000 	/System/Library/PrivateFrameworks/AppSandbox.framework/Versions/A/AppSandbox
0x00000000385fa000 	/usr/lib/libsandbox.1.dylib
0x00000000385fa000 	/usr/lib/libMatch.1.dylib
0x000000012b847000 	/Library/Java/JavaVirtualMachines/jdk1.8.0_131.jdk/Contents/Home/jre/lib/libosxui.dylib
0x000000012c7c0000 	/Library/Java/JavaVirtualMachines/jdk1.8.0_131.jdk/Contents/Home/jre/lib/libnet.dylib
0x000000012c9c2000 	/Library/Java/JavaVirtualMachines/jdk1.8.0_131.jdk/Contents/Home/jre/lib/libnio.dylib
0x000000012b905000 	/private/var/folders/lr/vg0t0wxx3tg6yq252w_p67_00000gn/T/jogamp_0000/file_cache/jln7635347574726112278/jln6691954064772272051/libgluegen-rt.jnilib
0x000000012b844000 	/private/var/folders/lr/vg0t0wxx3tg6yq252w_p67_00000gn/T/jogamp_0000/file_cache/jln7635347574726112278/jln6691954064772272051/libnativewindow_awt.jnilib
0x000000012b8d9000 	/Library/Java/JavaVirtualMachines/jdk1.8.0_131.jdk/Contents/Home/jre/lib/libjawt.dylib
0x000000012b909000 	/private/var/folders/lr/vg0t0wxx3tg6yq252w_p67_00000gn/T/jogamp_0000/file_cache/jln7635347574726112278/jln6691954064772272051/libnativewindow_macosx.jnilib
0x00000001958c1000 	/private/var/folders/lr/vg0t0wxx3tg6yq252w_p67_00000gn/T/jogamp_0000/file_cache/jln7635347574726112278/jln6691954064772272051/libjogl_desktop.jnilib
0x00000001a1833000 	/Library/Java/JavaVirtualMachines/jdk1.8.0_131.jdk/Contents/Home/jre/lib/libjpeg.dylib
0x00000001a2a50000 	/Library/Java/JavaVirtualMachines/jdk1.8.0_131.jdk/Contents/Home/jre/lib/libt2k.dylib

VM Arguments:
jvm_args: -Djava.security.policy=java.policy.applet -Dfile.encoding=UTF-8 
java_command: sun.applet.AppletViewer finalProjectUCSD1.EarthquakeCityMap1500312390233.html
java_class_path (initial): /Users/sravanjr/Documents/College Classes/Eclipse Practice/UCSDUnfoldingMaps/build:/Users/sravanjr/Documents/College Classes/Eclipse Practice/UCSDUnfoldingMaps/lib/core.jar:/Users/sravanjr/Documents/College Classes/Eclipse Practice/UCSDUnfoldingMaps/lib/gluegen-rt.jar:/Users/sravanjr/Documents/College Classes/Eclipse Practice/UCSDUnfoldingMaps/lib/jogl-all.jar:/Users/sravanjr/Documents/College Classes/Eclipse Practice/UCSDUnfoldingMaps/lib/log4j-1.2.15.jar:/Users/sravanjr/Documents/College Classes/Eclipse Practice/UCSDUnfoldingMaps/lib/sqlite-jdbc-3.7.2.jar:/Users/sravanjr/Documents/College Classes/Eclipse Practice/UCSDUnfoldingMaps/lib/json4processing.jar:/Users/sravanjr/Documents/College Classes/Eclipse Practice/UCSDUnfoldingMaps/lib/libTUIO.jar:/Users/sravanjr/Documents/College Classes/Eclipse Practice/UCSDUnfoldingMaps/lib/unfolding.0.9.7-uscd.jar
Launcher Type: SUN_STANDARD

Environment Variables:
PATH=/usr/bin:/bin:/usr/sbin:/sbin
SHELL=/bin/bash

Signal Handlers:
SIGSEGV: [libjvm.dylib+0x5b1eb1], sa_mask[0]=11111111011111110111111111111111, sa_flags=SA_ONSTACK|SA_RESTART|SA_SIGINFO
SIGBUS: [libjvm.dylib+0x5b1eb1], sa_mask[0]=11111111011111110111111111111111, sa_flags=SA_RESTART|SA_SIGINFO
SIGFPE: [libjvm.dylib+0x488988], sa_mask[0]=11111111011111110111111111111111, sa_flags=SA_RESTART|SA_SIGINFO
SIGPIPE: [libjvm.dylib+0x488988], sa_mask[0]=11111111011111110111111111111111, sa_flags=SA_RESTART|SA_SIGINFO
SIGXFSZ: [libjvm.dylib+0x488988], sa_mask[0]=11111111011111110111111111111111, sa_flags=SA_RESTART|SA_SIGINFO
SIGILL: [libjvm.dylib+0x488988], sa_mask[0]=11111111011111110111111111111111, sa_flags=SA_RESTART|SA_SIGINFO
SIGUSR1: SIG_DFL, sa_mask[0]=00000000000000000000000000000000, sa_flags=none
SIGUSR2: [libjvm.dylib+0x4884a6], sa_mask[0]=00100000000000000000000000000000, sa_flags=SA_RESTART|SA_SIGINFO
SIGHUP: [libjvm.dylib+0x486a7d], sa_mask[0]=11111111011111110111111111111111, sa_flags=SA_RESTART|SA_SIGINFO
SIGINT: [libjvm.dylib+0x486a7d], sa_mask[0]=11111111011111110111111111111111, sa_flags=SA_RESTART|SA_SIGINFO
SIGTERM: [libjvm.dylib+0x486a7d], sa_mask[0]=11111111011111110111111111111111, sa_flags=SA_RESTART|SA_SIGINFO
SIGQUIT: [libjvm.dylib+0x486a7d], sa_mask[0]=11111111011111110111111111111111, sa_flags=SA_RESTART|SA_SIGINFO


---------------  S Y S T E M  ---------------

OS:Bsduname:Darwin 16.6.0 Darwin Kernel Version 16.6.0: Fri Apr 14 16:21:16 PDT 2017; root:xnu-3789.60.24~6/RELEASE_X86_64 x86_64
rlimit: STACK 8192k, CORE 0k, NPROC 709, NOFILE 10240, AS infinity
load average:2.19 2.25 2.18

CPU:total 4 (initial active 4) (2 cores per cpu, 2 threads per core) family 6 model 78 stepping 3, cmov, cx8, fxsr, mmx, sse, sse2, sse3, ssse3, sse4.1, sse4.2, popcnt, avx, avx2, aes, clmul, erms, rtm, 3dnowpref, lzcnt, ht, tsc, tscinvbit, bmi1, bmi2, adx

Memory: 4k page, physical 8388608k(371172k free)

/proc/meminfo:


vm_info: Java HotSpot(TM) 64-Bit Server VM (25.131-b11) for bsd-amd64 JRE (1.8.0_131-b11), built on Mar 15 2017 01:32:22 by "java_re" with gcc 4.2.1 (Based on Apple Inc. build 5658) (LLVM build 2336.11.00)

time: Mon Jul 17 10:28:56 2017
elapsed time: 145 seconds (0d 0h 2m 25s)

