#
# A fatal error has been detected by the Java Runtime Environment:
#
#  SIGSEGV (0xb) at pc=0x00007fffc287e05d, pid=2891, tid=0x0000000000000307
#
# JRE version: Java(TM) SE Runtime Environment (8.0_131-b11) (build 1.8.0_131-b11)
# Java VM: Java HotSpot(TM) 64-Bit Server VM (25.131-b11 mixed mode bsd-amd64 compressed oops)
# Problematic frame:
# C  [libobjc.A.dylib+0x705d]  objc_msgSend+0x1d
#
# Failed to write core dump. Core dumps have been disabled. To enable core dumping, try "ulimit -c unlimited" before starting Java again
#
# If you would like to submit a bug report, please visit:
#   http://bugreport.java.com/bugreport/crash.jsp
# The crash happened outside the Java Virtual Machine in native code.
# See problematic frame for where to report the bug.
#

---------------  T H R E A D  ---------------

Current thread (0x00007fdb480fb800):  JavaThread "AWT-AppKit" daemon [_thread_in_native, id=775, stack(0x00007fff50cb1000,0x00007fff514b1000)]

siginfo: si_signo: 11 (SIGSEGV), si_code: 1 (SEGV_MAPERR), si_addr: 0x0000000000000018

Registers:
RAX=0x00007fdb4d3b3bb0, RBX=0x0000000196a56450, RCX=0x00007fdb4a1003a0, RDX=0x0000000000000000
RSP=0x00007fff514ac288, RBP=0x00007fff514ac340, RSI=0x00007fffac118116, RDI=0x00007fdb47fc4e00
R8 =0x0000000000000018, R9 =0x00007fdb4a100380, R10=0x0000000000000000, R11=0x00007fffac118116
R12=0x0000000000000000, R13=0x000000019d7ebeb8, R14=0x0000000196a56440, R15=0x00007fdb480fb800
RIP=0x00007fffc287e05d, EFLAGS=0x0000000000010246, ERR=0x0000000000000004
  TRAPNO=0x000000000000000e

Top of Stack: (sp=0x00007fff514ac288)
0x00007fff514ac288:   0000000196a54157 00007fff514ac2e0
0x00007fff514ac298:   0000000000000003 00007fff514ac2c0
0x00007fff514ac2a8:   000000010f1f36d2 000000019d7ebeb8
0x00007fff514ac2b8:   000000019d7ebeb8 00007fdb4d3b3bb0
0x00007fff514ac2c8:   0000000196a566a0 0000000196a56710
0x00007fff514ac2d8:   00007fffc88e26d0 00007fffc95121e0
0x00007fff514ac2e8:   0000000196a56450 0000000196a56690
0x00007fff514ac2f8:   00007fdb4d3b3bb0 00007fdb47fc4e00
0x00007fff514ac308:   00007fdb47f31180 00007fdb4d3b3bb0
0x00007fff514ac318:   00007fdb47fc4e00 00007fff514ac3c8
0x00007fff514ac328:   00007fdb480fb9f8 000000019d7ebeb8
0x00007fff514ac338:   00007fff514ac3f0 00007fff514ac3b8
0x00007fff514ac348:   000000011bda09f4 000000019d7ebeb8
0x00007fff514ac358:   00007fff514ac3f0 00007fff514ac3b8
0x00007fff514ac368:   000000011bda0787 000000011bda0742
0x00007fff514ac378:   00007fff514ac378 000000019d7ebeb8
0x00007fff514ac388:   00007fff514ac3f0 000000019d7ed6e0
0x00007fff514ac398:   0000000000000000 000000019d7ebeb8
0x00007fff514ac3a8:   0000000000000000 00007fff514ac3d8
0x00007fff514ac3b8:   00007fff514ac438 000000011bd912bd
0x00007fff514ac3c8:   00000007403d6088 000000011bd9a538
0x00007fff514ac3d8:   00007fdb4d3b3bb0 00007fff514ac438
0x00007fff514ac3e8:   00007fdb47fc4e00 000000011bd9be02
0x00007fff514ac3f8:   00007fff514ac3f8 000000019d7ec082
0x00007fff514ac408:   00007fff514ac460 000000019d7ed6e0
0x00007fff514ac418:   0000000000000000 000000019d7ec090
0x00007fff514ac428:   00007fff514ac3d8 00007fff514ac448
0x00007fff514ac438:   00007fff514ac4a8 000000011bd912bd
0x00007fff514ac448:   00007fdb4d3b3bb0 0000000740302fc8
0x00007fff514ac458:   00007fdb47fc4e00 0000000740302fc8
0x00007fff514ac468:   00007fff514ac468 00000001a537ef36
0x00007fff514ac478:   00007fff514ac4b8 00000001a537eff0 

Instructions: (pc=0x00007fffc287e05d)
0x00007fffc287e03d:   0f 1f 00 48 85 ff 2e 74 62 40 f6 c7 01 2e 75 66
0x00007fffc287e04d:   49 ba f8 ff ff ff ff 7f 00 00 4c 23 17 49 89 f3
0x00007fffc287e05d:   45 23 5a 18 49 c1 e3 04 4d 03 5a 10 49 3b 33 75
0x00007fffc287e06d:   04 41 ff 63 08 49 83 3b 01 76 0d 49 83 c3 10 49 

Register to memory mapping:

RAX=0x00007fdb4d3b3bb0 is an unknown value
RBX=0x0000000196a56450: Java_jogamp_nativewindow_macosx_OSXUtil_GetScreenRefreshRate0+0x1cf0 in /private/var/folders/lr/vg0t0wxx3tg6yq252w_p67_00000gn/T/jogamp_0000/file_cache/jln252572328227976118/jln2466218987464086474/libnativewindow_macosx.jnilib at 0x0000000196a4f000
RCX=0x00007fdb4a1003a0 is an unknown value
RDX=0x0000000000000000 is an unknown value
RSP=0x00007fff514ac288 is pointing into the stack for thread: 0x00007fdb480fb800
RBP=0x00007fff514ac340 is pointing into the stack for thread: 0x00007fdb480fb800
RSI=0x00007fffac118116: __NSStyleNameIndexTable+0x7fd5e in /System/Library/Frameworks/AppKit.framework/Versions/C/AppKit at 0x00007fffab4ab000
RDI=0x00007fdb47fc4e00 is an unknown value
R8 =0x0000000000000018 is an unknown value
R9 =0x00007fdb4a100380 is an unknown value
R10=0x0000000000000000 is an unknown value
R11=0x00007fffac118116: __NSStyleNameIndexTable+0x7fd5e in /System/Library/Frameworks/AppKit.framework/Versions/C/AppKit at 0x00007fffab4ab000
R12=0x0000000000000000 is an unknown value
R13={method} {0x000000019d7ebeb8} 'UnsetJAWTRootSurfaceLayer0' '(JJ)V' in 'jogamp/nativewindow/jawt/macosx/MacOSXJAWTWindow'
R14=0x0000000196a56440: Java_jogamp_nativewindow_macosx_OSXUtil_GetScreenRefreshRate0+0x1ce0 in /private/var/folders/lr/vg0t0wxx3tg6yq252w_p67_00000gn/T/jogamp_0000/file_cache/jln252572328227976118/jln2466218987464086474/libnativewindow_macosx.jnilib at 0x0000000196a4f000
R15=0x00007fdb480fb800 is a thread


Stack: [0x00007fff50cb1000,0x00007fff514b1000],  sp=0x00007fff514ac288,  free space=8172k
Native frames: (J=compiled Java code, j=interpreted, Vv=VM code, C=native code)
C  [libobjc.A.dylib+0x705d]  objc_msgSend+0x1d
j  jogamp.nativewindow.jawt.macosx.MacOSXJAWTWindow.UnsetJAWTRootSurfaceLayer0(JJ)V+0
j  jogamp.nativewindow.jawt.macosx.MacOSXJAWTWindow.access$200(JJ)V+2
j  jogamp.nativewindow.jawt.macosx.MacOSXJAWTWindow$1.run()V+38
J 3121 C1 com.jogamp.common.util.RunnableTask.run()V (345 bytes) @ 0x000000011c715874 [0x000000011c7156e0+0x194]
v  ~StubRoutines::call_stub
V  [libjvm.dylib+0x2ee5b6]  JavaCalls::call_helper(JavaValue*, methodHandle*, JavaCallArguments*, Thread*)+0x6ae
V  [libjvm.dylib+0x325765]  jni_invoke_nonstatic(JNIEnv_*, JavaValue*, _jobject*, JNICallType, _jmethodID*, JNI_ArgumentPusher*, Thread*)+0x2ec
V  [libjvm.dylib+0x317f33]  jni_CallVoidMethod+0x16b
C  [libnativewindow_macosx.jnilib+0x5326]  Java_jogamp_nativewindow_jawt_macosx_MacOSXJAWTWindow_UnsetJAWTRootSurfaceLayer0+0x2b6
C  [Foundation+0x717ba]  __NSThreadPerformPerform+0x146
C  [CoreFoundation+0xa7321]  __CFRUNLOOP_IS_CALLING_OUT_TO_A_SOURCE0_PERFORM_FUNCTION__+0x11
C  [CoreFoundation+0x8821d]  __CFRunLoopDoSources0+0x22d
C  [CoreFoundation+0x87716]  __CFRunLoopRun+0x3a6
C  [CoreFoundation+0x87114]  CFRunLoopRunSpecific+0x1a4
C  [HIToolbox+0x30ebc]  RunCurrentEventLoopInMode+0xf0
C  [HIToolbox+0x30bf9]  ReceiveNextEventCommon+0xb8
C  [HIToolbox+0x30b26]  _BlockUntilNextEventMatchingListInModeWithFilter+0x47
C  [AppKit+0x46a54]  _DPSNextEvent+0x460
C  [AppKit+0x7c27ee]  -[NSApplication(NSEvent) _nextEventMatchingEventMask:untilDate:inMode:dequeue:]+0xaec
C  [libosxapp.dylib+0x23aa]  -[NSApplicationAWT nextEventMatchingMask:untilDate:inMode:dequeue:]+0x7c
C  [AppKit+0x3b3db]  -[NSApplication run]+0x39e
C  [libosxapp.dylib+0x214d]  +[NSApplicationAWT runAWTLoopWithApp:]+0x9c
C  [libawt_lwawt.dylib+0x45edf]  -[AWTStarter starter:]+0x389
C  [Foundation+0x717ba]  __NSThreadPerformPerform+0x146
C  [CoreFoundation+0xa7321]  __CFRUNLOOP_IS_CALLING_OUT_TO_A_SOURCE0_PERFORM_FUNCTION__+0x11
C  [CoreFoundation+0x8821d]  __CFRunLoopDoSources0+0x22d
C  [CoreFoundation+0x87716]  __CFRunLoopRun+0x3a6
C  [CoreFoundation+0x87114]  CFRunLoopRunSpecific+0x1a4
C  [java+0x6465]  CreateExecutionEnvironment+0x367
C  [java+0x218c]  JLI_Launch+0x7a0
C  [java+0x84c2]  main+0x65
C  [java+0x19e4]  start+0x34
C  0x0000000000000007

Java frames: (J=compiled Java code, j=interpreted, Vv=VM code)
j  jogamp.nativewindow.jawt.macosx.MacOSXJAWTWindow.UnsetJAWTRootSurfaceLayer0(JJ)V+0
j  jogamp.nativewindow.jawt.macosx.MacOSXJAWTWindow.access$200(JJ)V+2
j  jogamp.nativewindow.jawt.macosx.MacOSXJAWTWindow$1.run()V+38
J 3121 C1 com.jogamp.common.util.RunnableTask.run()V (345 bytes) @ 0x000000011c715874 [0x000000011c7156e0+0x194]
v  ~StubRoutines::call_stub

---------------  P R O C E S S  ---------------

Java Threads: ( => current thread )
  0x00007fdb4e958000 JavaThread "Thread-74" [_thread_blocked, id=73839, stack(0x0000700009575000,0x0000700009675000)]
  0x00007fdb48abf800 JavaThread "Keep-Alive-Timer" daemon [_thread_blocked, id=74287, stack(0x0000700009981000,0x0000700009a81000)]
  0x00007fdb4880b000 JavaThread "Animation Thread" [_thread_blocked, id=66831, stack(0x00007000092ec000,0x00007000093ec000)]
  0x00007fdb4923b800 JavaThread "AWT-EventQueue-1" [_thread_in_native, id=66215, stack(0x00007000093ef000,0x00007000094ef000)]
  0x00007fdb4817e800 JavaThread "DestroyJavaVM" [_thread_blocked, id=7171, stack(0x0000700007d24000,0x0000700007e24000)]
  0x00007fdb49938000 JavaThread "AWT-EventQueue-0" [_thread_blocked, id=60691, stack(0x00007000091e9000,0x00007000092e9000)]
  0x00007fdb49950800 JavaThread "Java2D Disposer" daemon [_thread_blocked, id=57359, stack(0x0000700008f60000,0x0000700009060000)]
  0x00007fdb48129000 JavaThread "Java2D Queue Flusher" daemon [_thread_in_native, id=54279, stack(0x0000700008e5d000,0x0000700008f5d000)]
  0x00007fdb4989b800 JavaThread "AWT-Shutdown" [_thread_blocked, id=29471, stack(0x0000700008bd1000,0x0000700008cd1000)]
=>0x00007fdb480fb800 JavaThread "AWT-AppKit" daemon [_thread_in_native, id=775, stack(0x00007fff50cb1000,0x00007fff514b1000)]
  0x00007fdb4883b800 JavaThread "Service Thread" daemon [_thread_blocked, id=18435, stack(0x0000700008948000,0x0000700008a48000)]
  0x00007fdb49811800 JavaThread "C1 CompilerThread2" daemon [_thread_blocked, id=17923, stack(0x0000700008845000,0x0000700008945000)]
  0x00007fdb49810800 JavaThread "C2 CompilerThread1" daemon [_thread_blocked, id=17411, stack(0x0000700008742000,0x0000700008842000)]
  0x00007fdb49809800 JavaThread "C2 CompilerThread0" daemon [_thread_blocked, id=16899, stack(0x000070000863f000,0x000070000873f000)]
  0x00007fdb4901a000 JavaThread "Signal Dispatcher" daemon [_thread_blocked, id=16387, stack(0x000070000853c000,0x000070000863c000)]
  0x00007fdb49807800 JavaThread "Finalizer" daemon [_thread_blocked, id=12547, stack(0x0000700008439000,0x0000700008539000)]
  0x00007fdb48004800 JavaThread "Reference Handler" daemon [_thread_blocked, id=12035, stack(0x0000700008336000,0x0000700008436000)]

Other Threads:
  0x00007fdb48850800 VMThread [stack: 0x0000700008233000,0x0000700008333000] [id=11523]
  0x00007fdb4885d000 WatcherThread [stack: 0x0000700008a4b000,0x0000700008b4b000] [id=18947]

VM state:not at safepoint (normal execution)

VM Mutex/Monitor currently owned by a thread: None

Heap:
 PSYoungGen      total 226304K, used 183492K [0x0000000795580000, 0x00000007a4780000, 0x00000007c0000000)
  eden space 212992K, 80% used [0x0000000795580000,0x000000079fc20dd8,0x00000007a2580000)
  from space 13312K, 96% used [0x00000007a3a80000,0x00000007a4710340,0x00000007a4780000)
  to   space 17408K, 0% used [0x00000007a2580000,0x00000007a2580000,0x00000007a3680000)
 ParOldGen       total 47104K, used 20313K [0x0000000740000000, 0x0000000742e00000, 0x0000000795580000)
  object space 47104K, 43% used [0x0000000740000000,0x00000007413d6618,0x0000000742e00000)
 Metaspace       used 25109K, capacity 25509K, committed 25648K, reserved 1073152K
  class space    used 2475K, capacity 2587K, committed 2608K, reserved 1048576K

Card table byte_map: [0x0000000110398000,0x0000000110799000] byte_map_base: 0x000000010c998000

Marking Bits: (ParMarkBitMap*) 0x000000010f8f1ea0
 Begin Bits: [0x0000000110a44000, 0x0000000112a44000)
 End Bits:   [0x0000000112a44000, 0x0000000114a44000)

Polling page: 0x000000010e7da000

CodeCache: size=245760Kb used=12472Kb max_used=12548Kb free=233287Kb
 bounds [0x000000011bd89000, 0x000000011c9e9000, 0x000000012ad89000]
 total_blobs=4389 nmethods=3440 adapters=862
 compilation: enabled

Compilation events (10 events):
Event: 43.540 Thread 0x00007fdb49810800 nmethod 4091 0x000000011c536e50 code [0x000000011c536fa0, 0x000000011c537018]
Event: 43.541 Thread 0x00007fdb49811800 4092       1       sun.java2d.SurfaceData::isValid (5 bytes)
Event: 43.542 Thread 0x00007fdb49811800 nmethod 4092 0x000000011c997c10 code [0x000000011c997d60, 0x000000011c997e70]
Event: 43.552 Thread 0x00007fdb49809800 4093       4       java.lang.Thread::isInterrupted (6 bytes)
Event: 43.553 Thread 0x00007fdb49811800 4094       3       sun.java2d.pipe.RenderBuffer::putFloat (26 bytes)
Event: 43.553 Thread 0x00007fdb49811800 nmethod 4094 0x000000011bfe9e90 code [0x000000011bfea000, 0x000000011bfea190]
Event: 43.554 Thread 0x00007fdb49809800 nmethod 4093 0x000000011bf992d0 code [0x000000011bf99420, 0x000000011bf994c8]
Event: 43.565 Thread 0x00007fdb49811800 4096       3       java.security.CodeSource::matchCerts (254 bytes)
Event: 43.567 Thread 0x00007fdb49811800 nmethod 4096 0x000000011c999610 code [0x000000011c999820, 0x000000011c99a3b8]
Event: 43.569 Thread 0x00007fdb49810800 4097       4       java.awt.KeyboardFocusManager::getCurrentKeyboardFocusManager (7 bytes)

GC Heap History (10 events):
Event: 4.694 GC heap before
{Heap before GC invocations=5 (full 1):
 PSYoungGen      total 38400K, used 33088K [0x0000000795580000, 0x000000079a080000, 0x00000007c0000000)
  eden space 33280K, 99% used [0x0000000795580000,0x00000007975d0200,0x0000000797600000)
  from space 5120K, 0% used [0x0000000797600000,0x0000000797600000,0x0000000797b00000)
  to   space 5120K, 0% used [0x0000000799b80000,0x0000000799b80000,0x000000079a080000)
 ParOldGen       total 47104K, used 7464K [0x0000000740000000, 0x0000000742e00000, 0x0000000795580000)
  object space 47104K, 15% used [0x0000000740000000,0x000000074074a110,0x0000000742e00000)
 Metaspace       used 23558K, capacity 23925K, committed 24112K, reserved 1071104K
  class space    used 2431K, capacity 2553K, committed 2608K, reserved 1048576K
Event: 4.703 GC heap after
Heap after GC invocations=5 (full 1):
 PSYoungGen      total 69120K, used 5104K [0x0000000795580000, 0x000000079a080000, 0x00000007c0000000)
  eden space 64000K, 0% used [0x0000000795580000,0x0000000795580000,0x0000000799400000)
  from space 5120K, 99% used [0x0000000799b80000,0x000000079a07c3d0,0x000000079a080000)
  to   space 5120K, 0% used [0x0000000799680000,0x0000000799680000,0x0000000799b80000)
 ParOldGen       total 47104K, used 15791K [0x0000000740000000, 0x0000000742e00000, 0x0000000795580000)
  object space 47104K, 33% used [0x0000000740000000,0x0000000740f6bf08,0x0000000742e00000)
 Metaspace       used 23558K, capacity 23925K, committed 24112K, reserved 1071104K
  class space    used 2431K, capacity 2553K, committed 2608K, reserved 1048576K
}
Event: 8.322 GC heap before
{Heap before GC invocations=6 (full 1):
 PSYoungGen      total 69120K, used 69104K [0x0000000795580000, 0x000000079a080000, 0x00000007c0000000)
  eden space 64000K, 100% used [0x0000000795580000,0x0000000799400000,0x0000000799400000)
  from space 5120K, 99% used [0x0000000799b80000,0x000000079a07c3d0,0x000000079a080000)
  to   space 5120K, 0% used [0x0000000799680000,0x0000000799680000,0x0000000799b80000)
 ParOldGen       total 47104K, used 15794K [0x0000000740000000, 0x0000000742e00000, 0x0000000795580000)
  object space 47104K, 33% used [0x0000000740000000,0x0000000740f6c9c0,0x0000000742e00000)
 Metaspace       used 24493K, capacity 24869K, committed 25136K, reserved 1071104K
  class space    used 2466K, capacity 2587K, committed 2608K, reserved 1048576K
Event: 8.331 GC heap after
Heap after GC invocations=6 (full 1):
 PSYoungGen      total 71680K, used 5104K [0x0000000795580000, 0x000000079e600000, 0x00000007c0000000)
  eden space 66560K, 0% used [0x0000000795580000,0x0000000795580000,0x0000000799680000)
  from space 5120K, 99% used [0x0000000799680000,0x0000000799b7c1b0,0x0000000799b80000)
  to   space 13312K, 0% used [0x000000079d900000,0x000000079d900000,0x000000079e600000)
 ParOldGen       total 47104K, used 18009K [0x0000000740000000, 0x0000000742e00000, 0x0000000795580000)
  object space 47104K, 38% used [0x0000000740000000,0x0000000741196528,0x0000000742e00000)
 Metaspace       used 24493K, capacity 24869K, committed 25136K, reserved 1071104K
  class space    used 2466K, capacity 2587K, committed 2608K, reserved 1048576K
}
Event: 9.658 GC heap before
{Heap before GC invocations=7 (full 1):
 PSYoungGen      total 71680K, used 71664K [0x0000000795580000, 0x000000079e600000, 0x00000007c0000000)
  eden space 66560K, 100% used [0x0000000795580000,0x0000000799680000,0x0000000799680000)
  from space 5120K, 99% used [0x0000000799680000,0x0000000799b7c1b0,0x0000000799b80000)
  to   space 13312K, 0% used [0x000000079d900000,0x000000079d900000,0x000000079e600000)
 ParOldGen       total 47104K, used 18009K [0x0000000740000000, 0x0000000742e00000, 0x0000000795580000)
  object space 47104K, 38% used [0x0000000740000000,0x0000000741196528,0x0000000742e00000)
 Metaspace       used 24744K, capacity 25125K, committed 25392K, reserved 1073152K
  class space    used 2466K, capacity 2587K, committed 2608K, reserved 1048576K
Event: 9.671 GC heap after
Heap after GC invocations=7 (full 1):
 PSYoungGen      total 132608K, used 13024K [0x0000000795580000, 0x000000079ed00000, 0x00000007c0000000)
  eden space 119296K, 0% used [0x0000000795580000,0x0000000795580000,0x000000079ca00000)
  from space 13312K, 97% used [0x000000079d900000,0x000000079e5b83a0,0x000000079e600000)
  to   space 15360K, 0% used [0x000000079ca00000,0x000000079ca00000,0x000000079d900000)
 ParOldGen       total 47104K, used 18017K [0x0000000740000000, 0x0000000742e00000, 0x0000000795580000)
  object space 47104K, 38% used [0x0000000740000000,0x0000000741198528,0x0000000742e00000)
 Metaspace       used 24744K, capacity 25125K, committed 25392K, reserved 1073152K
  class space    used 2466K, capacity 2587K, committed 2608K, reserved 1048576K
}
Event: 19.656 GC heap before
{Heap before GC invocations=8 (full 1):
 PSYoungGen      total 132608K, used 132320K [0x0000000795580000, 0x000000079ed00000, 0x00000007c0000000)
  eden space 119296K, 100% used [0x0000000795580000,0x000000079ca00000,0x000000079ca00000)
  from space 13312K, 97% used [0x000000079d900000,0x000000079e5b83a0,0x000000079e600000)
  to   space 15360K, 0% used [0x000000079ca00000,0x000000079ca00000,0x000000079d900000)
 ParOldGen       total 47104K, used 18017K [0x0000000740000000, 0x0000000742e00000, 0x0000000795580000)
  object space 47104K, 38% used [0x0000000740000000,0x0000000741198528,0x0000000742e00000)
 Metaspace       used 25005K, capacity 25381K, committed 25648K, reserved 1073152K
  class space    used 2467K, capacity 2587K, committed 2608K, reserved 1048576K
Event: 19.669 GC heap after
Heap after GC invocations=8 (full 1):
 PSYoungGen      total 134656K, used 12736K [0x0000000795580000, 0x00000007a4a80000, 0x00000007c0000000)
  eden space 119296K, 0% used [0x0000000795580000,0x0000000795580000,0x000000079ca00000)
  from space 15360K, 82% used [0x000000079ca00000,0x000000079d670340,0x000000079d900000)
  to   space 16384K, 0% used [0x00000007a3a80000,0x00000007a3a80000,0x00000007a4a80000)
 ParOldGen       total 47104K, used 18025K [0x0000000740000000, 0x0000000742e00000, 0x0000000795580000)
  object space 47104K, 38% used [0x0000000740000000,0x000000074119a528,0x0000000742e00000)
 Metaspace       used 25005K, capacity 25381K, committed 25648K, reserved 1073152K
  class space    used 2467K, capacity 2587K, committed 2608K, reserved 1048576K
}
Event: 34.595 GC heap before
{Heap before GC invocations=9 (full 1):
 PSYoungGen      total 134656K, used 131967K [0x0000000795580000, 0x00000007a4a80000, 0x00000007c0000000)
  eden space 119296K, 99% used [0x0000000795580000,0x000000079c9ef9f8,0x000000079ca00000)
  from space 15360K, 82% used [0x000000079ca00000,0x000000079d670340,0x000000079d900000)
  to   space 16384K, 0% used [0x00000007a3a80000,0x00000007a3a80000,0x00000007a4a80000)
 ParOldGen       total 47104K, used 18025K [0x0000000740000000, 0x0000000742e00000, 0x0000000795580000)
  object space 47104K, 38% used [0x0000000740000000,0x000000074119a528,0x0000000742e00000)
 Metaspace       used 25034K, capacity 25445K, committed 25648K, reserved 1073152K
  class space    used 2467K, capacity 2587K, committed 2608K, reserved 1048576K
Event: 34.611 GC heap after
Heap after GC invocations=9 (full 1):
 PSYoungGen      total 226304K, used 12864K [0x0000000795580000, 0x00000007a4780000, 0x00000007c0000000)
  eden space 212992K, 0% used [0x0000000795580000,0x0000000795580000,0x00000007a2580000)
  from space 13312K, 96% used [0x00000007a3a80000,0x00000007a4710340,0x00000007a4780000)
  to   space 17408K, 0% used [0x00000007a2580000,0x00000007a2580000,0x00000007a3680000)
 ParOldGen       total 47104K, used 20313K [0x0000000740000000, 0x0000000742e00000, 0x0000000795580000)
  object space 47104K, 43% used [0x0000000740000000,0x00000007413d6618,0x0000000742e00000)
 Metaspace       used 25034K, capacity 25445K, committed 25648K, reserved 1073152K
  class space    used 2467K, capacity 2587K, committed 2608K, reserved 1048576K
}

Deoptimization events (10 events):
Event: 43.537 Thread 0x00007fdb49938000 Uncommon trap: reason=unstable_if action=reinterpret pc=0x000000011c8c92e0 method=java.awt.EventQueue.getPriority(Ljava/awt/AWTEvent;)I @ 71
Event: 43.538 Thread 0x00007fdb4923b800 Uncommon trap: reason=unstable_if action=reinterpret pc=0x000000011c15d7bc method=java.awt.EventQueue.uncacheEQItem(Lsun/awt/EventQueueItem;)V @ 23
Event: 43.539 Thread 0x00007fdb49938000 Uncommon trap: reason=unstable_if action=reinterpret pc=0x000000011c9a165c method=sun.java2d.pipe.Region.intersectsQuickCheck(Lsun/java2d/pipe/Region;)Z @ 41
Event: 43.540 Thread 0x00007fdb49938000 Uncommon trap: reason=unstable_if action=reinterpret pc=0x000000011c5e12d4 method=java.awt.Font.equals(Ljava/lang/Object;)Z @ 2
Event: 43.552 Thread 0x00007fdb48a1c800 Uncommon trap: reason=class_check action=maybe_recompile pc=0x000000011c29763c method=java.util.HashMap.putVal(ILjava/lang/Object;Ljava/lang/Object;ZZ)Ljava/lang/Object; @ 91
Event: 43.552 Thread 0x00007fdb48a1c800 Uncommon trap: reason=class_check action=maybe_recompile pc=0x000000011c29763c method=java.util.HashMap.putVal(ILjava/lang/Object;Ljava/lang/Object;ZZ)Ljava/lang/Object; @ 91
Event: 43.552 Thread 0x00007fdb48a1c800 Uncommon trap: reason=class_check action=maybe_recompile pc=0x000000011c22d590 method=java.util.HashMap.putVal(ILjava/lang/Object;Ljava/lang/Object;ZZ)Ljava/lang/Object; @ 91
Event: 43.566 Thread 0x00007fdb4923b800 Uncommon trap: reason=unstable_if action=reinterpret pc=0x000000011c5160d8 method=java.util.LinkedList$ListItr.<init>(Ljava/util/LinkedList;I)V @ 26
Event: 43.567 Thread 0x00007fdb4923b800 Uncommon trap: reason=unstable_if action=reinterpret pc=0x000000011c748224 method=java.security.AccessControlContext.optimize()Ljava/security/AccessControlContext; @ 233
Event: 43.568 Thread 0x00007fdb4923b800 Uncommon trap: reason=unstable_if action=reinterpret pc=0x000000011c95bf84 method=java.util.LinkedList$ListItr.<init>(Ljava/util/LinkedList;I)V @ 26

Internal exceptions (10 events):
Event: 0.351 Thread 0x00007fdb4880b000 Exception <a 'java/io/FileNotFoundException'> (0x0000000795810268) thrown at [/Users/java_re/workspace/8-2-build-macosx-x86_64/jdk8u131/8869/hotspot/src/share/vm/prims/jni.cpp, line 709]
Event: 0.351 Thread 0x00007fdb4880b000 Exception <a 'java/io/FileNotFoundException'> (0x0000000795810de8) thrown at [/Users/java_re/workspace/8-2-build-macosx-x86_64/jdk8u131/8869/hotspot/src/share/vm/prims/jni.cpp, line 709]
Event: 0.473 Thread 0x00007fdb4880b000 Exception <a 'java/io/FileNotFoundException'> (0x0000000795954b18) thrown at [/Users/java_re/workspace/8-2-build-macosx-x86_64/jdk8u131/8869/hotspot/src/share/vm/prims/jni.cpp, line 709]
Event: 2.547 Thread 0x00007fdb4880b000 Exception <a 'java/lang/UnsatisfiedLinkError': com.jogamp.common.util.JarUtil.fixNativeLibAttribs(Ljava/lang/String;)Z> (0x0000000796ce8e30) thrown at [/Users/java_re/workspace/8-2-build-macosx-x86_64/jdk8u131/8869/hotspot/src/share/vm/prims/nativeLookup.
Event: 2.760 Thread 0x00007fdb49807800 Exception <a 'java/lang/NullPointerException'> (0x00000007956a40d8) thrown at [/Users/java_re/workspace/8-2-build-macosx-x86_64/jdk8u131/8869/hotspot/src/share/vm/interpreter/linkResolver.cpp, line 1197]
Event: 3.458 Thread 0x00007fdb4923b800 Exception <a 'java/io/FileNotFoundException'> (0x00000007960bfc78) thrown at [/Users/java_re/workspace/8-2-build-macosx-x86_64/jdk8u131/8869/hotspot/src/share/vm/prims/jni.cpp, line 709]
Event: 3.458 Thread 0x00007fdb4923b800 Exception <a 'java/io/FileNotFoundException'> (0x00000007960c8aa0) thrown at [/Users/java_re/workspace/8-2-build-macosx-x86_64/jdk8u131/8869/hotspot/src/share/vm/prims/jni.cpp, line 709]
Event: 3.458 Thread 0x00007fdb4923b800 Implicit null exception at 0x000000011bf56a36 to 0x000000011bf56e25
Event: 3.756 Thread 0x00007fdb4923b800 Implicit null exception at 0x000000011c166cc6 to 0x000000011c166f0d
Event: 10.556 Thread 0x00007fdb4923b800 Implicit null exception at 0x000000011c576e35 to 0x000000011c57725d

Events (10 events):
Event: 43.568 Executing VM operation: Deoptimize done
Event: 43.568 loading class java/awt/Toolkit$ToolkitEventMulticaster
Event: 43.568 Thread 0x00007fdb49811800 flushing nmethod 0x000000011c37d110
Event: 43.568 loading class java/awt/Toolkit$ToolkitEventMulticaster done
Event: 43.568 Thread 0x00007fdb4923b800 Uncommon trap: trap_request=0xffffff65 fr.pc=0x000000011c95bf84
Event: 43.568 Thread 0x00007fdb4923b800 DEOPT PACKING pc=0x000000011c95bf84 sp=0x00007000094ec950
Event: 43.568 Thread 0x00007fdb4923b800 DEOPT UNPACKING pc=0x000000011bd8e229 sp=0x00007000094ec8a8 mode 2
Event: 43.569 Thread 0x00007fdb48a1c800 Thread exited: 0x00007fdb48a1c800
Event: 43.569 loading class java/awt/Window$1DisposeAction
Event: 43.569 loading class java/awt/Window$1DisposeAction done


Dynamic libraries:
0x00000000385fa000 	/System/Library/Frameworks/Cocoa.framework/Versions/A/Cocoa
0x00000000385fa000 	/System/Library/Frameworks/Security.framework/Versions/A/Security
0x00000000385fa000 	/System/Library/Frameworks/ApplicationServices.framework/Versions/A/ApplicationServices
0x00000000385fa000 	/usr/lib/libz.1.dylib
0x00000000385fa000 	/usr/lib/libSystem.B.dylib
0x00000000385fa000 	/usr/lib/libobjc.A.dylib
0x00000000385fa000 	/System/Library/Frameworks/CoreFoundation.framework/Versions/A/CoreFoundation
0x00000000385fa000 	/System/Library/Frameworks/Foundation.framework/Versions/C/Foundation
0x00000000385fa000 	/System/Library/Frameworks/AppKit.framework/Versions/C/AppKit
0x00000000385fa000 	/System/Library/Frameworks/CoreData.framework/Versions/A/CoreData
0x00000000385fa000 	/System/Library/PrivateFrameworks/RemoteViewServices.framework/Versions/A/RemoteViewServices
0x00000000385fa000 	/System/Library/PrivateFrameworks/UIFoundation.framework/Versions/A/UIFoundation
0x00000000385fa000 	/System/Library/PrivateFrameworks/DFRFoundation.framework/Versions/A/DFRFoundation
0x00000000385fa000 	/usr/lib/libenergytrace.dylib
0x00000000385fa000 	/System/Library/PrivateFrameworks/SkyLight.framework/Versions/A/SkyLight
0x00000000385fa000 	/System/Library/Frameworks/CoreGraphics.framework/Versions/A/CoreGraphics
0x00000000385fa000 	/usr/lib/libScreenReader.dylib
0x00000000385fa000 	/System/Library/Frameworks/Accelerate.framework/Versions/A/Accelerate
0x00000000385fa000 	/System/Library/Frameworks/IOSurface.framework/Versions/A/IOSurface
0x00000000385fa000 	/System/Library/Frameworks/AudioToolbox.framework/Versions/A/AudioToolbox
0x00000000385fa000 	/System/Library/Frameworks/AudioUnit.framework/Versions/A/AudioUnit
0x00000000385fa000 	/System/Library/PrivateFrameworks/DataDetectorsCore.framework/Versions/A/DataDetectorsCore
0x00000000385fa000 	/System/Library/PrivateFrameworks/DesktopServicesPriv.framework/Versions/A/DesktopServicesPriv
0x00000000385fa000 	/System/Library/Frameworks/Carbon.framework/Versions/A/Frameworks/HIToolbox.framework/Versions/A/HIToolbox
0x00000000385fa000 	/usr/lib/libicucore.A.dylib
0x00000000385fa000 	/System/Library/Frameworks/QuartzCore.framework/Versions/A/QuartzCore
0x00000000385fa000 	/System/Library/Frameworks/Carbon.framework/Versions/A/Frameworks/SpeechRecognition.framework/Versions/A/SpeechRecognition
0x00000000385fa000 	/usr/lib/libauto.dylib
0x00000000385fa000 	/usr/lib/libxml2.2.dylib
0x00000000385fa000 	/System/Library/PrivateFrameworks/CoreUI.framework/Versions/A/CoreUI
0x00000000385fa000 	/System/Library/Frameworks/CoreAudio.framework/Versions/A/CoreAudio
0x00000000385fa000 	/System/Library/Frameworks/DiskArbitration.framework/Versions/A/DiskArbitration
0x00000000385fa000 	/usr/lib/liblangid.dylib
0x00000000385fa000 	/System/Library/PrivateFrameworks/MultitouchSupport.framework/Versions/A/MultitouchSupport
0x00000000385fa000 	/System/Library/Frameworks/IOKit.framework/Versions/A/IOKit
0x00000000385fa000 	/usr/lib/libDiagnosticMessagesClient.dylib
0x00000000385fa000 	/System/Library/Frameworks/CoreServices.framework/Versions/A/CoreServices
0x00000000385fa000 	/System/Library/PrivateFrameworks/PerformanceAnalysis.framework/Versions/A/PerformanceAnalysis
0x00000000385fa000 	/System/Library/PrivateFrameworks/GenerationalStorage.framework/Versions/A/GenerationalStorage
0x00000000385fa000 	/System/Library/Frameworks/OpenGL.framework/Versions/A/OpenGL
0x00000000385fa000 	/System/Library/Frameworks/CoreImage.framework/Versions/A/CoreImage
0x00000000385fa000 	/System/Library/Frameworks/CoreText.framework/Versions/A/CoreText
0x00000000385fa000 	/System/Library/Frameworks/ImageIO.framework/Versions/A/ImageIO
0x00000000385fa000 	/System/Library/PrivateFrameworks/Backup.framework/Versions/A/Backup
0x00000000385fa000 	/usr/lib/libarchive.2.dylib
0x00000000385fa000 	/System/Library/Frameworks/CFNetwork.framework/Versions/A/CFNetwork
0x00000000385fa000 	/System/Library/Frameworks/SystemConfiguration.framework/Versions/A/SystemConfiguration
0x00000000385fa000 	/usr/lib/libCRFSuite.dylib
0x00000000385fa000 	/usr/lib/libc++.1.dylib
0x00000000385fa000 	/usr/lib/libc++abi.dylib
0x00000000385fa000 	/usr/lib/system/libcache.dylib
0x00000000385fa000 	/usr/lib/system/libcommonCrypto.dylib
0x00000000385fa000 	/usr/lib/system/libcompiler_rt.dylib
0x00000000385fa000 	/usr/lib/system/libcopyfile.dylib
0x00000000385fa000 	/usr/lib/system/libcorecrypto.dylib
0x00000000385fa000 	/usr/lib/system/libdispatch.dylib
0x00000000385fa000 	/usr/lib/system/libdyld.dylib
0x00000000385fa000 	/usr/lib/system/libkeymgr.dylib
0x00000000385fa000 	/usr/lib/system/liblaunch.dylib
0x00000000385fa000 	/usr/lib/system/libmacho.dylib
0x00000000385fa000 	/usr/lib/system/libquarantine.dylib
0x00000000385fa000 	/usr/lib/system/libremovefile.dylib
0x00000000385fa000 	/usr/lib/system/libsystem_asl.dylib
0x00000000385fa000 	/usr/lib/system/libsystem_blocks.dylib
0x00000000385fa000 	/usr/lib/system/libsystem_c.dylib
0x00000000385fa000 	/usr/lib/system/libsystem_configuration.dylib
0x00000000385fa000 	/usr/lib/system/libsystem_coreservices.dylib
0x00000000385fa000 	/usr/lib/system/libsystem_coretls.dylib
0x00000000385fa000 	/usr/lib/system/libsystem_dnssd.dylib
0x00000000385fa000 	/usr/lib/system/libsystem_info.dylib
0x00000000385fa000 	/usr/lib/system/libsystem_kernel.dylib
0x00000000385fa000 	/usr/lib/system/libsystem_m.dylib
0x00000000385fa000 	/usr/lib/system/libsystem_malloc.dylib
0x00000000385fa000 	/usr/lib/system/libsystem_network.dylib
0x00000000385fa000 	/usr/lib/system/libsystem_networkextension.dylib
0x00000000385fa000 	/usr/lib/system/libsystem_notify.dylib
0x00000000385fa000 	/usr/lib/system/libsystem_platform.dylib
0x00000000385fa000 	/usr/lib/system/libsystem_pthread.dylib
0x00000000385fa000 	/usr/lib/system/libsystem_sandbox.dylib
0x00000000385fa000 	/usr/lib/system/libsystem_secinit.dylib
0x00000000385fa000 	/usr/lib/system/libsystem_symptoms.dylib
0x00000000385fa000 	/usr/lib/system/libsystem_trace.dylib
0x00000000385fa000 	/usr/lib/system/libunwind.dylib
0x00000000385fa000 	/usr/lib/system/libxpc.dylib
0x00000000385fa000 	/usr/lib/libbsm.0.dylib
0x00000000385fa000 	/usr/lib/system/libkxld.dylib
0x00000000385fa000 	/usr/lib/libcoretls.dylib
0x00000000385fa000 	/usr/lib/libcoretls_cfhelpers.dylib
0x00000000385fa000 	/usr/lib/libOpenScriptingUtil.dylib
0x00000000385fa000 	/usr/lib/libpam.2.dylib
0x00000000385fa000 	/usr/lib/libsqlite3.dylib
0x00000000385fa000 	/usr/lib/libxar.1.dylib
0x00000000385fa000 	/usr/lib/libbz2.1.0.dylib
0x00000000385fa000 	/usr/lib/liblzma.5.dylib
0x00000000385fa000 	/usr/lib/libnetwork.dylib
0x00000000385fa000 	/usr/lib/libpcap.A.dylib
0x00000000385fa000 	/System/Library/Frameworks/CoreServices.framework/Versions/A/Frameworks/FSEvents.framework/Versions/A/FSEvents
0x00000000385fa000 	/System/Library/Frameworks/CoreServices.framework/Versions/A/Frameworks/CarbonCore.framework/Versions/A/CarbonCore
0x00000000385fa000 	/System/Library/Frameworks/CoreServices.framework/Versions/A/Frameworks/Metadata.framework/Versions/A/Metadata
0x00000000385fa000 	/System/Library/Frameworks/CoreServices.framework/Versions/A/Frameworks/OSServices.framework/Versions/A/OSServices
0x00000000385fa000 	/System/Library/Frameworks/CoreServices.framework/Versions/A/Frameworks/SearchKit.framework/Versions/A/SearchKit
0x00000000385fa000 	/System/Library/Frameworks/CoreServices.framework/Versions/A/Frameworks/AE.framework/Versions/A/AE
0x00000000385fa000 	/System/Library/Frameworks/CoreServices.framework/Versions/A/Frameworks/LaunchServices.framework/Versions/A/LaunchServices
0x00000000385fa000 	/System/Library/Frameworks/CoreServices.framework/Versions/A/Frameworks/DictionaryServices.framework/Versions/A/DictionaryServices
0x00000000385fa000 	/System/Library/Frameworks/CoreServices.framework/Versions/A/Frameworks/SharedFileList.framework/Versions/A/SharedFileList
0x00000000385fa000 	/System/Library/Frameworks/NetFS.framework/Versions/A/NetFS
0x00000000385fa000 	/System/Library/PrivateFrameworks/NetAuth.framework/Versions/A/NetAuth
0x00000000385fa000 	/System/Library/PrivateFrameworks/login.framework/Versions/A/Frameworks/loginsupport.framework/Versions/A/loginsupport
0x00000000385fa000 	/System/Library/PrivateFrameworks/TCC.framework/Versions/A/TCC
0x00000000385fa000 	/usr/lib/libmecabra.dylib
0x00000000385fa000 	/System/Library/Frameworks/ApplicationServices.framework/Versions/A/Frameworks/ATS.framework/Versions/A/ATS
0x00000000385fa000 	/System/Library/Frameworks/ApplicationServices.framework/Versions/A/Frameworks/ColorSync.framework/Versions/A/ColorSync
0x00000000385fa000 	/System/Library/Frameworks/ApplicationServices.framework/Versions/A/Frameworks/HIServices.framework/Versions/A/HIServices
0x00000000385fa000 	/System/Library/Frameworks/ApplicationServices.framework/Versions/A/Frameworks/LangAnalysis.framework/Versions/A/LangAnalysis
0x00000000385fa000 	/System/Library/Frameworks/ApplicationServices.framework/Versions/A/Frameworks/PrintCore.framework/Versions/A/PrintCore
0x00000000385fa000 	/System/Library/Frameworks/ApplicationServices.framework/Versions/A/Frameworks/QD.framework/Versions/A/QD
0x00000000385fa000 	/System/Library/Frameworks/ApplicationServices.framework/Versions/A/Frameworks/SpeechSynthesis.framework/Versions/A/SpeechSynthesis
0x00000000385fa000 	/System/Library/Frameworks/Accelerate.framework/Versions/A/Frameworks/vImage.framework/Versions/A/vImage
0x00000000385fa000 	/System/Library/Frameworks/Accelerate.framework/Versions/A/Frameworks/vecLib.framework/Versions/A/vecLib
0x00000000385fa000 	/System/Library/Frameworks/Accelerate.framework/Versions/A/Frameworks/vecLib.framework/Versions/A/libvDSP.dylib
0x00000000385fa000 	/System/Library/Frameworks/Accelerate.framework/Versions/A/Frameworks/vecLib.framework/Versions/A/libBNNS.dylib
0x00000000385fa000 	/System/Library/Frameworks/Accelerate.framework/Versions/A/Frameworks/vecLib.framework/Versions/A/libQuadrature.dylib
0x00000000385fa000 	/System/Library/Frameworks/Accelerate.framework/Versions/A/Frameworks/vecLib.framework/Versions/A/libvMisc.dylib
0x00000000385fa000 	/System/Library/Frameworks/Accelerate.framework/Versions/A/Frameworks/vecLib.framework/Versions/A/libLAPACK.dylib
0x00000000385fa000 	/System/Library/Frameworks/Accelerate.framework/Versions/A/Frameworks/vecLib.framework/Versions/A/libBLAS.dylib
0x00000000385fa000 	/System/Library/Frameworks/Accelerate.framework/Versions/A/Frameworks/vecLib.framework/Versions/A/libLinearAlgebra.dylib
0x00000000385fa000 	/System/Library/Frameworks/Accelerate.framework/Versions/A/Frameworks/vecLib.framework/Versions/A/libSparseBLAS.dylib
0x00000000385fa000 	/System/Library/Frameworks/ApplicationServices.framework/Versions/A/Frameworks/ATS.framework/Versions/A/Resources/libFontParser.dylib
0x00000000385fa000 	/System/Library/Frameworks/ApplicationServices.framework/Versions/A/Frameworks/ATS.framework/Versions/A/Resources/libFontRegistry.dylib
0x00000000385fa000 	/System/Library/Frameworks/ImageIO.framework/Versions/A/Resources/libJPEG.dylib
0x00000000385fa000 	/System/Library/Frameworks/ImageIO.framework/Versions/A/Resources/libTIFF.dylib
0x00000000385fa000 	/System/Library/Frameworks/ImageIO.framework/Versions/A/Resources/libPng.dylib
0x00000000385fa000 	/System/Library/Frameworks/ImageIO.framework/Versions/A/Resources/libGIF.dylib
0x00000000385fa000 	/System/Library/Frameworks/ImageIO.framework/Versions/A/Resources/libJP2.dylib
0x00000000385fa000 	/System/Library/Frameworks/ImageIO.framework/Versions/A/Resources/libRadiance.dylib
0x00000000385fa000 	/usr/lib/libcompression.dylib
0x00000000385fa000 	/System/Library/PrivateFrameworks/AppleJPEG.framework/Versions/A/AppleJPEG
0x00000000385fa000 	/usr/lib/libcups.2.dylib
0x00000000385fa000 	/System/Library/Frameworks/Kerberos.framework/Versions/A/Kerberos
0x00000000385fa000 	/System/Library/Frameworks/GSS.framework/Versions/A/GSS
0x00000000385fa000 	/usr/lib/libresolv.9.dylib
0x00000000385fa000 	/usr/lib/libiconv.2.dylib
0x00000000385fa000 	/System/Library/PrivateFrameworks/Heimdal.framework/Versions/A/Heimdal
0x00000000385fa000 	/usr/lib/libheimdal-asn1.dylib
0x00000000385fa000 	/System/Library/Frameworks/OpenDirectory.framework/Versions/A/OpenDirectory
0x00000000385fa000 	/System/Library/PrivateFrameworks/CommonAuth.framework/Versions/A/CommonAuth
0x00000000385fa000 	/System/Library/Frameworks/OpenDirectory.framework/Versions/A/Frameworks/CFOpenDirectory.framework/Versions/A/CFOpenDirectory
0x00000000385fa000 	/System/Library/Frameworks/SecurityFoundation.framework/Versions/A/SecurityFoundation
0x00000000385fa000 	/System/Library/PrivateFrameworks/LanguageModeling.framework/Versions/A/LanguageModeling
0x00000000385fa000 	/usr/lib/libmarisa.dylib
0x00000000385fa000 	/usr/lib/libChineseTokenizer.dylib
0x00000000385fa000 	/usr/lib/libcmph.dylib
0x00000000385fa000 	/System/Library/PrivateFrameworks/CoreEmoji.framework/Versions/A/CoreEmoji
0x00000000385fa000 	/System/Library/Frameworks/ServiceManagement.framework/Versions/A/ServiceManagement
0x00000000385fa000 	/usr/lib/libxslt.1.dylib
0x00000000385fa000 	/System/Library/Frameworks/Carbon.framework/Versions/A/Frameworks/Ink.framework/Versions/A/Ink
0x00000000385fa000 	/System/Library/PrivateFrameworks/TextureIO.framework/Versions/A/TextureIO
0x00000000385fa000 	/System/Library/Frameworks/Metal.framework/Versions/A/Metal
0x00000000385fa000 	/usr/lib/libate.dylib
0x00000000385fa000 	/System/Library/PrivateFrameworks/GPUCompiler.framework/libmetal_timestamp.dylib
0x00000000385fa000 	/System/Library/Frameworks/OpenGL.framework/Versions/A/Libraries/libCoreFSCache.dylib
0x00000000385fa000 	/System/Library/PrivateFrameworks/IOAccelerator.framework/Versions/A/IOAccelerator
0x00000000385fa000 	/System/Library/Frameworks/CoreVideo.framework/Versions/A/CoreVideo
0x00000000385fa000 	/usr/lib/libFosl_dynamic.dylib
0x00000000385fa000 	/System/Library/PrivateFrameworks/MetalPerformanceShaders.framework/Versions/A/MetalPerformanceShaders
0x00000000385fa000 	/System/Library/PrivateFrameworks/FaceCore.framework/Versions/A/FaceCore
0x00000000385fa000 	/System/Library/Frameworks/OpenCL.framework/Versions/A/OpenCL
0x00000000385fa000 	/System/Library/Frameworks/OpenGL.framework/Versions/A/Libraries/libGLU.dylib
0x00000000385fa000 	/System/Library/Frameworks/OpenGL.framework/Versions/A/Libraries/libGFXShared.dylib
0x00000000385fa000 	/System/Library/Frameworks/OpenGL.framework/Versions/A/Libraries/libGL.dylib
0x00000000385fa000 	/System/Library/Frameworks/OpenGL.framework/Versions/A/Libraries/libGLImage.dylib
0x00000000385fa000 	/System/Library/Frameworks/OpenGL.framework/Versions/A/Libraries/libCVMSPluginSupport.dylib
0x00000000385fa000 	/System/Library/Frameworks/OpenGL.framework/Versions/A/Libraries/libCoreVMClient.dylib
0x00000000385fa000 	/System/Library/PrivateFrameworks/CrashReporterSupport.framework/Versions/A/CrashReporterSupport
0x00000000385fa000 	/System/Library/PrivateFrameworks/Sharing.framework/Versions/A/Sharing
0x00000000385fa000 	/System/Library/PrivateFrameworks/IconServices.framework/Versions/A/IconServices
0x00000000385fa000 	/System/Library/PrivateFrameworks/ProtocolBuffer.framework/Versions/A/ProtocolBuffer
0x00000000385fa000 	/System/Library/PrivateFrameworks/Apple80211.framework/Versions/A/Apple80211
0x00000000385fa000 	/System/Library/Frameworks/CoreWLAN.framework/Versions/A/CoreWLAN
0x00000000385fa000 	/System/Library/PrivateFrameworks/CoreUtils.framework/Versions/A/CoreUtils
0x00000000385fa000 	/System/Library/Frameworks/IOBluetooth.framework/Versions/A/IOBluetooth
0x00000000385fa000 	/System/Library/PrivateFrameworks/CoreWiFi.framework/Versions/A/CoreWiFi
0x00000000385fa000 	/System/Library/Frameworks/CoreBluetooth.framework/Versions/A/CoreBluetooth
0x00000000385fa000 	/System/Library/Frameworks/CoreDisplay.framework/Versions/A/CoreDisplay
0x00000000385fa000 	/System/Library/PrivateFrameworks/IOPresentment.framework/Versions/A/IOPresentment
0x00000000385fa000 	/System/Library/PrivateFrameworks/DSExternalDisplay.framework/Versions/A/DSExternalDisplay
0x00000000385fa000 	/System/Library/PrivateFrameworks/DebugSymbols.framework/Versions/A/DebugSymbols
0x00000000385fa000 	/System/Library/PrivateFrameworks/CoreSymbolication.framework/Versions/A/CoreSymbolication
0x00000000385fa000 	/System/Library/PrivateFrameworks/Symbolication.framework/Versions/A/Symbolication
0x00000000385fa000 	/System/Library/PrivateFrameworks/AppleFSCompression.framework/Versions/A/AppleFSCompression
0x00000000385fa000 	/System/Library/PrivateFrameworks/SpeechRecognitionCore.framework/Versions/A/SpeechRecognitionCore
0x00000000385fa000 	/System/Library/PrivateFrameworks/ChunkingLibrary.framework/Versions/A/ChunkingLibrary
0x000000010f000000 	/Library/Java/JavaVirtualMachines/jdk1.8.0_131.jdk/Contents/Home/jre/lib/server/libjvm.dylib
0x00000000385fa000 	/usr/lib/libstdc++.6.dylib
0x000000010e7cc000 	/Library/Java/JavaVirtualMachines/jdk1.8.0_131.jdk/Contents/Home/jre/lib/libverify.dylib
0x000000010ffa3000 	/Library/Java/JavaVirtualMachines/jdk1.8.0_131.jdk/Contents/Home/jre/lib/libjava.dylib
0x000000010e7e4000 	/Library/Java/JavaVirtualMachines/jdk1.8.0_131.jdk/Contents/Home/jre/lib/libzip.dylib
0x000000011693b000 	/System/Library/Frameworks/JavaVM.framework/Frameworks/JavaRuntimeSupport.framework/JavaRuntimeSupport
0x0000000116955000 	/System/Library/Frameworks/JavaVM.framework/Versions/A/Frameworks/JavaNativeFoundation.framework/Versions/A/JavaNativeFoundation
0x000000010e7ee000 	/System/Library/Frameworks/JavaVM.framework/Versions/A/JavaVM
0x00000000385fa000 	/System/Library/Frameworks/Carbon.framework/Versions/A/Carbon
0x000000011696a000 	/System/Library/PrivateFrameworks/JavaLaunching.framework/Versions/A/JavaLaunching
0x00000000385fa000 	/System/Library/Frameworks/Carbon.framework/Versions/A/Frameworks/CommonPanels.framework/Versions/A/CommonPanels
0x00000000385fa000 	/System/Library/Frameworks/Carbon.framework/Versions/A/Frameworks/Help.framework/Versions/A/Help
0x00000000385fa000 	/System/Library/Frameworks/Carbon.framework/Versions/A/Frameworks/ImageCapture.framework/Versions/A/ImageCapture
0x00000000385fa000 	/System/Library/Frameworks/Carbon.framework/Versions/A/Frameworks/OpenScripting.framework/Versions/A/OpenScripting
0x00000000385fa000 	/System/Library/Frameworks/Carbon.framework/Versions/A/Frameworks/Print.framework/Versions/A/Print
0x00000000385fa000 	/System/Library/Frameworks/Carbon.framework/Versions/A/Frameworks/SecurityHI.framework/Versions/A/SecurityHI
0x0000000118275000 	/Library/Java/JavaVirtualMachines/jdk1.8.0_131.jdk/Contents/Home/jre/lib/libawt.dylib
0x000000011831d000 	/Library/Java/JavaVirtualMachines/jdk1.8.0_131.jdk/Contents/Home/jre/lib/./libmlib_image.dylib
0x00000001183e9000 	/Library/Java/JavaVirtualMachines/jdk1.8.0_131.jdk/Contents/Home/jre/lib/libawt_lwawt.dylib
0x00000001184a0000 	/Library/Java/JavaVirtualMachines/jdk1.8.0_131.jdk/Contents/Home/jre/lib/./libosxapp.dylib
0x00000000385fa000 	/System/Library/Frameworks/ExceptionHandling.framework/Versions/A/ExceptionHandling
0x00000000385fa000 	/System/Library/PrivateFrameworks/CoreServicesInternal.framework/Versions/A/CoreServicesInternal
0x00000000385fa000 	/System/Library/CoreServices/RawCamera.bundle/Contents/MacOS/RawCamera
0x00000000385fa000 	/System/Library/Frameworks/Accelerate.framework/Versions/A/Frameworks/vImage.framework/Versions/A/Libraries/libCGInterfaces.dylib
0x00000000385fa000 	/System/Library/Frameworks/ApplicationServices.framework/Versions/A/Frameworks/ATS.framework/Versions/A/Resources/libTrueTypeScaler.dylib
0x000000011a2ff000 	/System/Library/Frameworks/OpenGL.framework/Resources/GLEngine.bundle/GLEngine
0x00000000385fa000 	/System/Library/Frameworks/OpenGL.framework/Versions/A/Libraries/libGLProgrammability.dylib
0x000000011a4e4000 	/System/Library/Extensions/AppleIntelSKLGraphicsGLDriver.bundle/Contents/MacOS/AppleIntelSKLGraphicsGLDriver
0x00000000385fa000 	/System/Library/PrivateFrameworks/GPUSupport.framework/Versions/A/Libraries/libGPUSupportMercury.dylib
0x000000011b268000 	/System/Library/Frameworks/OpenGL.framework/Resources//GLRendererFloat.bundle/GLRendererFloat
0x00000000385fa000 	/System/Library/Frameworks/OpenCL.framework/Versions/A/Libraries/libcldcpuengine.dylib
0x00000000385fa000 	/usr/lib/libcrypto.0.9.8.dylib
0x00000000385fa000 	/System/Library/PrivateFrameworks/TrustEvaluationAgent.framework/Versions/A/TrustEvaluationAgent
0x000000011b29c000 	/System/Library/Extensions/AppleIntelSKLGraphicsMTLDriver.bundle/Contents/MacOS/AppleIntelSKLGraphicsMTLDriver
0x00000000385fa000 	/System/Library/PrivateFrameworks/FamilyControls.framework/Versions/A/FamilyControls
0x00000000385fa000 	/System/Library/PrivateFrameworks/CommerceKit.framework/Versions/A/Frameworks/CommerceCore.framework/Versions/A/CommerceCore
0x00000000385fa000 	/System/Library/PrivateFrameworks/SystemAdministration.framework/Versions/A/SystemAdministration
0x00000000385fa000 	/System/Library/PrivateFrameworks/AppContainer.framework/Versions/A/AppContainer
0x00000000385fa000 	/System/Library/PrivateFrameworks/SecCodeWrapper.framework/Versions/A/SecCodeWrapper
0x00000000385fa000 	/System/Library/Frameworks/DirectoryService.framework/Versions/A/DirectoryService
0x00000000385fa000 	/System/Library/PrivateFrameworks/DiskImages.framework/Versions/A/DiskImages
0x00000000385fa000 	/System/Library/PrivateFrameworks/LoginUIKit.framework/Versions/A/Frameworks/LoginUICore.framework/Versions/A/LoginUICore
0x00000000385fa000 	/usr/lib/libCoreStorage.dylib
0x00000000385fa000 	/usr/lib/libcsfde.dylib
0x00000000385fa000 	/usr/lib/libodfde.dylib
0x00000000385fa000 	/System/Library/Frameworks/DiscRecording.framework/Versions/A/DiscRecording
0x00000000385fa000 	/usr/lib/libcurl.4.dylib
0x00000000385fa000 	/System/Library/PrivateFrameworks/MediaKit.framework/Versions/A/MediaKit
0x00000000385fa000 	/System/Library/PrivateFrameworks/ProtectedCloudStorage.framework/Versions/A/ProtectedCloudStorage
0x00000000385fa000 	/System/Library/PrivateFrameworks/EFILogin.framework/Versions/A/EFILogin
0x00000000385fa000 	/usr/lib/libutil.dylib
0x00000000385fa000 	/System/Library/Frameworks/LDAP.framework/Versions/A/LDAP
0x00000000385fa000 	/usr/lib/libsasl2.2.dylib
0x00000000385fa000 	/System/Library/PrivateFrameworks/CoreDaemon.framework/Versions/B/CoreDaemon
0x00000000385fa000 	/System/Library/PrivateFrameworks/AppleSRP.framework/Versions/A/AppleSRP
0x00000000385fa000 	/System/Library/PrivateFrameworks/APFS.framework/Versions/A/APFS
0x000000012c1b5000 	/Library/Java/JavaVirtualMachines/jdk1.8.0_131.jdk/Contents/Home/jre/lib/libfontmanager.dylib
0x00000000385fa000 	/System/Library/PrivateFrameworks/ViewBridge.framework/Versions/A/ViewBridge
0x00000000385fa000 	/System/Library/PrivateFrameworks/XPCService.framework/Versions/A/XPCService
0x00000000385fa000 	/System/Library/PrivateFrameworks/AppSandbox.framework/Versions/A/AppSandbox
0x00000000385fa000 	/usr/lib/libsandbox.1.dylib
0x00000000385fa000 	/usr/lib/libMatch.1.dylib
0x000000012d648000 	/Library/Java/JavaVirtualMachines/jdk1.8.0_131.jdk/Contents/Home/jre/lib/libosxui.dylib
0x000000012e1f2000 	/Library/Java/JavaVirtualMachines/jdk1.8.0_131.jdk/Contents/Home/jre/lib/libnet.dylib
0x000000012e3f1000 	/Library/Java/JavaVirtualMachines/jdk1.8.0_131.jdk/Contents/Home/jre/lib/libnio.dylib
0x000000012d339000 	/private/var/folders/lr/vg0t0wxx3tg6yq252w_p67_00000gn/T/jogamp_0000/file_cache/jln252572328227976118/jln2466218987464086474/libgluegen-rt.jnilib
0x000000012d33d000 	/private/var/folders/lr/vg0t0wxx3tg6yq252w_p67_00000gn/T/jogamp_0000/file_cache/jln252572328227976118/jln2466218987464086474/libnativewindow_awt.jnilib
0x0000000196a4c000 	/Library/Java/JavaVirtualMachines/jdk1.8.0_131.jdk/Contents/Home/jre/lib/libjawt.dylib
0x0000000196a4f000 	/private/var/folders/lr/vg0t0wxx3tg6yq252w_p67_00000gn/T/jogamp_0000/file_cache/jln252572328227976118/jln2466218987464086474/libnativewindow_macosx.jnilib
0x00000001972bd000 	/private/var/folders/lr/vg0t0wxx3tg6yq252w_p67_00000gn/T/jogamp_0000/file_cache/jln252572328227976118/jln2466218987464086474/libjogl_desktop.jnilib
0x0000000118fc3000 	/Library/Java/JavaVirtualMachines/jdk1.8.0_131.jdk/Contents/Home/jre/lib/libsunec.dylib
0x000000011a2c5000 	/Library/Java/JavaVirtualMachines/jdk1.8.0_131.jdk/Contents/Home/jre/lib/libjpeg.dylib
0x00000001a041b000 	/Library/Java/JavaVirtualMachines/jdk1.8.0_131.jdk/Contents/Home/jre/lib/libt2k.dylib

VM Arguments:
jvm_args: -Djava.security.policy=java.policy.applet -Dfile.encoding=UTF-8 
java_command: sun.applet.AppletViewer finalProjectUCSD1.EarthquakeCityMap1500310007813.html
java_class_path (initial): /Users/sravanjr/Documents/College Classes/Eclipse Practice/UCSDUnfoldingMaps/build:/Users/sravanjr/Documents/College Classes/Eclipse Practice/UCSDUnfoldingMaps/lib/core.jar:/Users/sravanjr/Documents/College Classes/Eclipse Practice/UCSDUnfoldingMaps/lib/gluegen-rt.jar:/Users/sravanjr/Documents/College Classes/Eclipse Practice/UCSDUnfoldingMaps/lib/jogl-all.jar:/Users/sravanjr/Documents/College Classes/Eclipse Practice/UCSDUnfoldingMaps/lib/log4j-1.2.15.jar:/Users/sravanjr/Documents/College Classes/Eclipse Practice/UCSDUnfoldingMaps/lib/sqlite-jdbc-3.7.2.jar:/Users/sravanjr/Documents/College Classes/Eclipse Practice/UCSDUnfoldingMaps/lib/json4processing.jar:/Users/sravanjr/Documents/College Classes/Eclipse Practice/UCSDUnfoldingMaps/lib/libTUIO.jar:/Users/sravanjr/Documents/College Classes/Eclipse Practice/UCSDUnfoldingMaps/lib/unfolding.0.9.7-uscd.jar
Launcher Type: SUN_STANDARD

Environment Variables:
PATH=/usr/bin:/bin:/usr/sbin:/sbin
SHELL=/bin/bash

Signal Handlers:
SIGSEGV: [libjvm.dylib+0x5b1eb1], sa_mask[0]=11111111011111110111111111111111, sa_flags=SA_ONSTACK|SA_RESTART|SA_SIGINFO
SIGBUS: [libjvm.dylib+0x5b1eb1], sa_mask[0]=11111111011111110111111111111111, sa_flags=SA_RESTART|SA_SIGINFO
SIGFPE: [libjvm.dylib+0x488988], sa_mask[0]=11111111011111110111111111111111, sa_flags=SA_RESTART|SA_SIGINFO
SIGPIPE: [libjvm.dylib+0x488988], sa_mask[0]=11111111011111110111111111111111, sa_flags=SA_RESTART|SA_SIGINFO
SIGXFSZ: [libjvm.dylib+0x488988], sa_mask[0]=11111111011111110111111111111111, sa_flags=SA_RESTART|SA_SIGINFO
SIGILL: [libjvm.dylib+0x488988], sa_mask[0]=11111111011111110111111111111111, sa_flags=SA_RESTART|SA_SIGINFO
SIGUSR1: SIG_DFL, sa_mask[0]=00000000000000000000000000000000, sa_flags=none
SIGUSR2: [libjvm.dylib+0x4884a6], sa_mask[0]=00100000000000000000000000000000, sa_flags=SA_RESTART|SA_SIGINFO
SIGHUP: [libjvm.dylib+0x486a7d], sa_mask[0]=11111111011111110111111111111111, sa_flags=SA_RESTART|SA_SIGINFO
SIGINT: [libjvm.dylib+0x486a7d], sa_mask[0]=11111111011111110111111111111111, sa_flags=SA_RESTART|SA_SIGINFO
SIGTERM: [libjvm.dylib+0x486a7d], sa_mask[0]=11111111011111110111111111111111, sa_flags=SA_RESTART|SA_SIGINFO
SIGQUIT: [libjvm.dylib+0x486a7d], sa_mask[0]=11111111011111110111111111111111, sa_flags=SA_RESTART|SA_SIGINFO


---------------  S Y S T E M  ---------------

OS:Bsduname:Darwin 16.6.0 Darwin Kernel Version 16.6.0: Fri Apr 14 16:21:16 PDT 2017; root:xnu-3789.60.24~6/RELEASE_X86_64 x86_64
rlimit: STACK 8192k, CORE 0k, NPROC 709, NOFILE 10240, AS infinity
load average:2.29 2.69 2.38

CPU:total 4 (initial active 4) (2 cores per cpu, 2 threads per core) family 6 model 78 stepping 3, cmov, cx8, fxsr, mmx, sse, sse2, sse3, ssse3, sse4.1, sse4.2, popcnt, avx, avx2, aes, clmul, erms, rtm, 3dnowpref, lzcnt, ht, tsc, tscinvbit, bmi1, bmi2, adx

Memory: 4k page, physical 8388608k(103932k free)

/proc/meminfo:


vm_info: Java HotSpot(TM) 64-Bit Server VM (25.131-b11) for bsd-amd64 JRE (1.8.0_131-b11), built on Mar 15 2017 01:32:22 by "java_re" with gcc 4.2.1 (Based on Apple Inc. build 5658) (LLVM build 2336.11.00)

time: Mon Jul 17 09:47:31 2017
elapsed time: 43 seconds (0d 0h 0m 43s)

