#
# A fatal error has been detected by the Java Runtime Environment:
#
#  SIGSEGV (0xb) at pc=0x00007fffc287e069, pid=1413, tid=0x0000000000000307
#
# JRE version: Java(TM) SE Runtime Environment (8.0_131-b11) (build 1.8.0_131-b11)
# Java VM: Java HotSpot(TM) 64-Bit Server VM (25.131-b11 mixed mode bsd-amd64 compressed oops)
# Problematic frame:
# C  [libobjc.A.dylib+0x7069]  objc_msgSend+0x29
#
# Failed to write core dump. Core dumps have been disabled. To enable core dumping, try "ulimit -c unlimited" before starting Java again
#
# If you would like to submit a bug report, please visit:
#   http://bugreport.java.com/bugreport/crash.jsp
# The crash happened outside the Java Virtual Machine in native code.
# See problematic frame for where to report the bug.
#

---------------  T H R E A D  ---------------

Current thread (0x00007f8a4b8e9000):  JavaThread "AWT-AppKit" daemon [_thread_in_native, id=775, stack(0x00007fff524c6000,0x00007fff52cc6000)]

siginfo: si_signo: 11 (SIGSEGV), si_code: 1 (SEGV_MAPERR), si_addr: 0x0000000000000000

Registers:
RAX=0x00007f8a514b2aa0, RBX=0x000000012bb2c450, RCX=0x00007f8a4db00850, RDX=0x0000000000000000
RSP=0x00007fff52cc1388, RBP=0x00007fff52cc1440, RSI=0x00007fffac118116, RDI=0x00007f8a514afca0
R8 =0x0000000000000018, R9 =0x00007f8a4db00c50, R10=0x00007f8a4ba12800, R11=0x0000000000000000
R12=0x0000000000000000, R13=0x000000019a694b90, R14=0x000000012bb2c440, R15=0x00007f8a4b8e9000
RIP=0x00007fffc287e069, EFLAGS=0x0000000000010246, ERR=0x0000000000000004
  TRAPNO=0x000000000000000e

Top of Stack: (sp=0x00007fff52cc1388)
0x00007fff52cc1388:   000000012bb2a157 00007fff52cc13e0
0x00007fff52cc1398:   0000000000000003 00007fff52cc13c0
0x00007fff52cc13a8:   000000010d9f36d2 000000019a694b90
0x00007fff52cc13b8:   000000019a694b90 00007f8a514b2aa0
0x00007fff52cc13c8:   000000012bb2c6a0 000000012bb2c710
0x00007fff52cc13d8:   00007fffc88e26d0 00007fffc95121e0
0x00007fff52cc13e8:   000000012bb2c450 000000012bb2c690
0x00007fff52cc13f8:   00007f8a514b2aa0 00007f8a514afca0
0x00007fff52cc1408:   00007f8a4b7559e0 00007f8a514b2aa0
0x00007fff52cc1418:   00007f8a514afca0 00007fff52cc14c8
0x00007fff52cc1428:   00007f8a4b8e91f8 000000019a694b90
0x00007fff52cc1438:   00007fff52cc14f0 00007fff52cc14b8
0x00007fff52cc1448:   000000010e9819f4 000000019a694b90
0x00007fff52cc1458:   00007fff52cc14f0 00007fff52cc14b8
0x00007fff52cc1468:   000000010e981787 000000010e981742
0x00007fff52cc1478:   00007fff52cc1478 000000019a694b90
0x00007fff52cc1488:   00007fff52cc14f0 000000019a696340
0x00007fff52cc1498:   0000000000000000 000000019a694b90
0x00007fff52cc14a8:   0000000000000000 00007fff52cc14d8
0x00007fff52cc14b8:   00007fff52cc1538 000000010e9722bd
0x00007fff52cc14c8:   00000007409a1120 000000010e97b538
0x00007fff52cc14d8:   00007f8a514b2aa0 00007fff52cc1538
0x00007fff52cc14e8:   00007f8a514afca0 000000010e97ce02
0x00007fff52cc14f8:   00007fff52cc14f8 000000019a694d5a
0x00007fff52cc1508:   00007fff52cc1560 000000019a696340
0x00007fff52cc1518:   0000000000000000 000000019a694d68
0x00007fff52cc1528:   00007fff52cc14d8 00007fff52cc1548
0x00007fff52cc1538:   00007fff52cc15a8 000000010e9722bd
0x00007fff52cc1548:   00007f8a514b2aa0 0000000740b0d318
0x00007fff52cc1558:   00007f8a514afca0 0000000740b0d318
0x00007fff52cc1568:   00007fff52cc1568 000000019ed37076
0x00007fff52cc1578:   00007fff52cc15b8 000000019ed37130 

Instructions: (pc=0x00007fffc287e069)
0x00007fffc287e049:   01 2e 75 66 49 ba f8 ff ff ff ff 7f 00 00 4c 23
0x00007fffc287e059:   17 49 89 f3 45 23 5a 18 49 c1 e3 04 4d 03 5a 10
0x00007fffc287e069:   49 3b 33 75 04 41 ff 63 08 49 83 3b 01 76 0d 49
0x00007fffc287e079:   83 c3 10 49 3b 33 75 f1 41 ff 63 08 72 64 4d 8b 

Register to memory mapping:

RAX=0x00007f8a514b2aa0 is an unknown value
RBX=0x000000012bb2c450: Java_jogamp_nativewindow_macosx_OSXUtil_GetScreenRefreshRate0+0x1cf0 in /private/var/folders/lr/vg0t0wxx3tg6yq252w_p67_00000gn/T/jogamp_0000/file_cache/jln2543772242896360781/jln9020115649216606349/libnativewindow_macosx.jnilib at 0x000000012bb25000
RCX=0x00007f8a4db00850 is an unknown value
RDX=0x0000000000000000 is an unknown value
RSP=0x00007fff52cc1388 is pointing into the stack for thread: 0x00007f8a4b8e9000
RBP=0x00007fff52cc1440 is pointing into the stack for thread: 0x00007f8a4b8e9000
RSI=0x00007fffac118116: __NSStyleNameIndexTable+0x7fd5e in /System/Library/Frameworks/AppKit.framework/Versions/C/AppKit at 0x00007fffab4ab000
RDI=0x00007f8a514afca0 is an unknown value
R8 =0x0000000000000018 is an unknown value
R9 =0x00007f8a4db00c50 is an unknown value
R10=0x00007f8a4ba12800 is a thread
R11=0x0000000000000000 is an unknown value
R12=0x0000000000000000 is an unknown value
R13={method} {0x000000019a694b90} 'UnsetJAWTRootSurfaceLayer0' '(JJ)V' in 'jogamp/nativewindow/jawt/macosx/MacOSXJAWTWindow'
R14=0x000000012bb2c440: Java_jogamp_nativewindow_macosx_OSXUtil_GetScreenRefreshRate0+0x1ce0 in /private/var/folders/lr/vg0t0wxx3tg6yq252w_p67_00000gn/T/jogamp_0000/file_cache/jln2543772242896360781/jln9020115649216606349/libnativewindow_macosx.jnilib at 0x000000012bb25000
R15=0x00007f8a4b8e9000 is a thread


Stack: [0x00007fff524c6000,0x00007fff52cc6000],  sp=0x00007fff52cc1388,  free space=8172k
Native frames: (J=compiled Java code, j=interpreted, Vv=VM code, C=native code)
C  [libobjc.A.dylib+0x7069]  objc_msgSend+0x29
j  jogamp.nativewindow.jawt.macosx.MacOSXJAWTWindow.UnsetJAWTRootSurfaceLayer0(JJ)V+0
j  jogamp.nativewindow.jawt.macosx.MacOSXJAWTWindow.access$200(JJ)V+2
j  jogamp.nativewindow.jawt.macosx.MacOSXJAWTWindow$1.run()V+38
j  com.jogamp.common.util.RunnableTask.run()V+24
v  ~StubRoutines::call_stub
V  [libjvm.dylib+0x2ee5b6]  JavaCalls::call_helper(JavaValue*, methodHandle*, JavaCallArguments*, Thread*)+0x6ae
V  [libjvm.dylib+0x325765]  jni_invoke_nonstatic(JNIEnv_*, JavaValue*, _jobject*, JNICallType, _jmethodID*, JNI_ArgumentPusher*, Thread*)+0x2ec
V  [libjvm.dylib+0x317f33]  jni_CallVoidMethod+0x16b
C  [libnativewindow_macosx.jnilib+0x5326]  Java_jogamp_nativewindow_jawt_macosx_MacOSXJAWTWindow_UnsetJAWTRootSurfaceLayer0+0x2b6
C  [Foundation+0x717ba]  __NSThreadPerformPerform+0x146
C  [CoreFoundation+0xa7321]  __CFRUNLOOP_IS_CALLING_OUT_TO_A_SOURCE0_PERFORM_FUNCTION__+0x11
C  [CoreFoundation+0x8821d]  __CFRunLoopDoSources0+0x22d
C  [CoreFoundation+0x87716]  __CFRunLoopRun+0x3a6
C  [CoreFoundation+0x87114]  CFRunLoopRunSpecific+0x1a4
C  [HIToolbox+0x30ebc]  RunCurrentEventLoopInMode+0xf0
C  [HIToolbox+0x30bf9]  ReceiveNextEventCommon+0xb8
C  [HIToolbox+0x30b26]  _BlockUntilNextEventMatchingListInModeWithFilter+0x47
C  [AppKit+0x46a54]  _DPSNextEvent+0x460
C  [AppKit+0x7c27ee]  -[NSApplication(NSEvent) _nextEventMatchingEventMask:untilDate:inMode:dequeue:]+0xaec
C  [libosxapp.dylib+0x23aa]  -[NSApplicationAWT nextEventMatchingMask:untilDate:inMode:dequeue:]+0x7c
C  [AppKit+0x3b3db]  -[NSApplication run]+0x39e
C  [libosxapp.dylib+0x214d]  +[NSApplicationAWT runAWTLoopWithApp:]+0x9c
C  [libawt_lwawt.dylib+0x45edf]  -[AWTStarter starter:]+0x389
C  [Foundation+0x717ba]  __NSThreadPerformPerform+0x146
C  [CoreFoundation+0xa7321]  __CFRUNLOOP_IS_CALLING_OUT_TO_A_SOURCE0_PERFORM_FUNCTION__+0x11
C  [CoreFoundation+0x8821d]  __CFRunLoopDoSources0+0x22d
C  [CoreFoundation+0x87716]  __CFRunLoopRun+0x3a6
C  [CoreFoundation+0x87114]  CFRunLoopRunSpecific+0x1a4
C  [java+0x6465]  CreateExecutionEnvironment+0x367
C  [java+0x218c]  JLI_Launch+0x7a0
C  [java+0x84c2]  main+0x65
C  [java+0x19e4]  start+0x34
C  0x0000000000000007

Java frames: (J=compiled Java code, j=interpreted, Vv=VM code)
j  jogamp.nativewindow.jawt.macosx.MacOSXJAWTWindow.UnsetJAWTRootSurfaceLayer0(JJ)V+0
j  jogamp.nativewindow.jawt.macosx.MacOSXJAWTWindow.access$200(JJ)V+2
j  jogamp.nativewindow.jawt.macosx.MacOSXJAWTWindow$1.run()V+38
j  com.jogamp.common.util.RunnableTask.run()V+24
v  ~StubRoutines::call_stub

---------------  P R O C E S S  ---------------

Java Threads: ( => current thread )
  0x00007f8a4ca46000 JavaThread "Thread-19" [_thread_blocked, id=4387, stack(0x0000700005f7a000,0x000070000607a000)]
  0x00007f8a4ba12800 JavaThread "AWT-EventQueue-1" [_thread_in_native, id=65179, stack(0x0000700005d71000,0x0000700005e71000)]
  0x00007f8a4c0e5000 JavaThread "DestroyJavaVM" [_thread_blocked, id=7171, stack(0x00007000047ac000,0x00007000048ac000)]
  0x00007f8a4c10e800 JavaThread "AWT-EventQueue-0" [_thread_blocked, id=59651, stack(0x0000700005b6b000,0x0000700005c6b000)]
  0x00007f8a4ba02800 JavaThread "Java2D Disposer" daemon [_thread_blocked, id=56335, stack(0x00007000058e2000,0x00007000059e2000)]
  0x00007f8a4ca6d800 JavaThread "Java2D Queue Flusher" daemon [_thread_blocked, id=54279, stack(0x00007000057df000,0x00007000058df000)]
  0x00007f8a4c9da800 JavaThread "AWT-Shutdown" [_thread_blocked, id=29727, stack(0x0000700005659000,0x0000700005759000)]
=>0x00007f8a4b8e9000 JavaThread "AWT-AppKit" daemon [_thread_in_native, id=775, stack(0x00007fff524c6000,0x00007fff52cc6000)]
  0x00007f8a4c029800 JavaThread "Service Thread" daemon [_thread_blocked, id=18435, stack(0x00007000053d0000,0x00007000054d0000)]
  0x00007f8a4b825800 JavaThread "C1 CompilerThread2" daemon [_thread_blocked, id=17923, stack(0x00007000052cd000,0x00007000053cd000)]
  0x00007f8a4c84c000 JavaThread "C2 CompilerThread1" daemon [_thread_blocked, id=17411, stack(0x00007000051ca000,0x00007000052ca000)]
  0x00007f8a4c82b800 JavaThread "C2 CompilerThread0" daemon [_thread_blocked, id=16899, stack(0x00007000050c7000,0x00007000051c7000)]
  0x00007f8a4c84b800 JavaThread "Signal Dispatcher" daemon [_thread_blocked, id=16387, stack(0x0000700004fc4000,0x00007000050c4000)]
  0x00007f8a4c847800 JavaThread "Finalizer" daemon [_thread_blocked, id=12547, stack(0x0000700004ec1000,0x0000700004fc1000)]
  0x00007f8a4c844800 JavaThread "Reference Handler" daemon [_thread_blocked, id=12035, stack(0x0000700004dbe000,0x0000700004ebe000)]

Other Threads:
  0x00007f8a4c840000 VMThread [stack: 0x0000700004cbb000,0x0000700004dbb000] [id=11523]
  0x00007f8a4c82d000 WatcherThread [stack: 0x00007000054d3000,0x00007000055d3000] [id=18947]

VM state:not at safepoint (normal execution)

VM Mutex/Monitor currently owned by a thread: None

Heap:
 PSYoungGen      total 87040K, used 76654K [0x0000000795580000, 0x000000079b780000, 0x00000007c0000000)
  eden space 78848K, 96% used [0x0000000795580000,0x0000000799fd1998,0x000000079a280000)
  from space 8192K, 6% used [0x000000079af80000,0x000000079b00a030,0x000000079b780000)
  to   space 10752K, 0% used [0x000000079a280000,0x000000079a280000,0x000000079ad00000)
 ParOldGen       total 71168K, used 15729K [0x0000000740000000, 0x0000000744580000, 0x0000000795580000)
  object space 71168K, 22% used [0x0000000740000000,0x0000000740f5c408,0x0000000744580000)
 Metaspace       used 21810K, capacity 22171K, committed 22272K, reserved 1069056K
  class space    used 2144K, capacity 2248K, committed 2304K, reserved 1048576K

Card table byte_map: [0x000000011dd2a000,0x000000011e12b000] byte_map_base: 0x000000011a32a000

Marking Bits: (ParMarkBitMap*) 0x000000010e0f1ea0
 Begin Bits: [0x000000011e3d6000, 0x00000001203d6000)
 End Bits:   [0x00000001203d6000, 0x00000001223d6000)

Polling page: 0x000000010cffa000

CodeCache: size=245760Kb used=10759Kb max_used=10929Kb free=235000Kb
 bounds [0x000000010e96a000, 0x000000010f44a000, 0x000000011d96a000]
 total_blobs=3901 nmethods=2986 adapters=828
 compilation: enabled

Compilation events (10 events):
Event: 147.718 Thread 0x00007f8a4b825800 3326       3       java.awt.Component::getParent (5 bytes)
Event: 147.718 Thread 0x00007f8a4b825800 nmethod 3326 0x000000010ee0e4d0 code [0x000000010ee0e640, 0x000000010ee0e830]
Event: 147.737 Thread 0x00007f8a4c84c000 3327       4       sun.java2d.SurfaceData::pixelFor (13 bytes)
Event: 147.739 Thread 0x00007f8a4c84c000 nmethod 3327 0x000000010ef28cd0 code [0x000000010ef28e20, 0x000000010ef28f18]
Event: 147.745 Thread 0x00007f8a4c82b800 3328       4       sun.java2d.SunGraphics2D::translate (68 bytes)
Event: 147.747 Thread 0x00007f8a4c82b800 nmethod 3328 0x000000010f019cd0 code [0x000000010f019e60, 0x000000010f01a108]
Event: 147.768 Thread 0x00007f8a4c84c000 3329       4       java.util.HashMap::put (13 bytes)
Event: 147.769 Thread 0x00007f8a4b825800 3330       3       java.util.HashSet::<init> (16 bytes)
Event: 147.769 Thread 0x00007f8a4b825800 nmethod 3330 0x000000010ecdf290 code [0x000000010ecdf420, 0x000000010ecdf830]
Event: 147.781 Thread 0x00007f8a4c84c000 nmethod 3329 0x000000010ef72f90 code [0x000000010ef73180, 0x000000010ef73960]

GC Heap History (10 events):
Event: 79.687 GC heap before
{Heap before GC invocations=11 (full 1):
 PSYoungGen      total 92160K, used 91688K [0x0000000795580000, 0x000000079c980000, 0x00000007c0000000)
  eden space 91136K, 100% used [0x0000000795580000,0x000000079ae80000,0x000000079ae80000)
  from space 1024K, 53% used [0x000000079b180000,0x000000079b20a030,0x000000079b280000)
  to   space 13824K, 0% used [0x000000079bc00000,0x000000079bc00000,0x000000079c980000)
 ParOldGen       total 71168K, used 15729K [0x0000000740000000, 0x0000000744580000, 0x0000000795580000)
  object space 71168K, 22% used [0x0000000740000000,0x0000000740f5c408,0x0000000744580000)
 Metaspace       used 21773K, capacity 22107K, committed 22272K, reserved 1069056K
  class space    used 2136K, capacity 2248K, committed 2304K, reserved 1048576K
Event: 79.689 GC heap after
Heap after GC invocations=11 (full 1):
 PSYoungGen      total 98816K, used 552K [0x0000000795580000, 0x000000079c600000, 0x00000007c0000000)
  eden space 88576K, 0% used [0x0000000795580000,0x0000000795580000,0x000000079ac00000)
  from space 10240K, 5% used [0x000000079bc00000,0x000000079bc8a030,0x000000079c600000)
  to   space 13312K, 0% used [0x000000079ac00000,0x000000079ac00000,0x000000079b900000)
 ParOldGen       total 71168K, used 15729K [0x0000000740000000, 0x0000000744580000, 0x0000000795580000)
  object space 71168K, 22% used [0x0000000740000000,0x0000000740f5c408,0x0000000744580000)
 Metaspace       used 21773K, capacity 22107K, committed 22272K, reserved 1069056K
  class space    used 2136K, capacity 2248K, committed 2304K, reserved 1048576K
}
Event: 94.295 GC heap before
{Heap before GC invocations=12 (full 1):
 PSYoungGen      total 98816K, used 89128K [0x0000000795580000, 0x000000079c600000, 0x00000007c0000000)
  eden space 88576K, 100% used [0x0000000795580000,0x000000079ac00000,0x000000079ac00000)
  from space 10240K, 5% used [0x000000079bc00000,0x000000079bc8a030,0x000000079c600000)
  to   space 13312K, 0% used [0x000000079ac00000,0x000000079ac00000,0x000000079b900000)
 ParOldGen       total 71168K, used 15729K [0x0000000740000000, 0x0000000744580000, 0x0000000795580000)
  object space 71168K, 22% used [0x0000000740000000,0x0000000740f5c408,0x0000000744580000)
 Metaspace       used 21773K, capacity 22107K, committed 22272K, reserved 1069056K
  class space    used 2136K, capacity 2248K, committed 2304K, reserved 1048576K
Event: 94.297 GC heap after
Heap after GC invocations=12 (full 1):
 PSYoungGen      total 87040K, used 520K [0x0000000795580000, 0x000000079c280000, 0x00000007c0000000)
  eden space 86016K, 0% used [0x0000000795580000,0x0000000795580000,0x000000079a980000)
  from space 1024K, 50% used [0x000000079ac00000,0x000000079ac82030,0x000000079ad00000)
  to   space 12800K, 0% used [0x000000079b600000,0x000000079b600000,0x000000079c280000)
 ParOldGen       total 71168K, used 15729K [0x0000000740000000, 0x0000000744580000, 0x0000000795580000)
  object space 71168K, 22% used [0x0000000740000000,0x0000000740f5c408,0x0000000744580000)
 Metaspace       used 21773K, capacity 22107K, committed 22272K, reserved 1069056K
  class space    used 2136K, capacity 2248K, committed 2304K, reserved 1048576K
}
Event: 108.349 GC heap before
{Heap before GC invocations=13 (full 1):
 PSYoungGen      total 87040K, used 86536K [0x0000000795580000, 0x000000079c280000, 0x00000007c0000000)
  eden space 86016K, 100% used [0x0000000795580000,0x000000079a980000,0x000000079a980000)
  from space 1024K, 50% used [0x000000079ac00000,0x000000079ac82030,0x000000079ad00000)
  to   space 12800K, 0% used [0x000000079b600000,0x000000079b600000,0x000000079c280000)
 ParOldGen       total 71168K, used 15729K [0x0000000740000000, 0x0000000744580000, 0x0000000795580000)
  object space 71168K, 22% used [0x0000000740000000,0x0000000740f5c408,0x0000000744580000)
 Metaspace       used 21775K, capacity 22107K, committed 22272K, reserved 1069056K
  class space    used 2137K, capacity 2248K, committed 2304K, reserved 1048576K
Event: 108.351 GC heap after
Heap after GC invocations=13 (full 1):
 PSYoungGen      total 91648K, used 552K [0x0000000795580000, 0x000000079be00000, 0x00000007c0000000)
  eden space 83456K, 0% used [0x0000000795580000,0x0000000795580000,0x000000079a700000)
  from space 8192K, 6% used [0x000000079b600000,0x000000079b68a030,0x000000079be00000)
  to   space 11776K, 0% used [0x000000079a700000,0x000000079a700000,0x000000079b280000)
 ParOldGen       total 71168K, used 15729K [0x0000000740000000, 0x0000000744580000, 0x0000000795580000)
  object space 71168K, 22% used [0x0000000740000000,0x0000000740f5c408,0x0000000744580000)
 Metaspace       used 21775K, capacity 22107K, committed 22272K, reserved 1069056K
  class space    used 2137K, capacity 2248K, committed 2304K, reserved 1048576K
}
Event: 122.266 GC heap before
{Heap before GC invocations=14 (full 1):
 PSYoungGen      total 91648K, used 84008K [0x0000000795580000, 0x000000079be00000, 0x00000007c0000000)
  eden space 83456K, 100% used [0x0000000795580000,0x000000079a700000,0x000000079a700000)
  from space 8192K, 6% used [0x000000079b600000,0x000000079b68a030,0x000000079be00000)
  to   space 11776K, 0% used [0x000000079a700000,0x000000079a700000,0x000000079b280000)
 ParOldGen       total 71168K, used 15729K [0x0000000740000000, 0x0000000744580000, 0x0000000795580000)
  object space 71168K, 22% used [0x0000000740000000,0x0000000740f5c408,0x0000000744580000)
 Metaspace       used 21775K, capacity 22107K, committed 22272K, reserved 1069056K
  class space    used 2137K, capacity 2248K, committed 2304K, reserved 1048576K
Event: 122.269 GC heap after
Heap after GC invocations=14 (full 1):
 PSYoungGen      total 81920K, used 520K [0x0000000795580000, 0x000000079ba80000, 0x00000007c0000000)
  eden space 80896K, 0% used [0x0000000795580000,0x0000000795580000,0x000000079a480000)
  from space 1024K, 50% used [0x000000079a700000,0x000000079a782030,0x000000079a800000)
  to   space 11264K, 0% used [0x000000079af80000,0x000000079af80000,0x000000079ba80000)
 ParOldGen       total 71168K, used 15729K [0x0000000740000000, 0x0000000744580000, 0x0000000795580000)
  object space 71168K, 22% used [0x0000000740000000,0x0000000740f5c408,0x0000000744580000)
 Metaspace       used 21775K, capacity 22107K, committed 22272K, reserved 1069056K
  class space    used 2137K, capacity 2248K, committed 2304K, reserved 1048576K
}
Event: 135.684 GC heap before
{Heap before GC invocations=15 (full 1):
 PSYoungGen      total 81920K, used 81416K [0x0000000795580000, 0x000000079ba80000, 0x00000007c0000000)
  eden space 80896K, 100% used [0x0000000795580000,0x000000079a480000,0x000000079a480000)
  from space 1024K, 50% used [0x000000079a700000,0x000000079a782030,0x000000079a800000)
  to   space 11264K, 0% used [0x000000079af80000,0x000000079af80000,0x000000079ba80000)
 ParOldGen       total 71168K, used 15729K [0x0000000740000000, 0x0000000744580000, 0x0000000795580000)
  object space 71168K, 22% used [0x0000000740000000,0x0000000740f5c408,0x0000000744580000)
 Metaspace       used 21775K, capacity 22107K, committed 22272K, reserved 1069056K
  class space    used 2137K, capacity 2248K, committed 2304K, reserved 1048576K
Event: 135.685 GC heap after
Heap after GC invocations=15 (full 1):
 PSYoungGen      total 87040K, used 552K [0x0000000795580000, 0x000000079b780000, 0x00000007c0000000)
  eden space 78848K, 0% used [0x0000000795580000,0x0000000795580000,0x000000079a280000)
  from space 8192K, 6% used [0x000000079af80000,0x000000079b00a030,0x000000079b780000)
  to   space 10752K, 0% used [0x000000079a280000,0x000000079a280000,0x000000079ad00000)
 ParOldGen       total 71168K, used 15729K [0x0000000740000000, 0x0000000744580000, 0x0000000795580000)
  object space 71168K, 22% used [0x0000000740000000,0x0000000740f5c408,0x0000000744580000)
 Metaspace       used 21775K, capacity 22107K, committed 22272K, reserved 1069056K
  class space    used 2137K, capacity 2248K, committed 2304K, reserved 1048576K
}

Deoptimization events (10 events):
Event: 147.744 Thread 0x00007f8a4c10e800 Uncommon trap: reason=unstable_if action=reinterpret pc=0x000000010f3db118 method=sun.java2d.pipe.Region.intersectsQuickCheck(Lsun/java2d/pipe/Region;)Z @ 41
Event: 147.745 Thread 0x00007f8a4c10e800 Uncommon trap: reason=unstable_if action=reinterpret pc=0x000000010f023414 method=java.awt.Font.equals(Ljava/lang/Object;)Z @ 2
Event: 147.753 Thread 0x00007f8a4ba12800 Uncommon trap: reason=class_check action=maybe_recompile pc=0x000000010f416b50 method=java.awt.event.InvocationEvent.dispatch()V @ 11
Event: 147.769 Thread 0x00007f8a4c10e800 Uncommon trap: reason=class_check action=maybe_recompile pc=0x000000010f41f8cc method=java.awt.Component.getGraphics()Ljava/awt/Graphics; @ 114
Event: 147.769 Thread 0x00007f8a4ba12800 Uncommon trap: reason=class_check action=maybe_recompile pc=0x000000010f416b50 method=java.awt.event.InvocationEvent.dispatch()V @ 11
Event: 147.770 Thread 0x00007f8a4b8e9000 Uncommon trap: reason=class_check action=maybe_recompile pc=0x000000010ee60800 method=com.jogamp.common.util.RunnableTask.run()V @ 24
Event: 147.771 Thread 0x00007f8a4b8e9000 Uncommon trap: reason=unstable_if action=reinterpret pc=0x000000010ee6013c method=jogamp.nativewindow.macosx.OSXUtil.RunOnMainThread(ZZLjava/lang/Runnable;)V @ 3
Event: 147.779 Thread 0x00007f8a4ba12800 Uncommon trap: reason=unstable_if action=reinterpret pc=0x000000010f42b1b0 method=jogamp.opengl.GLContextImpl.release(Z)V @ 161
Event: 147.781 Thread 0x00007f8a4ba12800 Uncommon trap: reason=unstable_if action=reinterpret pc=0x000000010f3ae8d8 method=java.util.LinkedList$ListItr.<init>(Ljava/util/LinkedList;I)V @ 26
Event: 147.782 Thread 0x00007f8a4b8e9000 Uncommon trap: reason=class_check action=maybe_recompile pc=0x000000010ee60800 method=com.jogamp.common.util.RunnableTask.run()V @ 24

Internal exceptions (10 events):
Event: 0.162 Thread 0x00007f8a4b806800 Exception <a 'java/lang/NoSuchFieldError': method resolution failed> (0x0000000795794d60) thrown at [/Users/java_re/workspace/8-2-build-macosx-x86_64/jdk8u131/8869/hotspot/src/share/vm/prims/methodHandles.cpp, line 1146]
Event: 0.324 Thread 0x00007f8a4b806800 Exception <a 'java/io/FileNotFoundException'> (0x0000000795810258) thrown at [/Users/java_re/workspace/8-2-build-macosx-x86_64/jdk8u131/8869/hotspot/src/share/vm/prims/jni.cpp, line 709]
Event: 0.324 Thread 0x00007f8a4b806800 Exception <a 'java/io/FileNotFoundException'> (0x0000000795810dd8) thrown at [/Users/java_re/workspace/8-2-build-macosx-x86_64/jdk8u131/8869/hotspot/src/share/vm/prims/jni.cpp, line 709]
Event: 0.461 Thread 0x00007f8a4b806800 Exception <a 'java/io/FileNotFoundException'> (0x0000000795954940) thrown at [/Users/java_re/workspace/8-2-build-macosx-x86_64/jdk8u131/8869/hotspot/src/share/vm/prims/jni.cpp, line 709]
Event: 2.776 Thread 0x00007f8a4baba000 Exception <a 'java/lang/UnsatisfiedLinkError': com.jogamp.common.util.JarUtil.fixNativeLibAttribs(Ljava/lang/String;)Z> (0x0000000796cb8ac8) thrown at [/Users/java_re/workspace/8-2-build-macosx-x86_64/jdk8u131/8869/hotspot/src/share/vm/prims/nativeLookup.
Event: 3.024 Thread 0x00007f8a4c847800 Exception <a 'java/lang/NullPointerException'> (0x00000007956a2e20) thrown at [/Users/java_re/workspace/8-2-build-macosx-x86_64/jdk8u131/8869/hotspot/src/share/vm/interpreter/linkResolver.cpp, line 1197]
Event: 3.684 Thread 0x00007f8a4ba12800 Exception <a 'java/io/FileNotFoundException'> (0x00000007960a2990) thrown at [/Users/java_re/workspace/8-2-build-macosx-x86_64/jdk8u131/8869/hotspot/src/share/vm/prims/jni.cpp, line 709]
Event: 3.684 Thread 0x00007f8a4ba12800 Exception <a 'java/io/FileNotFoundException'> (0x00000007960ab7b8) thrown at [/Users/java_re/workspace/8-2-build-macosx-x86_64/jdk8u131/8869/hotspot/src/share/vm/prims/jni.cpp, line 709]
Event: 3.684 Thread 0x00007f8a4ba12800 Implicit null exception at 0x000000010eb426b6 to 0x000000010eb42a81
Event: 4.083 Thread 0x00007f8a4ba12800 Implicit null exception at 0x000000010ed53c06 to 0x000000010ed53e4d

Events (10 events):
Event: 147.781 Thread 0x00007f8a4ba12800 DEOPT UNPACKING pc=0x000000010e96f229 sp=0x0000700005e6e8d0 mode 2
Event: 147.782 loading class java/awt/LightweightDispatcher$2
Event: 147.782 Thread 0x00007f8a4b8e9000 Uncommon trap: trap_request=0xffffffde fr.pc=0x000000010ee60800
Event: 147.782 Thread 0x00007f8a4b8e9000 DEOPT PACKING pc=0x000000010ee60800 sp=0x00007fff52cc1600
Event: 147.782 Thread 0x00007f8a4b8e9000 DEOPT UNPACKING pc=0x000000010e96f229 sp=0x00007fff52cc15a8 mode 2
Event: 147.782 loading class java/awt/LightweightDispatcher$2 done
Event: 147.782 loading class java/awt/event/AWTEventListenerProxy
Event: 147.783 loading class java/awt/event/AWTEventListenerProxy done
Event: 147.783 Executing VM operation: Deoptimize
Event: 147.783 Executing VM operation: Deoptimize done


Dynamic libraries:
0x00000000385fa000 	/System/Library/Frameworks/Cocoa.framework/Versions/A/Cocoa
0x00000000385fa000 	/System/Library/Frameworks/Security.framework/Versions/A/Security
0x00000000385fa000 	/System/Library/Frameworks/ApplicationServices.framework/Versions/A/ApplicationServices
0x00000000385fa000 	/usr/lib/libz.1.dylib
0x00000000385fa000 	/usr/lib/libSystem.B.dylib
0x00000000385fa000 	/usr/lib/libobjc.A.dylib
0x00000000385fa000 	/System/Library/Frameworks/CoreFoundation.framework/Versions/A/CoreFoundation
0x00000000385fa000 	/System/Library/Frameworks/Foundation.framework/Versions/C/Foundation
0x00000000385fa000 	/System/Library/Frameworks/AppKit.framework/Versions/C/AppKit
0x00000000385fa000 	/System/Library/Frameworks/CoreData.framework/Versions/A/CoreData
0x00000000385fa000 	/System/Library/PrivateFrameworks/RemoteViewServices.framework/Versions/A/RemoteViewServices
0x00000000385fa000 	/System/Library/PrivateFrameworks/UIFoundation.framework/Versions/A/UIFoundation
0x00000000385fa000 	/System/Library/PrivateFrameworks/DFRFoundation.framework/Versions/A/DFRFoundation
0x00000000385fa000 	/usr/lib/libenergytrace.dylib
0x00000000385fa000 	/System/Library/PrivateFrameworks/SkyLight.framework/Versions/A/SkyLight
0x00000000385fa000 	/System/Library/Frameworks/CoreGraphics.framework/Versions/A/CoreGraphics
0x00000000385fa000 	/usr/lib/libScreenReader.dylib
0x00000000385fa000 	/System/Library/Frameworks/Accelerate.framework/Versions/A/Accelerate
0x00000000385fa000 	/System/Library/Frameworks/IOSurface.framework/Versions/A/IOSurface
0x00000000385fa000 	/System/Library/Frameworks/AudioToolbox.framework/Versions/A/AudioToolbox
0x00000000385fa000 	/System/Library/Frameworks/AudioUnit.framework/Versions/A/AudioUnit
0x00000000385fa000 	/System/Library/PrivateFrameworks/DataDetectorsCore.framework/Versions/A/DataDetectorsCore
0x00000000385fa000 	/System/Library/PrivateFrameworks/DesktopServicesPriv.framework/Versions/A/DesktopServicesPriv
0x00000000385fa000 	/System/Library/Frameworks/Carbon.framework/Versions/A/Frameworks/HIToolbox.framework/Versions/A/HIToolbox
0x00000000385fa000 	/usr/lib/libicucore.A.dylib
0x00000000385fa000 	/System/Library/Frameworks/QuartzCore.framework/Versions/A/QuartzCore
0x00000000385fa000 	/System/Library/Frameworks/Carbon.framework/Versions/A/Frameworks/SpeechRecognition.framework/Versions/A/SpeechRecognition
0x00000000385fa000 	/usr/lib/libauto.dylib
0x00000000385fa000 	/usr/lib/libxml2.2.dylib
0x00000000385fa000 	/System/Library/PrivateFrameworks/CoreUI.framework/Versions/A/CoreUI
0x00000000385fa000 	/System/Library/Frameworks/CoreAudio.framework/Versions/A/CoreAudio
0x00000000385fa000 	/System/Library/Frameworks/DiskArbitration.framework/Versions/A/DiskArbitration
0x00000000385fa000 	/usr/lib/liblangid.dylib
0x00000000385fa000 	/System/Library/PrivateFrameworks/MultitouchSupport.framework/Versions/A/MultitouchSupport
0x00000000385fa000 	/System/Library/Frameworks/IOKit.framework/Versions/A/IOKit
0x00000000385fa000 	/usr/lib/libDiagnosticMessagesClient.dylib
0x00000000385fa000 	/System/Library/Frameworks/CoreServices.framework/Versions/A/CoreServices
0x00000000385fa000 	/System/Library/PrivateFrameworks/PerformanceAnalysis.framework/Versions/A/PerformanceAnalysis
0x00000000385fa000 	/System/Library/PrivateFrameworks/GenerationalStorage.framework/Versions/A/GenerationalStorage
0x00000000385fa000 	/System/Library/Frameworks/OpenGL.framework/Versions/A/OpenGL
0x00000000385fa000 	/System/Library/Frameworks/CoreImage.framework/Versions/A/CoreImage
0x00000000385fa000 	/System/Library/Frameworks/CoreText.framework/Versions/A/CoreText
0x00000000385fa000 	/System/Library/Frameworks/ImageIO.framework/Versions/A/ImageIO
0x00000000385fa000 	/System/Library/PrivateFrameworks/Backup.framework/Versions/A/Backup
0x00000000385fa000 	/usr/lib/libarchive.2.dylib
0x00000000385fa000 	/System/Library/Frameworks/CFNetwork.framework/Versions/A/CFNetwork
0x00000000385fa000 	/System/Library/Frameworks/SystemConfiguration.framework/Versions/A/SystemConfiguration
0x00000000385fa000 	/usr/lib/libCRFSuite.dylib
0x00000000385fa000 	/usr/lib/libc++.1.dylib
0x00000000385fa000 	/usr/lib/libc++abi.dylib
0x00000000385fa000 	/usr/lib/system/libcache.dylib
0x00000000385fa000 	/usr/lib/system/libcommonCrypto.dylib
0x00000000385fa000 	/usr/lib/system/libcompiler_rt.dylib
0x00000000385fa000 	/usr/lib/system/libcopyfile.dylib
0x00000000385fa000 	/usr/lib/system/libcorecrypto.dylib
0x00000000385fa000 	/usr/lib/system/libdispatch.dylib
0x00000000385fa000 	/usr/lib/system/libdyld.dylib
0x00000000385fa000 	/usr/lib/system/libkeymgr.dylib
0x00000000385fa000 	/usr/lib/system/liblaunch.dylib
0x00000000385fa000 	/usr/lib/system/libmacho.dylib
0x00000000385fa000 	/usr/lib/system/libquarantine.dylib
0x00000000385fa000 	/usr/lib/system/libremovefile.dylib
0x00000000385fa000 	/usr/lib/system/libsystem_asl.dylib
0x00000000385fa000 	/usr/lib/system/libsystem_blocks.dylib
0x00000000385fa000 	/usr/lib/system/libsystem_c.dylib
0x00000000385fa000 	/usr/lib/system/libsystem_configuration.dylib
0x00000000385fa000 	/usr/lib/system/libsystem_coreservices.dylib
0x00000000385fa000 	/usr/lib/system/libsystem_coretls.dylib
0x00000000385fa000 	/usr/lib/system/libsystem_dnssd.dylib
0x00000000385fa000 	/usr/lib/system/libsystem_info.dylib
0x00000000385fa000 	/usr/lib/system/libsystem_kernel.dylib
0x00000000385fa000 	/usr/lib/system/libsystem_m.dylib
0x00000000385fa000 	/usr/lib/system/libsystem_malloc.dylib
0x00000000385fa000 	/usr/lib/system/libsystem_network.dylib
0x00000000385fa000 	/usr/lib/system/libsystem_networkextension.dylib
0x00000000385fa000 	/usr/lib/system/libsystem_notify.dylib
0x00000000385fa000 	/usr/lib/system/libsystem_platform.dylib
0x00000000385fa000 	/usr/lib/system/libsystem_pthread.dylib
0x00000000385fa000 	/usr/lib/system/libsystem_sandbox.dylib
0x00000000385fa000 	/usr/lib/system/libsystem_secinit.dylib
0x00000000385fa000 	/usr/lib/system/libsystem_symptoms.dylib
0x00000000385fa000 	/usr/lib/system/libsystem_trace.dylib
0x00000000385fa000 	/usr/lib/system/libunwind.dylib
0x00000000385fa000 	/usr/lib/system/libxpc.dylib
0x00000000385fa000 	/usr/lib/libbsm.0.dylib
0x00000000385fa000 	/usr/lib/system/libkxld.dylib
0x00000000385fa000 	/usr/lib/libcoretls.dylib
0x00000000385fa000 	/usr/lib/libcoretls_cfhelpers.dylib
0x00000000385fa000 	/usr/lib/libOpenScriptingUtil.dylib
0x00000000385fa000 	/usr/lib/libpam.2.dylib
0x00000000385fa000 	/usr/lib/libsqlite3.dylib
0x00000000385fa000 	/usr/lib/libxar.1.dylib
0x00000000385fa000 	/usr/lib/libbz2.1.0.dylib
0x00000000385fa000 	/usr/lib/liblzma.5.dylib
0x00000000385fa000 	/usr/lib/libnetwork.dylib
0x00000000385fa000 	/usr/lib/libpcap.A.dylib
0x00000000385fa000 	/System/Library/Frameworks/CoreServices.framework/Versions/A/Frameworks/FSEvents.framework/Versions/A/FSEvents
0x00000000385fa000 	/System/Library/Frameworks/CoreServices.framework/Versions/A/Frameworks/CarbonCore.framework/Versions/A/CarbonCore
0x00000000385fa000 	/System/Library/Frameworks/CoreServices.framework/Versions/A/Frameworks/Metadata.framework/Versions/A/Metadata
0x00000000385fa000 	/System/Library/Frameworks/CoreServices.framework/Versions/A/Frameworks/OSServices.framework/Versions/A/OSServices
0x00000000385fa000 	/System/Library/Frameworks/CoreServices.framework/Versions/A/Frameworks/SearchKit.framework/Versions/A/SearchKit
0x00000000385fa000 	/System/Library/Frameworks/CoreServices.framework/Versions/A/Frameworks/AE.framework/Versions/A/AE
0x00000000385fa000 	/System/Library/Frameworks/CoreServices.framework/Versions/A/Frameworks/LaunchServices.framework/Versions/A/LaunchServices
0x00000000385fa000 	/System/Library/Frameworks/CoreServices.framework/Versions/A/Frameworks/DictionaryServices.framework/Versions/A/DictionaryServices
0x00000000385fa000 	/System/Library/Frameworks/CoreServices.framework/Versions/A/Frameworks/SharedFileList.framework/Versions/A/SharedFileList
0x00000000385fa000 	/System/Library/Frameworks/NetFS.framework/Versions/A/NetFS
0x00000000385fa000 	/System/Library/PrivateFrameworks/NetAuth.framework/Versions/A/NetAuth
0x00000000385fa000 	/System/Library/PrivateFrameworks/login.framework/Versions/A/Frameworks/loginsupport.framework/Versions/A/loginsupport
0x00000000385fa000 	/System/Library/PrivateFrameworks/TCC.framework/Versions/A/TCC
0x00000000385fa000 	/usr/lib/libmecabra.dylib
0x00000000385fa000 	/System/Library/Frameworks/ApplicationServices.framework/Versions/A/Frameworks/ATS.framework/Versions/A/ATS
0x00000000385fa000 	/System/Library/Frameworks/ApplicationServices.framework/Versions/A/Frameworks/ColorSync.framework/Versions/A/ColorSync
0x00000000385fa000 	/System/Library/Frameworks/ApplicationServices.framework/Versions/A/Frameworks/HIServices.framework/Versions/A/HIServices
0x00000000385fa000 	/System/Library/Frameworks/ApplicationServices.framework/Versions/A/Frameworks/LangAnalysis.framework/Versions/A/LangAnalysis
0x00000000385fa000 	/System/Library/Frameworks/ApplicationServices.framework/Versions/A/Frameworks/PrintCore.framework/Versions/A/PrintCore
0x00000000385fa000 	/System/Library/Frameworks/ApplicationServices.framework/Versions/A/Frameworks/QD.framework/Versions/A/QD
0x00000000385fa000 	/System/Library/Frameworks/ApplicationServices.framework/Versions/A/Frameworks/SpeechSynthesis.framework/Versions/A/SpeechSynthesis
0x00000000385fa000 	/System/Library/Frameworks/Accelerate.framework/Versions/A/Frameworks/vImage.framework/Versions/A/vImage
0x00000000385fa000 	/System/Library/Frameworks/Accelerate.framework/Versions/A/Frameworks/vecLib.framework/Versions/A/vecLib
0x00000000385fa000 	/System/Library/Frameworks/Accelerate.framework/Versions/A/Frameworks/vecLib.framework/Versions/A/libvDSP.dylib
0x00000000385fa000 	/System/Library/Frameworks/Accelerate.framework/Versions/A/Frameworks/vecLib.framework/Versions/A/libBNNS.dylib
0x00000000385fa000 	/System/Library/Frameworks/Accelerate.framework/Versions/A/Frameworks/vecLib.framework/Versions/A/libQuadrature.dylib
0x00000000385fa000 	/System/Library/Frameworks/Accelerate.framework/Versions/A/Frameworks/vecLib.framework/Versions/A/libvMisc.dylib
0x00000000385fa000 	/System/Library/Frameworks/Accelerate.framework/Versions/A/Frameworks/vecLib.framework/Versions/A/libLAPACK.dylib
0x00000000385fa000 	/System/Library/Frameworks/Accelerate.framework/Versions/A/Frameworks/vecLib.framework/Versions/A/libBLAS.dylib
0x00000000385fa000 	/System/Library/Frameworks/Accelerate.framework/Versions/A/Frameworks/vecLib.framework/Versions/A/libLinearAlgebra.dylib
0x00000000385fa000 	/System/Library/Frameworks/Accelerate.framework/Versions/A/Frameworks/vecLib.framework/Versions/A/libSparseBLAS.dylib
0x00000000385fa000 	/System/Library/Frameworks/ApplicationServices.framework/Versions/A/Frameworks/ATS.framework/Versions/A/Resources/libFontParser.dylib
0x00000000385fa000 	/System/Library/Frameworks/ApplicationServices.framework/Versions/A/Frameworks/ATS.framework/Versions/A/Resources/libFontRegistry.dylib
0x00000000385fa000 	/System/Library/Frameworks/ImageIO.framework/Versions/A/Resources/libJPEG.dylib
0x00000000385fa000 	/System/Library/Frameworks/ImageIO.framework/Versions/A/Resources/libTIFF.dylib
0x00000000385fa000 	/System/Library/Frameworks/ImageIO.framework/Versions/A/Resources/libPng.dylib
0x00000000385fa000 	/System/Library/Frameworks/ImageIO.framework/Versions/A/Resources/libGIF.dylib
0x00000000385fa000 	/System/Library/Frameworks/ImageIO.framework/Versions/A/Resources/libJP2.dylib
0x00000000385fa000 	/System/Library/Frameworks/ImageIO.framework/Versions/A/Resources/libRadiance.dylib
0x00000000385fa000 	/usr/lib/libcompression.dylib
0x00000000385fa000 	/System/Library/PrivateFrameworks/AppleJPEG.framework/Versions/A/AppleJPEG
0x00000000385fa000 	/usr/lib/libcups.2.dylib
0x00000000385fa000 	/System/Library/Frameworks/Kerberos.framework/Versions/A/Kerberos
0x00000000385fa000 	/System/Library/Frameworks/GSS.framework/Versions/A/GSS
0x00000000385fa000 	/usr/lib/libresolv.9.dylib
0x00000000385fa000 	/usr/lib/libiconv.2.dylib
0x00000000385fa000 	/System/Library/PrivateFrameworks/Heimdal.framework/Versions/A/Heimdal
0x00000000385fa000 	/usr/lib/libheimdal-asn1.dylib
0x00000000385fa000 	/System/Library/Frameworks/OpenDirectory.framework/Versions/A/OpenDirectory
0x00000000385fa000 	/System/Library/PrivateFrameworks/CommonAuth.framework/Versions/A/CommonAuth
0x00000000385fa000 	/System/Library/Frameworks/OpenDirectory.framework/Versions/A/Frameworks/CFOpenDirectory.framework/Versions/A/CFOpenDirectory
0x00000000385fa000 	/System/Library/Frameworks/SecurityFoundation.framework/Versions/A/SecurityFoundation
0x00000000385fa000 	/System/Library/PrivateFrameworks/LanguageModeling.framework/Versions/A/LanguageModeling
0x00000000385fa000 	/usr/lib/libmarisa.dylib
0x00000000385fa000 	/usr/lib/libChineseTokenizer.dylib
0x00000000385fa000 	/usr/lib/libcmph.dylib
0x00000000385fa000 	/System/Library/PrivateFrameworks/CoreEmoji.framework/Versions/A/CoreEmoji
0x00000000385fa000 	/System/Library/Frameworks/ServiceManagement.framework/Versions/A/ServiceManagement
0x00000000385fa000 	/usr/lib/libxslt.1.dylib
0x00000000385fa000 	/System/Library/Frameworks/Carbon.framework/Versions/A/Frameworks/Ink.framework/Versions/A/Ink
0x00000000385fa000 	/System/Library/PrivateFrameworks/TextureIO.framework/Versions/A/TextureIO
0x00000000385fa000 	/System/Library/Frameworks/Metal.framework/Versions/A/Metal
0x00000000385fa000 	/usr/lib/libate.dylib
0x00000000385fa000 	/System/Library/PrivateFrameworks/GPUCompiler.framework/libmetal_timestamp.dylib
0x00000000385fa000 	/System/Library/Frameworks/OpenGL.framework/Versions/A/Libraries/libCoreFSCache.dylib
0x00000000385fa000 	/System/Library/PrivateFrameworks/IOAccelerator.framework/Versions/A/IOAccelerator
0x00000000385fa000 	/System/Library/Frameworks/CoreVideo.framework/Versions/A/CoreVideo
0x00000000385fa000 	/usr/lib/libFosl_dynamic.dylib
0x00000000385fa000 	/System/Library/PrivateFrameworks/MetalPerformanceShaders.framework/Versions/A/MetalPerformanceShaders
0x00000000385fa000 	/System/Library/PrivateFrameworks/FaceCore.framework/Versions/A/FaceCore
0x00000000385fa000 	/System/Library/Frameworks/OpenCL.framework/Versions/A/OpenCL
0x00000000385fa000 	/System/Library/Frameworks/OpenGL.framework/Versions/A/Libraries/libGLU.dylib
0x00000000385fa000 	/System/Library/Frameworks/OpenGL.framework/Versions/A/Libraries/libGFXShared.dylib
0x00000000385fa000 	/System/Library/Frameworks/OpenGL.framework/Versions/A/Libraries/libGL.dylib
0x00000000385fa000 	/System/Library/Frameworks/OpenGL.framework/Versions/A/Libraries/libGLImage.dylib
0x00000000385fa000 	/System/Library/Frameworks/OpenGL.framework/Versions/A/Libraries/libCVMSPluginSupport.dylib
0x00000000385fa000 	/System/Library/Frameworks/OpenGL.framework/Versions/A/Libraries/libCoreVMClient.dylib
0x00000000385fa000 	/System/Library/PrivateFrameworks/CrashReporterSupport.framework/Versions/A/CrashReporterSupport
0x00000000385fa000 	/System/Library/PrivateFrameworks/Sharing.framework/Versions/A/Sharing
0x00000000385fa000 	/System/Library/PrivateFrameworks/IconServices.framework/Versions/A/IconServices
0x00000000385fa000 	/System/Library/PrivateFrameworks/ProtocolBuffer.framework/Versions/A/ProtocolBuffer
0x00000000385fa000 	/System/Library/PrivateFrameworks/Apple80211.framework/Versions/A/Apple80211
0x00000000385fa000 	/System/Library/Frameworks/CoreWLAN.framework/Versions/A/CoreWLAN
0x00000000385fa000 	/System/Library/PrivateFrameworks/CoreUtils.framework/Versions/A/CoreUtils
0x00000000385fa000 	/System/Library/Frameworks/IOBluetooth.framework/Versions/A/IOBluetooth
0x00000000385fa000 	/System/Library/PrivateFrameworks/CoreWiFi.framework/Versions/A/CoreWiFi
0x00000000385fa000 	/System/Library/Frameworks/CoreBluetooth.framework/Versions/A/CoreBluetooth
0x00000000385fa000 	/System/Library/Frameworks/CoreDisplay.framework/Versions/A/CoreDisplay
0x00000000385fa000 	/System/Library/PrivateFrameworks/IOPresentment.framework/Versions/A/IOPresentment
0x00000000385fa000 	/System/Library/PrivateFrameworks/DSExternalDisplay.framework/Versions/A/DSExternalDisplay
0x00000000385fa000 	/System/Library/PrivateFrameworks/DebugSymbols.framework/Versions/A/DebugSymbols
0x00000000385fa000 	/System/Library/PrivateFrameworks/CoreSymbolication.framework/Versions/A/CoreSymbolication
0x00000000385fa000 	/System/Library/PrivateFrameworks/Symbolication.framework/Versions/A/Symbolication
0x00000000385fa000 	/System/Library/PrivateFrameworks/AppleFSCompression.framework/Versions/A/AppleFSCompression
0x00000000385fa000 	/System/Library/PrivateFrameworks/SpeechRecognitionCore.framework/Versions/A/SpeechRecognitionCore
0x00000000385fa000 	/System/Library/PrivateFrameworks/ChunkingLibrary.framework/Versions/A/ChunkingLibrary
0x000000010d800000 	/Library/Java/JavaVirtualMachines/jdk1.8.0_131.jdk/Contents/Home/jre/lib/server/libjvm.dylib
0x00000000385fa000 	/usr/lib/libstdc++.6.dylib
0x000000010cfb7000 	/Library/Java/JavaVirtualMachines/jdk1.8.0_131.jdk/Contents/Home/jre/lib/libverify.dylib
0x000000010cfc5000 	/Library/Java/JavaVirtualMachines/jdk1.8.0_131.jdk/Contents/Home/jre/lib/libjava.dylib
0x000000010e7ab000 	/Library/Java/JavaVirtualMachines/jdk1.8.0_131.jdk/Contents/Home/jre/lib/libzip.dylib
0x00000001241ac000 	/System/Library/Frameworks/JavaVM.framework/Frameworks/JavaRuntimeSupport.framework/JavaRuntimeSupport
0x00000001241c6000 	/System/Library/Frameworks/JavaVM.framework/Versions/A/Frameworks/JavaNativeFoundation.framework/Versions/A/JavaNativeFoundation
0x00000001241db000 	/System/Library/Frameworks/JavaVM.framework/Versions/A/JavaVM
0x00000000385fa000 	/System/Library/Frameworks/Carbon.framework/Versions/A/Carbon
0x00000001241e8000 	/System/Library/PrivateFrameworks/JavaLaunching.framework/Versions/A/JavaLaunching
0x00000000385fa000 	/System/Library/Frameworks/Carbon.framework/Versions/A/Frameworks/CommonPanels.framework/Versions/A/CommonPanels
0x00000000385fa000 	/System/Library/Frameworks/Carbon.framework/Versions/A/Frameworks/Help.framework/Versions/A/Help
0x00000000385fa000 	/System/Library/Frameworks/Carbon.framework/Versions/A/Frameworks/ImageCapture.framework/Versions/A/ImageCapture
0x00000000385fa000 	/System/Library/Frameworks/Carbon.framework/Versions/A/Frameworks/OpenScripting.framework/Versions/A/OpenScripting
0x00000000385fa000 	/System/Library/Frameworks/Carbon.framework/Versions/A/Frameworks/Print.framework/Versions/A/Print
0x00000000385fa000 	/System/Library/Frameworks/Carbon.framework/Versions/A/Frameworks/SecurityHI.framework/Versions/A/SecurityHI
0x0000000125aed000 	/Library/Java/JavaVirtualMachines/jdk1.8.0_131.jdk/Contents/Home/jre/lib/libawt.dylib
0x0000000125b95000 	/Library/Java/JavaVirtualMachines/jdk1.8.0_131.jdk/Contents/Home/jre/lib/./libmlib_image.dylib
0x0000000125c61000 	/Library/Java/JavaVirtualMachines/jdk1.8.0_131.jdk/Contents/Home/jre/lib/libawt_lwawt.dylib
0x0000000125d18000 	/Library/Java/JavaVirtualMachines/jdk1.8.0_131.jdk/Contents/Home/jre/lib/./libosxapp.dylib
0x00000000385fa000 	/System/Library/Frameworks/ExceptionHandling.framework/Versions/A/ExceptionHandling
0x00000000385fa000 	/System/Library/PrivateFrameworks/CoreServicesInternal.framework/Versions/A/CoreServicesInternal
0x00000000385fa000 	/System/Library/CoreServices/RawCamera.bundle/Contents/MacOS/RawCamera
0x00000000385fa000 	/System/Library/Frameworks/Accelerate.framework/Versions/A/Frameworks/vImage.framework/Versions/A/Libraries/libCGInterfaces.dylib
0x00000000385fa000 	/System/Library/Frameworks/ApplicationServices.framework/Versions/A/Frameworks/ATS.framework/Versions/A/Resources/libTrueTypeScaler.dylib
0x0000000127b44000 	/System/Library/Frameworks/OpenGL.framework/Resources/GLEngine.bundle/GLEngine
0x00000000385fa000 	/System/Library/Frameworks/OpenGL.framework/Versions/A/Libraries/libGLProgrammability.dylib
0x0000000127d29000 	/System/Library/Extensions/AppleIntelSKLGraphicsGLDriver.bundle/Contents/MacOS/AppleIntelSKLGraphicsGLDriver
0x00000000385fa000 	/System/Library/PrivateFrameworks/GPUSupport.framework/Versions/A/Libraries/libGPUSupportMercury.dylib
0x0000000128aad000 	/System/Library/Frameworks/OpenGL.framework/Resources//GLRendererFloat.bundle/GLRendererFloat
0x00000000385fa000 	/System/Library/Frameworks/OpenCL.framework/Versions/A/Libraries/libcldcpuengine.dylib
0x00000000385fa000 	/usr/lib/libcrypto.0.9.8.dylib
0x00000000385fa000 	/System/Library/PrivateFrameworks/TrustEvaluationAgent.framework/Versions/A/TrustEvaluationAgent
0x0000000128ae1000 	/System/Library/Extensions/AppleIntelSKLGraphicsMTLDriver.bundle/Contents/MacOS/AppleIntelSKLGraphicsMTLDriver
0x00000000385fa000 	/System/Library/PrivateFrameworks/FamilyControls.framework/Versions/A/FamilyControls
0x00000000385fa000 	/System/Library/PrivateFrameworks/CommerceKit.framework/Versions/A/Frameworks/CommerceCore.framework/Versions/A/CommerceCore
0x00000000385fa000 	/System/Library/PrivateFrameworks/SystemAdministration.framework/Versions/A/SystemAdministration
0x00000000385fa000 	/System/Library/PrivateFrameworks/AppContainer.framework/Versions/A/AppContainer
0x00000000385fa000 	/System/Library/PrivateFrameworks/SecCodeWrapper.framework/Versions/A/SecCodeWrapper
0x00000000385fa000 	/System/Library/Frameworks/DirectoryService.framework/Versions/A/DirectoryService
0x00000000385fa000 	/System/Library/PrivateFrameworks/DiskImages.framework/Versions/A/DiskImages
0x00000000385fa000 	/System/Library/PrivateFrameworks/LoginUIKit.framework/Versions/A/Frameworks/LoginUICore.framework/Versions/A/LoginUICore
0x00000000385fa000 	/usr/lib/libCoreStorage.dylib
0x00000000385fa000 	/usr/lib/libcsfde.dylib
0x00000000385fa000 	/usr/lib/libodfde.dylib
0x00000000385fa000 	/System/Library/Frameworks/DiscRecording.framework/Versions/A/DiscRecording
0x00000000385fa000 	/usr/lib/libcurl.4.dylib
0x00000000385fa000 	/System/Library/PrivateFrameworks/MediaKit.framework/Versions/A/MediaKit
0x00000000385fa000 	/System/Library/PrivateFrameworks/ProtectedCloudStorage.framework/Versions/A/ProtectedCloudStorage
0x00000000385fa000 	/System/Library/PrivateFrameworks/EFILogin.framework/Versions/A/EFILogin
0x00000000385fa000 	/usr/lib/libutil.dylib
0x00000000385fa000 	/System/Library/Frameworks/LDAP.framework/Versions/A/LDAP
0x00000000385fa000 	/usr/lib/libsasl2.2.dylib
0x00000000385fa000 	/System/Library/PrivateFrameworks/CoreDaemon.framework/Versions/B/CoreDaemon
0x00000000385fa000 	/System/Library/PrivateFrameworks/AppleSRP.framework/Versions/A/AppleSRP
0x00000000385fa000 	/System/Library/PrivateFrameworks/APFS.framework/Versions/A/APFS
0x000000012a998000 	/Library/Java/JavaVirtualMachines/jdk1.8.0_131.jdk/Contents/Home/jre/lib/libfontmanager.dylib
0x00000000385fa000 	/System/Library/PrivateFrameworks/ViewBridge.framework/Versions/A/ViewBridge
0x00000000385fa000 	/System/Library/PrivateFrameworks/XPCService.framework/Versions/A/XPCService
0x00000000385fa000 	/System/Library/PrivateFrameworks/AppSandbox.framework/Versions/A/AppSandbox
0x00000000385fa000 	/usr/lib/libsandbox.1.dylib
0x00000000385fa000 	/usr/lib/libMatch.1.dylib
0x000000012ba67000 	/Library/Java/JavaVirtualMachines/jdk1.8.0_131.jdk/Contents/Home/jre/lib/libosxui.dylib
0x000000012cbc8000 	/Library/Java/JavaVirtualMachines/jdk1.8.0_131.jdk/Contents/Home/jre/lib/libnet.dylib
0x000000012c9da000 	/Library/Java/JavaVirtualMachines/jdk1.8.0_131.jdk/Contents/Home/jre/lib/libnio.dylib
0x000000012baf4000 	/private/var/folders/lr/vg0t0wxx3tg6yq252w_p67_00000gn/T/jogamp_0000/file_cache/jln2543772242896360781/jln9020115649216606349/libgluegen-rt.jnilib
0x000000012ba64000 	/private/var/folders/lr/vg0t0wxx3tg6yq252w_p67_00000gn/T/jogamp_0000/file_cache/jln2543772242896360781/jln9020115649216606349/libnativewindow_awt.jnilib
0x000000012baf8000 	/Library/Java/JavaVirtualMachines/jdk1.8.0_131.jdk/Contents/Home/jre/lib/libjawt.dylib
0x000000012bb25000 	/private/var/folders/lr/vg0t0wxx3tg6yq252w_p67_00000gn/T/jogamp_0000/file_cache/jln2543772242896360781/jln9020115649216606349/libnativewindow_macosx.jnilib
0x000000019a7c7000 	/private/var/folders/lr/vg0t0wxx3tg6yq252w_p67_00000gn/T/jogamp_0000/file_cache/jln2543772242896360781/jln9020115649216606349/libjogl_desktop.jnilib
0x0000000195af3000 	/Library/Java/JavaVirtualMachines/jdk1.8.0_131.jdk/Contents/Home/jre/lib/libt2k.dylib
0x000000019558f000 	/Library/Java/JavaVirtualMachines/jdk1.8.0_131.jdk/Contents/Home/jre/lib/libjpeg.dylib

VM Arguments:
jvm_args: -Djava.security.policy=java.policy.applet -Dfile.encoding=UTF-8 
java_command: sun.applet.AppletViewer module6.EarthquakeCityMap1500264419591.html
java_class_path (initial): /Users/sravanjr/Documents/College Classes/Eclipse Practice/UCSDUnfoldingMaps/build:/Users/sravanjr/Documents/College Classes/Eclipse Practice/UCSDUnfoldingMaps/lib/core.jar:/Users/sravanjr/Documents/College Classes/Eclipse Practice/UCSDUnfoldingMaps/lib/gluegen-rt.jar:/Users/sravanjr/Documents/College Classes/Eclipse Practice/UCSDUnfoldingMaps/lib/jogl-all.jar:/Users/sravanjr/Documents/College Classes/Eclipse Practice/UCSDUnfoldingMaps/lib/log4j-1.2.15.jar:/Users/sravanjr/Documents/College Classes/Eclipse Practice/UCSDUnfoldingMaps/lib/sqlite-jdbc-3.7.2.jar:/Users/sravanjr/Documents/College Classes/Eclipse Practice/UCSDUnfoldingMaps/lib/json4processing.jar:/Users/sravanjr/Documents/College Classes/Eclipse Practice/UCSDUnfoldingMaps/lib/libTUIO.jar:/Users/sravanjr/Documents/College Classes/Eclipse Practice/UCSDUnfoldingMaps/lib/unfolding.0.9.7-uscd.jar
Launcher Type: SUN_STANDARD

Environment Variables:
PATH=/usr/bin:/bin:/usr/sbin:/sbin
SHELL=/bin/bash

Signal Handlers:
SIGSEGV: [libjvm.dylib+0x5b1eb1], sa_mask[0]=11111111011111110111111111111111, sa_flags=SA_ONSTACK|SA_RESTART|SA_SIGINFO
SIGBUS: [libjvm.dylib+0x5b1eb1], sa_mask[0]=11111111011111110111111111111111, sa_flags=SA_RESTART|SA_SIGINFO
SIGFPE: [libjvm.dylib+0x488988], sa_mask[0]=11111111011111110111111111111111, sa_flags=SA_RESTART|SA_SIGINFO
SIGPIPE: [libjvm.dylib+0x488988], sa_mask[0]=11111111011111110111111111111111, sa_flags=SA_RESTART|SA_SIGINFO
SIGXFSZ: [libjvm.dylib+0x488988], sa_mask[0]=11111111011111110111111111111111, sa_flags=SA_RESTART|SA_SIGINFO
SIGILL: [libjvm.dylib+0x488988], sa_mask[0]=11111111011111110111111111111111, sa_flags=SA_RESTART|SA_SIGINFO
SIGUSR1: SIG_DFL, sa_mask[0]=00000000000000000000000000000000, sa_flags=none
SIGUSR2: [libjvm.dylib+0x4884a6], sa_mask[0]=00100000000000000000000000000000, sa_flags=SA_RESTART|SA_SIGINFO
SIGHUP: [libjvm.dylib+0x486a7d], sa_mask[0]=11111111011111110111111111111111, sa_flags=SA_RESTART|SA_SIGINFO
SIGINT: [libjvm.dylib+0x486a7d], sa_mask[0]=11111111011111110111111111111111, sa_flags=SA_RESTART|SA_SIGINFO
SIGTERM: [libjvm.dylib+0x486a7d], sa_mask[0]=11111111011111110111111111111111, sa_flags=SA_RESTART|SA_SIGINFO
SIGQUIT: [libjvm.dylib+0x486a7d], sa_mask[0]=11111111011111110111111111111111, sa_flags=SA_RESTART|SA_SIGINFO


---------------  S Y S T E M  ---------------

OS:Bsduname:Darwin 16.6.0 Darwin Kernel Version 16.6.0: Fri Apr 14 16:21:16 PDT 2017; root:xnu-3789.60.24~6/RELEASE_X86_64 x86_64
rlimit: STACK 8192k, CORE 0k, NPROC 709, NOFILE 10240, AS infinity
load average:2.07 2.17 2.19

CPU:total 4 (initial active 4) (2 cores per cpu, 2 threads per core) family 6 model 78 stepping 3, cmov, cx8, fxsr, mmx, sse, sse2, sse3, ssse3, sse4.1, sse4.2, popcnt, avx, avx2, aes, clmul, erms, rtm, 3dnowpref, lzcnt, ht, tsc, tscinvbit, bmi1, bmi2, adx

Memory: 4k page, physical 8388608k(127924k free)

/proc/meminfo:


vm_info: Java HotSpot(TM) 64-Bit Server VM (25.131-b11) for bsd-amd64 JRE (1.8.0_131-b11), built on Mar 15 2017 01:32:22 by "java_re" with gcc 4.2.1 (Based on Apple Inc. build 5658) (LLVM build 2336.11.00)

time: Sun Jul 16 21:09:27 2017
elapsed time: 147 seconds (0d 0h 2m 27s)

