#
# A fatal error has been detected by the Java Runtime Environment:
#
#  SIGSEGV (0xb) at pc=0x00007fffc287e05d, pid=1683, tid=0x0000000000000307
#
# JRE version: Java(TM) SE Runtime Environment (8.0_131-b11) (build 1.8.0_131-b11)
# Java VM: Java HotSpot(TM) 64-Bit Server VM (25.131-b11 mixed mode bsd-amd64 compressed oops)
# Problematic frame:
# C  [libobjc.A.dylib+0x705d]  objc_msgSend+0x1d
#
# Failed to write core dump. Core dumps have been disabled. To enable core dumping, try "ulimit -c unlimited" before starting Java again
#
# If you would like to submit a bug report, please visit:
#   http://bugreport.java.com/bugreport/crash.jsp
# The crash happened outside the Java Virtual Machine in native code.
# See problematic frame for where to report the bug.
#

---------------  T H R E A D  ---------------

Current thread (0x00007fa09187b800):  JavaThread "AWT-AppKit" daemon [_thread_in_native, id=775, stack(0x00007fff52bd3000,0x00007fff533d3000)]

siginfo: si_signo: 11 (SIGSEGV), si_code: 1 (SEGV_MAPERR), si_addr: 0x0000000000000018

Registers:
RAX=0x00007fa095ca4a70, RBX=0x00000001150fd450, RCX=0x00007fa092d00160, RDX=0x0000000000000000
RSP=0x00007fff533ce388, RBP=0x00007fff533ce440, RSI=0x00007fffac118116, RDI=0x00007fa09593a810
R8 =0x0000000000000018, R9 =0x00007fa092d00180, R10=0x0000000000000000, R11=0x00007fffac118116
R12=0x0000000000000000, R13=0x000000019b859e50, R14=0x00000001150fd440, R15=0x00007fa09187b800
RIP=0x00007fffc287e05d, EFLAGS=0x0000000000010246, ERR=0x0000000000000004
  TRAPNO=0x000000000000000e

Top of Stack: (sp=0x00007fff533ce388)
0x00007fff533ce388:   00000001150fb157 00007fff533ce3e0
0x00007fff533ce398:   0000000000000003 00007fff533ce3c0
0x00007fff533ce3a8:   000000010d3f36d2 000000019b859e50
0x00007fff533ce3b8:   000000019b859e50 00007fa095ca4a70
0x00007fff533ce3c8:   00000001150fd6a0 00000001150fd710
0x00007fff533ce3d8:   00007fffc88e26d0 00007fffc95121e0
0x00007fff533ce3e8:   00000001150fd450 00000001150fd690
0x00007fff533ce3f8:   00007fa095ca4a70 00007fa09593a810
0x00007fff533ce408:   00007fa0906da090 00007fa095ca4a70
0x00007fff533ce418:   00007fa09593a810 00007fff533ce4c8
0x00007fff533ce428:   00007fa09187b9f8 000000019b859e50
0x00007fff533ce438:   00007fff533ce4f0 00007fff533ce4b8
0x00007fff533ce448:   000000011545b9f4 000000019b859e50
0x00007fff533ce458:   00007fff533ce4f0 00007fff533ce4b8
0x00007fff533ce468:   000000011545b787 000000011545b742
0x00007fff533ce478:   00007fff533ce478 000000019b859e50
0x00007fff533ce488:   00007fff533ce4f0 00000001949acd68
0x00007fff533ce498:   0000000000000000 000000019b859e50
0x00007fff533ce4a8:   0000000000000000 00007fff533ce4d8
0x00007fff533ce4b8:   00007fff533ce538 000000011544c2bd
0x00007fff533ce4c8:   00000007410c0b98 0000000115455538
0x00007fff533ce4d8:   00007fa095ca4a70 00007fff533ce538
0x00007fff533ce4e8:   00007fa09593a810 0000000115456e02
0x00007fff533ce4f8:   00007fff533ce4f8 000000019b85a01a
0x00007fff533ce508:   00007fff533ce560 00000001949acd68
0x00007fff533ce518:   0000000000000000 000000019b85a028
0x00007fff533ce528:   00007fff533ce4d8 00007fff533ce548
0x00007fff533ce538:   00007fff533ce5a8 000000011544c2bd
0x00007fff533ce548:   00007fa095ca4a70 0000000741048118
0x00007fff533ce558:   00007fa09593a810 0000000741048118
0x00007fff533ce568:   00007fff533ce568 00000001a0bd31be
0x00007fff533ce578:   00007fff533ce5b8 00000001a0bd3278 

Instructions: (pc=0x00007fffc287e05d)
0x00007fffc287e03d:   0f 1f 00 48 85 ff 2e 74 62 40 f6 c7 01 2e 75 66
0x00007fffc287e04d:   49 ba f8 ff ff ff ff 7f 00 00 4c 23 17 49 89 f3
0x00007fffc287e05d:   45 23 5a 18 49 c1 e3 04 4d 03 5a 10 49 3b 33 75
0x00007fffc287e06d:   04 41 ff 63 08 49 83 3b 01 76 0d 49 83 c3 10 49 

Register to memory mapping:

RAX=0x00007fa095ca4a70 is an unknown value
RBX=0x00000001150fd450: Java_jogamp_nativewindow_macosx_OSXUtil_GetScreenRefreshRate0+0x1cf0 in /private/var/folders/lr/vg0t0wxx3tg6yq252w_p67_00000gn/T/jogamp_0000/file_cache/jln4148351281954681154/jln3179681089347258216/libnativewindow_macosx.jnilib at 0x00000001150f6000
RCX=0x00007fa092d00160 is an unknown value
RDX=0x0000000000000000 is an unknown value
RSP=0x00007fff533ce388 is pointing into the stack for thread: 0x00007fa09187b800
RBP=0x00007fff533ce440 is pointing into the stack for thread: 0x00007fa09187b800
RSI=0x00007fffac118116: __NSStyleNameIndexTable+0x7fd5e in /System/Library/Frameworks/AppKit.framework/Versions/C/AppKit at 0x00007fffab4ab000
RDI=0x00007fa09593a810 is an unknown value
R8 =0x0000000000000018 is an unknown value
R9 =0x00007fa092d00180 is an unknown value
R10=0x0000000000000000 is an unknown value
R11=0x00007fffac118116: __NSStyleNameIndexTable+0x7fd5e in /System/Library/Frameworks/AppKit.framework/Versions/C/AppKit at 0x00007fffab4ab000
R12=0x0000000000000000 is an unknown value
R13={method} {0x000000019b859e50} 'UnsetJAWTRootSurfaceLayer0' '(JJ)V' in 'jogamp/nativewindow/jawt/macosx/MacOSXJAWTWindow'
R14=0x00000001150fd440: Java_jogamp_nativewindow_macosx_OSXUtil_GetScreenRefreshRate0+0x1ce0 in /private/var/folders/lr/vg0t0wxx3tg6yq252w_p67_00000gn/T/jogamp_0000/file_cache/jln4148351281954681154/jln3179681089347258216/libnativewindow_macosx.jnilib at 0x00000001150f6000
R15=0x00007fa09187b800 is a thread


Stack: [0x00007fff52bd3000,0x00007fff533d3000],  sp=0x00007fff533ce388,  free space=8172k
Native frames: (J=compiled Java code, j=interpreted, Vv=VM code, C=native code)
C  [libobjc.A.dylib+0x705d]  objc_msgSend+0x1d
j  jogamp.nativewindow.jawt.macosx.MacOSXJAWTWindow.UnsetJAWTRootSurfaceLayer0(JJ)V+0
j  jogamp.nativewindow.jawt.macosx.MacOSXJAWTWindow.access$200(JJ)V+2
j  jogamp.nativewindow.jawt.macosx.MacOSXJAWTWindow$1.run()V+38
j  com.jogamp.common.util.RunnableTask.run()V+24
v  ~StubRoutines::call_stub
V  [libjvm.dylib+0x2ee5b6]
V  [libjvm.dylib+0x325765]
V  [libjvm.dylib+0x317f33]
C  [libnativewindow_macosx.jnilib+0x5326]  Java_jogamp_nativewindow_jawt_macosx_MacOSXJAWTWindow_UnsetJAWTRootSurfaceLayer0+0x2b6
C  [Foundation+0x717ba]  __NSThreadPerformPerform+0x146
C  [CoreFoundation+0xa7321]  __CFRUNLOOP_IS_CALLING_OUT_TO_A_SOURCE0_PERFORM_FUNCTION__+0x11
C  [CoreFoundation+0x88197]  __CFRunLoopDoSources0+0x1a7
C  [CoreFoundation+0x87716]  __CFRunLoopRun+0x3a6
C  [CoreFoundation+0x87114]  CFRunLoopRunSpecific+0x1a4
C  [HIToolbox+0x30ebc]  RunCurrentEventLoopInMode+0xf0
C  [HIToolbox+0x30bf9]  ReceiveNextEventCommon+0xb8
C  [HIToolbox+0x30b26]  _BlockUntilNextEventMatchingListInModeWithFilter+0x47
C  [AppKit+0x46a54]  _DPSNextEvent+0x460
C  [AppKit+0x7c27ee]  -[NSApplication(NSEvent) _nextEventMatchingEventMask:untilDate:inMode:dequeue:]+0xaec
C  [libosxapp.dylib+0x23aa]  -[NSApplicationAWT nextEventMatchingMask:untilDate:inMode:dequeue:]+0x7c
C  [AppKit+0x3b3db]  -[NSApplication run]+0x39e
C  [libosxapp.dylib+0x214d]  +[NSApplicationAWT runAWTLoopWithApp:]+0x9c
C  [libawt_lwawt.dylib+0x45edf]  -[AWTStarter starter:]+0x389
C  [Foundation+0x717ba]  __NSThreadPerformPerform+0x146
C  [CoreFoundation+0xa7321]  __CFRUNLOOP_IS_CALLING_OUT_TO_A_SOURCE0_PERFORM_FUNCTION__+0x11
C  [CoreFoundation+0x8821d]  __CFRunLoopDoSources0+0x22d
C  [CoreFoundation+0x87716]  __CFRunLoopRun+0x3a6
C  [CoreFoundation+0x87114]  CFRunLoopRunSpecific+0x1a4
C  [java+0x6465]  CreateExecutionEnvironment+0x367
C  [java+0x218c]  JLI_Launch+0x7a0
C  [java+0x84c2]  main+0x65
C  [java+0x19e4]  start+0x34
C  0x0000000000000007

Java frames: (J=compiled Java code, j=interpreted, Vv=VM code)
j  jogamp.nativewindow.jawt.macosx.MacOSXJAWTWindow.UnsetJAWTRootSurfaceLayer0(JJ)V+0
j  jogamp.nativewindow.jawt.macosx.MacOSXJAWTWindow.access$200(JJ)V+2
j  jogamp.nativewindow.jawt.macosx.MacOSXJAWTWindow$1.run()V+38
j  com.jogamp.common.util.RunnableTask.run()V+24
v  ~StubRoutines::call_stub

---------------  P R O C E S S  ---------------

Java Threads: ( => current thread )
  0x00007fa097128000 JavaThread "Thread-140" [_thread_blocked, id=4899, stack(0x00007000021ea000,0x00007000022ea000)]
  0x00007fa091925800 JavaThread "AWT-EventQueue-1" [_thread_in_native, id=66583, stack(0x0000700002064000,0x0000700002164000)]
  0x00007fa09193a000 JavaThread "DestroyJavaVM" [_thread_blocked, id=7171, stack(0x0000700000a1c000,0x0000700000b1c000)]
  0x00007fa0918fd800 JavaThread "AWT-EventQueue-0" [_thread_blocked, id=60163, stack(0x0000700001e5e000,0x0000700001f5e000)]
  0x00007fa0921bd800 JavaThread "Java2D Disposer" daemon [_thread_blocked, id=56847, stack(0x0000700001bd5000,0x0000700001cd5000)]
  0x00007fa090969000 JavaThread "Java2D Queue Flusher" daemon [_thread_blocked, id=47667, stack(0x0000700001ad2000,0x0000700001bd2000)]
  0x00007fa091164000 JavaThread "AWT-Shutdown" [_thread_blocked, id=29471, stack(0x00007000018c9000,0x00007000019c9000)]
=>0x00007fa09187b800 JavaThread "AWT-AppKit" daemon [_thread_in_native, id=775, stack(0x00007fff52bd3000,0x00007fff533d3000)]
  0x00007fa091807800 JavaThread "Service Thread" daemon [_thread_blocked, id=18691, stack(0x0000700001640000,0x0000700001740000)]
  0x00007fa091804800 JavaThread "C1 CompilerThread2" daemon [_thread_blocked, id=18179, stack(0x000070000153d000,0x000070000163d000)]
  0x00007fa09085b800 JavaThread "C2 CompilerThread1" daemon [_thread_blocked, id=17667, stack(0x000070000143a000,0x000070000153a000)]
  0x00007fa09083a000 JavaThread "C2 CompilerThread0" daemon [_thread_blocked, id=17155, stack(0x0000700001337000,0x0000700001437000)]
  0x00007fa091003800 JavaThread "Signal Dispatcher" daemon [_thread_blocked, id=16643, stack(0x0000700001234000,0x0000700001334000)]
  0x00007fa090827800 JavaThread "Finalizer" daemon [_thread_blocked, id=12547, stack(0x0000700001131000,0x0000700001231000)]
  0x00007fa090824800 JavaThread "Reference Handler" daemon [_thread_blocked, id=12035, stack(0x000070000102e000,0x000070000112e000)]

Other Threads:
  0x00007fa090820000 VMThread [stack: 0x0000700000f2b000,0x000070000102b000] [id=11523]
  0x00007fa092028800 WatcherThread [stack: 0x0000700001743000,0x0000700001843000] [id=19203]

VM state:not at safepoint (normal execution)

VM Mutex/Monitor currently owned by a thread: None

Heap:
 PSYoungGen      total 151040K, used 114507K [0x0000000795580000, 0x00000007a1a00000, 0x00000007c0000000)
  eden space 132096K, 72% used [0x0000000795580000,0x000000079b2fa878,0x000000079d680000)
  from space 18944K, 99% used [0x000000079f000000,0x00000007a0258480,0x00000007a0280000)
  to   space 24064K, 0% used [0x00000007a0280000,0x00000007a0280000,0x00000007a1a00000)
 ParOldGen       total 72704K, used 30400K [0x0000000740000000, 0x0000000744700000, 0x0000000795580000)
  object space 72704K, 41% used [0x0000000740000000,0x0000000741db0060,0x0000000744700000)
 Metaspace       used 21902K, capacity 22235K, committed 22528K, reserved 1069056K
  class space    used 2136K, capacity 2248K, committed 2304K, reserved 1048576K

Card table byte_map: [0x000000010e563000,0x000000010e964000] byte_map_base: 0x000000010ab63000

Marking Bits: (ParMarkBitMap*) 0x000000010daf1ea0
 Begin Bits: [0x000000010ec0f000, 0x0000000110c0f000)
 End Bits:   [0x0000000110c0f000, 0x0000000112c0f000)

Polling page: 0x000000010c8ed000

CodeCache: size=245760Kb used=10411Kb max_used=10451Kb free=235349Kb
 bounds [0x0000000115444000, 0x0000000115e94000, 0x0000000124444000]
 total_blobs=3893 nmethods=2976 adapters=830
 compilation: enabled

Compilation events (10 events):
Event: 177.654 Thread 0x00007fa091804800 3491       3       sun.java2d.pipe.RenderBuffer::putInt (26 bytes)
Event: 177.655 Thread 0x00007fa091804800 nmethod 3491 0x0000000115583310 code [0x0000000115583480, 0x00000001155835f0]
Event: 177.655 Thread 0x00007fa091804800 3492       1       sun.java2d.SurfaceData::isValid (5 bytes)
Event: 177.655 Thread 0x00007fa091804800 nmethod 3492 0x00000001155a9e90 code [0x00000001155a9fe0, 0x00000001155aa0f0]
Event: 177.655 Thread 0x00007fa091804800 3493       3       sun.java2d.pipe.RenderBuffer::putFloat (26 bytes)
Event: 177.656 Thread 0x00007fa091804800 nmethod 3493 0x000000011565b750 code [0x000000011565b8c0, 0x000000011565ba50]
Event: 177.681 Thread 0x00007fa09083a000 3495       4       sun.awt.SunToolkit::targetToAppContext (30 bytes)
Event: 177.681 Thread 0x00007fa091804800 3496   !   3       sun.awt.PostEventQueue::flush (168 bytes)
Event: 177.682 Thread 0x00007fa091804800 nmethod 3496 0x0000000115e794d0 code [0x0000000115e79720, 0x0000000115e7a868]
Event: 177.685 Thread 0x00007fa09083a000 nmethod 3495 0x00000001156f2f10 code [0x00000001156f3080, 0x00000001156f31f8]

GC Heap History (10 events):
Event: 53.516 GC heap before
{Heap before GC invocations=10 (full 1):
 PSYoungGen      total 173056K, used 172969K [0x0000000795580000, 0x00000007a1780000, 0x00000007c0000000)
  eden space 153600K, 100% used [0x0000000795580000,0x000000079eb80000,0x000000079eb80000)
  from space 19456K, 99% used [0x00000007a0380000,0x00000007a166a4f0,0x00000007a1680000)
  to   space 22528K, 0% used [0x000000079eb80000,0x000000079eb80000,0x00000007a0180000)
 ParOldGen       total 72704K, used 22013K [0x0000000740000000, 0x0000000744700000, 0x0000000795580000)
  object space 72704K, 30% used [0x0000000740000000,0x000000074157f4a0,0x0000000744700000)
 Metaspace       used 21858K, capacity 22235K, committed 22528K, reserved 1069056K
  class space    used 2128K, capacity 2248K, committed 2304K, reserved 1048576K
Event: 53.531 GC heap after
Heap after GC invocations=10 (full 1):
 PSYoungGen      total 176128K, used 22521K [0x0000000795580000, 0x00000007a4700000, 0x00000007c0000000)
  eden space 153600K, 0% used [0x0000000795580000,0x0000000795580000,0x000000079eb80000)
  from space 22528K, 99% used [0x000000079eb80000,0x00000007a017e590,0x00000007a0180000)
  to   space 28160K, 0% used [0x00000007a2b80000,0x00000007a2b80000,0x00000007a4700000)
 ParOldGen       total 72704K, used 26637K [0x0000000740000000, 0x0000000744700000, 0x0000000795580000)
  object space 72704K, 36% used [0x0000000740000000,0x0000000741a035c0,0x0000000744700000)
 Metaspace       used 21858K, capacity 22235K, committed 22528K, reserved 1069056K
  class space    used 2128K, capacity 2248K, committed 2304K, reserved 1048576K
}
Event: 80.996 GC heap before
{Heap before GC invocations=11 (full 1):
 PSYoungGen      total 176128K, used 176121K [0x0000000795580000, 0x00000007a4700000, 0x00000007c0000000)
  eden space 153600K, 100% used [0x0000000795580000,0x000000079eb80000,0x000000079eb80000)
  from space 22528K, 99% used [0x000000079eb80000,0x00000007a017e590,0x00000007a0180000)
  to   space 28160K, 0% used [0x00000007a2b80000,0x00000007a2b80000,0x00000007a4700000)
 ParOldGen       total 72704K, used 26637K [0x0000000740000000, 0x0000000744700000, 0x0000000795580000)
  object space 72704K, 36% used [0x0000000740000000,0x0000000741a035c0,0x0000000744700000)
 Metaspace       used 21867K, capacity 22235K, committed 22528K, reserved 1069056K
  class space    used 2129K, capacity 2248K, committed 2304K, reserved 1048576K
Event: 81.008 GC heap after
Heap after GC invocations=11 (full 1):
 PSYoungGen      total 168448K, used 20289K [0x0000000795580000, 0x00000007a3f80000, 0x00000007c0000000)
  eden space 147968K, 0% used [0x0000000795580000,0x0000000795580000,0x000000079e600000)
  from space 20480K, 99% used [0x00000007a2b80000,0x00000007a3f504e0,0x00000007a3f80000)
  to   space 29696K, 0% used [0x00000007a0580000,0x00000007a0580000,0x00000007a2280000)
 ParOldGen       total 72704K, used 28840K [0x0000000740000000, 0x0000000744700000, 0x0000000795580000)
  object space 72704K, 39% used [0x0000000740000000,0x0000000741c2a000,0x0000000744700000)
 Metaspace       used 21867K, capacity 22235K, committed 22528K, reserved 1069056K
  class space    used 2129K, capacity 2248K, committed 2304K, reserved 1048576K
}
Event: 108.334 GC heap before
{Heap before GC invocations=12 (full 1):
 PSYoungGen      total 168448K, used 168257K [0x0000000795580000, 0x00000007a3f80000, 0x00000007c0000000)
  eden space 147968K, 100% used [0x0000000795580000,0x000000079e600000,0x000000079e600000)
  from space 20480K, 99% used [0x00000007a2b80000,0x00000007a3f504e0,0x00000007a3f80000)
  to   space 29696K, 0% used [0x00000007a0580000,0x00000007a0580000,0x00000007a2280000)
 ParOldGen       total 72704K, used 28840K [0x0000000740000000, 0x0000000744700000, 0x0000000795580000)
  object space 72704K, 39% used [0x0000000740000000,0x0000000741c2a000,0x0000000744700000)
 Metaspace       used 21867K, capacity 22235K, committed 22528K, reserved 1069056K
  class space    used 2129K, capacity 2248K, committed 2304K, reserved 1048576K
Event: 108.340 GC heap after
Heap after GC invocations=12 (full 1):
 PSYoungGen      total 162816K, used 20289K [0x0000000795580000, 0x00000007a2c00000, 0x00000007c0000000)
  eden space 142336K, 0% used [0x0000000795580000,0x0000000795580000,0x000000079e080000)
  from space 20480K, 99% used [0x00000007a0580000,0x00000007a19504e0,0x00000007a1980000)
  to   space 18944K, 0% used [0x00000007a1980000,0x00000007a1980000,0x00000007a2c00000)
 ParOldGen       total 72704K, used 28848K [0x0000000740000000, 0x0000000744700000, 0x0000000795580000)
  object space 72704K, 39% used [0x0000000740000000,0x0000000741c2c000,0x0000000744700000)
 Metaspace       used 21867K, capacity 22235K, committed 22528K, reserved 1069056K
  class space    used 2129K, capacity 2248K, committed 2304K, reserved 1048576K
}
Event: 134.928 GC heap before
{Heap before GC invocations=13 (full 1):
 PSYoungGen      total 162816K, used 162625K [0x0000000795580000, 0x00000007a2c00000, 0x00000007c0000000)
  eden space 142336K, 100% used [0x0000000795580000,0x000000079e080000,0x000000079e080000)
  from space 20480K, 99% used [0x00000007a0580000,0x00000007a19504e0,0x00000007a1980000)
  to   space 18944K, 0% used [0x00000007a1980000,0x00000007a1980000,0x00000007a2c00000)
 ParOldGen       total 72704K, used 28848K [0x0000000740000000, 0x0000000744700000, 0x0000000795580000)
  object space 72704K, 39% used [0x0000000740000000,0x0000000741c2c000,0x0000000744700000)
 Metaspace       used 21867K, capacity 22235K, committed 22528K, reserved 1069056K
  class space    used 2129K, capacity 2248K, committed 2304K, reserved 1048576K
Event: 134.937 GC heap after
Heap after GC invocations=13 (full 1):
 PSYoungGen      total 156160K, used 18785K [0x0000000795580000, 0x00000007a2c00000, 0x00000007c0000000)
  eden space 137216K, 0% used [0x0000000795580000,0x0000000795580000,0x000000079db80000)
  from space 18944K, 99% used [0x00000007a1980000,0x00000007a2bd8480,0x00000007a2c00000)
  to   space 30720K, 0% used [0x000000079f000000,0x000000079f000000,0x00000007a0e00000)
 ParOldGen       total 72704K, used 30392K [0x0000000740000000, 0x0000000744700000, 0x0000000795580000)
  object space 72704K, 41% used [0x0000000740000000,0x0000000741dae060,0x0000000744700000)
 Metaspace       used 21867K, capacity 22235K, committed 22528K, reserved 1069056K
  class space    used 2129K, capacity 2248K, committed 2304K, reserved 1048576K
}
Event: 160.590 GC heap before
{Heap before GC invocations=14 (full 1):
 PSYoungGen      total 156160K, used 156001K [0x0000000795580000, 0x00000007a2c00000, 0x00000007c0000000)
  eden space 137216K, 100% used [0x0000000795580000,0x000000079db80000,0x000000079db80000)
  from space 18944K, 99% used [0x00000007a1980000,0x00000007a2bd8480,0x00000007a2c00000)
  to   space 30720K, 0% used [0x000000079f000000,0x000000079f000000,0x00000007a0e00000)
 ParOldGen       total 72704K, used 30392K [0x0000000740000000, 0x0000000744700000, 0x0000000795580000)
  object space 72704K, 41% used [0x0000000740000000,0x0000000741dae060,0x0000000744700000)
 Metaspace       used 21867K, capacity 22235K, committed 22528K, reserved 1069056K
  class space    used 2129K, capacity 2248K, committed 2304K, reserved 1048576K
Event: 160.595 GC heap after
Heap after GC invocations=14 (full 1):
 PSYoungGen      total 151040K, used 18785K [0x0000000795580000, 0x00000007a1a00000, 0x00000007c0000000)
  eden space 132096K, 0% used [0x0000000795580000,0x0000000795580000,0x000000079d680000)
  from space 18944K, 99% used [0x000000079f000000,0x00000007a0258480,0x00000007a0280000)
  to   space 24064K, 0% used [0x00000007a0280000,0x00000007a0280000,0x00000007a1a00000)
 ParOldGen       total 72704K, used 30400K [0x0000000740000000, 0x0000000744700000, 0x0000000795580000)
  object space 72704K, 41% used [0x0000000740000000,0x0000000741db0060,0x0000000744700000)
 Metaspace       used 21867K, capacity 22235K, committed 22528K, reserved 1069056K
  class space    used 2129K, capacity 2248K, committed 2304K, reserved 1048576K
}

Deoptimization events (10 events):
Event: 177.680 Thread 0x00007fa091250000 Uncommon trap: reason=unstable_if action=reinterpret pc=0x0000000115ae6b08 method=java.util.HashMap.putVal(ILjava/lang/Object;Ljava/lang/Object;ZZ)Ljava/lang/Object; @ 81
Event: 177.681 Thread 0x00007fa0918fd800 Uncommon trap: reason=class_check action=maybe_recompile pc=0x0000000115d048a0 method=java.awt.Component.getGraphics()Ljava/awt/Graphics; @ 114
Event: 177.681 Thread 0x00007fa091925800 Uncommon trap: reason=class_check action=maybe_recompile pc=0x0000000115d12610 method=java.awt.event.InvocationEvent.dispatch()V @ 11
Event: 177.684 Thread 0x00007fa09187b800 Uncommon trap: reason=class_check action=maybe_recompile pc=0x0000000115b1a2c0 method=com.jogamp.common.util.RunnableTask.run()V @ 24
Event: 177.685 Thread 0x00007fa09187b800 Uncommon trap: reason=unstable_if action=reinterpret pc=0x0000000115a673bc method=jogamp.nativewindow.macosx.OSXUtil.RunOnMainThread(ZZLjava/lang/Runnable;)V @ 3
Event: 177.693 Thread 0x00007fa091925800 Uncommon trap: reason=unstable_if action=reinterpret pc=0x0000000115cfeaa8 method=jogamp.opengl.GLContextImpl.release(Z)V @ 161
Event: 177.696 Thread 0x00007fa091925800 Uncommon trap: reason=unstable_if action=reinterpret pc=0x0000000115cf69d0 method=java.security.AccessControlContext.optimize()Ljava/security/AccessControlContext; @ 233
Event: 177.697 Thread 0x00007fa0918fd800 Uncommon trap: reason=class_check action=maybe_recompile pc=0x0000000115d048a0 method=java.awt.Component.getGraphics()Ljava/awt/Graphics; @ 114
Event: 177.697 Thread 0x00007fa091925800 Uncommon trap: reason=class_check action=maybe_recompile pc=0x0000000115d12610 method=java.awt.event.InvocationEvent.dispatch()V @ 11
Event: 177.700 Thread 0x00007fa09187b800 Uncommon trap: reason=class_check action=maybe_recompile pc=0x0000000115b1a2c0 method=com.jogamp.common.util.RunnableTask.run()V @ 24

Internal exceptions (10 events):
Event: 0.286 Thread 0x00007fa090809800 Exception <a 'java/io/FileNotFoundException'> (0x0000000795810dd8) thrown at [/Users/java_re/workspace/8-2-build-macosx-x86_64/jdk8u131/8869/hotspot/src/share/vm/prims/jni.cpp, line 709]
Event: 0.399 Thread 0x00007fa090809800 Exception <a 'java/io/FileNotFoundException'> (0x0000000795954940) thrown at [/Users/java_re/workspace/8-2-build-macosx-x86_64/jdk8u131/8869/hotspot/src/share/vm/prims/jni.cpp, line 709]
Event: 2.725 Thread 0x00007fa0912bc800 Exception <a 'java/lang/UnsatisfiedLinkError': com.jogamp.common.util.JarUtil.fixNativeLibAttribs(Ljava/lang/String;)Z> (0x0000000796d438a8) thrown at [/Users/java_re/workspace/8-2-build-macosx-x86_64/jdk8u131/8869/hotspot/src/share/vm/prims/nativeLookup.
Event: 2.968 Thread 0x00007fa090827800 Exception <a 'java/lang/NullPointerException'> (0x00000007956a31b8) thrown at [/Users/java_re/workspace/8-2-build-macosx-x86_64/jdk8u131/8869/hotspot/src/share/vm/interpreter/linkResolver.cpp, line 1197]
Event: 3.701 Thread 0x00007fa091925800 Exception <a 'java/io/FileNotFoundException'> (0x0000000796120f38) thrown at [/Users/java_re/workspace/8-2-build-macosx-x86_64/jdk8u131/8869/hotspot/src/share/vm/prims/jni.cpp, line 709]
Event: 3.702 Thread 0x00007fa091925800 Exception <a 'java/io/FileNotFoundException'> (0x0000000796129d60) thrown at [/Users/java_re/workspace/8-2-build-macosx-x86_64/jdk8u131/8869/hotspot/src/share/vm/prims/jni.cpp, line 709]
Event: 3.702 Thread 0x00007fa091925800 Implicit null exception at 0x000000011561cb76 to 0x000000011561cf41
Event: 4.225 Thread 0x00007fa091925800 Implicit null exception at 0x0000000115820f46 to 0x000000011582118d
Event: 38.227 Thread 0x00007fa096d59000 Exception <a 'java/security/PrivilegedActionException'> (0x0000000799376a50) thrown at [/Users/java_re/workspace/8-2-build-macosx-x86_64/jdk8u131/8869/hotspot/src/share/vm/prims/jvm.cpp, line 1390]
Event: 177.664 Thread 0x00007fa091925800 Implicit null exception at 0x0000000115e75b4b to 0x0000000115e765c9

Events (10 events):
Event: 177.697 Thread 0x00007fa0918fd800 Uncommon trap: trap_request=0xffffffde fr.pc=0x0000000115d048a0
Event: 177.697 Thread 0x00007fa0918fd800 DEOPT PACKING pc=0x0000000115d048a0 sp=0x0000700001f5bca0
Event: 177.697 Thread 0x00007fa0918fd800 DEOPT UNPACKING pc=0x0000000115449229 sp=0x0000700001f5bcb0 mode 2
Event: 177.697 loading class java/awt/Window$1DisposeAction done
Event: 177.697 Thread 0x00007fa091925800 Uncommon trap: trap_request=0xffffffde fr.pc=0x0000000115d12610
Event: 177.697 Thread 0x00007fa091925800 DEOPT PACKING pc=0x0000000115d12610 sp=0x0000700002161f20
Event: 177.697 Thread 0x00007fa091925800 DEOPT UNPACKING pc=0x0000000115449229 sp=0x0000700002161f20 mode 2
Event: 177.700 Thread 0x00007fa09187b800 Uncommon trap: trap_request=0xffffffde fr.pc=0x0000000115b1a2c0
Event: 177.700 Thread 0x00007fa09187b800 DEOPT PACKING pc=0x0000000115b1a2c0 sp=0x00007fff533ce600
Event: 177.700 Thread 0x00007fa09187b800 DEOPT UNPACKING pc=0x0000000115449229 sp=0x00007fff533ce5a8 mode 2


Dynamic libraries:
0x00000000385fa000 	/System/Library/Frameworks/Cocoa.framework/Versions/A/Cocoa
0x00000000385fa000 	/System/Library/Frameworks/Security.framework/Versions/A/Security
0x00000000385fa000 	/System/Library/Frameworks/ApplicationServices.framework/Versions/A/ApplicationServices
0x00000000385fa000 	/usr/lib/libz.1.dylib
0x00000000385fa000 	/usr/lib/libSystem.B.dylib
0x00000000385fa000 	/usr/lib/libobjc.A.dylib
0x00000000385fa000 	/System/Library/Frameworks/CoreFoundation.framework/Versions/A/CoreFoundation
0x00000000385fa000 	/System/Library/Frameworks/Foundation.framework/Versions/C/Foundation
0x00000000385fa000 	/System/Library/Frameworks/AppKit.framework/Versions/C/AppKit
0x00000000385fa000 	/System/Library/Frameworks/CoreData.framework/Versions/A/CoreData
0x00000000385fa000 	/System/Library/PrivateFrameworks/RemoteViewServices.framework/Versions/A/RemoteViewServices
0x00000000385fa000 	/System/Library/PrivateFrameworks/UIFoundation.framework/Versions/A/UIFoundation
0x00000000385fa000 	/System/Library/PrivateFrameworks/DFRFoundation.framework/Versions/A/DFRFoundation
0x00000000385fa000 	/usr/lib/libenergytrace.dylib
0x00000000385fa000 	/System/Library/PrivateFrameworks/SkyLight.framework/Versions/A/SkyLight
0x00000000385fa000 	/System/Library/Frameworks/CoreGraphics.framework/Versions/A/CoreGraphics
0x00000000385fa000 	/usr/lib/libScreenReader.dylib
0x00000000385fa000 	/System/Library/Frameworks/Accelerate.framework/Versions/A/Accelerate
0x00000000385fa000 	/System/Library/Frameworks/IOSurface.framework/Versions/A/IOSurface
0x00000000385fa000 	/System/Library/Frameworks/AudioToolbox.framework/Versions/A/AudioToolbox
0x00000000385fa000 	/System/Library/Frameworks/AudioUnit.framework/Versions/A/AudioUnit
0x00000000385fa000 	/System/Library/PrivateFrameworks/DataDetectorsCore.framework/Versions/A/DataDetectorsCore
0x00000000385fa000 	/System/Library/PrivateFrameworks/DesktopServicesPriv.framework/Versions/A/DesktopServicesPriv
0x00000000385fa000 	/System/Library/Frameworks/Carbon.framework/Versions/A/Frameworks/HIToolbox.framework/Versions/A/HIToolbox
0x00000000385fa000 	/usr/lib/libicucore.A.dylib
0x00000000385fa000 	/System/Library/Frameworks/QuartzCore.framework/Versions/A/QuartzCore
0x00000000385fa000 	/System/Library/Frameworks/Carbon.framework/Versions/A/Frameworks/SpeechRecognition.framework/Versions/A/SpeechRecognition
0x00000000385fa000 	/usr/lib/libauto.dylib
0x00000000385fa000 	/usr/lib/libxml2.2.dylib
0x00000000385fa000 	/System/Library/PrivateFrameworks/CoreUI.framework/Versions/A/CoreUI
0x00000000385fa000 	/System/Library/Frameworks/CoreAudio.framework/Versions/A/CoreAudio
0x00000000385fa000 	/System/Library/Frameworks/DiskArbitration.framework/Versions/A/DiskArbitration
0x00000000385fa000 	/usr/lib/liblangid.dylib
0x00000000385fa000 	/System/Library/PrivateFrameworks/MultitouchSupport.framework/Versions/A/MultitouchSupport
0x00000000385fa000 	/System/Library/Frameworks/IOKit.framework/Versions/A/IOKit
0x00000000385fa000 	/usr/lib/libDiagnosticMessagesClient.dylib
0x00000000385fa000 	/System/Library/Frameworks/CoreServices.framework/Versions/A/CoreServices
0x00000000385fa000 	/System/Library/PrivateFrameworks/PerformanceAnalysis.framework/Versions/A/PerformanceAnalysis
0x00000000385fa000 	/System/Library/PrivateFrameworks/GenerationalStorage.framework/Versions/A/GenerationalStorage
0x00000000385fa000 	/System/Library/Frameworks/OpenGL.framework/Versions/A/OpenGL
0x00000000385fa000 	/System/Library/Frameworks/CoreImage.framework/Versions/A/CoreImage
0x00000000385fa000 	/System/Library/Frameworks/CoreText.framework/Versions/A/CoreText
0x00000000385fa000 	/System/Library/Frameworks/ImageIO.framework/Versions/A/ImageIO
0x00000000385fa000 	/System/Library/PrivateFrameworks/Backup.framework/Versions/A/Backup
0x00000000385fa000 	/usr/lib/libarchive.2.dylib
0x00000000385fa000 	/System/Library/Frameworks/CFNetwork.framework/Versions/A/CFNetwork
0x00000000385fa000 	/System/Library/Frameworks/SystemConfiguration.framework/Versions/A/SystemConfiguration
0x00000000385fa000 	/usr/lib/libCRFSuite.dylib
0x00000000385fa000 	/usr/lib/libc++.1.dylib
0x00000000385fa000 	/usr/lib/libc++abi.dylib
0x00000000385fa000 	/usr/lib/system/libcache.dylib
0x00000000385fa000 	/usr/lib/system/libcommonCrypto.dylib
0x00000000385fa000 	/usr/lib/system/libcompiler_rt.dylib
0x00000000385fa000 	/usr/lib/system/libcopyfile.dylib
0x00000000385fa000 	/usr/lib/system/libcorecrypto.dylib
0x00000000385fa000 	/usr/lib/system/libdispatch.dylib
0x00000000385fa000 	/usr/lib/system/libdyld.dylib
0x00000000385fa000 	/usr/lib/system/libkeymgr.dylib
0x00000000385fa000 	/usr/lib/system/liblaunch.dylib
0x00000000385fa000 	/usr/lib/system/libmacho.dylib
0x00000000385fa000 	/usr/lib/system/libquarantine.dylib
0x00000000385fa000 	/usr/lib/system/libremovefile.dylib
0x00000000385fa000 	/usr/lib/system/libsystem_asl.dylib
0x00000000385fa000 	/usr/lib/system/libsystem_blocks.dylib
0x00000000385fa000 	/usr/lib/system/libsystem_c.dylib
0x00000000385fa000 	/usr/lib/system/libsystem_configuration.dylib
0x00000000385fa000 	/usr/lib/system/libsystem_coreservices.dylib
0x00000000385fa000 	/usr/lib/system/libsystem_coretls.dylib
0x00000000385fa000 	/usr/lib/system/libsystem_dnssd.dylib
0x00000000385fa000 	/usr/lib/system/libsystem_info.dylib
0x00000000385fa000 	/usr/lib/system/libsystem_kernel.dylib
0x00000000385fa000 	/usr/lib/system/libsystem_m.dylib
0x00000000385fa000 	/usr/lib/system/libsystem_malloc.dylib
0x00000000385fa000 	/usr/lib/system/libsystem_network.dylib
0x00000000385fa000 	/usr/lib/system/libsystem_networkextension.dylib
0x00000000385fa000 	/usr/lib/system/libsystem_notify.dylib
0x00000000385fa000 	/usr/lib/system/libsystem_platform.dylib
0x00000000385fa000 	/usr/lib/system/libsystem_pthread.dylib
0x00000000385fa000 	/usr/lib/system/libsystem_sandbox.dylib
0x00000000385fa000 	/usr/lib/system/libsystem_secinit.dylib
0x00000000385fa000 	/usr/lib/system/libsystem_symptoms.dylib
0x00000000385fa000 	/usr/lib/system/libsystem_trace.dylib
0x00000000385fa000 	/usr/lib/system/libunwind.dylib
0x00000000385fa000 	/usr/lib/system/libxpc.dylib
0x00000000385fa000 	/usr/lib/libbsm.0.dylib
0x00000000385fa000 	/usr/lib/system/libkxld.dylib
0x00000000385fa000 	/usr/lib/libcoretls.dylib
0x00000000385fa000 	/usr/lib/libcoretls_cfhelpers.dylib
0x00000000385fa000 	/usr/lib/libOpenScriptingUtil.dylib
0x00000000385fa000 	/usr/lib/libpam.2.dylib
0x00000000385fa000 	/usr/lib/libsqlite3.dylib
0x00000000385fa000 	/usr/lib/libxar.1.dylib
0x00000000385fa000 	/usr/lib/libbz2.1.0.dylib
0x00000000385fa000 	/usr/lib/liblzma.5.dylib
0x00000000385fa000 	/usr/lib/libnetwork.dylib
0x00000000385fa000 	/usr/lib/libpcap.A.dylib
0x00000000385fa000 	/System/Library/Frameworks/CoreServices.framework/Versions/A/Frameworks/FSEvents.framework/Versions/A/FSEvents
0x00000000385fa000 	/System/Library/Frameworks/CoreServices.framework/Versions/A/Frameworks/CarbonCore.framework/Versions/A/CarbonCore
0x00000000385fa000 	/System/Library/Frameworks/CoreServices.framework/Versions/A/Frameworks/Metadata.framework/Versions/A/Metadata
0x00000000385fa000 	/System/Library/Frameworks/CoreServices.framework/Versions/A/Frameworks/OSServices.framework/Versions/A/OSServices
0x00000000385fa000 	/System/Library/Frameworks/CoreServices.framework/Versions/A/Frameworks/SearchKit.framework/Versions/A/SearchKit
0x00000000385fa000 	/System/Library/Frameworks/CoreServices.framework/Versions/A/Frameworks/AE.framework/Versions/A/AE
0x00000000385fa000 	/System/Library/Frameworks/CoreServices.framework/Versions/A/Frameworks/LaunchServices.framework/Versions/A/LaunchServices
0x00000000385fa000 	/System/Library/Frameworks/CoreServices.framework/Versions/A/Frameworks/DictionaryServices.framework/Versions/A/DictionaryServices
0x00000000385fa000 	/System/Library/Frameworks/CoreServices.framework/Versions/A/Frameworks/SharedFileList.framework/Versions/A/SharedFileList
0x00000000385fa000 	/System/Library/Frameworks/NetFS.framework/Versions/A/NetFS
0x00000000385fa000 	/System/Library/PrivateFrameworks/NetAuth.framework/Versions/A/NetAuth
0x00000000385fa000 	/System/Library/PrivateFrameworks/login.framework/Versions/A/Frameworks/loginsupport.framework/Versions/A/loginsupport
0x00000000385fa000 	/System/Library/PrivateFrameworks/TCC.framework/Versions/A/TCC
0x00000000385fa000 	/usr/lib/libmecabra.dylib
0x00000000385fa000 	/System/Library/Frameworks/ApplicationServices.framework/Versions/A/Frameworks/ATS.framework/Versions/A/ATS
0x00000000385fa000 	/System/Library/Frameworks/ApplicationServices.framework/Versions/A/Frameworks/ColorSync.framework/Versions/A/ColorSync
0x00000000385fa000 	/System/Library/Frameworks/ApplicationServices.framework/Versions/A/Frameworks/HIServices.framework/Versions/A/HIServices
0x00000000385fa000 	/System/Library/Frameworks/ApplicationServices.framework/Versions/A/Frameworks/LangAnalysis.framework/Versions/A/LangAnalysis
0x00000000385fa000 	/System/Library/Frameworks/ApplicationServices.framework/Versions/A/Frameworks/PrintCore.framework/Versions/A/PrintCore
0x00000000385fa000 	/System/Library/Frameworks/ApplicationServices.framework/Versions/A/Frameworks/QD.framework/Versions/A/QD
0x00000000385fa000 	/System/Library/Frameworks/ApplicationServices.framework/Versions/A/Frameworks/SpeechSynthesis.framework/Versions/A/SpeechSynthesis
0x00000000385fa000 	/System/Library/Frameworks/Accelerate.framework/Versions/A/Frameworks/vImage.framework/Versions/A/vImage
0x00000000385fa000 	/System/Library/Frameworks/Accelerate.framework/Versions/A/Frameworks/vecLib.framework/Versions/A/vecLib
0x00000000385fa000 	/System/Library/Frameworks/Accelerate.framework/Versions/A/Frameworks/vecLib.framework/Versions/A/libvDSP.dylib
0x00000000385fa000 	/System/Library/Frameworks/Accelerate.framework/Versions/A/Frameworks/vecLib.framework/Versions/A/libBNNS.dylib
0x00000000385fa000 	/System/Library/Frameworks/Accelerate.framework/Versions/A/Frameworks/vecLib.framework/Versions/A/libQuadrature.dylib
0x00000000385fa000 	/System/Library/Frameworks/Accelerate.framework/Versions/A/Frameworks/vecLib.framework/Versions/A/libvMisc.dylib
0x00000000385fa000 	/System/Library/Frameworks/Accelerate.framework/Versions/A/Frameworks/vecLib.framework/Versions/A/libLAPACK.dylib
0x00000000385fa000 	/System/Library/Frameworks/Accelerate.framework/Versions/A/Frameworks/vecLib.framework/Versions/A/libBLAS.dylib
0x00000000385fa000 	/System/Library/Frameworks/Accelerate.framework/Versions/A/Frameworks/vecLib.framework/Versions/A/libLinearAlgebra.dylib
0x00000000385fa000 	/System/Library/Frameworks/Accelerate.framework/Versions/A/Frameworks/vecLib.framework/Versions/A/libSparseBLAS.dylib
0x00000000385fa000 	/System/Library/Frameworks/ApplicationServices.framework/Versions/A/Frameworks/ATS.framework/Versions/A/Resources/libFontParser.dylib
0x00000000385fa000 	/System/Library/Frameworks/ApplicationServices.framework/Versions/A/Frameworks/ATS.framework/Versions/A/Resources/libFontRegistry.dylib
0x00000000385fa000 	/System/Library/Frameworks/ImageIO.framework/Versions/A/Resources/libJPEG.dylib
0x00000000385fa000 	/System/Library/Frameworks/ImageIO.framework/Versions/A/Resources/libTIFF.dylib
0x00000000385fa000 	/System/Library/Frameworks/ImageIO.framework/Versions/A/Resources/libPng.dylib
0x00000000385fa000 	/System/Library/Frameworks/ImageIO.framework/Versions/A/Resources/libGIF.dylib
0x00000000385fa000 	/System/Library/Frameworks/ImageIO.framework/Versions/A/Resources/libJP2.dylib
0x00000000385fa000 	/System/Library/Frameworks/ImageIO.framework/Versions/A/Resources/libRadiance.dylib
0x00000000385fa000 	/usr/lib/libcompression.dylib
0x00000000385fa000 	/System/Library/PrivateFrameworks/AppleJPEG.framework/Versions/A/AppleJPEG
0x00000000385fa000 	/usr/lib/libcups.2.dylib
0x00000000385fa000 	/System/Library/Frameworks/Kerberos.framework/Versions/A/Kerberos
0x00000000385fa000 	/System/Library/Frameworks/GSS.framework/Versions/A/GSS
0x00000000385fa000 	/usr/lib/libresolv.9.dylib
0x00000000385fa000 	/usr/lib/libiconv.2.dylib
0x00000000385fa000 	/System/Library/PrivateFrameworks/Heimdal.framework/Versions/A/Heimdal
0x00000000385fa000 	/usr/lib/libheimdal-asn1.dylib
0x00000000385fa000 	/System/Library/Frameworks/OpenDirectory.framework/Versions/A/OpenDirectory
0x00000000385fa000 	/System/Library/PrivateFrameworks/CommonAuth.framework/Versions/A/CommonAuth
0x00000000385fa000 	/System/Library/Frameworks/OpenDirectory.framework/Versions/A/Frameworks/CFOpenDirectory.framework/Versions/A/CFOpenDirectory
0x00000000385fa000 	/System/Library/Frameworks/SecurityFoundation.framework/Versions/A/SecurityFoundation
0x00000000385fa000 	/System/Library/PrivateFrameworks/LanguageModeling.framework/Versions/A/LanguageModeling
0x00000000385fa000 	/usr/lib/libmarisa.dylib
0x00000000385fa000 	/usr/lib/libChineseTokenizer.dylib
0x00000000385fa000 	/usr/lib/libcmph.dylib
0x00000000385fa000 	/System/Library/PrivateFrameworks/CoreEmoji.framework/Versions/A/CoreEmoji
0x00000000385fa000 	/System/Library/Frameworks/ServiceManagement.framework/Versions/A/ServiceManagement
0x00000000385fa000 	/usr/lib/libxslt.1.dylib
0x00000000385fa000 	/System/Library/Frameworks/Carbon.framework/Versions/A/Frameworks/Ink.framework/Versions/A/Ink
0x00000000385fa000 	/System/Library/PrivateFrameworks/TextureIO.framework/Versions/A/TextureIO
0x00000000385fa000 	/System/Library/Frameworks/Metal.framework/Versions/A/Metal
0x00000000385fa000 	/usr/lib/libate.dylib
0x00000000385fa000 	/System/Library/PrivateFrameworks/GPUCompiler.framework/libmetal_timestamp.dylib
0x00000000385fa000 	/System/Library/Frameworks/OpenGL.framework/Versions/A/Libraries/libCoreFSCache.dylib
0x00000000385fa000 	/System/Library/PrivateFrameworks/IOAccelerator.framework/Versions/A/IOAccelerator
0x00000000385fa000 	/System/Library/Frameworks/CoreVideo.framework/Versions/A/CoreVideo
0x00000000385fa000 	/usr/lib/libFosl_dynamic.dylib
0x00000000385fa000 	/System/Library/PrivateFrameworks/MetalPerformanceShaders.framework/Versions/A/MetalPerformanceShaders
0x00000000385fa000 	/System/Library/PrivateFrameworks/FaceCore.framework/Versions/A/FaceCore
0x00000000385fa000 	/System/Library/Frameworks/OpenCL.framework/Versions/A/OpenCL
0x00000000385fa000 	/System/Library/Frameworks/OpenGL.framework/Versions/A/Libraries/libGLU.dylib
0x00000000385fa000 	/System/Library/Frameworks/OpenGL.framework/Versions/A/Libraries/libGFXShared.dylib
0x00000000385fa000 	/System/Library/Frameworks/OpenGL.framework/Versions/A/Libraries/libGL.dylib
0x00000000385fa000 	/System/Library/Frameworks/OpenGL.framework/Versions/A/Libraries/libGLImage.dylib
0x00000000385fa000 	/System/Library/Frameworks/OpenGL.framework/Versions/A/Libraries/libCVMSPluginSupport.dylib
0x00000000385fa000 	/System/Library/Frameworks/OpenGL.framework/Versions/A/Libraries/libCoreVMClient.dylib
0x00000000385fa000 	/System/Library/PrivateFrameworks/CrashReporterSupport.framework/Versions/A/CrashReporterSupport
0x00000000385fa000 	/System/Library/PrivateFrameworks/Sharing.framework/Versions/A/Sharing
0x00000000385fa000 	/System/Library/PrivateFrameworks/IconServices.framework/Versions/A/IconServices
0x00000000385fa000 	/System/Library/PrivateFrameworks/ProtocolBuffer.framework/Versions/A/ProtocolBuffer
0x00000000385fa000 	/System/Library/PrivateFrameworks/Apple80211.framework/Versions/A/Apple80211
0x00000000385fa000 	/System/Library/Frameworks/CoreWLAN.framework/Versions/A/CoreWLAN
0x00000000385fa000 	/System/Library/PrivateFrameworks/CoreUtils.framework/Versions/A/CoreUtils
0x00000000385fa000 	/System/Library/Frameworks/IOBluetooth.framework/Versions/A/IOBluetooth
0x00000000385fa000 	/System/Library/PrivateFrameworks/CoreWiFi.framework/Versions/A/CoreWiFi
0x00000000385fa000 	/System/Library/Frameworks/CoreBluetooth.framework/Versions/A/CoreBluetooth
0x00000000385fa000 	/System/Library/Frameworks/CoreDisplay.framework/Versions/A/CoreDisplay
0x00000000385fa000 	/System/Library/PrivateFrameworks/IOPresentment.framework/Versions/A/IOPresentment
0x00000000385fa000 	/System/Library/PrivateFrameworks/DSExternalDisplay.framework/Versions/A/DSExternalDisplay
0x00000000385fa000 	/System/Library/PrivateFrameworks/DebugSymbols.framework/Versions/A/DebugSymbols
0x00000000385fa000 	/System/Library/PrivateFrameworks/CoreSymbolication.framework/Versions/A/CoreSymbolication
0x00000000385fa000 	/System/Library/PrivateFrameworks/Symbolication.framework/Versions/A/Symbolication
0x00000000385fa000 	/System/Library/PrivateFrameworks/AppleFSCompression.framework/Versions/A/AppleFSCompression
0x00000000385fa000 	/System/Library/PrivateFrameworks/SpeechRecognitionCore.framework/Versions/A/SpeechRecognitionCore
0x00000000385fa000 	/System/Library/PrivateFrameworks/ChunkingLibrary.framework/Versions/A/ChunkingLibrary
0x000000010d200000 	/Library/Java/JavaVirtualMachines/jdk1.8.0_131.jdk/Contents/Home/jre/lib/server/libjvm.dylib
0x00000000385fa000 	/usr/lib/libstdc++.6.dylib
0x000000010c8aa000 	/Library/Java/JavaVirtualMachines/jdk1.8.0_131.jdk/Contents/Home/jre/lib/libverify.dylib
0x000000010c8b8000 	/Library/Java/JavaVirtualMachines/jdk1.8.0_131.jdk/Contents/Home/jre/lib/libjava.dylib
0x000000010c8f7000 	/Library/Java/JavaVirtualMachines/jdk1.8.0_131.jdk/Contents/Home/jre/lib/libzip.dylib
0x0000000114a0a000 	/System/Library/Frameworks/JavaVM.framework/Frameworks/JavaRuntimeSupport.framework/JavaRuntimeSupport
0x0000000114a24000 	/System/Library/Frameworks/JavaVM.framework/Versions/A/Frameworks/JavaNativeFoundation.framework/Versions/A/JavaNativeFoundation
0x0000000114a39000 	/System/Library/Frameworks/JavaVM.framework/Versions/A/JavaVM
0x00000000385fa000 	/System/Library/Frameworks/Carbon.framework/Versions/A/Carbon
0x0000000114a46000 	/System/Library/PrivateFrameworks/JavaLaunching.framework/Versions/A/JavaLaunching
0x00000000385fa000 	/System/Library/Frameworks/Carbon.framework/Versions/A/Frameworks/CommonPanels.framework/Versions/A/CommonPanels
0x00000000385fa000 	/System/Library/Frameworks/Carbon.framework/Versions/A/Frameworks/Help.framework/Versions/A/Help
0x00000000385fa000 	/System/Library/Frameworks/Carbon.framework/Versions/A/Frameworks/ImageCapture.framework/Versions/A/ImageCapture
0x00000000385fa000 	/System/Library/Frameworks/Carbon.framework/Versions/A/Frameworks/OpenScripting.framework/Versions/A/OpenScripting
0x00000000385fa000 	/System/Library/Frameworks/Carbon.framework/Versions/A/Frameworks/Print.framework/Versions/A/Print
0x00000000385fa000 	/System/Library/Frameworks/Carbon.framework/Versions/A/Frameworks/SecurityHI.framework/Versions/A/SecurityHI
0x0000000114a9a000 	/Library/Java/JavaVirtualMachines/jdk1.8.0_131.jdk/Contents/Home/jre/lib/libawt.dylib
0x0000000114b42000 	/Library/Java/JavaVirtualMachines/jdk1.8.0_131.jdk/Contents/Home/jre/lib/./libmlib_image.dylib
0x0000000114c0e000 	/Library/Java/JavaVirtualMachines/jdk1.8.0_131.jdk/Contents/Home/jre/lib/libawt_lwawt.dylib
0x0000000114cc5000 	/Library/Java/JavaVirtualMachines/jdk1.8.0_131.jdk/Contents/Home/jre/lib/./libosxapp.dylib
0x00000000385fa000 	/System/Library/Frameworks/ExceptionHandling.framework/Versions/A/ExceptionHandling
0x00000000385fa000 	/System/Library/PrivateFrameworks/CoreServicesInternal.framework/Versions/A/CoreServicesInternal
0x00000000385fa000 	/System/Library/CoreServices/RawCamera.bundle/Contents/MacOS/RawCamera
0x00000000385fa000 	/System/Library/Frameworks/Accelerate.framework/Versions/A/Frameworks/vImage.framework/Versions/A/Libraries/libCGInterfaces.dylib
0x00000000385fa000 	/System/Library/Frameworks/ApplicationServices.framework/Versions/A/Frameworks/ATS.framework/Versions/A/Resources/libTrueTypeScaler.dylib
0x000000012743c000 	/System/Library/Frameworks/OpenGL.framework/Resources/GLEngine.bundle/GLEngine
0x00000000385fa000 	/System/Library/Frameworks/OpenGL.framework/Versions/A/Libraries/libGLProgrammability.dylib
0x0000000127621000 	/System/Library/Extensions/AppleIntelSKLGraphicsGLDriver.bundle/Contents/MacOS/AppleIntelSKLGraphicsGLDriver
0x00000000385fa000 	/System/Library/PrivateFrameworks/GPUSupport.framework/Versions/A/Libraries/libGPUSupportMercury.dylib
0x00000001283a5000 	/System/Library/Frameworks/OpenGL.framework/Resources//GLRendererFloat.bundle/GLRendererFloat
0x00000000385fa000 	/System/Library/Frameworks/OpenCL.framework/Versions/A/Libraries/libcldcpuengine.dylib
0x00000000385fa000 	/usr/lib/libcrypto.0.9.8.dylib
0x00000000385fa000 	/System/Library/PrivateFrameworks/TrustEvaluationAgent.framework/Versions/A/TrustEvaluationAgent
0x00000001283d9000 	/System/Library/Extensions/AppleIntelSKLGraphicsMTLDriver.bundle/Contents/MacOS/AppleIntelSKLGraphicsMTLDriver
0x00000000385fa000 	/System/Library/PrivateFrameworks/FamilyControls.framework/Versions/A/FamilyControls
0x00000000385fa000 	/System/Library/PrivateFrameworks/CommerceKit.framework/Versions/A/Frameworks/CommerceCore.framework/Versions/A/CommerceCore
0x00000000385fa000 	/System/Library/PrivateFrameworks/SystemAdministration.framework/Versions/A/SystemAdministration
0x00000000385fa000 	/System/Library/PrivateFrameworks/AppContainer.framework/Versions/A/AppContainer
0x00000000385fa000 	/System/Library/PrivateFrameworks/SecCodeWrapper.framework/Versions/A/SecCodeWrapper
0x00000000385fa000 	/System/Library/Frameworks/DirectoryService.framework/Versions/A/DirectoryService
0x00000000385fa000 	/System/Library/PrivateFrameworks/DiskImages.framework/Versions/A/DiskImages
0x00000000385fa000 	/System/Library/PrivateFrameworks/LoginUIKit.framework/Versions/A/Frameworks/LoginUICore.framework/Versions/A/LoginUICore
0x00000000385fa000 	/usr/lib/libCoreStorage.dylib
0x00000000385fa000 	/usr/lib/libcsfde.dylib
0x00000000385fa000 	/usr/lib/libodfde.dylib
0x00000000385fa000 	/System/Library/Frameworks/DiscRecording.framework/Versions/A/DiscRecording
0x00000000385fa000 	/usr/lib/libcurl.4.dylib
0x00000000385fa000 	/System/Library/PrivateFrameworks/MediaKit.framework/Versions/A/MediaKit
0x00000000385fa000 	/System/Library/PrivateFrameworks/ProtectedCloudStorage.framework/Versions/A/ProtectedCloudStorage
0x00000000385fa000 	/System/Library/PrivateFrameworks/EFILogin.framework/Versions/A/EFILogin
0x00000000385fa000 	/usr/lib/libutil.dylib
0x00000000385fa000 	/System/Library/Frameworks/LDAP.framework/Versions/A/LDAP
0x00000000385fa000 	/usr/lib/libsasl2.2.dylib
0x00000000385fa000 	/System/Library/PrivateFrameworks/CoreDaemon.framework/Versions/B/CoreDaemon
0x00000000385fa000 	/System/Library/PrivateFrameworks/AppleSRP.framework/Versions/A/AppleSRP
0x00000000385fa000 	/System/Library/PrivateFrameworks/APFS.framework/Versions/A/APFS
0x000000012a28b000 	/Library/Java/JavaVirtualMachines/jdk1.8.0_131.jdk/Contents/Home/jre/lib/libfontmanager.dylib
0x00000000385fa000 	/System/Library/PrivateFrameworks/ViewBridge.framework/Versions/A/ViewBridge
0x00000000385fa000 	/System/Library/PrivateFrameworks/XPCService.framework/Versions/A/XPCService
0x00000000385fa000 	/System/Library/PrivateFrameworks/AppSandbox.framework/Versions/A/AppSandbox
0x00000000385fa000 	/usr/lib/libsandbox.1.dylib
0x00000000385fa000 	/usr/lib/libMatch.1.dylib
0x000000012b35a000 	/Library/Java/JavaVirtualMachines/jdk1.8.0_131.jdk/Contents/Home/jre/lib/libosxui.dylib
0x000000012c4bd000 	/Library/Java/JavaVirtualMachines/jdk1.8.0_131.jdk/Contents/Home/jre/lib/libnet.dylib
0x000000012c2cf000 	/Library/Java/JavaVirtualMachines/jdk1.8.0_131.jdk/Contents/Home/jre/lib/libnio.dylib
0x000000012b3e7000 	/private/var/folders/lr/vg0t0wxx3tg6yq252w_p67_00000gn/T/jogamp_0000/file_cache/jln4148351281954681154/jln3179681089347258216/libgluegen-rt.jnilib
0x000000012b357000 	/private/var/folders/lr/vg0t0wxx3tg6yq252w_p67_00000gn/T/jogamp_0000/file_cache/jln4148351281954681154/jln3179681089347258216/libnativewindow_awt.jnilib
0x000000012b3eb000 	/Library/Java/JavaVirtualMachines/jdk1.8.0_131.jdk/Contents/Home/jre/lib/libjawt.dylib
0x00000001150f6000 	/private/var/folders/lr/vg0t0wxx3tg6yq252w_p67_00000gn/T/jogamp_0000/file_cache/jln4148351281954681154/jln3179681089347258216/libnativewindow_macosx.jnilib
0x000000019b98c000 	/private/var/folders/lr/vg0t0wxx3tg6yq252w_p67_00000gn/T/jogamp_0000/file_cache/jln4148351281954681154/jln3179681089347258216/libjogl_desktop.jnilib
0x00000001273ab000 	/Library/Java/JavaVirtualMachines/jdk1.8.0_131.jdk/Contents/Home/jre/lib/libt2k.dylib
0x0000000127193000 	/Library/Java/JavaVirtualMachines/jdk1.8.0_131.jdk/Contents/Home/jre/lib/libjpeg.dylib

VM Arguments:
jvm_args: -Djava.security.policy=java.policy.applet -Dfile.encoding=UTF-8 
java_command: sun.applet.AppletViewer module6.EarthquakeCityMap1500271614996.html
java_class_path (initial): /Users/sravanjr/Documents/College Classes/Eclipse Practice/UCSDUnfoldingMaps/build:/Users/sravanjr/Documents/College Classes/Eclipse Practice/UCSDUnfoldingMaps/lib/core.jar:/Users/sravanjr/Documents/College Classes/Eclipse Practice/UCSDUnfoldingMaps/lib/gluegen-rt.jar:/Users/sravanjr/Documents/College Classes/Eclipse Practice/UCSDUnfoldingMaps/lib/jogl-all.jar:/Users/sravanjr/Documents/College Classes/Eclipse Practice/UCSDUnfoldingMaps/lib/log4j-1.2.15.jar:/Users/sravanjr/Documents/College Classes/Eclipse Practice/UCSDUnfoldingMaps/lib/sqlite-jdbc-3.7.2.jar:/Users/sravanjr/Documents/College Classes/Eclipse Practice/UCSDUnfoldingMaps/lib/json4processing.jar:/Users/sravanjr/Documents/College Classes/Eclipse Practice/UCSDUnfoldingMaps/lib/libTUIO.jar:/Users/sravanjr/Documents/College Classes/Eclipse Practice/UCSDUnfoldingMaps/lib/unfolding.0.9.7-uscd.jar
Launcher Type: SUN_STANDARD

Environment Variables:
PATH=/usr/bin:/bin:/usr/sbin:/sbin
SHELL=/bin/bash

Signal Handlers:
SIGSEGV: [libjvm.dylib+0x5b1eb1], sa_mask[0]=11111111011111110111111111111111, sa_flags=SA_ONSTACK|SA_RESTART|SA_SIGINFO
SIGBUS: [libjvm.dylib+0x5b1eb1], sa_mask[0]=11111111011111110111111111111111, sa_flags=SA_RESTART|SA_SIGINFO
SIGFPE: [libjvm.dylib+0x488988], sa_mask[0]=11111111011111110111111111111111, sa_flags=SA_RESTART|SA_SIGINFO
SIGPIPE: [libjvm.dylib+0x488988], sa_mask[0]=11111111011111110111111111111111, sa_flags=SA_RESTART|SA_SIGINFO
SIGXFSZ: [libjvm.dylib+0x488988], sa_mask[0]=11111111011111110111111111111111, sa_flags=SA_RESTART|SA_SIGINFO
SIGILL: [libjvm.dylib+0x488988], sa_mask[0]=11111111011111110111111111111111, sa_flags=SA_RESTART|SA_SIGINFO
SIGUSR1: SIG_DFL, sa_mask[0]=00000000000000000000000000000000, sa_flags=none
SIGUSR2: [libjvm.dylib+0x4884a6], sa_mask[0]=00100000000000000000000000000000, sa_flags=SA_RESTART|SA_SIGINFO
SIGHUP: [libjvm.dylib+0x486a7d], sa_mask[0]=11111111011111110111111111111111, sa_flags=SA_RESTART|SA_SIGINFO
SIGINT: [libjvm.dylib+0x486a7d], sa_mask[0]=11111111011111110111111111111111, sa_flags=SA_RESTART|SA_SIGINFO
SIGTERM: [libjvm.dylib+0x486a7d], sa_mask[0]=11111111011111110111111111111111, sa_flags=SA_RESTART|SA_SIGINFO
SIGQUIT: [libjvm.dylib+0x486a7d], sa_mask[0]=11111111011111110111111111111111, sa_flags=SA_RESTART|SA_SIGINFO


---------------  S Y S T E M  ---------------

OS:Bsduname:Darwin 16.6.0 Darwin Kernel Version 16.6.0: Fri Apr 14 16:21:16 PDT 2017; root:xnu-3789.60.24~6/RELEASE_X86_64 x86_64
rlimit: STACK 8192k, CORE 0k, NPROC 709, NOFILE 10240, AS infinity
load average:1.69 1.69 1.65

CPU:total 4 (initial active 4) (2 cores per cpu, 2 threads per core) family 6 model 78 stepping 3, cmov, cx8, fxsr, mmx, sse, sse2, sse3, ssse3, sse4.1, sse4.2, popcnt, avx, avx2, aes, clmul, erms, rtm, 3dnowpref, lzcnt, ht, tsc, tscinvbit, bmi1, bmi2, adx

Memory: 4k page, physical 8388608k(147604k free)

/proc/meminfo:


vm_info: Java HotSpot(TM) 64-Bit Server VM (25.131-b11) for bsd-amd64 JRE (1.8.0_131-b11), built on Mar 15 2017 01:32:22 by "java_re" with gcc 4.2.1 (Based on Apple Inc. build 5658) (LLVM build 2336.11.00)

time: Sun Jul 16 23:09:52 2017
elapsed time: 177 seconds (0d 0h 2m 57s)

