#
# A fatal error has been detected by the Java Runtime Environment:
#
#  SIGSEGV (0xb) at pc=0x00007fff8cea705d, pid=6199, tid=0x0000000000000307
#
# JRE version: Java(TM) SE Runtime Environment (8.0_131-b11) (build 1.8.0_131-b11)
# Java VM: Java HotSpot(TM) 64-Bit Server VM (25.131-b11 mixed mode bsd-amd64 compressed oops)
# Problematic frame:
# C  [libobjc.A.dylib+0x705d]  objc_msgSend+0x1d
#
# Failed to write core dump. Core dumps have been disabled. To enable core dumping, try "ulimit -c unlimited" before starting Java again
#
# If you would like to submit a bug report, please visit:
#   http://bugreport.java.com/bugreport/crash.jsp
# The crash happened outside the Java Virtual Machine in native code.
# See problematic frame for where to report the bug.
#

---------------  T H R E A D  ---------------

Current thread (0x00007f9e56858800):  JavaThread "AWT-AppKit" daemon [_thread_in_native, id=775, stack(0x00007fff530ff000,0x00007fff538ff000)]

siginfo: si_signo: 11 (SIGSEGV), si_code: 1 (SEGV_MAPERR), si_addr: 0x0000000000000018

Registers:
RAX=0x00007f9e5c3cd1a0, RBX=0x000000012aea7450, RCX=0x00007f9e58e000e0, RDX=0x0000000000000000
RSP=0x00007fff538fa298, RBP=0x00007fff538fa350, RSI=0x00007fff76741116, RDI=0x00007f9e56585990
R8 =0x0000000000000018, R9 =0x00007f9e58e00060, R10=0x0000000000000000, R11=0x00007fff76741116
R12=0x0000000000000000, R13=0x0000000199a64568, R14=0x000000012aea7440, R15=0x00007f9e56858800
RIP=0x00007fff8cea705d, EFLAGS=0x0000000000010246, ERR=0x0000000000000004
  TRAPNO=0x000000000000000e

Top of Stack: (sp=0x00007fff538fa298)
0x00007fff538fa298:   000000012aea5157 00007fff538fa2f0
0x00007fff538fa2a8:   0000000000000003 00007fff538fa2d0
0x00007fff538fa2b8:   000000010c5716d2 0000000199a64568
0x00007fff538fa2c8:   0000000199a64568 00007f9e5c3cd1a0
0x00007fff538fa2d8:   000000012aea76a0 000000012aea7710
0x00007fff538fa2e8:   00007fff92f0b6d0 00007fff93b3b1e0
0x00007fff538fa2f8:   000000012aea7450 000000012aea7690
0x00007fff538fa308:   00007f9e5c3cd1a0 00007f9e56585990
0x00007fff538fa318:   00007f9e56536dc0 00007f9e5c3cd1a0
0x00007fff538fa328:   00007f9e56585990 00007fff538fa3d8
0x00007fff538fa338:   00007f9e568589f8 0000000199a64568
0x00007fff538fa348:   00007fff538fa400 00007fff538fa3c8
0x00007fff538fa358:   000000011a6949f4 0000000199a64568
0x00007fff538fa368:   00007fff538fa400 00007fff538fa3c8
0x00007fff538fa378:   000000011a694787 000000011a694742
0x00007fff538fa388:   00007fff538fa388 0000000199a64568
0x00007fff538fa398:   00007fff538fa400 0000000199982ec8
0x00007fff538fa3a8:   0000000000000000 0000000199a64568
0x00007fff538fa3b8:   0000000000000000 00007fff538fa3e8
0x00007fff538fa3c8:   00007fff538fa448 000000011a6852bd
0x00007fff538fa3d8:   000000074049c3f0 000000011a68e538
0x00007fff538fa3e8:   00007f9e5c3cd1a0 00007fff538fa448
0x00007fff538fa3f8:   00007f9e56585990 000000011a68fe02
0x00007fff538fa408:   00007fff538fa408 0000000199a64732
0x00007fff538fa418:   00007fff538fa470 0000000199982ec8
0x00007fff538fa428:   0000000000000000 0000000199a64740
0x00007fff538fa438:   00007fff538fa3e8 00007fff538fa458
0x00007fff538fa448:   00007fff538fa4b8 000000011a6852bd
0x00007fff538fa458:   00007f9e5c3cd1a0 000000074033ff08
0x00007fff538fa468:   00007f9e56585990 000000074033ff08
0x00007fff538fa478:   00007fff538fa478 000000019c88f556
0x00007fff538fa488:   00007fff538fa4c8 000000019c88f610 

Instructions: (pc=0x00007fff8cea705d)
0x00007fff8cea703d:   0f 1f 00 48 85 ff 2e 74 62 40 f6 c7 01 2e 75 66
0x00007fff8cea704d:   49 ba f8 ff ff ff ff 7f 00 00 4c 23 17 49 89 f3
0x00007fff8cea705d:   45 23 5a 18 49 c1 e3 04 4d 03 5a 10 49 3b 33 75
0x00007fff8cea706d:   04 41 ff 63 08 49 83 3b 01 76 0d 49 83 c3 10 49 

Register to memory mapping:

RAX=0x00007f9e5c3cd1a0 is an unknown value
RBX=0x000000012aea7450: Java_jogamp_nativewindow_macosx_OSXUtil_GetScreenRefreshRate0+0x1cf0 in /private/var/folders/lr/vg0t0wxx3tg6yq252w_p67_00000gn/T/jogamp_0000/file_cache/jln1385408782197094140/jln1896723080085069197/libnativewindow_macosx.jnilib at 0x000000012aea0000
RCX=0x00007f9e58e000e0 is an unknown value
RDX=0x0000000000000000 is an unknown value
RSP=0x00007fff538fa298 is pointing into the stack for thread: 0x00007f9e56858800
RBP=0x00007fff538fa350 is pointing into the stack for thread: 0x00007f9e56858800
RSI=0x00007fff76741116: __NSStyleNameIndexTable+0x7fd5e in /System/Library/Frameworks/AppKit.framework/Versions/C/AppKit at 0x00007fff75ad4000
RDI=0x00007f9e56585990 is an unknown value
R8 =0x0000000000000018 is an unknown value
R9 =0x00007f9e58e00060 is an unknown value
R10=0x0000000000000000 is an unknown value
R11=0x00007fff76741116: __NSStyleNameIndexTable+0x7fd5e in /System/Library/Frameworks/AppKit.framework/Versions/C/AppKit at 0x00007fff75ad4000
R12=0x0000000000000000 is an unknown value
R13={method} {0x0000000199a64568} 'UnsetJAWTRootSurfaceLayer0' '(JJ)V' in 'jogamp/nativewindow/jawt/macosx/MacOSXJAWTWindow'
R14=0x000000012aea7440: Java_jogamp_nativewindow_macosx_OSXUtil_GetScreenRefreshRate0+0x1ce0 in /private/var/folders/lr/vg0t0wxx3tg6yq252w_p67_00000gn/T/jogamp_0000/file_cache/jln1385408782197094140/jln1896723080085069197/libnativewindow_macosx.jnilib at 0x000000012aea0000
R15=0x00007f9e56858800 is a thread


Stack: [0x00007fff530ff000,0x00007fff538ff000],  sp=0x00007fff538fa298,  free space=8172k
Native frames: (J=compiled Java code, j=interpreted, Vv=VM code, C=native code)
C  [libobjc.A.dylib+0x705d]  objc_msgSend+0x1d
j  jogamp.nativewindow.jawt.macosx.MacOSXJAWTWindow.UnsetJAWTRootSurfaceLayer0(JJ)V+0
j  jogamp.nativewindow.jawt.macosx.MacOSXJAWTWindow.access$200(JJ)V+2
j  jogamp.nativewindow.jawt.macosx.MacOSXJAWTWindow$1.run()V+38
J 2780 C1 com.jogamp.common.util.RunnableTask.run()V (345 bytes) @ 0x000000011aed9f74 [0x000000011aed9de0+0x194]
v  ~StubRoutines::call_stub
V  [libjvm.dylib+0x2ee5b6]  JavaCalls::call_helper(JavaValue*, methodHandle*, JavaCallArguments*, Thread*)+0x6ae
V  [libjvm.dylib+0x325765]  jni_invoke_nonstatic(JNIEnv_*, JavaValue*, _jobject*, JNICallType, _jmethodID*, JNI_ArgumentPusher*, Thread*)+0x2ec
V  [libjvm.dylib+0x317f33]  jni_CallVoidMethod+0x16b
C  [libnativewindow_macosx.jnilib+0x5326]  Java_jogamp_nativewindow_jawt_macosx_MacOSXJAWTWindow_UnsetJAWTRootSurfaceLayer0+0x2b6
C  [Foundation+0x717ba]  __NSThreadPerformPerform+0x146
C  [CoreFoundation+0xa7321]  __CFRUNLOOP_IS_CALLING_OUT_TO_A_SOURCE0_PERFORM_FUNCTION__+0x11
C  [CoreFoundation+0x8821d]  __CFRunLoopDoSources0+0x22d
C  [CoreFoundation+0x87716]  __CFRunLoopRun+0x3a6
C  [CoreFoundation+0x87114]  CFRunLoopRunSpecific+0x1a4
C  [HIToolbox+0x30ebc]  RunCurrentEventLoopInMode+0xf0
C  [HIToolbox+0x30bf9]  ReceiveNextEventCommon+0xb8
C  [HIToolbox+0x30b26]  _BlockUntilNextEventMatchingListInModeWithFilter+0x47
C  [AppKit+0x46a54]  _DPSNextEvent+0x460
C  [AppKit+0x7c27ee]  -[NSApplication(NSEvent) _nextEventMatchingEventMask:untilDate:inMode:dequeue:]+0xaec
C  [libosxapp.dylib+0x23aa]  -[NSApplicationAWT nextEventMatchingMask:untilDate:inMode:dequeue:]+0x7c
C  [AppKit+0x3b3db]  -[NSApplication run]+0x39e
C  [libosxapp.dylib+0x214d]  +[NSApplicationAWT runAWTLoopWithApp:]+0x9c
C  [libawt_lwawt.dylib+0x45edf]  -[AWTStarter starter:]+0x389
C  [Foundation+0x717ba]  __NSThreadPerformPerform+0x146
C  [CoreFoundation+0xa7321]  __CFRUNLOOP_IS_CALLING_OUT_TO_A_SOURCE0_PERFORM_FUNCTION__+0x11
C  [CoreFoundation+0x8821d]  __CFRunLoopDoSources0+0x22d
C  [CoreFoundation+0x87716]  __CFRunLoopRun+0x3a6
C  [CoreFoundation+0x87114]  CFRunLoopRunSpecific+0x1a4
C  [java+0x6465]  CreateExecutionEnvironment+0x367
C  [java+0x218c]  JLI_Launch+0x7a0
C  [java+0x84c2]  main+0x65
C  [java+0x19e4]  start+0x34
C  0x0000000000000007

Java frames: (J=compiled Java code, j=interpreted, Vv=VM code)
j  jogamp.nativewindow.jawt.macosx.MacOSXJAWTWindow.UnsetJAWTRootSurfaceLayer0(JJ)V+0
j  jogamp.nativewindow.jawt.macosx.MacOSXJAWTWindow.access$200(JJ)V+2
j  jogamp.nativewindow.jawt.macosx.MacOSXJAWTWindow$1.run()V+38
J 2780 C1 com.jogamp.common.util.RunnableTask.run()V (345 bytes) @ 0x000000011aed9f74 [0x000000011aed9de0+0x194]
v  ~StubRoutines::call_stub

---------------  P R O C E S S  ---------------

Java Threads: ( => current thread )
  0x00007f9e57219000 JavaThread "Thread-19" [_thread_blocked, id=71959, stack(0x0000700004d80000,0x0000700004e80000)]
  0x00007f9e57ce9000 JavaThread "Image Fetcher 2" daemon [_thread_blocked, id=74755, stack(0x0000700005495000,0x0000700005595000)]
  0x00007f9e56878000 JavaThread "Image Fetcher 1" daemon [_thread_blocked, id=74243, stack(0x0000700005392000,0x0000700005492000)]
  0x00007f9e587a0800 JavaThread "Image Fetcher 0" daemon [_thread_blocked, id=73731, stack(0x000070000528f000,0x000070000538f000)]
  0x00007f9e5cae2800 JavaThread "Keep-Alive-Timer" daemon [_thread_blocked, id=73219, stack(0x000070000518c000,0x000070000528c000)]
  0x00007f9e58031000 JavaThread "AWT-EventQueue-1" [_thread_in_native, id=5655, stack(0x0000700004c7d000,0x0000700004d7d000)]
  0x00007f9e5719a800 JavaThread "DestroyJavaVM" [_thread_blocked, id=7171, stack(0x00007000035b2000,0x00007000036b2000)]
  0x00007f9e571d9000 JavaThread "AWT-EventQueue-0" [_thread_blocked, id=64531, stack(0x0000700004a77000,0x0000700004b77000)]
  0x00007f9e5712b000 JavaThread "Java2D Disposer" daemon [_thread_blocked, id=60687, stack(0x00007000047ee000,0x00007000048ee000)]
  0x00007f9e579a9000 JavaThread "Java2D Queue Flusher" daemon [_thread_blocked, id=54023, stack(0x00007000046eb000,0x00007000047eb000)]
  0x00007f9e580b7800 JavaThread "AWT-Shutdown" [_thread_blocked, id=29471, stack(0x000070000445f000,0x000070000455f000)]
=>0x00007f9e56858800 JavaThread "AWT-AppKit" daemon [_thread_in_native, id=775, stack(0x00007fff530ff000,0x00007fff538ff000)]
  0x00007f9e58037800 JavaThread "Service Thread" daemon [_thread_blocked, id=18435, stack(0x00007000041d6000,0x00007000042d6000)]
  0x00007f9e5703f800 JavaThread "C1 CompilerThread2" daemon [_thread_blocked, id=17923, stack(0x00007000040d3000,0x00007000041d3000)]
  0x00007f9e57025800 JavaThread "C2 CompilerThread1" daemon [_thread_blocked, id=17411, stack(0x0000700003fd0000,0x00007000040d0000)]
  0x00007f9e56851000 JavaThread "C2 CompilerThread0" daemon [_thread_blocked, id=16899, stack(0x0000700003ecd000,0x0000700003fcd000)]
  0x00007f9e57030800 JavaThread "Signal Dispatcher" daemon [_thread_blocked, id=16387, stack(0x0000700003dca000,0x0000700003eca000)]
  0x00007f9e57022000 JavaThread "Finalizer" daemon [_thread_blocked, id=12547, stack(0x0000700003cc7000,0x0000700003dc7000)]
  0x00007f9e56844800 JavaThread "Reference Handler" daemon [_thread_blocked, id=12035, stack(0x0000700003bc4000,0x0000700003cc4000)]

Other Threads:
  0x00007f9e5701f800 VMThread [stack: 0x0000700003ac1000,0x0000700003bc1000] [id=11523]
  0x00007f9e5781a800 WatcherThread [stack: 0x00007000042d9000,0x00007000043d9000] [id=18947]

VM state:not at safepoint (normal execution)

VM Mutex/Monitor currently owned by a thread: None

Heap:
 PSYoungGen      total 55808K, used 29424K [0x0000000795580000, 0x0000000799180000, 0x00000007c0000000)
  eden space 50688K, 48% used [0x0000000795580000,0x0000000796d43cc0,0x0000000798700000)
  from space 5120K, 99% used [0x0000000798c00000,0x00000007990f85d0,0x0000000799100000)
  to   space 5120K, 0% used [0x0000000798700000,0x0000000798700000,0x0000000798c00000)
 ParOldGen       total 46080K, used 17127K [0x0000000740000000, 0x0000000742d00000, 0x0000000795580000)
  object space 46080K, 37% used [0x0000000740000000,0x00000007410b9c88,0x0000000742d00000)
 Metaspace       used 24695K, capacity 25069K, committed 25472K, reserved 1073152K
  class space    used 2467K, capacity 2587K, committed 2688K, reserved 1048576K

Card table byte_map: [0x000000010dfc0000,0x000000010e3c1000] byte_map_base: 0x000000010a5c0000

Marking Bits: (ParMarkBitMap*) 0x000000010cc6fea0
 Begin Bits: [0x000000010e66c000, 0x000000011066c000)
 End Bits:   [0x000000011066c000, 0x000000011266c000)

Polling page: 0x000000010d364000

CodeCache: size=245760Kb used=10451Kb max_used=10471Kb free=235308Kb
 bounds [0x000000011a67d000, 0x000000011b0cd000, 0x000000012967d000]
 total_blobs=3969 nmethods=3021 adapters=861
 compilation: enabled

Compilation events (10 events):
Event: 15.560 Thread 0x00007f9e5703f800 nmethod 3336 0x000000011ae315d0 code [0x000000011ae31720, 0x000000011ae31870]
Event: 15.561 Thread 0x00007f9e5703f800 3337       3       java.awt.geom.AffineTransform::getTranslateY (5 bytes)
Event: 15.561 Thread 0x00007f9e5703f800 nmethod 3337 0x000000011b0a8210 code [0x000000011b0a8360, 0x000000011b0a84b0]
Event: 15.588 Thread 0x00007f9e57025800 3338       4       java.util.HashMap::putVal (300 bytes)
Event: 15.588 Thread 0x00007f9e5703f800 3339       3       java.util.concurrent.atomic.AtomicBoolean::set (14 bytes)
Event: 15.589 Thread 0x00007f9e5703f800 nmethod 3339 0x000000011ada4210 code [0x000000011ada4380, 0x000000011ada4530]
Event: 15.589 Thread 0x00007f9e5703f800 3340       3       sun.lwawt.LWComponentPeer::handleEvent (104 bytes)
Event: 15.590 Thread 0x00007f9e5703f800 nmethod 3340 0x000000011ae5e390 code [0x000000011ae5e5a0, 0x000000011ae5f648]
Event: 15.598 Thread 0x00007f9e57025800 nmethod 3338 0x000000011ae54dd0 code [0x000000011ae54f80, 0x000000011ae55568]
Event: 15.603 Thread 0x00007f9e5703f800 3341       3       java.awt.Component::processEvent (220 bytes)

GC Heap History (10 events):
Event: 7.821 GC heap before
{Heap before GC invocations=1 (full 0):
 PSYoungGen      total 38400K, used 33280K [0x0000000795580000, 0x0000000798000000, 0x00000007c0000000)
  eden space 33280K, 100% used [0x0000000795580000,0x0000000797600000,0x0000000797600000)
  from space 5120K, 0% used [0x0000000797b00000,0x0000000797b00000,0x0000000798000000)
  to   space 5120K, 0% used [0x0000000797600000,0x0000000797600000,0x0000000797b00000)
 ParOldGen       total 87552K, used 0K [0x0000000740000000, 0x0000000745580000, 0x0000000795580000)
  object space 87552K, 0% used [0x0000000740000000,0x0000000740000000,0x0000000745580000)
 Metaspace       used 16134K, capacity 16459K, committed 16640K, reserved 1064960K
  class space    used 1651K, capacity 1760K, committed 1792K, reserved 1048576K
Event: 7.835 GC heap after
Heap after GC invocations=1 (full 0):
 PSYoungGen      total 38400K, used 5057K [0x0000000795580000, 0x0000000798000000, 0x00000007c0000000)
  eden space 33280K, 0% used [0x0000000795580000,0x0000000795580000,0x0000000797600000)
  from space 5120K, 98% used [0x0000000797600000,0x0000000797af0560,0x0000000797b00000)
  to   space 5120K, 0% used [0x0000000797b00000,0x0000000797b00000,0x0000000798000000)
 ParOldGen       total 87552K, used 16K [0x0000000740000000, 0x0000000745580000, 0x0000000795580000)
  object space 87552K, 0% used [0x0000000740000000,0x0000000740004000,0x0000000745580000)
 Metaspace       used 16134K, capacity 16459K, committed 16640K, reserved 1064960K
  class space    used 1651K, capacity 1760K, committed 1792K, reserved 1048576K
}
Event: 10.386 GC heap before
{Heap before GC invocations=2 (full 0):
 PSYoungGen      total 38400K, used 37660K [0x0000000795580000, 0x0000000798000000, 0x00000007c0000000)
  eden space 33280K, 97% used [0x0000000795580000,0x0000000797556c38,0x0000000797600000)
  from space 5120K, 98% used [0x0000000797600000,0x0000000797af0560,0x0000000797b00000)
  to   space 5120K, 0% used [0x0000000797b00000,0x0000000797b00000,0x0000000798000000)
 ParOldGen       total 87552K, used 16K [0x0000000740000000, 0x0000000745580000, 0x0000000795580000)
  object space 87552K, 0% used [0x0000000740000000,0x0000000740004000,0x0000000745580000)
 Metaspace       used 20828K, capacity 21233K, committed 21248K, reserved 1069056K
  class space    used 2161K, capacity 2295K, committed 2304K, reserved 1048576K
Event: 10.403 GC heap after
Heap after GC invocations=2 (full 0):
 PSYoungGen      total 38400K, used 5115K [0x0000000795580000, 0x0000000798000000, 0x00000007c0000000)
  eden space 33280K, 0% used [0x0000000795580000,0x0000000795580000,0x0000000797600000)
  from space 5120K, 99% used [0x0000000797b00000,0x0000000797ffeec0,0x0000000798000000)
  to   space 5120K, 0% used [0x0000000797600000,0x0000000797600000,0x0000000797b00000)
 ParOldGen       total 87552K, used 3390K [0x0000000740000000, 0x0000000745580000, 0x0000000795580000)
  object space 87552K, 3% used [0x0000000740000000,0x000000074034fac0,0x0000000745580000)
 Metaspace       used 20828K, capacity 21233K, committed 21248K, reserved 1069056K
  class space    used 2161K, capacity 2295K, committed 2304K, reserved 1048576K
}
Event: 10.403 GC heap before
{Heap before GC invocations=3 (full 1):
 PSYoungGen      total 38400K, used 5115K [0x0000000795580000, 0x0000000798000000, 0x00000007c0000000)
  eden space 33280K, 0% used [0x0000000795580000,0x0000000795580000,0x0000000797600000)
  from space 5120K, 99% used [0x0000000797b00000,0x0000000797ffeec0,0x0000000798000000)
  to   space 5120K, 0% used [0x0000000797600000,0x0000000797600000,0x0000000797b00000)
 ParOldGen       total 87552K, used 3390K [0x0000000740000000, 0x0000000745580000, 0x0000000795580000)
  object space 87552K, 3% used [0x0000000740000000,0x000000074034fac0,0x0000000745580000)
 Metaspace       used 20828K, capacity 21233K, committed 21248K, reserved 1069056K
  class space    used 2161K, capacity 2295K, committed 2304K, reserved 1048576K
Event: 10.463 GC heap after
Heap after GC invocations=3 (full 1):
 PSYoungGen      total 38400K, used 0K [0x0000000795580000, 0x0000000798000000, 0x00000007c0000000)
  eden space 33280K, 0% used [0x0000000795580000,0x0000000795580000,0x0000000797600000)
  from space 5120K, 0% used [0x0000000797b00000,0x0000000797b00000,0x0000000798000000)
  to   space 5120K, 0% used [0x0000000797600000,0x0000000797600000,0x0000000797b00000)
 ParOldGen       total 46080K, used 8366K [0x0000000740000000, 0x0000000742d00000, 0x0000000795580000)
  object space 46080K, 18% used [0x0000000740000000,0x000000074082bb50,0x0000000742d00000)
 Metaspace       used 20826K, capacity 21231K, committed 21248K, reserved 1069056K
  class space    used 2160K, capacity 2294K, committed 2304K, reserved 1048576K
}
Event: 11.428 GC heap before
{Heap before GC invocations=4 (full 1):
 PSYoungGen      total 38400K, used 33156K [0x0000000795580000, 0x0000000798000000, 0x00000007c0000000)
  eden space 33280K, 99% used [0x0000000795580000,0x00000007975e1358,0x0000000797600000)
  from space 5120K, 0% used [0x0000000797b00000,0x0000000797b00000,0x0000000798000000)
  to   space 5120K, 0% used [0x0000000797600000,0x0000000797600000,0x0000000797b00000)
 ParOldGen       total 46080K, used 8366K [0x0000000740000000, 0x0000000742d00000, 0x0000000795580000)
  object space 46080K, 18% used [0x0000000740000000,0x000000074082bb50,0x0000000742d00000)
 Metaspace       used 23838K, capacity 24263K, committed 24576K, reserved 1071104K
  class space    used 2436K, capacity 2554K, committed 2560K, reserved 1048576K
Event: 11.439 GC heap after
Heap after GC invocations=4 (full 1):
 PSYoungGen      total 38400K, used 5105K [0x0000000795580000, 0x0000000799100000, 0x00000007c0000000)
  eden space 33280K, 0% used [0x0000000795580000,0x0000000795580000,0x0000000797600000)
  from space 5120K, 99% used [0x0000000797600000,0x0000000797afc5e0,0x0000000797b00000)
  to   space 5120K, 0% used [0x0000000798c00000,0x0000000798c00000,0x0000000799100000)
 ParOldGen       total 46080K, used 14711K [0x0000000740000000, 0x0000000742d00000, 0x0000000795580000)
  object space 46080K, 31% used [0x0000000740000000,0x0000000740e5df08,0x0000000742d00000)
 Metaspace       used 23838K, capacity 24263K, committed 24576K, reserved 1071104K
  class space    used 2436K, capacity 2554K, committed 2560K, reserved 1048576K
}
Event: 13.341 GC heap before
{Heap before GC invocations=5 (full 1):
 PSYoungGen      total 38400K, used 38385K [0x0000000795580000, 0x0000000799100000, 0x00000007c0000000)
  eden space 33280K, 100% used [0x0000000795580000,0x0000000797600000,0x0000000797600000)
  from space 5120K, 99% used [0x0000000797600000,0x0000000797afc5e0,0x0000000797b00000)
  to   space 5120K, 0% used [0x0000000798c00000,0x0000000798c00000,0x0000000799100000)
 ParOldGen       total 46080K, used 14711K [0x0000000740000000, 0x0000000742d00000, 0x0000000795580000)
  object space 46080K, 31% used [0x0000000740000000,0x0000000740e5df08,0x0000000742d00000)
 Metaspace       used 24450K, capacity 24877K, committed 25216K, reserved 1071104K
  class space    used 2459K, capacity 2587K, committed 2688K, reserved 1048576K
Event: 13.356 GC heap after
Heap after GC invocations=5 (full 1):
 PSYoungGen      total 55808K, used 5089K [0x0000000795580000, 0x0000000799180000, 0x00000007c0000000)
  eden space 50688K, 0% used [0x0000000795580000,0x0000000795580000,0x0000000798700000)
  from space 5120K, 99% used [0x0000000798c00000,0x00000007990f85d0,0x0000000799100000)
  to   space 5120K, 0% used [0x0000000798700000,0x0000000798700000,0x0000000798c00000)
 ParOldGen       total 46080K, used 17127K [0x0000000740000000, 0x0000000742d00000, 0x0000000795580000)
  object space 46080K, 37% used [0x0000000740000000,0x00000007410b9c88,0x0000000742d00000)
 Metaspace       used 24450K, capacity 24877K, committed 25216K, reserved 1071104K
  class space    used 2459K, capacity 2587K, committed 2688K, reserved 1048576K
}

Deoptimization events (10 events):
Event: 12.594 Thread 0x00007f9e58031000 Uncommon trap: reason=unstable_if action=reinterpret pc=0x000000011ae540d0 method=de.fhpotsdam.unfolding.marker.SimplePointMarker.isInside(FFFF)Z @ 31
Event: 12.609 Thread 0x00007f9e58031000 Uncommon trap: reason=unstable_if action=reinterpret pc=0x000000011aebb304 method=module6.CommonMarker.draw(Lprocessing/core/PGraphics;FF)V @ 18
Event: 12.612 Thread 0x00007f9e58031000 Uncommon trap: reason=unstable_if action=reinterpret pc=0x000000011ae5cacc method=processing.opengl.PGraphicsOpenGL$InGeometry.addVertex(FFFIFFFFFIFIIIFIZ)I @ 211
Event: 12.612 Thread 0x00007f9e58031000 Uncommon trap: reason=unstable_if action=reinterpret pc=0x000000011aea74d4 method=processing.opengl.PGraphicsOpenGL.tessellate(I)V @ 389
Event: 12.910 Thread 0x00007f9e58031000 Uncommon trap: reason=unstable_if action=reinterpret pc=0x000000011ae4ef94 method=de.fhpotsdam.unfolding.mapdisplay.Java2DMapDisplay.getTransformedPosition(FFZ)[F @ 1
Event: 15.558 Thread 0x00007f9e571d9000 Uncommon trap: reason=unstable_if action=reinterpret pc=0x000000011af3d094 method=java.awt.Font.equals(Ljava/lang/Object;)Z @ 2
Event: 15.588 Thread 0x00007f9e569c5000 Uncommon trap: reason=class_check action=maybe_recompile pc=0x000000011ab403b0 method=java.util.HashMap.putVal(ILjava/lang/Object;Ljava/lang/Object;ZZ)Ljava/lang/Object; @ 91
Event: 15.588 Thread 0x00007f9e569c5000 Uncommon trap: reason=class_check action=maybe_recompile pc=0x000000011ab403b0 method=java.util.HashMap.putVal(ILjava/lang/Object;Ljava/lang/Object;ZZ)Ljava/lang/Object; @ 91
Event: 15.588 Thread 0x00007f9e569c5000 Uncommon trap: reason=class_check action=maybe_recompile pc=0x000000011ab3d84c method=java.util.HashMap.putVal(ILjava/lang/Object;Ljava/lang/Object;ZZ)Ljava/lang/Object; @ 91
Event: 15.602 Thread 0x00007f9e58031000 Uncommon trap: reason=unstable_if action=reinterpret pc=0x000000011b02e178 method=java.security.AccessControlContext.optimize()Ljava/security/AccessControlContext; @ 233

Internal exceptions (10 events):
Event: 0.290 Thread 0x00007f9e56802800 Exception <a 'java/lang/NoSuchFieldError': method resolution failed> (0x0000000795794d60) thrown at [/Users/java_re/workspace/8-2-build-macosx-x86_64/jdk8u131/8869/hotspot/src/share/vm/prims/methodHandles.cpp, line 1146]
Event: 0.617 Thread 0x00007f9e56802800 Exception <a 'java/io/FileNotFoundException'> (0x0000000795810270) thrown at [/Users/java_re/workspace/8-2-build-macosx-x86_64/jdk8u131/8869/hotspot/src/share/vm/prims/jni.cpp, line 709]
Event: 0.617 Thread 0x00007f9e56802800 Exception <a 'java/io/FileNotFoundException'> (0x0000000795810df0) thrown at [/Users/java_re/workspace/8-2-build-macosx-x86_64/jdk8u131/8869/hotspot/src/share/vm/prims/jni.cpp, line 709]
Event: 1.025 Thread 0x00007f9e56802800 Exception <a 'java/io/FileNotFoundException'> (0x0000000795954940) thrown at [/Users/java_re/workspace/8-2-build-macosx-x86_64/jdk8u131/8869/hotspot/src/share/vm/prims/jni.cpp, line 709]
Event: 7.250 Thread 0x00007f9e56802800 Exception <a 'java/lang/UnsatisfiedLinkError': com.jogamp.common.util.JarUtil.fixNativeLibAttribs(Ljava/lang/String;)Z> (0x0000000796c1cae8) thrown at [/Users/java_re/workspace/8-2-build-macosx-x86_64/jdk8u131/8869/hotspot/src/share/vm/prims/nativeLookup.
Event: 7.837 Thread 0x00007f9e57022000 Exception <a 'java/lang/NullPointerException'> (0x00000007956a6130) thrown at [/Users/java_re/workspace/8-2-build-macosx-x86_64/jdk8u131/8869/hotspot/src/share/vm/interpreter/linkResolver.cpp, line 1197]
Event: 9.334 Thread 0x00007f9e58031000 Exception <a 'java/io/FileNotFoundException'> (0x0000000795fd7e90) thrown at [/Users/java_re/workspace/8-2-build-macosx-x86_64/jdk8u131/8869/hotspot/src/share/vm/prims/jni.cpp, line 709]
Event: 9.335 Thread 0x00007f9e58031000 Exception <a 'java/io/FileNotFoundException'> (0x0000000795fe0cb0) thrown at [/Users/java_re/workspace/8-2-build-macosx-x86_64/jdk8u131/8869/hotspot/src/share/vm/prims/jni.cpp, line 709]
Event: 9.335 Thread 0x00007f9e58031000 Implicit null exception at 0x000000011a85b4f6 to 0x000000011a85b8c1
Event: 9.700 Thread 0x00007f9e58031000 Implicit null exception at 0x000000011aa76ec6 to 0x000000011aa7710d

Events (10 events):
Event: 15.601 loading class jogamp/nativewindow/jawt/macosx/MacOSXJAWTWindow$1 done
Event: 15.602 Thread 0x00007f9e58031000 Uncommon trap: trap_request=0xffffff65 fr.pc=0x000000011b02e178
Event: 15.602 Thread 0x00007f9e58031000 DEOPT PACKING pc=0x000000011b02e178 sp=0x0000700004d7a8b0
Event: 15.602 Thread 0x00007f9e58031000 DEOPT UNPACKING pc=0x000000011a682229 sp=0x0000700004d7a880 mode 2
Event: 15.602 loading class java/awt/LightweightDispatcher$2
Event: 15.602 loading class java/awt/LightweightDispatcher$2 done
Event: 15.602 loading class java/awt/event/AWTEventListenerProxy
Event: 15.602 loading class java/awt/event/AWTEventListenerProxy done
Event: 15.602 loading class java/awt/Toolkit$ToolkitEventMulticaster
Event: 15.602 loading class java/awt/Toolkit$ToolkitEventMulticaster done


Dynamic libraries:
0x0000000002c23000 	/System/Library/Frameworks/Cocoa.framework/Versions/A/Cocoa
0x0000000002c23000 	/System/Library/Frameworks/Security.framework/Versions/A/Security
0x0000000002c23000 	/System/Library/Frameworks/ApplicationServices.framework/Versions/A/ApplicationServices
0x0000000002c23000 	/usr/lib/libz.1.dylib
0x0000000002c23000 	/usr/lib/libSystem.B.dylib
0x0000000002c23000 	/usr/lib/libobjc.A.dylib
0x0000000002c23000 	/System/Library/Frameworks/CoreFoundation.framework/Versions/A/CoreFoundation
0x0000000002c23000 	/System/Library/Frameworks/Foundation.framework/Versions/C/Foundation
0x0000000002c23000 	/System/Library/Frameworks/AppKit.framework/Versions/C/AppKit
0x0000000002c23000 	/System/Library/Frameworks/CoreData.framework/Versions/A/CoreData
0x0000000002c23000 	/System/Library/PrivateFrameworks/RemoteViewServices.framework/Versions/A/RemoteViewServices
0x0000000002c23000 	/System/Library/PrivateFrameworks/UIFoundation.framework/Versions/A/UIFoundation
0x0000000002c23000 	/System/Library/PrivateFrameworks/DFRFoundation.framework/Versions/A/DFRFoundation
0x0000000002c23000 	/usr/lib/libenergytrace.dylib
0x0000000002c23000 	/System/Library/PrivateFrameworks/SkyLight.framework/Versions/A/SkyLight
0x0000000002c23000 	/System/Library/Frameworks/CoreGraphics.framework/Versions/A/CoreGraphics
0x0000000002c23000 	/usr/lib/libScreenReader.dylib
0x0000000002c23000 	/System/Library/Frameworks/Accelerate.framework/Versions/A/Accelerate
0x0000000002c23000 	/System/Library/Frameworks/IOSurface.framework/Versions/A/IOSurface
0x0000000002c23000 	/System/Library/Frameworks/AudioToolbox.framework/Versions/A/AudioToolbox
0x0000000002c23000 	/System/Library/Frameworks/AudioUnit.framework/Versions/A/AudioUnit
0x0000000002c23000 	/System/Library/PrivateFrameworks/DataDetectorsCore.framework/Versions/A/DataDetectorsCore
0x0000000002c23000 	/System/Library/PrivateFrameworks/DesktopServicesPriv.framework/Versions/A/DesktopServicesPriv
0x0000000002c23000 	/System/Library/Frameworks/Carbon.framework/Versions/A/Frameworks/HIToolbox.framework/Versions/A/HIToolbox
0x0000000002c23000 	/usr/lib/libicucore.A.dylib
0x0000000002c23000 	/System/Library/Frameworks/QuartzCore.framework/Versions/A/QuartzCore
0x0000000002c23000 	/System/Library/Frameworks/Carbon.framework/Versions/A/Frameworks/SpeechRecognition.framework/Versions/A/SpeechRecognition
0x0000000002c23000 	/usr/lib/libauto.dylib
0x0000000002c23000 	/usr/lib/libxml2.2.dylib
0x0000000002c23000 	/System/Library/PrivateFrameworks/CoreUI.framework/Versions/A/CoreUI
0x0000000002c23000 	/System/Library/Frameworks/CoreAudio.framework/Versions/A/CoreAudio
0x0000000002c23000 	/System/Library/Frameworks/DiskArbitration.framework/Versions/A/DiskArbitration
0x0000000002c23000 	/usr/lib/liblangid.dylib
0x0000000002c23000 	/System/Library/PrivateFrameworks/MultitouchSupport.framework/Versions/A/MultitouchSupport
0x0000000002c23000 	/System/Library/Frameworks/IOKit.framework/Versions/A/IOKit
0x0000000002c23000 	/usr/lib/libDiagnosticMessagesClient.dylib
0x0000000002c23000 	/System/Library/Frameworks/CoreServices.framework/Versions/A/CoreServices
0x0000000002c23000 	/System/Library/PrivateFrameworks/PerformanceAnalysis.framework/Versions/A/PerformanceAnalysis
0x0000000002c23000 	/System/Library/PrivateFrameworks/GenerationalStorage.framework/Versions/A/GenerationalStorage
0x0000000002c23000 	/System/Library/Frameworks/OpenGL.framework/Versions/A/OpenGL
0x0000000002c23000 	/System/Library/Frameworks/CoreImage.framework/Versions/A/CoreImage
0x0000000002c23000 	/System/Library/Frameworks/CoreText.framework/Versions/A/CoreText
0x0000000002c23000 	/System/Library/Frameworks/ImageIO.framework/Versions/A/ImageIO
0x0000000002c23000 	/System/Library/PrivateFrameworks/Backup.framework/Versions/A/Backup
0x0000000002c23000 	/usr/lib/libarchive.2.dylib
0x0000000002c23000 	/System/Library/Frameworks/CFNetwork.framework/Versions/A/CFNetwork
0x0000000002c23000 	/System/Library/Frameworks/SystemConfiguration.framework/Versions/A/SystemConfiguration
0x0000000002c23000 	/usr/lib/libCRFSuite.dylib
0x0000000002c23000 	/usr/lib/libc++.1.dylib
0x0000000002c23000 	/usr/lib/libc++abi.dylib
0x0000000002c23000 	/usr/lib/system/libcache.dylib
0x0000000002c23000 	/usr/lib/system/libcommonCrypto.dylib
0x0000000002c23000 	/usr/lib/system/libcompiler_rt.dylib
0x0000000002c23000 	/usr/lib/system/libcopyfile.dylib
0x0000000002c23000 	/usr/lib/system/libcorecrypto.dylib
0x0000000002c23000 	/usr/lib/system/libdispatch.dylib
0x0000000002c23000 	/usr/lib/system/libdyld.dylib
0x0000000002c23000 	/usr/lib/system/libkeymgr.dylib
0x0000000002c23000 	/usr/lib/system/liblaunch.dylib
0x0000000002c23000 	/usr/lib/system/libmacho.dylib
0x0000000002c23000 	/usr/lib/system/libquarantine.dylib
0x0000000002c23000 	/usr/lib/system/libremovefile.dylib
0x0000000002c23000 	/usr/lib/system/libsystem_asl.dylib
0x0000000002c23000 	/usr/lib/system/libsystem_blocks.dylib
0x0000000002c23000 	/usr/lib/system/libsystem_c.dylib
0x0000000002c23000 	/usr/lib/system/libsystem_configuration.dylib
0x0000000002c23000 	/usr/lib/system/libsystem_coreservices.dylib
0x0000000002c23000 	/usr/lib/system/libsystem_coretls.dylib
0x0000000002c23000 	/usr/lib/system/libsystem_dnssd.dylib
0x0000000002c23000 	/usr/lib/system/libsystem_info.dylib
0x0000000002c23000 	/usr/lib/system/libsystem_kernel.dylib
0x0000000002c23000 	/usr/lib/system/libsystem_m.dylib
0x0000000002c23000 	/usr/lib/system/libsystem_malloc.dylib
0x0000000002c23000 	/usr/lib/system/libsystem_network.dylib
0x0000000002c23000 	/usr/lib/system/libsystem_networkextension.dylib
0x0000000002c23000 	/usr/lib/system/libsystem_notify.dylib
0x0000000002c23000 	/usr/lib/system/libsystem_platform.dylib
0x0000000002c23000 	/usr/lib/system/libsystem_pthread.dylib
0x0000000002c23000 	/usr/lib/system/libsystem_sandbox.dylib
0x0000000002c23000 	/usr/lib/system/libsystem_secinit.dylib
0x0000000002c23000 	/usr/lib/system/libsystem_symptoms.dylib
0x0000000002c23000 	/usr/lib/system/libsystem_trace.dylib
0x0000000002c23000 	/usr/lib/system/libunwind.dylib
0x0000000002c23000 	/usr/lib/system/libxpc.dylib
0x0000000002c23000 	/usr/lib/libbsm.0.dylib
0x0000000002c23000 	/usr/lib/system/libkxld.dylib
0x0000000002c23000 	/usr/lib/libcoretls.dylib
0x0000000002c23000 	/usr/lib/libcoretls_cfhelpers.dylib
0x0000000002c23000 	/usr/lib/libOpenScriptingUtil.dylib
0x0000000002c23000 	/usr/lib/libpam.2.dylib
0x0000000002c23000 	/usr/lib/libsqlite3.dylib
0x0000000002c23000 	/usr/lib/libxar.1.dylib
0x0000000002c23000 	/usr/lib/libbz2.1.0.dylib
0x0000000002c23000 	/usr/lib/liblzma.5.dylib
0x0000000002c23000 	/usr/lib/libnetwork.dylib
0x0000000002c23000 	/usr/lib/libpcap.A.dylib
0x0000000002c23000 	/System/Library/Frameworks/CoreServices.framework/Versions/A/Frameworks/FSEvents.framework/Versions/A/FSEvents
0x0000000002c23000 	/System/Library/Frameworks/CoreServices.framework/Versions/A/Frameworks/CarbonCore.framework/Versions/A/CarbonCore
0x0000000002c23000 	/System/Library/Frameworks/CoreServices.framework/Versions/A/Frameworks/Metadata.framework/Versions/A/Metadata
0x0000000002c23000 	/System/Library/Frameworks/CoreServices.framework/Versions/A/Frameworks/OSServices.framework/Versions/A/OSServices
0x0000000002c23000 	/System/Library/Frameworks/CoreServices.framework/Versions/A/Frameworks/SearchKit.framework/Versions/A/SearchKit
0x0000000002c23000 	/System/Library/Frameworks/CoreServices.framework/Versions/A/Frameworks/AE.framework/Versions/A/AE
0x0000000002c23000 	/System/Library/Frameworks/CoreServices.framework/Versions/A/Frameworks/LaunchServices.framework/Versions/A/LaunchServices
0x0000000002c23000 	/System/Library/Frameworks/CoreServices.framework/Versions/A/Frameworks/DictionaryServices.framework/Versions/A/DictionaryServices
0x0000000002c23000 	/System/Library/Frameworks/CoreServices.framework/Versions/A/Frameworks/SharedFileList.framework/Versions/A/SharedFileList
0x0000000002c23000 	/System/Library/Frameworks/NetFS.framework/Versions/A/NetFS
0x0000000002c23000 	/System/Library/PrivateFrameworks/NetAuth.framework/Versions/A/NetAuth
0x0000000002c23000 	/System/Library/PrivateFrameworks/login.framework/Versions/A/Frameworks/loginsupport.framework/Versions/A/loginsupport
0x0000000002c23000 	/System/Library/PrivateFrameworks/TCC.framework/Versions/A/TCC
0x0000000002c23000 	/usr/lib/libmecabra.dylib
0x0000000002c23000 	/System/Library/Frameworks/ApplicationServices.framework/Versions/A/Frameworks/ATS.framework/Versions/A/ATS
0x0000000002c23000 	/System/Library/Frameworks/ApplicationServices.framework/Versions/A/Frameworks/ColorSync.framework/Versions/A/ColorSync
0x0000000002c23000 	/System/Library/Frameworks/ApplicationServices.framework/Versions/A/Frameworks/HIServices.framework/Versions/A/HIServices
0x0000000002c23000 	/System/Library/Frameworks/ApplicationServices.framework/Versions/A/Frameworks/LangAnalysis.framework/Versions/A/LangAnalysis
0x0000000002c23000 	/System/Library/Frameworks/ApplicationServices.framework/Versions/A/Frameworks/PrintCore.framework/Versions/A/PrintCore
0x0000000002c23000 	/System/Library/Frameworks/ApplicationServices.framework/Versions/A/Frameworks/QD.framework/Versions/A/QD
0x0000000002c23000 	/System/Library/Frameworks/ApplicationServices.framework/Versions/A/Frameworks/SpeechSynthesis.framework/Versions/A/SpeechSynthesis
0x0000000002c23000 	/System/Library/Frameworks/Accelerate.framework/Versions/A/Frameworks/vImage.framework/Versions/A/vImage
0x0000000002c23000 	/System/Library/Frameworks/Accelerate.framework/Versions/A/Frameworks/vecLib.framework/Versions/A/vecLib
0x0000000002c23000 	/System/Library/Frameworks/Accelerate.framework/Versions/A/Frameworks/vecLib.framework/Versions/A/libvDSP.dylib
0x0000000002c23000 	/System/Library/Frameworks/Accelerate.framework/Versions/A/Frameworks/vecLib.framework/Versions/A/libBNNS.dylib
0x0000000002c23000 	/System/Library/Frameworks/Accelerate.framework/Versions/A/Frameworks/vecLib.framework/Versions/A/libQuadrature.dylib
0x0000000002c23000 	/System/Library/Frameworks/Accelerate.framework/Versions/A/Frameworks/vecLib.framework/Versions/A/libvMisc.dylib
0x0000000002c23000 	/System/Library/Frameworks/Accelerate.framework/Versions/A/Frameworks/vecLib.framework/Versions/A/libLAPACK.dylib
0x0000000002c23000 	/System/Library/Frameworks/Accelerate.framework/Versions/A/Frameworks/vecLib.framework/Versions/A/libBLAS.dylib
0x0000000002c23000 	/System/Library/Frameworks/Accelerate.framework/Versions/A/Frameworks/vecLib.framework/Versions/A/libLinearAlgebra.dylib
0x0000000002c23000 	/System/Library/Frameworks/Accelerate.framework/Versions/A/Frameworks/vecLib.framework/Versions/A/libSparseBLAS.dylib
0x0000000002c23000 	/System/Library/Frameworks/ApplicationServices.framework/Versions/A/Frameworks/ATS.framework/Versions/A/Resources/libFontParser.dylib
0x0000000002c23000 	/System/Library/Frameworks/ApplicationServices.framework/Versions/A/Frameworks/ATS.framework/Versions/A/Resources/libFontRegistry.dylib
0x0000000002c23000 	/System/Library/Frameworks/ImageIO.framework/Versions/A/Resources/libJPEG.dylib
0x0000000002c23000 	/System/Library/Frameworks/ImageIO.framework/Versions/A/Resources/libTIFF.dylib
0x0000000002c23000 	/System/Library/Frameworks/ImageIO.framework/Versions/A/Resources/libPng.dylib
0x0000000002c23000 	/System/Library/Frameworks/ImageIO.framework/Versions/A/Resources/libGIF.dylib
0x0000000002c23000 	/System/Library/Frameworks/ImageIO.framework/Versions/A/Resources/libJP2.dylib
0x0000000002c23000 	/System/Library/Frameworks/ImageIO.framework/Versions/A/Resources/libRadiance.dylib
0x0000000002c23000 	/usr/lib/libcompression.dylib
0x0000000002c23000 	/System/Library/PrivateFrameworks/AppleJPEG.framework/Versions/A/AppleJPEG
0x0000000002c23000 	/usr/lib/libcups.2.dylib
0x0000000002c23000 	/System/Library/Frameworks/Kerberos.framework/Versions/A/Kerberos
0x0000000002c23000 	/System/Library/Frameworks/GSS.framework/Versions/A/GSS
0x0000000002c23000 	/usr/lib/libresolv.9.dylib
0x0000000002c23000 	/usr/lib/libiconv.2.dylib
0x0000000002c23000 	/System/Library/PrivateFrameworks/Heimdal.framework/Versions/A/Heimdal
0x0000000002c23000 	/usr/lib/libheimdal-asn1.dylib
0x0000000002c23000 	/System/Library/Frameworks/OpenDirectory.framework/Versions/A/OpenDirectory
0x0000000002c23000 	/System/Library/PrivateFrameworks/CommonAuth.framework/Versions/A/CommonAuth
0x0000000002c23000 	/System/Library/Frameworks/OpenDirectory.framework/Versions/A/Frameworks/CFOpenDirectory.framework/Versions/A/CFOpenDirectory
0x0000000002c23000 	/System/Library/Frameworks/SecurityFoundation.framework/Versions/A/SecurityFoundation
0x0000000002c23000 	/System/Library/PrivateFrameworks/LanguageModeling.framework/Versions/A/LanguageModeling
0x0000000002c23000 	/usr/lib/libmarisa.dylib
0x0000000002c23000 	/usr/lib/libChineseTokenizer.dylib
0x0000000002c23000 	/usr/lib/libcmph.dylib
0x0000000002c23000 	/System/Library/PrivateFrameworks/CoreEmoji.framework/Versions/A/CoreEmoji
0x0000000002c23000 	/System/Library/Frameworks/ServiceManagement.framework/Versions/A/ServiceManagement
0x0000000002c23000 	/usr/lib/libxslt.1.dylib
0x0000000002c23000 	/System/Library/Frameworks/Carbon.framework/Versions/A/Frameworks/Ink.framework/Versions/A/Ink
0x0000000002c23000 	/System/Library/PrivateFrameworks/TextureIO.framework/Versions/A/TextureIO
0x0000000002c23000 	/System/Library/Frameworks/Metal.framework/Versions/A/Metal
0x0000000002c23000 	/usr/lib/libate.dylib
0x0000000002c23000 	/System/Library/PrivateFrameworks/GPUCompiler.framework/libmetal_timestamp.dylib
0x0000000002c23000 	/System/Library/Frameworks/OpenGL.framework/Versions/A/Libraries/libCoreFSCache.dylib
0x0000000002c23000 	/System/Library/PrivateFrameworks/IOAccelerator.framework/Versions/A/IOAccelerator
0x0000000002c23000 	/System/Library/Frameworks/CoreVideo.framework/Versions/A/CoreVideo
0x0000000002c23000 	/usr/lib/libFosl_dynamic.dylib
0x0000000002c23000 	/System/Library/PrivateFrameworks/MetalPerformanceShaders.framework/Versions/A/MetalPerformanceShaders
0x0000000002c23000 	/System/Library/PrivateFrameworks/FaceCore.framework/Versions/A/FaceCore
0x0000000002c23000 	/System/Library/Frameworks/OpenCL.framework/Versions/A/OpenCL
0x0000000002c23000 	/System/Library/Frameworks/OpenGL.framework/Versions/A/Libraries/libGLU.dylib
0x0000000002c23000 	/System/Library/Frameworks/OpenGL.framework/Versions/A/Libraries/libGFXShared.dylib
0x0000000002c23000 	/System/Library/Frameworks/OpenGL.framework/Versions/A/Libraries/libGL.dylib
0x0000000002c23000 	/System/Library/Frameworks/OpenGL.framework/Versions/A/Libraries/libGLImage.dylib
0x0000000002c23000 	/System/Library/Frameworks/OpenGL.framework/Versions/A/Libraries/libCVMSPluginSupport.dylib
0x0000000002c23000 	/System/Library/Frameworks/OpenGL.framework/Versions/A/Libraries/libCoreVMClient.dylib
0x0000000002c23000 	/System/Library/PrivateFrameworks/CrashReporterSupport.framework/Versions/A/CrashReporterSupport
0x0000000002c23000 	/System/Library/PrivateFrameworks/Sharing.framework/Versions/A/Sharing
0x0000000002c23000 	/System/Library/PrivateFrameworks/IconServices.framework/Versions/A/IconServices
0x0000000002c23000 	/System/Library/PrivateFrameworks/ProtocolBuffer.framework/Versions/A/ProtocolBuffer
0x0000000002c23000 	/System/Library/PrivateFrameworks/Apple80211.framework/Versions/A/Apple80211
0x0000000002c23000 	/System/Library/Frameworks/CoreWLAN.framework/Versions/A/CoreWLAN
0x0000000002c23000 	/System/Library/PrivateFrameworks/CoreUtils.framework/Versions/A/CoreUtils
0x0000000002c23000 	/System/Library/Frameworks/IOBluetooth.framework/Versions/A/IOBluetooth
0x0000000002c23000 	/System/Library/PrivateFrameworks/CoreWiFi.framework/Versions/A/CoreWiFi
0x0000000002c23000 	/System/Library/Frameworks/CoreBluetooth.framework/Versions/A/CoreBluetooth
0x0000000002c23000 	/System/Library/Frameworks/CoreDisplay.framework/Versions/A/CoreDisplay
0x0000000002c23000 	/System/Library/PrivateFrameworks/IOPresentment.framework/Versions/A/IOPresentment
0x0000000002c23000 	/System/Library/PrivateFrameworks/DSExternalDisplay.framework/Versions/A/DSExternalDisplay
0x0000000002c23000 	/System/Library/PrivateFrameworks/DebugSymbols.framework/Versions/A/DebugSymbols
0x0000000002c23000 	/System/Library/PrivateFrameworks/CoreSymbolication.framework/Versions/A/CoreSymbolication
0x0000000002c23000 	/System/Library/PrivateFrameworks/Symbolication.framework/Versions/A/Symbolication
0x0000000002c23000 	/System/Library/PrivateFrameworks/AppleFSCompression.framework/Versions/A/AppleFSCompression
0x0000000002c23000 	/System/Library/PrivateFrameworks/SpeechRecognitionCore.framework/Versions/A/SpeechRecognitionCore
0x0000000002c23000 	/System/Library/PrivateFrameworks/ChunkingLibrary.framework/Versions/A/ChunkingLibrary
0x000000010c37e000 	/Library/Java/JavaVirtualMachines/jdk1.8.0_131.jdk/Contents/Home/jre/lib/server/libjvm.dylib
0x0000000002c23000 	/usr/lib/libstdc++.6.dylib
0x000000010d321000 	/Library/Java/JavaVirtualMachines/jdk1.8.0_131.jdk/Contents/Home/jre/lib/libverify.dylib
0x000000010d32f000 	/Library/Java/JavaVirtualMachines/jdk1.8.0_131.jdk/Contents/Home/jre/lib/libjava.dylib
0x000000010d36e000 	/Library/Java/JavaVirtualMachines/jdk1.8.0_131.jdk/Contents/Home/jre/lib/libzip.dylib
0x00000001144f3000 	/System/Library/Frameworks/JavaVM.framework/Frameworks/JavaRuntimeSupport.framework/JavaRuntimeSupport
0x000000010d3e8000 	/System/Library/Frameworks/JavaVM.framework/Versions/A/Frameworks/JavaNativeFoundation.framework/Versions/A/JavaNativeFoundation
0x000000011450d000 	/System/Library/Frameworks/JavaVM.framework/Versions/A/JavaVM
0x0000000002c23000 	/System/Library/Frameworks/Carbon.framework/Versions/A/Carbon
0x000000011451a000 	/System/Library/PrivateFrameworks/JavaLaunching.framework/Versions/A/JavaLaunching
0x0000000002c23000 	/System/Library/Frameworks/Carbon.framework/Versions/A/Frameworks/CommonPanels.framework/Versions/A/CommonPanels
0x0000000002c23000 	/System/Library/Frameworks/Carbon.framework/Versions/A/Frameworks/Help.framework/Versions/A/Help
0x0000000002c23000 	/System/Library/Frameworks/Carbon.framework/Versions/A/Frameworks/ImageCapture.framework/Versions/A/ImageCapture
0x0000000002c23000 	/System/Library/Frameworks/Carbon.framework/Versions/A/Frameworks/OpenScripting.framework/Versions/A/OpenScripting
0x0000000002c23000 	/System/Library/Frameworks/Carbon.framework/Versions/A/Frameworks/Print.framework/Versions/A/Print
0x0000000002c23000 	/System/Library/Frameworks/Carbon.framework/Versions/A/Frameworks/SecurityHI.framework/Versions/A/SecurityHI
0x0000000115e27000 	/Library/Java/JavaVirtualMachines/jdk1.8.0_131.jdk/Contents/Home/jre/lib/libawt.dylib
0x0000000115ecf000 	/Library/Java/JavaVirtualMachines/jdk1.8.0_131.jdk/Contents/Home/jre/lib/./libmlib_image.dylib
0x0000000115f9b000 	/Library/Java/JavaVirtualMachines/jdk1.8.0_131.jdk/Contents/Home/jre/lib/libawt_lwawt.dylib
0x0000000116052000 	/Library/Java/JavaVirtualMachines/jdk1.8.0_131.jdk/Contents/Home/jre/lib/./libosxapp.dylib
0x0000000002c23000 	/System/Library/Frameworks/ExceptionHandling.framework/Versions/A/ExceptionHandling
0x0000000002c23000 	/System/Library/PrivateFrameworks/CoreServicesInternal.framework/Versions/A/CoreServicesInternal
0x0000000002c23000 	/System/Library/CoreServices/RawCamera.bundle/Contents/MacOS/RawCamera
0x0000000002c23000 	/System/Library/Frameworks/Accelerate.framework/Versions/A/Frameworks/vImage.framework/Versions/A/Libraries/libCGInterfaces.dylib
0x0000000002c23000 	/System/Library/Frameworks/ApplicationServices.framework/Versions/A/Frameworks/ATS.framework/Versions/A/Resources/libTrueTypeScaler.dylib
0x0000000117ec7000 	/System/Library/Frameworks/OpenGL.framework/Resources/GLEngine.bundle/GLEngine
0x0000000002c23000 	/System/Library/Frameworks/OpenGL.framework/Versions/A/Libraries/libGLProgrammability.dylib
0x00000001180ac000 	/System/Library/Extensions/AppleIntelSKLGraphicsGLDriver.bundle/Contents/MacOS/AppleIntelSKLGraphicsGLDriver
0x0000000002c23000 	/System/Library/PrivateFrameworks/GPUSupport.framework/Versions/A/Libraries/libGPUSupportMercury.dylib
0x0000000116b94000 	/System/Library/Frameworks/OpenGL.framework/Resources//GLRendererFloat.bundle/GLRendererFloat
0x0000000002c23000 	/System/Library/Frameworks/OpenCL.framework/Versions/A/Libraries/libcldcpuengine.dylib
0x0000000002c23000 	/usr/lib/libcrypto.0.9.8.dylib
0x0000000002c23000 	/System/Library/PrivateFrameworks/TrustEvaluationAgent.framework/Versions/A/TrustEvaluationAgent
0x0000000118e30000 	/System/Library/Extensions/AppleIntelSKLGraphicsMTLDriver.bundle/Contents/MacOS/AppleIntelSKLGraphicsMTLDriver
0x0000000002c23000 	/System/Library/PrivateFrameworks/FamilyControls.framework/Versions/A/FamilyControls
0x0000000002c23000 	/System/Library/PrivateFrameworks/CommerceKit.framework/Versions/A/Frameworks/CommerceCore.framework/Versions/A/CommerceCore
0x0000000002c23000 	/System/Library/PrivateFrameworks/SystemAdministration.framework/Versions/A/SystemAdministration
0x0000000002c23000 	/System/Library/PrivateFrameworks/AppContainer.framework/Versions/A/AppContainer
0x0000000002c23000 	/System/Library/PrivateFrameworks/SecCodeWrapper.framework/Versions/A/SecCodeWrapper
0x0000000002c23000 	/System/Library/Frameworks/DirectoryService.framework/Versions/A/DirectoryService
0x0000000002c23000 	/System/Library/PrivateFrameworks/DiskImages.framework/Versions/A/DiskImages
0x0000000002c23000 	/System/Library/PrivateFrameworks/LoginUIKit.framework/Versions/A/Frameworks/LoginUICore.framework/Versions/A/LoginUICore
0x0000000002c23000 	/usr/lib/libCoreStorage.dylib
0x0000000002c23000 	/usr/lib/libcsfde.dylib
0x0000000002c23000 	/usr/lib/libodfde.dylib
0x0000000002c23000 	/System/Library/Frameworks/DiscRecording.framework/Versions/A/DiscRecording
0x0000000002c23000 	/usr/lib/libcurl.4.dylib
0x0000000002c23000 	/System/Library/PrivateFrameworks/MediaKit.framework/Versions/A/MediaKit
0x0000000002c23000 	/System/Library/PrivateFrameworks/ProtectedCloudStorage.framework/Versions/A/ProtectedCloudStorage
0x0000000002c23000 	/System/Library/PrivateFrameworks/EFILogin.framework/Versions/A/EFILogin
0x0000000002c23000 	/usr/lib/libutil.dylib
0x0000000002c23000 	/System/Library/Frameworks/LDAP.framework/Versions/A/LDAP
0x0000000002c23000 	/usr/lib/libsasl2.2.dylib
0x0000000002c23000 	/System/Library/PrivateFrameworks/CoreDaemon.framework/Versions/B/CoreDaemon
0x0000000002c23000 	/System/Library/PrivateFrameworks/AppleSRP.framework/Versions/A/AppleSRP
0x0000000002c23000 	/System/Library/PrivateFrameworks/APFS.framework/Versions/A/APFS
0x0000000002c23000 	/System/Library/PrivateFrameworks/ViewBridge.framework/Versions/A/ViewBridge
0x0000000002c23000 	/System/Library/PrivateFrameworks/XPCService.framework/Versions/A/XPCService
0x0000000002c23000 	/System/Library/PrivateFrameworks/AppSandbox.framework/Versions/A/AppSandbox
0x0000000002c23000 	/usr/lib/libsandbox.1.dylib
0x0000000002c23000 	/usr/lib/libMatch.1.dylib
0x0000000129d1d000 	/Library/Java/JavaVirtualMachines/jdk1.8.0_131.jdk/Contents/Home/jre/lib/libfontmanager.dylib
0x000000012b1f5000 	/Library/Java/JavaVirtualMachines/jdk1.8.0_131.jdk/Contents/Home/jre/lib/libosxui.dylib
0x000000012bf92000 	/Library/Java/JavaVirtualMachines/jdk1.8.0_131.jdk/Contents/Home/jre/lib/libnet.dylib
0x000000012bda4000 	/Library/Java/JavaVirtualMachines/jdk1.8.0_131.jdk/Contents/Home/jre/lib/libnio.dylib
0x000000012addc000 	/private/var/folders/lr/vg0t0wxx3tg6yq252w_p67_00000gn/T/jogamp_0000/file_cache/jln1385408782197094140/jln1896723080085069197/libgluegen-rt.jnilib
0x000000012ade0000 	/private/var/folders/lr/vg0t0wxx3tg6yq252w_p67_00000gn/T/jogamp_0000/file_cache/jln1385408782197094140/jln1896723080085069197/libnativewindow_awt.jnilib
0x000000012ae47000 	/Library/Java/JavaVirtualMachines/jdk1.8.0_131.jdk/Contents/Home/jre/lib/libjawt.dylib
0x000000012aea0000 	/private/var/folders/lr/vg0t0wxx3tg6yq252w_p67_00000gn/T/jogamp_0000/file_cache/jln1385408782197094140/jln1896723080085069197/libnativewindow_macosx.jnilib
0x0000000194a32000 	/private/var/folders/lr/vg0t0wxx3tg6yq252w_p67_00000gn/T/jogamp_0000/file_cache/jln1385408782197094140/jln1896723080085069197/libjogl_desktop.jnilib
0x000000019c1ac000 	/Library/Java/JavaVirtualMachines/jdk1.8.0_131.jdk/Contents/Home/jre/lib/libsunec.dylib
0x000000019be60000 	/Library/Java/JavaVirtualMachines/jdk1.8.0_131.jdk/Contents/Home/jre/lib/libt2k.dylib

VM Arguments:
jvm_args: -Djava.security.policy=java.policy.applet -Dfile.encoding=UTF-8 
java_command: sun.applet.AppletViewer module6.EarthquakeCityMap1500229576656.html
java_class_path (initial): /Users/sravanjr/Documents/College Classes/Eclipse Practice/UCSDUnfoldingMaps/build:/Users/sravanjr/Documents/College Classes/Eclipse Practice/UCSDUnfoldingMaps/lib/core.jar:/Users/sravanjr/Documents/College Classes/Eclipse Practice/UCSDUnfoldingMaps/lib/gluegen-rt.jar:/Users/sravanjr/Documents/College Classes/Eclipse Practice/UCSDUnfoldingMaps/lib/jogl-all.jar:/Users/sravanjr/Documents/College Classes/Eclipse Practice/UCSDUnfoldingMaps/lib/log4j-1.2.15.jar:/Users/sravanjr/Documents/College Classes/Eclipse Practice/UCSDUnfoldingMaps/lib/sqlite-jdbc-3.7.2.jar:/Users/sravanjr/Documents/College Classes/Eclipse Practice/UCSDUnfoldingMaps/lib/json4processing.jar:/Users/sravanjr/Documents/College Classes/Eclipse Practice/UCSDUnfoldingMaps/lib/libTUIO.jar:/Users/sravanjr/Documents/College Classes/Eclipse Practice/UCSDUnfoldingMaps/lib/unfolding.0.9.7-uscd.jar
Launcher Type: SUN_STANDARD

Environment Variables:
PATH=/usr/bin:/bin:/usr/sbin:/sbin
SHELL=/bin/bash

Signal Handlers:
SIGSEGV: [libjvm.dylib+0x5b1eb1], sa_mask[0]=11111111011111110111111111111111, sa_flags=SA_ONSTACK|SA_RESTART|SA_SIGINFO
SIGBUS: [libjvm.dylib+0x5b1eb1], sa_mask[0]=11111111011111110111111111111111, sa_flags=SA_RESTART|SA_SIGINFO
SIGFPE: [libjvm.dylib+0x488988], sa_mask[0]=11111111011111110111111111111111, sa_flags=SA_RESTART|SA_SIGINFO
SIGPIPE: [libjvm.dylib+0x488988], sa_mask[0]=11111111011111110111111111111111, sa_flags=SA_RESTART|SA_SIGINFO
SIGXFSZ: [libjvm.dylib+0x488988], sa_mask[0]=11111111011111110111111111111111, sa_flags=SA_RESTART|SA_SIGINFO
SIGILL: [libjvm.dylib+0x488988], sa_mask[0]=11111111011111110111111111111111, sa_flags=SA_RESTART|SA_SIGINFO
SIGUSR1: SIG_DFL, sa_mask[0]=00000000000000000000000000000000, sa_flags=none
SIGUSR2: [libjvm.dylib+0x4884a6], sa_mask[0]=00100000000000000000000000000000, sa_flags=SA_RESTART|SA_SIGINFO
SIGHUP: [libjvm.dylib+0x486a7d], sa_mask[0]=11111111011111110111111111111111, sa_flags=SA_RESTART|SA_SIGINFO
SIGINT: [libjvm.dylib+0x486a7d], sa_mask[0]=11111111011111110111111111111111, sa_flags=SA_RESTART|SA_SIGINFO
SIGTERM: [libjvm.dylib+0x486a7d], sa_mask[0]=11111111011111110111111111111111, sa_flags=SA_RESTART|SA_SIGINFO
SIGQUIT: [libjvm.dylib+0x486a7d], sa_mask[0]=11111111011111110111111111111111, sa_flags=SA_RESTART|SA_SIGINFO


---------------  S Y S T E M  ---------------

OS:Bsduname:Darwin 16.6.0 Darwin Kernel Version 16.6.0: Fri Apr 14 16:21:16 PDT 2017; root:xnu-3789.60.24~6/RELEASE_X86_64 x86_64
rlimit: STACK 8192k, CORE 0k, NPROC 709, NOFILE 10240, AS infinity
load average:8.06 4.96 4.91

CPU:total 4 (initial active 4) (2 cores per cpu, 2 threads per core) family 6 model 78 stepping 3, cmov, cx8, fxsr, mmx, sse, sse2, sse3, ssse3, sse4.1, sse4.2, popcnt, avx, avx2, aes, clmul, erms, rtm, 3dnowpref, lzcnt, ht, tsc, tscinvbit, bmi1, bmi2, adx

Memory: 4k page, physical 8388608k(34348k free)

/proc/meminfo:


vm_info: Java HotSpot(TM) 64-Bit Server VM (25.131-b11) for bsd-amd64 JRE (1.8.0_131-b11), built on Mar 15 2017 01:32:22 by "java_re" with gcc 4.2.1 (Based on Apple Inc. build 5658) (LLVM build 2336.11.00)

time: Sun Jul 16 11:26:32 2017
elapsed time: 15 seconds (0d 0h 0m 15s)

