#
# A fatal error has been detected by the Java Runtime Environment:
#
#  SIGSEGV (0xb) at pc=0x00007fffc287e05d, pid=3311, tid=0x0000000000000307
#
# JRE version: Java(TM) SE Runtime Environment (8.0_131-b11) (build 1.8.0_131-b11)
# Java VM: Java HotSpot(TM) 64-Bit Server VM (25.131-b11 mixed mode bsd-amd64 compressed oops)
# Problematic frame:
# C  [libobjc.A.dylib+0x705d]  objc_msgSend+0x1d
#
# Failed to write core dump. Core dumps have been disabled. To enable core dumping, try "ulimit -c unlimited" before starting Java again
#
# If you would like to submit a bug report, please visit:
#   http://bugreport.java.com/bugreport/crash.jsp
# The crash happened outside the Java Virtual Machine in native code.
# See problematic frame for where to report the bug.
#

---------------  T H R E A D  ---------------

Current thread (0x00007ff551893800):  JavaThread "AWT-AppKit" daemon [_thread_in_native, id=775, stack(0x00007fff5bae2000,0x00007fff5c2e2000)]

siginfo: si_signo: 11 (SIGSEGV), si_code: 1 (SEGV_MAPERR), si_addr: 0x0000000000000018

Registers:
RAX=0x00007ff55689f620, RBX=0x000000018bc39450, RCX=0x00007ff553901bd0, RDX=0x0000000000000000
RSP=0x00007fff5c2dd378, RBP=0x00007fff5c2dd430, RSI=0x00007fffac118116, RDI=0x00007ff556886fe0
R8 =0x0000000000000018, R9 =0x00007ff553901390, R10=0x0000000000000000, R11=0x00007fffac118116
R12=0x0000000000000000, R13=0x00000001928d9350, R14=0x000000018bc39440, R15=0x00007ff551893800
RIP=0x00007fffc287e05d, EFLAGS=0x0000000000010246, ERR=0x0000000000000004
  TRAPNO=0x000000000000000e

Top of Stack: (sp=0x00007fff5c2dd378)
0x00007fff5c2dd378:   000000018bc37157 00007fff5c2dd3d0
0x00007fff5c2dd388:   0000000000000003 00007fff5c2dd3b0
0x00007fff5c2dd398:   00000001043f36d2 00000001928d9350
0x00007fff5c2dd3a8:   00000001928d9350 00007ff55689f620
0x00007fff5c2dd3b8:   000000018bc396a0 000000018bc39710
0x00007fff5c2dd3c8:   00007fffc88e26d0 00007fffc95121e0
0x00007fff5c2dd3d8:   000000018bc39450 000000018bc39690
0x00007fff5c2dd3e8:   00007ff55689f620 00007ff556886fe0
0x00007fff5c2dd3f8:   00007ff5569ac3b0 00007ff55689f620
0x00007fff5c2dd408:   00007ff556886fe0 00007fff5c2dd4b8
0x00007fff5c2dd418:   00007ff5518939f8 00000001928d9350
0x00007fff5c2dd428:   00007fff5c2dd4e0 00007fff5c2dd4a8
0x00007fff5c2dd438:   000000010bb959f4 00000001928d9350
0x00007fff5c2dd448:   00007fff5c2dd4e0 00007fff5c2dd4a8
0x00007fff5c2dd458:   000000010bb95787 000000010bb95742
0x00007fff5c2dd468:   00007fff5c2dd468 00000001928d9350
0x00007fff5c2dd478:   00007fff5c2dd4e0 00000001928dbf88
0x00007fff5c2dd488:   0000000000000000 00000001928d9350
0x00007fff5c2dd498:   0000000000000000 00007fff5c2dd4c8
0x00007fff5c2dd4a8:   00007fff5c2dd528 000000010bb862bd
0x00007fff5c2dd4b8:   00000007408cef00 000000010bb8f538
0x00007fff5c2dd4c8:   00007ff55689f620 00007fff5c2dd528
0x00007fff5c2dd4d8:   00007ff556886fe0 000000010bb90e02
0x00007fff5c2dd4e8:   00007fff5c2dd4e8 00000001928d951a
0x00007fff5c2dd4f8:   00007fff5c2dd550 00000001928dbf88
0x00007fff5c2dd508:   0000000000000000 00000001928d9528
0x00007fff5c2dd518:   00007fff5c2dd4c8 00007fff5c2dd538
0x00007fff5c2dd528:   00007fff5c2dd598 000000010bb862bd
0x00007fff5c2dd538:   00007ff55689f620 00000007409048c8
0x00007fff5c2dd548:   00007ff556886fe0 00000007409048c8
0x00007fff5c2dd558:   00007fff5c2dd558 00000001977d5d26
0x00007fff5c2dd568:   00007fff5c2dd5a8 00000001977d5de0 

Instructions: (pc=0x00007fffc287e05d)
0x00007fffc287e03d:   0f 1f 00 48 85 ff 2e 74 62 40 f6 c7 01 2e 75 66
0x00007fffc287e04d:   49 ba f8 ff ff ff ff 7f 00 00 4c 23 17 49 89 f3
0x00007fffc287e05d:   45 23 5a 18 49 c1 e3 04 4d 03 5a 10 49 3b 33 75
0x00007fffc287e06d:   04 41 ff 63 08 49 83 3b 01 76 0d 49 83 c3 10 49 

Register to memory mapping:

RAX=0x00007ff55689f620 is an unknown value
RBX=0x000000018bc39450: Java_jogamp_nativewindow_macosx_OSXUtil_GetScreenRefreshRate0+0x1cf0 in /private/var/folders/lr/vg0t0wxx3tg6yq252w_p67_00000gn/T/jogamp_0000/file_cache/jln6145032023618514926/jln8586943678493708862/libnativewindow_macosx.jnilib at 0x000000018bc32000
RCX=0x00007ff553901bd0 is an unknown value
RDX=0x0000000000000000 is an unknown value
RSP=0x00007fff5c2dd378 is pointing into the stack for thread: 0x00007ff551893800
RBP=0x00007fff5c2dd430 is pointing into the stack for thread: 0x00007ff551893800
RSI=0x00007fffac118116: __NSStyleNameIndexTable+0x7fd5e in /System/Library/Frameworks/AppKit.framework/Versions/C/AppKit at 0x00007fffab4ab000
RDI=0x00007ff556886fe0 is an unknown value
R8 =0x0000000000000018 is an unknown value
R9 =0x00007ff553901390 is an unknown value
R10=0x0000000000000000 is an unknown value
R11=0x00007fffac118116: __NSStyleNameIndexTable+0x7fd5e in /System/Library/Frameworks/AppKit.framework/Versions/C/AppKit at 0x00007fffab4ab000
R12=0x0000000000000000 is an unknown value
R13={method} {0x00000001928d9350} 'UnsetJAWTRootSurfaceLayer0' '(JJ)V' in 'jogamp/nativewindow/jawt/macosx/MacOSXJAWTWindow'
R14=0x000000018bc39440: Java_jogamp_nativewindow_macosx_OSXUtil_GetScreenRefreshRate0+0x1ce0 in /private/var/folders/lr/vg0t0wxx3tg6yq252w_p67_00000gn/T/jogamp_0000/file_cache/jln6145032023618514926/jln8586943678493708862/libnativewindow_macosx.jnilib at 0x000000018bc32000
R15=0x00007ff551893800 is a thread


Stack: [0x00007fff5bae2000,0x00007fff5c2e2000],  sp=0x00007fff5c2dd378,  free space=8172k
Native frames: (J=compiled Java code, j=interpreted, Vv=VM code, C=native code)
C  [libobjc.A.dylib+0x705d]  objc_msgSend+0x1d
j  jogamp.nativewindow.jawt.macosx.MacOSXJAWTWindow.UnsetJAWTRootSurfaceLayer0(JJ)V+0
j  jogamp.nativewindow.jawt.macosx.MacOSXJAWTWindow.access$200(JJ)V+2
j  jogamp.nativewindow.jawt.macosx.MacOSXJAWTWindow$1.run()V+38
j  com.jogamp.common.util.RunnableTask.run()V+24
v  ~StubRoutines::call_stub
V  [libjvm.dylib+0x2ee5b6]
V  [libjvm.dylib+0x325765]
V  [libjvm.dylib+0x317f33]
C  [libnativewindow_macosx.jnilib+0x5326]  Java_jogamp_nativewindow_jawt_macosx_MacOSXJAWTWindow_UnsetJAWTRootSurfaceLayer0+0x2b6
C  [Foundation+0x717ba]  __NSThreadPerformPerform+0x146
C  [CoreFoundation+0xa7321]  __CFRUNLOOP_IS_CALLING_OUT_TO_A_SOURCE0_PERFORM_FUNCTION__+0x11
C  [CoreFoundation+0x8821d]  __CFRunLoopDoSources0+0x22d
C  [CoreFoundation+0x87716]  __CFRunLoopRun+0x3a6
C  [CoreFoundation+0x87114]  CFRunLoopRunSpecific+0x1a4
C  [HIToolbox+0x30ebc]  RunCurrentEventLoopInMode+0xf0
C  [HIToolbox+0x30bf9]  ReceiveNextEventCommon+0xb8
C  [HIToolbox+0x30b26]  _BlockUntilNextEventMatchingListInModeWithFilter+0x47
C  [AppKit+0x46a54]  _DPSNextEvent+0x460
C  [AppKit+0x7c27ee]  -[NSApplication(NSEvent) _nextEventMatchingEventMask:untilDate:inMode:dequeue:]+0xaec
C  [libosxapp.dylib+0x23aa]  -[NSApplicationAWT nextEventMatchingMask:untilDate:inMode:dequeue:]+0x7c
C  [AppKit+0x3b3db]  -[NSApplication run]+0x39e
C  [libosxapp.dylib+0x214d]  +[NSApplicationAWT runAWTLoopWithApp:]+0x9c
C  [libawt_lwawt.dylib+0x45edf]  -[AWTStarter starter:]+0x389
C  [Foundation+0x717ba]  __NSThreadPerformPerform+0x146
C  [CoreFoundation+0xa7321]  __CFRUNLOOP_IS_CALLING_OUT_TO_A_SOURCE0_PERFORM_FUNCTION__+0x11
C  [CoreFoundation+0x8821d]  __CFRunLoopDoSources0+0x22d
C  [CoreFoundation+0x87716]  __CFRunLoopRun+0x3a6
C  [CoreFoundation+0x87114]  CFRunLoopRunSpecific+0x1a4
C  [java+0x6465]  CreateExecutionEnvironment+0x367
C  [java+0x218c]  JLI_Launch+0x7a0
C  [java+0x84c2]  main+0x65
C  [java+0x19e4]  start+0x34
C  0x0000000000000007

Java frames: (J=compiled Java code, j=interpreted, Vv=VM code)
j  jogamp.nativewindow.jawt.macosx.MacOSXJAWTWindow.UnsetJAWTRootSurfaceLayer0(JJ)V+0
j  jogamp.nativewindow.jawt.macosx.MacOSXJAWTWindow.access$200(JJ)V+2
j  jogamp.nativewindow.jawt.macosx.MacOSXJAWTWindow$1.run()V+38
j  com.jogamp.common.util.RunnableTask.run()V+24
v  ~StubRoutines::call_stub

---------------  P R O C E S S  ---------------

Java Threads: ( => current thread )
  0x00007ff5580ae800 JavaThread "Thread-110" [_thread_blocked, id=71843, stack(0x00007000028ba000,0x00007000029ba000)]
  0x00007ff552be7000 JavaThread "AWT-EventQueue-1" [_thread_in_native, id=66583, stack(0x0000700002734000,0x0000700002834000)]
  0x00007ff5532b4800 JavaThread "DestroyJavaVM" [_thread_blocked, id=7171, stack(0x00007000010ec000,0x00007000011ec000)]
  0x00007ff5529c3800 JavaThread "AWT-EventQueue-0" [_thread_blocked, id=60179, stack(0x000070000252e000,0x000070000262e000)]
  0x00007ff5519dc000 JavaThread "Java2D Disposer" daemon [_thread_blocked, id=56847, stack(0x00007000022a5000,0x00007000023a5000)]
  0x00007ff5520a4000 JavaThread "Java2D Queue Flusher" daemon [_thread_blocked, id=54791, stack(0x00007000021a2000,0x00007000022a2000)]
  0x00007ff552099000 JavaThread "AWT-Shutdown" [_thread_blocked, id=29215, stack(0x0000700001f16000,0x0000700002016000)]
=>0x00007ff551893800 JavaThread "AWT-AppKit" daemon [_thread_in_native, id=775, stack(0x00007fff5bae2000,0x00007fff5c2e2000)]
  0x00007ff552800800 JavaThread "Service Thread" daemon [_thread_blocked, id=18691, stack(0x0000700001d10000,0x0000700001e10000)]
  0x00007ff55200a000 JavaThread "C1 CompilerThread2" daemon [_thread_blocked, id=18179, stack(0x0000700001c0d000,0x0000700001d0d000)]
  0x00007ff552009800 JavaThread "C2 CompilerThread1" daemon [_thread_blocked, id=17667, stack(0x0000700001b0a000,0x0000700001c0a000)]
  0x00007ff551842000 JavaThread "C2 CompilerThread0" daemon [_thread_blocked, id=17155, stack(0x0000700001a07000,0x0000700001b07000)]
  0x00007ff551852000 JavaThread "Signal Dispatcher" daemon [_thread_blocked, id=16643, stack(0x0000700001904000,0x0000700001a04000)]
  0x00007ff55301c800 JavaThread "Finalizer" daemon [_thread_blocked, id=12547, stack(0x0000700001801000,0x0000700001901000)]
  0x00007ff552006000 JavaThread "Reference Handler" daemon [_thread_blocked, id=12035, stack(0x00007000016fe000,0x00007000017fe000)]

Other Threads:
  0x00007ff551829800 VMThread [stack: 0x00007000015fb000,0x00007000016fb000] [id=11523]
  0x00007ff55282d000 WatcherThread [stack: 0x0000700001e13000,0x0000700001f13000] [id=19203]

VM state:not at safepoint (normal execution)

VM Mutex/Monitor currently owned by a thread: None

Heap:
 PSYoungGen      total 130560K, used 8419K [0x0000000795580000, 0x00000007ae200000, 0x00000007c0000000)
  eden space 130048K, 6% used [0x0000000795580000,0x0000000795d90d28,0x000000079d480000)
  from space 512K, 31% used [0x00000007ae180000,0x00000007ae1a8000,0x00000007ae200000)
  to   space 9216K, 0% used [0x00000007ad000000,0x00000007ad000000,0x00000007ad900000)
 ParOldGen       total 76288K, used 50449K [0x0000000740000000, 0x0000000744a80000, 0x0000000795580000)
  object space 76288K, 66% used [0x0000000740000000,0x00000007431445b8,0x0000000744a80000)
 Metaspace       used 22039K, capacity 22421K, committed 22652K, reserved 1069056K
  class space    used 2149K, capacity 2249K, committed 2304K, reserved 1048576K

Card table byte_map: [0x0000000105563000,0x0000000105964000] byte_map_base: 0x0000000101b63000

Marking Bits: (ParMarkBitMap*) 0x0000000104af1ea0
 Begin Bits: [0x0000000105c0f000, 0x0000000107c0f000)
 End Bits:   [0x0000000107c0f000, 0x0000000109c0f000)

Polling page: 0x00000001039de000

CodeCache: size=245760Kb used=11514Kb max_used=11551Kb free=234245Kb
 bounds [0x000000010bb7e000, 0x000000010c6ee000, 0x000000011ab7e000]
 total_blobs=4118 nmethods=3204 adapters=827
 compilation: enabled

Compilation events (10 events):
Event: 112.594 Thread 0x00007ff552009800 3936       4       java.util.Vector$Itr::hasNext (20 bytes)
Event: 112.594 Thread 0x00007ff552009800 nmethod 3936 0x000000010bfc9350 code [0x000000010bfc94a0, 0x000000010bfc9538]
Event: 114.706 Thread 0x00007ff551842000 3937       4       processing.opengl.PGraphicsOpenGL::translate (8 bytes)
Event: 114.708 Thread 0x00007ff551842000 nmethod 3937 0x000000010c0e8dd0 code [0x000000010c0e8f60, 0x000000010c0e9288]
Event: 115.621 Thread 0x00007ff55200a000 3938  s    3       sun.font.CStrike$GlyphInfoCache::get (84 bytes)
Event: 115.623 Thread 0x00007ff55200a000 nmethod 3938 0x000000010bf7fc10 code [0x000000010bf7fe00, 0x000000010bf808f8]
Event: 115.649 Thread 0x00007ff55200a000 3939       3       java.awt.EventQueue::noEvents (29 bytes)
Event: 115.649 Thread 0x00007ff55200a000 nmethod 3939 0x000000010bfe7550 code [0x000000010bfe76c0, 0x000000010bfe7950]
Event: 115.649 Thread 0x00007ff55200a000 3940  s    3       sun.font.CCharToGlyphMapper$Cache::get (74 bytes)
Event: 115.650 Thread 0x00007ff55200a000 nmethod 3940 0x000000010c3da090 code [0x000000010c3da280, 0x000000010c3dadd8]

GC Heap History (10 events):
Event: 103.297 GC heap before
{Heap before GC invocations=47 (full 1):
 PSYoungGen      total 161792K, used 161408K [0x0000000795580000, 0x00000007afe80000, 0x00000007c0000000)
  eden space 158720K, 100% used [0x0000000795580000,0x000000079f080000,0x000000079f080000)
  from space 3072K, 87% used [0x00000007aeb00000,0x00000007aeda0090,0x00000007aee00000)
  to   space 10752K, 0% used [0x00000007af400000,0x00000007af400000,0x00000007afe80000)
 ParOldGen       total 76288K, used 47797K [0x0000000740000000, 0x0000000744a80000, 0x0000000795580000)
  object space 76288K, 62% used [0x0000000740000000,0x0000000742ead518,0x0000000744a80000)
 Metaspace       used 22004K, capacity 22357K, committed 22652K, reserved 1069056K
  class space    used 2141K, capacity 2249K, committed 2304K, reserved 1048576K
Event: 103.301 GC heap after
Heap after GC invocations=47 (full 1):
 PSYoungGen      total 154624K, used 1600K [0x0000000795580000, 0x00000007af600000, 0x00000007c0000000)
  eden space 152576K, 0% used [0x0000000795580000,0x0000000795580000,0x000000079ea80000)
  from space 2048K, 78% used [0x00000007af400000,0x00000007af590050,0x00000007af600000)
  to   space 10240K, 0% used [0x00000007ae200000,0x00000007ae200000,0x00000007aec00000)
 ParOldGen       total 76288K, used 48909K [0x0000000740000000, 0x0000000744a80000, 0x0000000795580000)
  object space 76288K, 64% used [0x0000000740000000,0x0000000742fc3558,0x0000000744a80000)
 Metaspace       used 22004K, capacity 22357K, committed 22652K, reserved 1069056K
  class space    used 2141K, capacity 2249K, committed 2304K, reserved 1048576K
}
Event: 106.795 GC heap before
{Heap before GC invocations=48 (full 1):
 PSYoungGen      total 154624K, used 154176K [0x0000000795580000, 0x00000007af600000, 0x00000007c0000000)
  eden space 152576K, 100% used [0x0000000795580000,0x000000079ea80000,0x000000079ea80000)
  from space 2048K, 78% used [0x00000007af400000,0x00000007af590050,0x00000007af600000)
  to   space 10240K, 0% used [0x00000007ae200000,0x00000007ae200000,0x00000007aec00000)
 ParOldGen       total 76288K, used 48909K [0x0000000740000000, 0x0000000744a80000, 0x0000000795580000)
  object space 76288K, 64% used [0x0000000740000000,0x0000000742fc3558,0x0000000744a80000)
 Metaspace       used 22004K, capacity 22357K, committed 22652K, reserved 1069056K
  class space    used 2141K, capacity 2249K, committed 2304K, reserved 1048576K
Event: 106.798 GC heap after
Heap after GC invocations=48 (full 1):
 PSYoungGen      total 147456K, used 768K [0x0000000795580000, 0x00000007af480000, 0x00000007c0000000)
  eden space 146432K, 0% used [0x0000000795580000,0x0000000795580000,0x000000079e480000)
  from space 1024K, 75% used [0x00000007ae200000,0x00000007ae2c0020,0x00000007ae300000)
  to   space 10240K, 0% used [0x00000007aea80000,0x00000007aea80000,0x00000007af480000)
 ParOldGen       total 76288K, used 49733K [0x0000000740000000, 0x0000000744a80000, 0x0000000795580000)
  object space 76288K, 65% used [0x0000000740000000,0x0000000743091588,0x0000000744a80000)
 Metaspace       used 22004K, capacity 22357K, committed 22652K, reserved 1069056K
  class space    used 2141K, capacity 2249K, committed 2304K, reserved 1048576K
}
Event: 109.813 GC heap before
{Heap before GC invocations=49 (full 1):
 PSYoungGen      total 147456K, used 147200K [0x0000000795580000, 0x00000007af480000, 0x00000007c0000000)
  eden space 146432K, 100% used [0x0000000795580000,0x000000079e480000,0x000000079e480000)
  from space 1024K, 75% used [0x00000007ae200000,0x00000007ae2c0020,0x00000007ae300000)
  to   space 10240K, 0% used [0x00000007aea80000,0x00000007aea80000,0x00000007af480000)
 ParOldGen       total 76288K, used 49733K [0x0000000740000000, 0x0000000744a80000, 0x0000000795580000)
  object space 76288K, 65% used [0x0000000740000000,0x0000000743091588,0x0000000744a80000)
 Metaspace       used 22004K, capacity 22357K, committed 22652K, reserved 1069056K
  class space    used 2141K, capacity 2249K, committed 2304K, reserved 1048576K
Event: 109.817 GC heap after
Heap after GC invocations=49 (full 1):
 PSYoungGen      total 141312K, used 160K [0x0000000795580000, 0x00000007aeb00000, 0x00000007c0000000)
  eden space 140800K, 0% used [0x0000000795580000,0x0000000795580000,0x000000079df00000)
  from space 512K, 31% used [0x00000007aea80000,0x00000007aeaa8000,0x00000007aeb00000)
  to   space 9728K, 0% used [0x00000007ad800000,0x00000007ad800000,0x00000007ae180000)
 ParOldGen       total 76288K, used 50337K [0x0000000740000000, 0x0000000744a80000, 0x0000000795580000)
  object space 76288K, 65% used [0x0000000740000000,0x00000007431285b8,0x0000000744a80000)
 Metaspace       used 22004K, capacity 22357K, committed 22652K, reserved 1069056K
  class space    used 2141K, capacity 2249K, committed 2304K, reserved 1048576K
}
Event: 112.729 GC heap before
{Heap before GC invocations=50 (full 1):
 PSYoungGen      total 141312K, used 140960K [0x0000000795580000, 0x00000007aeb00000, 0x00000007c0000000)
  eden space 140800K, 100% used [0x0000000795580000,0x000000079df00000,0x000000079df00000)
  from space 512K, 31% used [0x00000007aea80000,0x00000007aeaa8000,0x00000007aeb00000)
  to   space 9728K, 0% used [0x00000007ad800000,0x00000007ad800000,0x00000007ae180000)
 ParOldGen       total 76288K, used 50337K [0x0000000740000000, 0x0000000744a80000, 0x0000000795580000)
  object space 76288K, 65% used [0x0000000740000000,0x00000007431285b8,0x0000000744a80000)
 Metaspace       used 22004K, capacity 22357K, committed 22652K, reserved 1069056K
  class space    used 2141K, capacity 2249K, committed 2304K, reserved 1048576K
Event: 112.731 GC heap after
Heap after GC invocations=50 (full 1):
 PSYoungGen      total 144896K, used 128K [0x0000000795580000, 0x00000007aeb00000, 0x00000007c0000000)
  eden space 135168K, 0% used [0x0000000795580000,0x0000000795580000,0x000000079d980000)
  from space 9728K, 1% used [0x00000007ad800000,0x00000007ad820000,0x00000007ae180000)
  to   space 9728K, 0% used [0x00000007ae180000,0x00000007ae180000,0x00000007aeb00000)
 ParOldGen       total 76288K, used 50425K [0x0000000740000000, 0x0000000744a80000, 0x0000000795580000)
  object space 76288K, 66% used [0x0000000740000000,0x000000074313e5b8,0x0000000744a80000)
 Metaspace       used 22004K, capacity 22357K, committed 22652K, reserved 1069056K
  class space    used 2141K, capacity 2249K, committed 2304K, reserved 1048576K
}
Event: 115.569 GC heap before
{Heap before GC invocations=51 (full 1):
 PSYoungGen      total 144896K, used 135296K [0x0000000795580000, 0x00000007aeb00000, 0x00000007c0000000)
  eden space 135168K, 100% used [0x0000000795580000,0x000000079d980000,0x000000079d980000)
  from space 9728K, 1% used [0x00000007ad800000,0x00000007ad820000,0x00000007ae180000)
  to   space 9728K, 0% used [0x00000007ae180000,0x00000007ae180000,0x00000007aeb00000)
 ParOldGen       total 76288K, used 50425K [0x0000000740000000, 0x0000000744a80000, 0x0000000795580000)
  object space 76288K, 66% used [0x0000000740000000,0x000000074313e5b8,0x0000000744a80000)
 Metaspace       used 22004K, capacity 22357K, committed 22652K, reserved 1069056K
  class space    used 2141K, capacity 2249K, committed 2304K, reserved 1048576K
Event: 115.571 GC heap after
Heap after GC invocations=51 (full 1):
 PSYoungGen      total 130560K, used 160K [0x0000000795580000, 0x00000007ae200000, 0x00000007c0000000)
  eden space 130048K, 0% used [0x0000000795580000,0x0000000795580000,0x000000079d480000)
  from space 512K, 31% used [0x00000007ae180000,0x00000007ae1a8000,0x00000007ae200000)
  to   space 9216K, 0% used [0x00000007ad000000,0x00000007ad000000,0x00000007ad900000)
 ParOldGen       total 76288K, used 50449K [0x0000000740000000, 0x0000000744a80000, 0x0000000795580000)
  object space 76288K, 66% used [0x0000000740000000,0x00000007431445b8,0x0000000744a80000)
 Metaspace       used 22004K, capacity 22357K, committed 22652K, reserved 1069056K
  class space    used 2141K, capacity 2249K, committed 2304K, reserved 1048576K
}

Deoptimization events (10 events):
Event: 115.618 Thread 0x00007ff552be7000 Uncommon trap: reason=unstable_if action=reinterpret pc=0x000000010c6d7644 method=java.awt.EventQueue.uncacheEQItem(Lsun/awt/EventQueueItem;)V @ 23
Event: 115.633 Thread 0x00007ff552be7000 Uncommon trap: reason=bimorphic action=maybe_recompile pc=0x000000010c6d1104 method=java.awt.event.InvocationEvent.dispatch()V @ 11
Event: 115.648 Thread 0x00007ff5519e0800 Uncommon trap: reason=unstable_if action=reinterpret pc=0x000000010c263fdc method=java.util.HashMap.putVal(ILjava/lang/Object;Ljava/lang/Object;ZZ)Ljava/lang/Object; @ 81
Event: 115.648 Thread 0x00007ff5519e0800 Uncommon trap: reason=unstable_if action=reinterpret pc=0x000000010c104c9c method=java.util.HashMap.putVal(ILjava/lang/Object;Ljava/lang/Object;ZZ)Ljava/lang/Object; @ 81
Event: 115.649 Thread 0x00007ff552be7000 Uncommon trap: reason=bimorphic action=maybe_recompile pc=0x000000010c6d1104 method=java.awt.event.InvocationEvent.dispatch()V @ 11
Event: 115.651 Thread 0x00007ff551893800 Uncommon trap: reason=bimorphic action=maybe_recompile pc=0x000000010bfe8e44 method=com.jogamp.common.util.RunnableTask.run()V @ 24
Event: 115.656 Thread 0x00007ff552be7000 Uncommon trap: reason=unstable_if action=reinterpret pc=0x000000010c218a18 method=java.util.LinkedList$ListItr.<init>(Ljava/util/LinkedList;I)V @ 26
Event: 115.657 Thread 0x00007ff552be7000 Uncommon trap: reason=unstable_if action=reinterpret pc=0x000000010c48d93c method=java.security.AccessControlContext.optimize()Ljava/security/AccessControlContext; @ 233
Event: 115.659 Thread 0x00007ff552be7000 Uncommon trap: reason=bimorphic action=maybe_recompile pc=0x000000010c6d1104 method=java.awt.event.InvocationEvent.dispatch()V @ 11
Event: 115.673 Thread 0x00007ff551893800 Uncommon trap: reason=bimorphic action=maybe_recompile pc=0x000000010bfe8e44 method=com.jogamp.common.util.RunnableTask.run()V @ 24

Internal exceptions (10 events):
Event: 0.368 Thread 0x00007ff55180b800 Exception <a 'java/io/FileNotFoundException'> (0x0000000795810de8) thrown at [/Users/java_re/workspace/8-2-build-macosx-x86_64/jdk8u131/8869/hotspot/src/share/vm/prims/jni.cpp, line 709]
Event: 0.506 Thread 0x00007ff55180b800 Exception <a 'java/io/FileNotFoundException'> (0x0000000795954b18) thrown at [/Users/java_re/workspace/8-2-build-macosx-x86_64/jdk8u131/8869/hotspot/src/share/vm/prims/jni.cpp, line 709]
Event: 2.895 Thread 0x00007ff55329c000 Exception <a 'java/lang/UnsatisfiedLinkError': com.jogamp.common.util.JarUtil.fixNativeLibAttribs(Ljava/lang/String;)Z> (0x0000000796d6cdd0) thrown at [/Users/java_re/workspace/8-2-build-macosx-x86_64/jdk8u131/8869/hotspot/src/share/vm/prims/nativeLookup.
Event: 3.135 Thread 0x00007ff55301c800 Exception <a 'java/lang/NullPointerException'> (0x00000007956a2d30) thrown at [/Users/java_re/workspace/8-2-build-macosx-x86_64/jdk8u131/8869/hotspot/src/share/vm/interpreter/linkResolver.cpp, line 1197]
Event: 3.860 Thread 0x00007ff552be7000 Exception <a 'java/io/FileNotFoundException'> (0x000000079612cd30) thrown at [/Users/java_re/workspace/8-2-build-macosx-x86_64/jdk8u131/8869/hotspot/src/share/vm/prims/jni.cpp, line 709]
Event: 3.860 Thread 0x00007ff552be7000 Exception <a 'java/io/FileNotFoundException'> (0x0000000796135b58) thrown at [/Users/java_re/workspace/8-2-build-macosx-x86_64/jdk8u131/8869/hotspot/src/share/vm/prims/jni.cpp, line 709]
Event: 3.861 Thread 0x00007ff552be7000 Implicit null exception at 0x000000010bd5abb6 to 0x000000010bd5af81
Event: 20.184 Thread 0x00007ff552be7000 Implicit null exception at 0x000000010bf65806 to 0x000000010bf65a4d
Event: 23.408 Thread 0x00007ff552be7000 Implicit null exception at 0x000000010c1abf35 to 0x000000010c1ac361
Event: 71.166 Thread 0x00007ff552be7000 Implicit null exception at 0x000000010c1d3c25 to 0x000000010c1d3d79

Events (10 events):
Event: 115.658 loading class java/awt/Toolkit$ToolkitEventMulticaster done
Event: 115.659 Thread 0x00007ff5519e0800 Thread exited: 0x00007ff5519e0800
Event: 115.659 loading class java/awt/Window$1DisposeAction
Event: 115.659 loading class java/awt/Window$1DisposeAction done
Event: 115.659 Thread 0x00007ff552be7000 Uncommon trap: trap_request=0xffffffc6 fr.pc=0x000000010c6d1104
Event: 115.659 Thread 0x00007ff552be7000 DEOPT PACKING pc=0x000000010c6d1104 sp=0x0000700002831f60
Event: 115.659 Thread 0x00007ff552be7000 DEOPT UNPACKING pc=0x000000010bb83229 sp=0x0000700002831df8 mode 2
Event: 115.673 Thread 0x00007ff551893800 Uncommon trap: trap_request=0xffffffc6 fr.pc=0x000000010bfe8e44
Event: 115.673 Thread 0x00007ff551893800 DEOPT PACKING pc=0x000000010bfe8e44 sp=0x00007fff5c2dd5f0
Event: 115.673 Thread 0x00007ff551893800 DEOPT UNPACKING pc=0x000000010bb83229 sp=0x00007fff5c2dd598 mode 2


Dynamic libraries:
0x00000000385fa000 	/System/Library/Frameworks/Cocoa.framework/Versions/A/Cocoa
0x00000000385fa000 	/System/Library/Frameworks/Security.framework/Versions/A/Security
0x00000000385fa000 	/System/Library/Frameworks/ApplicationServices.framework/Versions/A/ApplicationServices
0x00000000385fa000 	/usr/lib/libz.1.dylib
0x00000000385fa000 	/usr/lib/libSystem.B.dylib
0x00000000385fa000 	/usr/lib/libobjc.A.dylib
0x00000000385fa000 	/System/Library/Frameworks/CoreFoundation.framework/Versions/A/CoreFoundation
0x00000000385fa000 	/System/Library/Frameworks/Foundation.framework/Versions/C/Foundation
0x00000000385fa000 	/System/Library/Frameworks/AppKit.framework/Versions/C/AppKit
0x00000000385fa000 	/System/Library/Frameworks/CoreData.framework/Versions/A/CoreData
0x00000000385fa000 	/System/Library/PrivateFrameworks/RemoteViewServices.framework/Versions/A/RemoteViewServices
0x00000000385fa000 	/System/Library/PrivateFrameworks/UIFoundation.framework/Versions/A/UIFoundation
0x00000000385fa000 	/System/Library/PrivateFrameworks/DFRFoundation.framework/Versions/A/DFRFoundation
0x00000000385fa000 	/usr/lib/libenergytrace.dylib
0x00000000385fa000 	/System/Library/PrivateFrameworks/SkyLight.framework/Versions/A/SkyLight
0x00000000385fa000 	/System/Library/Frameworks/CoreGraphics.framework/Versions/A/CoreGraphics
0x00000000385fa000 	/usr/lib/libScreenReader.dylib
0x00000000385fa000 	/System/Library/Frameworks/Accelerate.framework/Versions/A/Accelerate
0x00000000385fa000 	/System/Library/Frameworks/IOSurface.framework/Versions/A/IOSurface
0x00000000385fa000 	/System/Library/Frameworks/AudioToolbox.framework/Versions/A/AudioToolbox
0x00000000385fa000 	/System/Library/Frameworks/AudioUnit.framework/Versions/A/AudioUnit
0x00000000385fa000 	/System/Library/PrivateFrameworks/DataDetectorsCore.framework/Versions/A/DataDetectorsCore
0x00000000385fa000 	/System/Library/PrivateFrameworks/DesktopServicesPriv.framework/Versions/A/DesktopServicesPriv
0x00000000385fa000 	/System/Library/Frameworks/Carbon.framework/Versions/A/Frameworks/HIToolbox.framework/Versions/A/HIToolbox
0x00000000385fa000 	/usr/lib/libicucore.A.dylib
0x00000000385fa000 	/System/Library/Frameworks/QuartzCore.framework/Versions/A/QuartzCore
0x00000000385fa000 	/System/Library/Frameworks/Carbon.framework/Versions/A/Frameworks/SpeechRecognition.framework/Versions/A/SpeechRecognition
0x00000000385fa000 	/usr/lib/libauto.dylib
0x00000000385fa000 	/usr/lib/libxml2.2.dylib
0x00000000385fa000 	/System/Library/PrivateFrameworks/CoreUI.framework/Versions/A/CoreUI
0x00000000385fa000 	/System/Library/Frameworks/CoreAudio.framework/Versions/A/CoreAudio
0x00000000385fa000 	/System/Library/Frameworks/DiskArbitration.framework/Versions/A/DiskArbitration
0x00000000385fa000 	/usr/lib/liblangid.dylib
0x00000000385fa000 	/System/Library/PrivateFrameworks/MultitouchSupport.framework/Versions/A/MultitouchSupport
0x00000000385fa000 	/System/Library/Frameworks/IOKit.framework/Versions/A/IOKit
0x00000000385fa000 	/usr/lib/libDiagnosticMessagesClient.dylib
0x00000000385fa000 	/System/Library/Frameworks/CoreServices.framework/Versions/A/CoreServices
0x00000000385fa000 	/System/Library/PrivateFrameworks/PerformanceAnalysis.framework/Versions/A/PerformanceAnalysis
0x00000000385fa000 	/System/Library/PrivateFrameworks/GenerationalStorage.framework/Versions/A/GenerationalStorage
0x00000000385fa000 	/System/Library/Frameworks/OpenGL.framework/Versions/A/OpenGL
0x00000000385fa000 	/System/Library/Frameworks/CoreImage.framework/Versions/A/CoreImage
0x00000000385fa000 	/System/Library/Frameworks/CoreText.framework/Versions/A/CoreText
0x00000000385fa000 	/System/Library/Frameworks/ImageIO.framework/Versions/A/ImageIO
0x00000000385fa000 	/System/Library/PrivateFrameworks/Backup.framework/Versions/A/Backup
0x00000000385fa000 	/usr/lib/libarchive.2.dylib
0x00000000385fa000 	/System/Library/Frameworks/CFNetwork.framework/Versions/A/CFNetwork
0x00000000385fa000 	/System/Library/Frameworks/SystemConfiguration.framework/Versions/A/SystemConfiguration
0x00000000385fa000 	/usr/lib/libCRFSuite.dylib
0x00000000385fa000 	/usr/lib/libc++.1.dylib
0x00000000385fa000 	/usr/lib/libc++abi.dylib
0x00000000385fa000 	/usr/lib/system/libcache.dylib
0x00000000385fa000 	/usr/lib/system/libcommonCrypto.dylib
0x00000000385fa000 	/usr/lib/system/libcompiler_rt.dylib
0x00000000385fa000 	/usr/lib/system/libcopyfile.dylib
0x00000000385fa000 	/usr/lib/system/libcorecrypto.dylib
0x00000000385fa000 	/usr/lib/system/libdispatch.dylib
0x00000000385fa000 	/usr/lib/system/libdyld.dylib
0x00000000385fa000 	/usr/lib/system/libkeymgr.dylib
0x00000000385fa000 	/usr/lib/system/liblaunch.dylib
0x00000000385fa000 	/usr/lib/system/libmacho.dylib
0x00000000385fa000 	/usr/lib/system/libquarantine.dylib
0x00000000385fa000 	/usr/lib/system/libremovefile.dylib
0x00000000385fa000 	/usr/lib/system/libsystem_asl.dylib
0x00000000385fa000 	/usr/lib/system/libsystem_blocks.dylib
0x00000000385fa000 	/usr/lib/system/libsystem_c.dylib
0x00000000385fa000 	/usr/lib/system/libsystem_configuration.dylib
0x00000000385fa000 	/usr/lib/system/libsystem_coreservices.dylib
0x00000000385fa000 	/usr/lib/system/libsystem_coretls.dylib
0x00000000385fa000 	/usr/lib/system/libsystem_dnssd.dylib
0x00000000385fa000 	/usr/lib/system/libsystem_info.dylib
0x00000000385fa000 	/usr/lib/system/libsystem_kernel.dylib
0x00000000385fa000 	/usr/lib/system/libsystem_m.dylib
0x00000000385fa000 	/usr/lib/system/libsystem_malloc.dylib
0x00000000385fa000 	/usr/lib/system/libsystem_network.dylib
0x00000000385fa000 	/usr/lib/system/libsystem_networkextension.dylib
0x00000000385fa000 	/usr/lib/system/libsystem_notify.dylib
0x00000000385fa000 	/usr/lib/system/libsystem_platform.dylib
0x00000000385fa000 	/usr/lib/system/libsystem_pthread.dylib
0x00000000385fa000 	/usr/lib/system/libsystem_sandbox.dylib
0x00000000385fa000 	/usr/lib/system/libsystem_secinit.dylib
0x00000000385fa000 	/usr/lib/system/libsystem_symptoms.dylib
0x00000000385fa000 	/usr/lib/system/libsystem_trace.dylib
0x00000000385fa000 	/usr/lib/system/libunwind.dylib
0x00000000385fa000 	/usr/lib/system/libxpc.dylib
0x00000000385fa000 	/usr/lib/libbsm.0.dylib
0x00000000385fa000 	/usr/lib/system/libkxld.dylib
0x00000000385fa000 	/usr/lib/libcoretls.dylib
0x00000000385fa000 	/usr/lib/libcoretls_cfhelpers.dylib
0x00000000385fa000 	/usr/lib/libOpenScriptingUtil.dylib
0x00000000385fa000 	/usr/lib/libpam.2.dylib
0x00000000385fa000 	/usr/lib/libsqlite3.dylib
0x00000000385fa000 	/usr/lib/libxar.1.dylib
0x00000000385fa000 	/usr/lib/libbz2.1.0.dylib
0x00000000385fa000 	/usr/lib/liblzma.5.dylib
0x00000000385fa000 	/usr/lib/libnetwork.dylib
0x00000000385fa000 	/usr/lib/libpcap.A.dylib
0x00000000385fa000 	/System/Library/Frameworks/CoreServices.framework/Versions/A/Frameworks/FSEvents.framework/Versions/A/FSEvents
0x00000000385fa000 	/System/Library/Frameworks/CoreServices.framework/Versions/A/Frameworks/CarbonCore.framework/Versions/A/CarbonCore
0x00000000385fa000 	/System/Library/Frameworks/CoreServices.framework/Versions/A/Frameworks/Metadata.framework/Versions/A/Metadata
0x00000000385fa000 	/System/Library/Frameworks/CoreServices.framework/Versions/A/Frameworks/OSServices.framework/Versions/A/OSServices
0x00000000385fa000 	/System/Library/Frameworks/CoreServices.framework/Versions/A/Frameworks/SearchKit.framework/Versions/A/SearchKit
0x00000000385fa000 	/System/Library/Frameworks/CoreServices.framework/Versions/A/Frameworks/AE.framework/Versions/A/AE
0x00000000385fa000 	/System/Library/Frameworks/CoreServices.framework/Versions/A/Frameworks/LaunchServices.framework/Versions/A/LaunchServices
0x00000000385fa000 	/System/Library/Frameworks/CoreServices.framework/Versions/A/Frameworks/DictionaryServices.framework/Versions/A/DictionaryServices
0x00000000385fa000 	/System/Library/Frameworks/CoreServices.framework/Versions/A/Frameworks/SharedFileList.framework/Versions/A/SharedFileList
0x00000000385fa000 	/System/Library/Frameworks/NetFS.framework/Versions/A/NetFS
0x00000000385fa000 	/System/Library/PrivateFrameworks/NetAuth.framework/Versions/A/NetAuth
0x00000000385fa000 	/System/Library/PrivateFrameworks/login.framework/Versions/A/Frameworks/loginsupport.framework/Versions/A/loginsupport
0x00000000385fa000 	/System/Library/PrivateFrameworks/TCC.framework/Versions/A/TCC
0x00000000385fa000 	/usr/lib/libmecabra.dylib
0x00000000385fa000 	/System/Library/Frameworks/ApplicationServices.framework/Versions/A/Frameworks/ATS.framework/Versions/A/ATS
0x00000000385fa000 	/System/Library/Frameworks/ApplicationServices.framework/Versions/A/Frameworks/ColorSync.framework/Versions/A/ColorSync
0x00000000385fa000 	/System/Library/Frameworks/ApplicationServices.framework/Versions/A/Frameworks/HIServices.framework/Versions/A/HIServices
0x00000000385fa000 	/System/Library/Frameworks/ApplicationServices.framework/Versions/A/Frameworks/LangAnalysis.framework/Versions/A/LangAnalysis
0x00000000385fa000 	/System/Library/Frameworks/ApplicationServices.framework/Versions/A/Frameworks/PrintCore.framework/Versions/A/PrintCore
0x00000000385fa000 	/System/Library/Frameworks/ApplicationServices.framework/Versions/A/Frameworks/QD.framework/Versions/A/QD
0x00000000385fa000 	/System/Library/Frameworks/ApplicationServices.framework/Versions/A/Frameworks/SpeechSynthesis.framework/Versions/A/SpeechSynthesis
0x00000000385fa000 	/System/Library/Frameworks/Accelerate.framework/Versions/A/Frameworks/vImage.framework/Versions/A/vImage
0x00000000385fa000 	/System/Library/Frameworks/Accelerate.framework/Versions/A/Frameworks/vecLib.framework/Versions/A/vecLib
0x00000000385fa000 	/System/Library/Frameworks/Accelerate.framework/Versions/A/Frameworks/vecLib.framework/Versions/A/libvDSP.dylib
0x00000000385fa000 	/System/Library/Frameworks/Accelerate.framework/Versions/A/Frameworks/vecLib.framework/Versions/A/libBNNS.dylib
0x00000000385fa000 	/System/Library/Frameworks/Accelerate.framework/Versions/A/Frameworks/vecLib.framework/Versions/A/libQuadrature.dylib
0x00000000385fa000 	/System/Library/Frameworks/Accelerate.framework/Versions/A/Frameworks/vecLib.framework/Versions/A/libvMisc.dylib
0x00000000385fa000 	/System/Library/Frameworks/Accelerate.framework/Versions/A/Frameworks/vecLib.framework/Versions/A/libLAPACK.dylib
0x00000000385fa000 	/System/Library/Frameworks/Accelerate.framework/Versions/A/Frameworks/vecLib.framework/Versions/A/libBLAS.dylib
0x00000000385fa000 	/System/Library/Frameworks/Accelerate.framework/Versions/A/Frameworks/vecLib.framework/Versions/A/libLinearAlgebra.dylib
0x00000000385fa000 	/System/Library/Frameworks/Accelerate.framework/Versions/A/Frameworks/vecLib.framework/Versions/A/libSparseBLAS.dylib
0x00000000385fa000 	/System/Library/Frameworks/ApplicationServices.framework/Versions/A/Frameworks/ATS.framework/Versions/A/Resources/libFontParser.dylib
0x00000000385fa000 	/System/Library/Frameworks/ApplicationServices.framework/Versions/A/Frameworks/ATS.framework/Versions/A/Resources/libFontRegistry.dylib
0x00000000385fa000 	/System/Library/Frameworks/ImageIO.framework/Versions/A/Resources/libJPEG.dylib
0x00000000385fa000 	/System/Library/Frameworks/ImageIO.framework/Versions/A/Resources/libTIFF.dylib
0x00000000385fa000 	/System/Library/Frameworks/ImageIO.framework/Versions/A/Resources/libPng.dylib
0x00000000385fa000 	/System/Library/Frameworks/ImageIO.framework/Versions/A/Resources/libGIF.dylib
0x00000000385fa000 	/System/Library/Frameworks/ImageIO.framework/Versions/A/Resources/libJP2.dylib
0x00000000385fa000 	/System/Library/Frameworks/ImageIO.framework/Versions/A/Resources/libRadiance.dylib
0x00000000385fa000 	/usr/lib/libcompression.dylib
0x00000000385fa000 	/System/Library/PrivateFrameworks/AppleJPEG.framework/Versions/A/AppleJPEG
0x00000000385fa000 	/usr/lib/libcups.2.dylib
0x00000000385fa000 	/System/Library/Frameworks/Kerberos.framework/Versions/A/Kerberos
0x00000000385fa000 	/System/Library/Frameworks/GSS.framework/Versions/A/GSS
0x00000000385fa000 	/usr/lib/libresolv.9.dylib
0x00000000385fa000 	/usr/lib/libiconv.2.dylib
0x00000000385fa000 	/System/Library/PrivateFrameworks/Heimdal.framework/Versions/A/Heimdal
0x00000000385fa000 	/usr/lib/libheimdal-asn1.dylib
0x00000000385fa000 	/System/Library/Frameworks/OpenDirectory.framework/Versions/A/OpenDirectory
0x00000000385fa000 	/System/Library/PrivateFrameworks/CommonAuth.framework/Versions/A/CommonAuth
0x00000000385fa000 	/System/Library/Frameworks/OpenDirectory.framework/Versions/A/Frameworks/CFOpenDirectory.framework/Versions/A/CFOpenDirectory
0x00000000385fa000 	/System/Library/Frameworks/SecurityFoundation.framework/Versions/A/SecurityFoundation
0x00000000385fa000 	/System/Library/PrivateFrameworks/LanguageModeling.framework/Versions/A/LanguageModeling
0x00000000385fa000 	/usr/lib/libmarisa.dylib
0x00000000385fa000 	/usr/lib/libChineseTokenizer.dylib
0x00000000385fa000 	/usr/lib/libcmph.dylib
0x00000000385fa000 	/System/Library/PrivateFrameworks/CoreEmoji.framework/Versions/A/CoreEmoji
0x00000000385fa000 	/System/Library/Frameworks/ServiceManagement.framework/Versions/A/ServiceManagement
0x00000000385fa000 	/usr/lib/libxslt.1.dylib
0x00000000385fa000 	/System/Library/Frameworks/Carbon.framework/Versions/A/Frameworks/Ink.framework/Versions/A/Ink
0x00000000385fa000 	/System/Library/PrivateFrameworks/TextureIO.framework/Versions/A/TextureIO
0x00000000385fa000 	/System/Library/Frameworks/Metal.framework/Versions/A/Metal
0x00000000385fa000 	/usr/lib/libate.dylib
0x00000000385fa000 	/System/Library/PrivateFrameworks/GPUCompiler.framework/libmetal_timestamp.dylib
0x00000000385fa000 	/System/Library/Frameworks/OpenGL.framework/Versions/A/Libraries/libCoreFSCache.dylib
0x00000000385fa000 	/System/Library/PrivateFrameworks/IOAccelerator.framework/Versions/A/IOAccelerator
0x00000000385fa000 	/System/Library/Frameworks/CoreVideo.framework/Versions/A/CoreVideo
0x00000000385fa000 	/usr/lib/libFosl_dynamic.dylib
0x00000000385fa000 	/System/Library/PrivateFrameworks/MetalPerformanceShaders.framework/Versions/A/MetalPerformanceShaders
0x00000000385fa000 	/System/Library/PrivateFrameworks/FaceCore.framework/Versions/A/FaceCore
0x00000000385fa000 	/System/Library/Frameworks/OpenCL.framework/Versions/A/OpenCL
0x00000000385fa000 	/System/Library/Frameworks/OpenGL.framework/Versions/A/Libraries/libGLU.dylib
0x00000000385fa000 	/System/Library/Frameworks/OpenGL.framework/Versions/A/Libraries/libGFXShared.dylib
0x00000000385fa000 	/System/Library/Frameworks/OpenGL.framework/Versions/A/Libraries/libGL.dylib
0x00000000385fa000 	/System/Library/Frameworks/OpenGL.framework/Versions/A/Libraries/libGLImage.dylib
0x00000000385fa000 	/System/Library/Frameworks/OpenGL.framework/Versions/A/Libraries/libCVMSPluginSupport.dylib
0x00000000385fa000 	/System/Library/Frameworks/OpenGL.framework/Versions/A/Libraries/libCoreVMClient.dylib
0x00000000385fa000 	/System/Library/PrivateFrameworks/CrashReporterSupport.framework/Versions/A/CrashReporterSupport
0x00000000385fa000 	/System/Library/PrivateFrameworks/Sharing.framework/Versions/A/Sharing
0x00000000385fa000 	/System/Library/PrivateFrameworks/IconServices.framework/Versions/A/IconServices
0x00000000385fa000 	/System/Library/PrivateFrameworks/ProtocolBuffer.framework/Versions/A/ProtocolBuffer
0x00000000385fa000 	/System/Library/PrivateFrameworks/Apple80211.framework/Versions/A/Apple80211
0x00000000385fa000 	/System/Library/Frameworks/CoreWLAN.framework/Versions/A/CoreWLAN
0x00000000385fa000 	/System/Library/PrivateFrameworks/CoreUtils.framework/Versions/A/CoreUtils
0x00000000385fa000 	/System/Library/Frameworks/IOBluetooth.framework/Versions/A/IOBluetooth
0x00000000385fa000 	/System/Library/PrivateFrameworks/CoreWiFi.framework/Versions/A/CoreWiFi
0x00000000385fa000 	/System/Library/Frameworks/CoreBluetooth.framework/Versions/A/CoreBluetooth
0x00000000385fa000 	/System/Library/Frameworks/CoreDisplay.framework/Versions/A/CoreDisplay
0x00000000385fa000 	/System/Library/PrivateFrameworks/IOPresentment.framework/Versions/A/IOPresentment
0x00000000385fa000 	/System/Library/PrivateFrameworks/DSExternalDisplay.framework/Versions/A/DSExternalDisplay
0x00000000385fa000 	/System/Library/PrivateFrameworks/DebugSymbols.framework/Versions/A/DebugSymbols
0x00000000385fa000 	/System/Library/PrivateFrameworks/CoreSymbolication.framework/Versions/A/CoreSymbolication
0x00000000385fa000 	/System/Library/PrivateFrameworks/Symbolication.framework/Versions/A/Symbolication
0x00000000385fa000 	/System/Library/PrivateFrameworks/AppleFSCompression.framework/Versions/A/AppleFSCompression
0x00000000385fa000 	/System/Library/PrivateFrameworks/SpeechRecognitionCore.framework/Versions/A/SpeechRecognitionCore
0x00000000385fa000 	/System/Library/PrivateFrameworks/ChunkingLibrary.framework/Versions/A/ChunkingLibrary
0x0000000104200000 	/Library/Java/JavaVirtualMachines/jdk1.8.0_131.jdk/Contents/Home/jre/lib/server/libjvm.dylib
0x00000000385fa000 	/usr/lib/libstdc++.6.dylib
0x000000010399b000 	/Library/Java/JavaVirtualMachines/jdk1.8.0_131.jdk/Contents/Home/jre/lib/libverify.dylib
0x00000001039a9000 	/Library/Java/JavaVirtualMachines/jdk1.8.0_131.jdk/Contents/Home/jre/lib/libjava.dylib
0x00000001039e8000 	/Library/Java/JavaVirtualMachines/jdk1.8.0_131.jdk/Contents/Home/jre/lib/libzip.dylib
0x000000010ba06000 	/System/Library/Frameworks/JavaVM.framework/Frameworks/JavaRuntimeSupport.framework/JavaRuntimeSupport
0x000000010ba20000 	/System/Library/Frameworks/JavaVM.framework/Versions/A/Frameworks/JavaNativeFoundation.framework/Versions/A/JavaNativeFoundation
0x00000001039f2000 	/System/Library/Frameworks/JavaVM.framework/Versions/A/JavaVM
0x00000000385fa000 	/System/Library/Frameworks/Carbon.framework/Versions/A/Carbon
0x000000010ba35000 	/System/Library/PrivateFrameworks/JavaLaunching.framework/Versions/A/JavaLaunching
0x00000000385fa000 	/System/Library/Frameworks/Carbon.framework/Versions/A/Frameworks/CommonPanels.framework/Versions/A/CommonPanels
0x00000000385fa000 	/System/Library/Frameworks/Carbon.framework/Versions/A/Frameworks/Help.framework/Versions/A/Help
0x00000000385fa000 	/System/Library/Frameworks/Carbon.framework/Versions/A/Frameworks/ImageCapture.framework/Versions/A/ImageCapture
0x00000000385fa000 	/System/Library/Frameworks/Carbon.framework/Versions/A/Frameworks/OpenScripting.framework/Versions/A/OpenScripting
0x00000000385fa000 	/System/Library/Frameworks/Carbon.framework/Versions/A/Frameworks/Print.framework/Versions/A/Print
0x00000000385fa000 	/System/Library/Frameworks/Carbon.framework/Versions/A/Frameworks/SecurityHI.framework/Versions/A/SecurityHI
0x000000011c537000 	/Library/Java/JavaVirtualMachines/jdk1.8.0_131.jdk/Contents/Home/jre/lib/libawt.dylib
0x000000011c5df000 	/Library/Java/JavaVirtualMachines/jdk1.8.0_131.jdk/Contents/Home/jre/lib/./libmlib_image.dylib
0x000000011c6ab000 	/Library/Java/JavaVirtualMachines/jdk1.8.0_131.jdk/Contents/Home/jre/lib/libawt_lwawt.dylib
0x000000010ba8b000 	/Library/Java/JavaVirtualMachines/jdk1.8.0_131.jdk/Contents/Home/jre/lib/./libosxapp.dylib
0x00000000385fa000 	/System/Library/Frameworks/ExceptionHandling.framework/Versions/A/ExceptionHandling
0x00000000385fa000 	/System/Library/PrivateFrameworks/CoreServicesInternal.framework/Versions/A/CoreServicesInternal
0x00000000385fa000 	/System/Library/CoreServices/RawCamera.bundle/Contents/MacOS/RawCamera
0x00000000385fa000 	/System/Library/Frameworks/Accelerate.framework/Versions/A/Frameworks/vImage.framework/Versions/A/Libraries/libCGInterfaces.dylib
0x00000000385fa000 	/System/Library/Frameworks/ApplicationServices.framework/Versions/A/Frameworks/ATS.framework/Versions/A/Resources/libTrueTypeScaler.dylib
0x000000011e528000 	/System/Library/Frameworks/OpenGL.framework/Resources/GLEngine.bundle/GLEngine
0x00000000385fa000 	/System/Library/Frameworks/OpenGL.framework/Versions/A/Libraries/libGLProgrammability.dylib
0x000000011e70d000 	/System/Library/Extensions/AppleIntelSKLGraphicsGLDriver.bundle/Contents/MacOS/AppleIntelSKLGraphicsGLDriver
0x00000000385fa000 	/System/Library/PrivateFrameworks/GPUSupport.framework/Versions/A/Libraries/libGPUSupportMercury.dylib
0x000000011f491000 	/System/Library/Frameworks/OpenGL.framework/Resources//GLRendererFloat.bundle/GLRendererFloat
0x00000000385fa000 	/System/Library/Frameworks/OpenCL.framework/Versions/A/Libraries/libcldcpuengine.dylib
0x00000000385fa000 	/usr/lib/libcrypto.0.9.8.dylib
0x00000000385fa000 	/System/Library/PrivateFrameworks/TrustEvaluationAgent.framework/Versions/A/TrustEvaluationAgent
0x000000011f4c5000 	/System/Library/Extensions/AppleIntelSKLGraphicsMTLDriver.bundle/Contents/MacOS/AppleIntelSKLGraphicsMTLDriver
0x00000000385fa000 	/System/Library/PrivateFrameworks/FamilyControls.framework/Versions/A/FamilyControls
0x00000000385fa000 	/System/Library/PrivateFrameworks/CommerceKit.framework/Versions/A/Frameworks/CommerceCore.framework/Versions/A/CommerceCore
0x00000000385fa000 	/System/Library/PrivateFrameworks/SystemAdministration.framework/Versions/A/SystemAdministration
0x00000000385fa000 	/System/Library/PrivateFrameworks/AppContainer.framework/Versions/A/AppContainer
0x00000000385fa000 	/System/Library/PrivateFrameworks/SecCodeWrapper.framework/Versions/A/SecCodeWrapper
0x00000000385fa000 	/System/Library/Frameworks/DirectoryService.framework/Versions/A/DirectoryService
0x00000000385fa000 	/System/Library/PrivateFrameworks/DiskImages.framework/Versions/A/DiskImages
0x00000000385fa000 	/System/Library/PrivateFrameworks/LoginUIKit.framework/Versions/A/Frameworks/LoginUICore.framework/Versions/A/LoginUICore
0x00000000385fa000 	/usr/lib/libCoreStorage.dylib
0x00000000385fa000 	/usr/lib/libcsfde.dylib
0x00000000385fa000 	/usr/lib/libodfde.dylib
0x00000000385fa000 	/System/Library/Frameworks/DiscRecording.framework/Versions/A/DiscRecording
0x00000000385fa000 	/usr/lib/libcurl.4.dylib
0x00000000385fa000 	/System/Library/PrivateFrameworks/MediaKit.framework/Versions/A/MediaKit
0x00000000385fa000 	/System/Library/PrivateFrameworks/ProtectedCloudStorage.framework/Versions/A/ProtectedCloudStorage
0x00000000385fa000 	/System/Library/PrivateFrameworks/EFILogin.framework/Versions/A/EFILogin
0x00000000385fa000 	/usr/lib/libutil.dylib
0x00000000385fa000 	/System/Library/Frameworks/LDAP.framework/Versions/A/LDAP
0x00000000385fa000 	/usr/lib/libsasl2.2.dylib
0x00000000385fa000 	/System/Library/PrivateFrameworks/CoreDaemon.framework/Versions/B/CoreDaemon
0x00000000385fa000 	/System/Library/PrivateFrameworks/AppleSRP.framework/Versions/A/AppleSRP
0x00000000385fa000 	/System/Library/PrivateFrameworks/APFS.framework/Versions/A/APFS
0x000000012137d000 	/Library/Java/JavaVirtualMachines/jdk1.8.0_131.jdk/Contents/Home/jre/lib/libfontmanager.dylib
0x00000000385fa000 	/System/Library/PrivateFrameworks/ViewBridge.framework/Versions/A/ViewBridge
0x00000000385fa000 	/System/Library/PrivateFrameworks/XPCService.framework/Versions/A/XPCService
0x00000000385fa000 	/System/Library/PrivateFrameworks/AppSandbox.framework/Versions/A/AppSandbox
0x00000000385fa000 	/usr/lib/libsandbox.1.dylib
0x00000000385fa000 	/usr/lib/libMatch.1.dylib
0x0000000122817000 	/Library/Java/JavaVirtualMachines/jdk1.8.0_131.jdk/Contents/Home/jre/lib/libosxui.dylib
0x00000001233c7000 	/Library/Java/JavaVirtualMachines/jdk1.8.0_131.jdk/Contents/Home/jre/lib/libnet.dylib
0x00000001235c6000 	/Library/Java/JavaVirtualMachines/jdk1.8.0_131.jdk/Contents/Home/jre/lib/libnio.dylib
0x0000000122508000 	/private/var/folders/lr/vg0t0wxx3tg6yq252w_p67_00000gn/T/jogamp_0000/file_cache/jln6145032023618514926/jln8586943678493708862/libgluegen-rt.jnilib
0x000000012250c000 	/private/var/folders/lr/vg0t0wxx3tg6yq252w_p67_00000gn/T/jogamp_0000/file_cache/jln6145032023618514926/jln8586943678493708862/libnativewindow_awt.jnilib
0x0000000125317000 	/Library/Java/JavaVirtualMachines/jdk1.8.0_131.jdk/Contents/Home/jre/lib/libjawt.dylib
0x000000018bc32000 	/private/var/folders/lr/vg0t0wxx3tg6yq252w_p67_00000gn/T/jogamp_0000/file_cache/jln6145032023618514926/jln8586943678493708862/libnativewindow_macosx.jnilib
0x00000001929e7000 	/private/var/folders/lr/vg0t0wxx3tg6yq252w_p67_00000gn/T/jogamp_0000/file_cache/jln6145032023618514926/jln8586943678493708862/libjogl_desktop.jnilib
0x000000019578f000 	/Library/Java/JavaVirtualMachines/jdk1.8.0_131.jdk/Contents/Home/jre/lib/libjpeg.dylib
0x00000001992a4000 	/Library/Java/JavaVirtualMachines/jdk1.8.0_131.jdk/Contents/Home/jre/lib/libt2k.dylib
0x00000000385fa000 	/System/Library/PrivateFrameworks/Shortcut.framework/Versions/A/Shortcut
0x00000000385fa000 	/System/Library/PrivateFrameworks/HelpData.framework/Versions/A/HelpData

VM Arguments:
jvm_args: -Djava.security.policy=java.policy.applet -Dfile.encoding=UTF-8 
java_command: sun.applet.AppletViewer finalProjectUCSD1.EarthquakeCityMap1500314595536.html
java_class_path (initial): /Users/sravanjr/Documents/College Classes/Eclipse Practice/UCSDUnfoldingMaps/build:/Users/sravanjr/Documents/College Classes/Eclipse Practice/UCSDUnfoldingMaps/lib/core.jar:/Users/sravanjr/Documents/College Classes/Eclipse Practice/UCSDUnfoldingMaps/lib/gluegen-rt.jar:/Users/sravanjr/Documents/College Classes/Eclipse Practice/UCSDUnfoldingMaps/lib/jogl-all.jar:/Users/sravanjr/Documents/College Classes/Eclipse Practice/UCSDUnfoldingMaps/lib/log4j-1.2.15.jar:/Users/sravanjr/Documents/College Classes/Eclipse Practice/UCSDUnfoldingMaps/lib/sqlite-jdbc-3.7.2.jar:/Users/sravanjr/Documents/College Classes/Eclipse Practice/UCSDUnfoldingMaps/lib/json4processing.jar:/Users/sravanjr/Documents/College Classes/Eclipse Practice/UCSDUnfoldingMaps/lib/libTUIO.jar:/Users/sravanjr/Documents/College Classes/Eclipse Practice/UCSDUnfoldingMaps/lib/unfolding.0.9.7-uscd.jar
Launcher Type: SUN_STANDARD

Environment Variables:
PATH=/usr/bin:/bin:/usr/sbin:/sbin
SHELL=/bin/bash

Signal Handlers:
SIGSEGV: [libjvm.dylib+0x5b1eb1], sa_mask[0]=11111111011111110111111111111111, sa_flags=SA_ONSTACK|SA_RESTART|SA_SIGINFO
SIGBUS: [libjvm.dylib+0x5b1eb1], sa_mask[0]=11111111011111110111111111111111, sa_flags=SA_RESTART|SA_SIGINFO
SIGFPE: [libjvm.dylib+0x488988], sa_mask[0]=11111111011111110111111111111111, sa_flags=SA_RESTART|SA_SIGINFO
SIGPIPE: [libjvm.dylib+0x488988], sa_mask[0]=11111111011111110111111111111111, sa_flags=SA_RESTART|SA_SIGINFO
SIGXFSZ: [libjvm.dylib+0x488988], sa_mask[0]=11111111011111110111111111111111, sa_flags=SA_RESTART|SA_SIGINFO
SIGILL: [libjvm.dylib+0x488988], sa_mask[0]=11111111011111110111111111111111, sa_flags=SA_RESTART|SA_SIGINFO
SIGUSR1: SIG_DFL, sa_mask[0]=00000000000000000000000000000000, sa_flags=none
SIGUSR2: [libjvm.dylib+0x4884a6], sa_mask[0]=00100000000000000000000000000000, sa_flags=SA_RESTART|SA_SIGINFO
SIGHUP: [libjvm.dylib+0x486a7d], sa_mask[0]=11111111011111110111111111111111, sa_flags=SA_RESTART|SA_SIGINFO
SIGINT: [libjvm.dylib+0x486a7d], sa_mask[0]=11111111011111110111111111111111, sa_flags=SA_RESTART|SA_SIGINFO
SIGTERM: [libjvm.dylib+0x486a7d], sa_mask[0]=11111111011111110111111111111111, sa_flags=SA_RESTART|SA_SIGINFO
SIGQUIT: [libjvm.dylib+0x486a7d], sa_mask[0]=11111111011111110111111111111111, sa_flags=SA_RESTART|SA_SIGINFO


---------------  S Y S T E M  ---------------

OS:Bsduname:Darwin 16.6.0 Darwin Kernel Version 16.6.0: Fri Apr 14 16:21:16 PDT 2017; root:xnu-3789.60.24~6/RELEASE_X86_64 x86_64
rlimit: STACK 8192k, CORE 0k, NPROC 709, NOFILE 10240, AS infinity
load average:2.55 2.01 1.95

CPU:total 4 (initial active 4) (2 cores per cpu, 2 threads per core) family 6 model 78 stepping 3, cmov, cx8, fxsr, mmx, sse, sse2, sse3, ssse3, sse4.1, sse4.2, popcnt, avx, avx2, aes, clmul, erms, rtm, 3dnowpref, lzcnt, ht, tsc, tscinvbit, bmi1, bmi2, adx

Memory: 4k page, physical 8388608k(106756k free)

/proc/meminfo:


vm_info: Java HotSpot(TM) 64-Bit Server VM (25.131-b11) for bsd-amd64 JRE (1.8.0_131-b11), built on Mar 15 2017 01:32:22 by "java_re" with gcc 4.2.1 (Based on Apple Inc. build 5658) (LLVM build 2336.11.00)

time: Mon Jul 17 11:05:11 2017
elapsed time: 115 seconds (0d 0h 1m 55s)

