#
# A fatal error has been detected by the Java Runtime Environment:
#
#  SIGSEGV (0xb) at pc=0x00007fffc287e05d, pid=2634, tid=0x0000000000000307
#
# JRE version: Java(TM) SE Runtime Environment (8.0_131-b11) (build 1.8.0_131-b11)
# Java VM: Java HotSpot(TM) 64-Bit Server VM (25.131-b11 mixed mode bsd-amd64 compressed oops)
# Problematic frame:
# C  [libobjc.A.dylib+0x705d]  objc_msgSend+0x1d
#
# Failed to write core dump. Core dumps have been disabled. To enable core dumping, try "ulimit -c unlimited" before starting Java again
#
# If you would like to submit a bug report, please visit:
#   http://bugreport.java.com/bugreport/crash.jsp
# The crash happened outside the Java Virtual Machine in native code.
# See problematic frame for where to report the bug.
#

---------------  T H R E A D  ---------------

Current thread (0x00007f823b8fc000):  JavaThread "AWT-AppKit" daemon [_thread_in_native, id=775, stack(0x00007fff5dc41000,0x00007fff5e441000)]

siginfo: si_signo: 11 (SIGSEGV), si_code: 1 (SEGV_MAPERR), si_addr: 0x0000000000000018

Registers:
RAX=0x00007f8240820a40, RBX=0x00000001203ad450, RCX=0x00007f823d5001d0, RDX=0x0000000000000000
RSP=0x00007fff5e43c288, RBP=0x00007fff5e43c340, RSI=0x00007fffac118116, RDI=0x00007f823ae5f490
R8 =0x0000000000000018, R9 =0x00007f823d500d50, R10=0x0000000000000000, R11=0x00007fffac118116
R12=0x0000000000000000, R13=0x0000000191551f18, R14=0x00000001203ad440, R15=0x00007f823b8fc000
RIP=0x00007fffc287e05d, EFLAGS=0x0000000000010246, ERR=0x0000000000000004
  TRAPNO=0x000000000000000e

Top of Stack: (sp=0x00007fff5e43c288)
0x00007fff5e43c288:   00000001203ab157 00007fff5e43c2e0
0x00007fff5e43c298:   0000000000000003 00007fff5e43c2c0
0x00007fff5e43c2a8:   00000001023f36d2 0000000191551f18
0x00007fff5e43c2b8:   0000000191551f18 00007f8240820a40
0x00007fff5e43c2c8:   00000001203ad6a0 00000001203ad710
0x00007fff5e43c2d8:   00007fffc88e26d0 00007fffc95121e0
0x00007fff5e43c2e8:   00000001203ad450 00000001203ad690
0x00007fff5e43c2f8:   00007f8240820a40 00007f823ae5f490
0x00007fff5e43c308:   00007f8240a16990 00007f8240820a40
0x00007fff5e43c318:   00007f823ae5f490 00007fff5e43c3c8
0x00007fff5e43c328:   00007f823b8fc1f8 0000000191551f18
0x00007fff5e43c338:   00007fff5e43c3f0 00007fff5e43c3b8
0x00007fff5e43c348:   000000010f1539f4 0000000191551f18
0x00007fff5e43c358:   00007fff5e43c3f0 00007fff5e43c3b8
0x00007fff5e43c368:   000000010f153787 000000010f153742
0x00007fff5e43c378:   00007fff5e43c378 0000000191551f18
0x00007fff5e43c388:   00007fff5e43c3f0 0000000191554b50
0x00007fff5e43c398:   0000000000000000 0000000191551f18
0x00007fff5e43c3a8:   0000000000000000 00007fff5e43c3d8
0x00007fff5e43c3b8:   00007fff5e43c438 000000010f1442bd
0x00007fff5e43c3c8:   00000007404a12f0 000000010f14d538
0x00007fff5e43c3d8:   00007f8240820a40 00007fff5e43c438
0x00007fff5e43c3e8:   00007f823ae5f490 000000010f14ee02
0x00007fff5e43c3f8:   00007fff5e43c3f8 00000001915520e2
0x00007fff5e43c408:   00007fff5e43c460 0000000191554b50
0x00007fff5e43c418:   0000000000000000 00000001915520f0
0x00007fff5e43c428:   00007fff5e43c3d8 00007fff5e43c448
0x00007fff5e43c438:   00007fff5e43c4a8 000000010f1442bd
0x00007fff5e43c448:   00007f8240820a40 00000007403c1658
0x00007fff5e43c458:   00007f823ae5f490 00000007403c1658
0x00007fff5e43c468:   00007fff5e43c468 0000000197b33476
0x00007fff5e43c478:   00007fff5e43c4b8 0000000197b33530 

Instructions: (pc=0x00007fffc287e05d)
0x00007fffc287e03d:   0f 1f 00 48 85 ff 2e 74 62 40 f6 c7 01 2e 75 66
0x00007fffc287e04d:   49 ba f8 ff ff ff ff 7f 00 00 4c 23 17 49 89 f3
0x00007fffc287e05d:   45 23 5a 18 49 c1 e3 04 4d 03 5a 10 49 3b 33 75
0x00007fffc287e06d:   04 41 ff 63 08 49 83 3b 01 76 0d 49 83 c3 10 49 

Register to memory mapping:

RAX=0x00007f8240820a40 is an unknown value
RBX=0x00000001203ad450: Java_jogamp_nativewindow_macosx_OSXUtil_GetScreenRefreshRate0+0x1cf0 in /private/var/folders/lr/vg0t0wxx3tg6yq252w_p67_00000gn/T/jogamp_0000/file_cache/jln5916411113534437391/jln3550944561214145930/libnativewindow_macosx.jnilib at 0x00000001203a6000
RCX=0x00007f823d5001d0 is an unknown value
RDX=0x0000000000000000 is an unknown value
RSP=0x00007fff5e43c288 is pointing into the stack for thread: 0x00007f823b8fc000
RBP=0x00007fff5e43c340 is pointing into the stack for thread: 0x00007f823b8fc000
RSI=0x00007fffac118116: __NSStyleNameIndexTable+0x7fd5e in /System/Library/Frameworks/AppKit.framework/Versions/C/AppKit at 0x00007fffab4ab000
RDI=0x00007f823ae5f490 is an unknown value
R8 =0x0000000000000018 is an unknown value
R9 =0x00007f823d500d50 is an unknown value
R10=0x0000000000000000 is an unknown value
R11=0x00007fffac118116: __NSStyleNameIndexTable+0x7fd5e in /System/Library/Frameworks/AppKit.framework/Versions/C/AppKit at 0x00007fffab4ab000
R12=0x0000000000000000 is an unknown value
R13={method} {0x0000000191551f18} 'UnsetJAWTRootSurfaceLayer0' '(JJ)V' in 'jogamp/nativewindow/jawt/macosx/MacOSXJAWTWindow'
R14=0x00000001203ad440: Java_jogamp_nativewindow_macosx_OSXUtil_GetScreenRefreshRate0+0x1ce0 in /private/var/folders/lr/vg0t0wxx3tg6yq252w_p67_00000gn/T/jogamp_0000/file_cache/jln5916411113534437391/jln3550944561214145930/libnativewindow_macosx.jnilib at 0x00000001203a6000
R15=0x00007f823b8fc000 is a thread


Stack: [0x00007fff5dc41000,0x00007fff5e441000],  sp=0x00007fff5e43c288,  free space=8172k
Native frames: (J=compiled Java code, j=interpreted, Vv=VM code, C=native code)
C  [libobjc.A.dylib+0x705d]  objc_msgSend+0x1d
j  jogamp.nativewindow.jawt.macosx.MacOSXJAWTWindow.UnsetJAWTRootSurfaceLayer0(JJ)V+0
j  jogamp.nativewindow.jawt.macosx.MacOSXJAWTWindow.access$200(JJ)V+2
j  jogamp.nativewindow.jawt.macosx.MacOSXJAWTWindow$1.run()V+38
J 2786 C1 com.jogamp.common.util.RunnableTask.run()V (345 bytes) @ 0x000000010f953034 [0x000000010f952ea0+0x194]
v  ~StubRoutines::call_stub
V  [libjvm.dylib+0x2ee5b6]
V  [libjvm.dylib+0x325765]
V  [libjvm.dylib+0x317f33]
C  [libnativewindow_macosx.jnilib+0x5326]  Java_jogamp_nativewindow_jawt_macosx_MacOSXJAWTWindow_UnsetJAWTRootSurfaceLayer0+0x2b6
C  [Foundation+0x717ba]  __NSThreadPerformPerform+0x146
C  [CoreFoundation+0xa7321]  __CFRUNLOOP_IS_CALLING_OUT_TO_A_SOURCE0_PERFORM_FUNCTION__+0x11
C  [CoreFoundation+0x8821d]  __CFRunLoopDoSources0+0x22d
C  [CoreFoundation+0x87716]  __CFRunLoopRun+0x3a6
C  [CoreFoundation+0x87114]  CFRunLoopRunSpecific+0x1a4
C  [HIToolbox+0x30ebc]  RunCurrentEventLoopInMode+0xf0
C  [HIToolbox+0x30bf9]  ReceiveNextEventCommon+0xb8
C  [HIToolbox+0x30b26]  _BlockUntilNextEventMatchingListInModeWithFilter+0x47
C  [AppKit+0x46a54]  _DPSNextEvent+0x460
C  [AppKit+0x7c27ee]  -[NSApplication(NSEvent) _nextEventMatchingEventMask:untilDate:inMode:dequeue:]+0xaec
C  [libosxapp.dylib+0x23aa]  -[NSApplicationAWT nextEventMatchingMask:untilDate:inMode:dequeue:]+0x7c
C  [AppKit+0x3b3db]  -[NSApplication run]+0x39e
C  [libosxapp.dylib+0x214d]  +[NSApplicationAWT runAWTLoopWithApp:]+0x9c
C  [libawt_lwawt.dylib+0x45edf]  -[AWTStarter starter:]+0x389
C  [Foundation+0x717ba]  __NSThreadPerformPerform+0x146
C  [CoreFoundation+0xa7321]  __CFRUNLOOP_IS_CALLING_OUT_TO_A_SOURCE0_PERFORM_FUNCTION__+0x11
C  [CoreFoundation+0x8821d]  __CFRunLoopDoSources0+0x22d
C  [CoreFoundation+0x87716]  __CFRunLoopRun+0x3a6
C  [CoreFoundation+0x87114]  CFRunLoopRunSpecific+0x1a4
C  [java+0x6465]  CreateExecutionEnvironment+0x367
C  [java+0x218c]  JLI_Launch+0x7a0
C  [java+0x84c2]  main+0x65
C  [java+0x19e4]  start+0x34
C  0x0000000000000007

Java frames: (J=compiled Java code, j=interpreted, Vv=VM code)
j  jogamp.nativewindow.jawt.macosx.MacOSXJAWTWindow.UnsetJAWTRootSurfaceLayer0(JJ)V+0
j  jogamp.nativewindow.jawt.macosx.MacOSXJAWTWindow.access$200(JJ)V+2
j  jogamp.nativewindow.jawt.macosx.MacOSXJAWTWindow$1.run()V+38
J 2786 C1 com.jogamp.common.util.RunnableTask.run()V (345 bytes) @ 0x000000010f953034 [0x000000010f952ea0+0x194]
v  ~StubRoutines::call_stub

---------------  P R O C E S S  ---------------

Java Threads: ( => current thread )
  0x00007f8242834000 JavaThread "Thread-49" [_thread_blocked, id=74351, stack(0x00007000040f5000,0x00007000041f5000)]
  0x00007f823c208000 JavaThread "AWT-EventQueue-1" [_thread_in_native, id=67851, stack(0x0000700003f6f000,0x000070000406f000)]
  0x00007f823c23d000 JavaThread "DestroyJavaVM" [_thread_blocked, id=7171, stack(0x0000700002927000,0x0000700002a27000)]
  0x00007f823b1f9000 JavaThread "AWT-EventQueue-0" [_thread_blocked, id=60179, stack(0x0000700003d69000,0x0000700003e69000)]
  0x00007f823c1b1000 JavaThread "Java2D Disposer" daemon [_thread_blocked, id=56847, stack(0x0000700003ae0000,0x0000700003be0000)]
  0x00007f823c19a800 JavaThread "Java2D Queue Flusher" daemon [_thread_blocked, id=47667, stack(0x00007000039dd000,0x0000700003add000)]
  0x00007f823b908800 JavaThread "AWT-Shutdown" [_thread_blocked, id=29727, stack(0x00007000037d4000,0x00007000038d4000)]
=>0x00007f823b8fc000 JavaThread "AWT-AppKit" daemon [_thread_in_native, id=775, stack(0x00007fff5dc41000,0x00007fff5e441000)]
  0x00007f823b043800 JavaThread "Service Thread" daemon [_thread_blocked, id=18435, stack(0x000070000354b000,0x000070000364b000)]
  0x00007f823b040800 JavaThread "C1 CompilerThread2" daemon [_thread_blocked, id=17923, stack(0x0000700003448000,0x0000700003548000)]
  0x00007f823b040000 JavaThread "C2 CompilerThread1" daemon [_thread_blocked, id=17411, stack(0x0000700003345000,0x0000700003445000)]
  0x00007f823b826000 JavaThread "C2 CompilerThread0" daemon [_thread_blocked, id=16899, stack(0x0000700003242000,0x0000700003342000)]
  0x00007f823b83e800 JavaThread "Signal Dispatcher" daemon [_thread_blocked, id=16387, stack(0x000070000313f000,0x000070000323f000)]
  0x00007f823c035800 JavaThread "Finalizer" daemon [_thread_blocked, id=12547, stack(0x000070000303c000,0x000070000313c000)]
  0x00007f823b808000 JavaThread "Reference Handler" daemon [_thread_blocked, id=12035, stack(0x0000700002f39000,0x0000700003039000)]

Other Threads:
  0x00007f823c031000 VMThread [stack: 0x0000700002e36000,0x0000700002f36000] [id=11523]
  0x00007f823b004000 WatcherThread [stack: 0x000070000364e000,0x000070000374e000] [id=18947]

VM state:not at safepoint (normal execution)

VM Mutex/Monitor currently owned by a thread: None

Heap:
 PSYoungGen      total 200192K, used 20170K [0x0000000795580000, 0x00000007a2880000, 0x00000007c0000000)
  eden space 190464K, 6% used [0x0000000795580000,0x0000000796102778,0x00000007a0f80000)
  from space 9728K, 86% used [0x00000007a1f00000,0x00000007a27301e0,0x00000007a2880000)
  to   space 12800K, 0% used [0x00000007a0f80000,0x00000007a0f80000,0x00000007a1c00000)
 ParOldGen       total 51200K, used 22575K [0x0000000740000000, 0x0000000743200000, 0x0000000795580000)
  object space 51200K, 44% used [0x0000000740000000,0x000000074160bc98,0x0000000743200000)
 Metaspace       used 25082K, capacity 25445K, committed 25728K, reserved 1073152K
  class space    used 2471K, capacity 2587K, committed 2688K, reserved 1048576K

Card table byte_map: [0x0000000103563000,0x0000000103964000] byte_map_base: 0x00000000ffb63000

Marking Bits: (ParMarkBitMap*) 0x0000000102af1ea0
 Begin Bits: [0x0000000103c0f000, 0x0000000105c0f000)
 End Bits:   [0x0000000105c0f000, 0x0000000107c0f000)

Polling page: 0x000000010187f000

CodeCache: size=245760Kb used=11702Kb max_used=11709Kb free=234057Kb
 bounds [0x000000010f13c000, 0x000000010fcbc000, 0x000000011e13c000]
 total_blobs=4403 nmethods=3453 adapters=863
 compilation: enabled

Compilation events (10 events):
Event: 67.720 Thread 0x00007f823b040000 4067       4       java.util.HashMap::remove (26 bytes)
Event: 67.720 Thread 0x00007f823b040800 4068   !   3       sun.awt.PostEventQueue::flush (168 bytes)
Event: 67.722 Thread 0x00007f823b040800 nmethod 4068 0x000000010f7d2a50 code [0x000000010f7d2ca0, 0x000000010f7d3de8]
Event: 67.722 Thread 0x00007f823b040800 4069       1       sun.java2d.SurfaceData::isValid (5 bytes)
Event: 67.722 Thread 0x00007f823b040800 nmethod 4069 0x000000010f7ccdd0 code [0x000000010f7ccf20, 0x000000010f7cd030]
Event: 67.724 Thread 0x00007f823b040000 nmethod 4067 0x000000010f7d22d0 code [0x000000010f7d2440, 0x000000010f7d2738]
Event: 67.730 Thread 0x00007f823b040800 4070       3       java.security.CodeSource::matchCerts (254 bytes)
Event: 67.731 Thread 0x00007f823b040800 nmethod 4070 0x000000010fab5410 code [0x000000010fab5620, 0x000000010fab61b8]
Event: 67.733 Thread 0x00007f823b040800 4071       3       sun.java2d.pipe.RenderBuffer::putFloat (26 bytes)
Event: 67.733 Thread 0x00007f823b040800 nmethod 4071 0x000000010f7d1f10 code [0x000000010f7d2080, 0x000000010f7d2210]

GC Heap History (10 events):
Event: 19.021 GC heap before
{Heap before GC invocations=7 (full 1):
 PSYoungGen      total 71680K, used 71665K [0x0000000795580000, 0x000000079cf80000, 0x00000007c0000000)
  eden space 66560K, 100% used [0x0000000795580000,0x0000000799680000,0x0000000799680000)
  from space 5120K, 99% used [0x0000000799680000,0x0000000799b7c560,0x0000000799b80000)
  to   space 12288K, 0% used [0x000000079c380000,0x000000079c380000,0x000000079cf80000)
 ParOldGen       total 51200K, used 17424K [0x0000000740000000, 0x0000000743200000, 0x0000000795580000)
  object space 51200K, 34% used [0x0000000740000000,0x00000007411042e8,0x0000000743200000)
 Metaspace       used 24824K, capacity 25253K, committed 25728K, reserved 1073152K
  class space    used 2461K, capacity 2587K, committed 2688K, reserved 1048576K
Event: 19.026 GC heap after
Heap after GC invocations=7 (full 1):
 PSYoungGen      total 112640K, used 5587K [0x0000000795580000, 0x000000079d880000, 0x00000007c0000000)
  eden space 100352K, 0% used [0x0000000795580000,0x0000000795580000,0x000000079b780000)
  from space 12288K, 45% used [0x000000079c380000,0x000000079c8f4e78,0x000000079cf80000)
  to   space 12288K, 0% used [0x000000079b780000,0x000000079b780000,0x000000079c380000)
 ParOldGen       total 51200K, used 17432K [0x0000000740000000, 0x0000000743200000, 0x0000000795580000)
  object space 51200K, 34% used [0x0000000740000000,0x00000007411062e8,0x0000000743200000)
 Metaspace       used 24824K, capacity 25253K, committed 25728K, reserved 1073152K
  class space    used 2461K, capacity 2587K, committed 2688K, reserved 1048576K
}
Event: 25.704 GC heap before
{Heap before GC invocations=8 (full 1):
 PSYoungGen      total 112640K, used 105939K [0x0000000795580000, 0x000000079d880000, 0x00000007c0000000)
  eden space 100352K, 100% used [0x0000000795580000,0x000000079b780000,0x000000079b780000)
  from space 12288K, 45% used [0x000000079c380000,0x000000079c8f4e78,0x000000079cf80000)
  to   space 12288K, 0% used [0x000000079b780000,0x000000079b780000,0x000000079c380000)
 ParOldGen       total 51200K, used 17432K [0x0000000740000000, 0x0000000743200000, 0x0000000795580000)
  object space 51200K, 34% used [0x0000000740000000,0x00000007411062e8,0x0000000743200000)
 Metaspace       used 24913K, capacity 25317K, committed 25728K, reserved 1073152K
  class space    used 2461K, capacity 2587K, committed 2688K, reserved 1048576K
Event: 25.711 GC heap after
Heap after GC invocations=8 (full 1):
 PSYoungGen      total 112640K, used 12257K [0x0000000795580000, 0x00000007a0b80000, 0x00000007c0000000)
  eden space 100352K, 0% used [0x0000000795580000,0x0000000795580000,0x000000079b780000)
  from space 12288K, 99% used [0x000000079b780000,0x000000079c378740,0x000000079c380000)
  to   space 13824K, 0% used [0x000000079fe00000,0x000000079fe00000,0x00000007a0b80000)
 ParOldGen       total 51200K, used 17440K [0x0000000740000000, 0x0000000743200000, 0x0000000795580000)
  object space 51200K, 34% used [0x0000000740000000,0x00000007411082e8,0x0000000743200000)
 Metaspace       used 24913K, capacity 25317K, committed 25728K, reserved 1073152K
  class space    used 2461K, capacity 2587K, committed 2688K, reserved 1048576K
}
Event: 36.622 GC heap before
{Heap before GC invocations=9 (full 1):
 PSYoungGen      total 112640K, used 112609K [0x0000000795580000, 0x00000007a0b80000, 0x00000007c0000000)
  eden space 100352K, 100% used [0x0000000795580000,0x000000079b780000,0x000000079b780000)
  from space 12288K, 99% used [0x000000079b780000,0x000000079c378740,0x000000079c380000)
  to   space 13824K, 0% used [0x000000079fe00000,0x000000079fe00000,0x00000007a0b80000)
 ParOldGen       total 51200K, used 17440K [0x0000000740000000, 0x0000000743200000, 0x0000000795580000)
  object space 51200K, 34% used [0x0000000740000000,0x00000007411082e8,0x0000000743200000)
 Metaspace       used 24995K, capacity 25381K, committed 25728K, reserved 1073152K
  class space    used 2463K, capacity 2587K, committed 2688K, reserved 1048576K
Event: 36.630 GC heap after
Heap after GC invocations=9 (full 1):
 PSYoungGen      total 162304K, used 9744K [0x0000000795580000, 0x00000007a0800000, 0x00000007c0000000)
  eden space 152064K, 0% used [0x0000000795580000,0x0000000795580000,0x000000079ea00000)
  from space 10240K, 95% used [0x000000079fe00000,0x00000007a0784260,0x00000007a0800000)
  to   space 13824K, 0% used [0x000000079ed00000,0x000000079ed00000,0x000000079fa80000)
 ParOldGen       total 51200K, used 21193K [0x0000000740000000, 0x0000000743200000, 0x0000000795580000)
  object space 51200K, 41% used [0x0000000740000000,0x00000007414b27f8,0x0000000743200000)
 Metaspace       used 24995K, capacity 25381K, committed 25728K, reserved 1073152K
  class space    used 2463K, capacity 2587K, committed 2688K, reserved 1048576K
}
Event: 52.906 GC heap before
{Heap before GC invocations=10 (full 1):
 PSYoungGen      total 162304K, used 161808K [0x0000000795580000, 0x00000007a0800000, 0x00000007c0000000)
  eden space 152064K, 100% used [0x0000000795580000,0x000000079ea00000,0x000000079ea00000)
  from space 10240K, 95% used [0x000000079fe00000,0x00000007a0784260,0x00000007a0800000)
  to   space 13824K, 0% used [0x000000079ed00000,0x000000079ed00000,0x000000079fa80000)
 ParOldGen       total 51200K, used 21193K [0x0000000740000000, 0x0000000743200000, 0x0000000795580000)
  object space 51200K, 41% used [0x0000000740000000,0x00000007414b27f8,0x0000000743200000)
 Metaspace       used 25040K, capacity 25445K, committed 25728K, reserved 1073152K
  class space    used 2463K, capacity 2587K, committed 2688K, reserved 1048576K
Event: 52.911 GC heap after
Heap after GC invocations=10 (full 1):
 PSYoungGen      total 168960K, used 8304K [0x0000000795580000, 0x00000007a2c00000, 0x00000007c0000000)
  eden space 155136K, 0% used [0x0000000795580000,0x0000000795580000,0x000000079ed00000)
  from space 13824K, 60% used [0x000000079ed00000,0x000000079f51c1f0,0x000000079fa80000)
  to   space 13312K, 0% used [0x00000007a1f00000,0x00000007a1f00000,0x00000007a2c00000)
 ParOldGen       total 51200K, used 22567K [0x0000000740000000, 0x0000000743200000, 0x0000000795580000)
  object space 51200K, 44% used [0x0000000740000000,0x0000000741609c98,0x0000000743200000)
 Metaspace       used 25040K, capacity 25445K, committed 25728K, reserved 1073152K
  class space    used 2463K, capacity 2587K, committed 2688K, reserved 1048576K
}
Event: 67.025 GC heap before
{Heap before GC invocations=11 (full 1):
 PSYoungGen      total 168960K, used 163440K [0x0000000795580000, 0x00000007a2c00000, 0x00000007c0000000)
  eden space 155136K, 100% used [0x0000000795580000,0x000000079ed00000,0x000000079ed00000)
  from space 13824K, 60% used [0x000000079ed00000,0x000000079f51c1f0,0x000000079fa80000)
  to   space 13312K, 0% used [0x00000007a1f00000,0x00000007a1f00000,0x00000007a2c00000)
 ParOldGen       total 51200K, used 22567K [0x0000000740000000, 0x0000000743200000, 0x0000000795580000)
  object space 51200K, 44% used [0x0000000740000000,0x0000000741609c98,0x0000000743200000)
 Metaspace       used 25047K, capacity 25445K, committed 25728K, reserved 1073152K
  class space    used 2463K, capacity 2587K, committed 2688K, reserved 1048576K
Event: 67.033 GC heap after
Heap after GC invocations=11 (full 1):
 PSYoungGen      total 200192K, used 8384K [0x0000000795580000, 0x00000007a2880000, 0x00000007c0000000)
  eden space 190464K, 0% used [0x0000000795580000,0x0000000795580000,0x00000007a0f80000)
  from space 9728K, 86% used [0x00000007a1f00000,0x00000007a27301e0,0x00000007a2880000)
  to   space 12800K, 0% used [0x00000007a0f80000,0x00000007a0f80000,0x00000007a1c00000)
 ParOldGen       total 51200K, used 22575K [0x0000000740000000, 0x0000000743200000, 0x0000000795580000)
  object space 51200K, 44% used [0x0000000740000000,0x000000074160bc98,0x0000000743200000)
 Metaspace       used 25047K, capacity 25445K, committed 25728K, reserved 1073152K
  class space    used 2463K, capacity 2587K, committed 2688K, reserved 1048576K
}

Deoptimization events (10 events):
Event: 67.689 Thread 0x00007f823b1f9000 Uncommon trap: reason=class_check action=maybe_recompile pc=0x000000010fac4900 method=java.awt.EventQueue.dispatchEventImpl(Ljava/awt/AWTEvent;Ljava/lang/Object;)V @ 30
Event: 67.689 Thread 0x00007f823b1f9000 Uncommon trap: reason=unstable_if action=reinterpret pc=0x000000010fb4220c method=sun.java2d.pipe.Region.intersectsQuickCheck(Lsun/java2d/pipe/Region;)Z @ 41
Event: 67.690 Thread 0x00007f823b1f9000 Uncommon trap: reason=unstable_if action=reinterpret pc=0x000000010f8efb94 method=java.awt.Font.equals(Ljava/lang/Object;)Z @ 2
Event: 67.702 Thread 0x00007f823c208000 Uncommon trap: reason=class_check action=maybe_recompile pc=0x000000010fac4900 method=java.awt.EventQueue.dispatchEventImpl(Ljava/awt/AWTEvent;Ljava/lang/Object;)V @ 30
Event: 67.719 Thread 0x00007f823b9ec800 Uncommon trap: reason=bimorphic action=maybe_recompile pc=0x000000010f863950 method=java.util.HashMap.putVal(ILjava/lang/Object;Ljava/lang/Object;ZZ)Ljava/lang/Object; @ 91
Event: 67.719 Thread 0x00007f823b9ec800 Uncommon trap: reason=bimorphic action=maybe_recompile pc=0x000000010f863950 method=java.util.HashMap.putVal(ILjava/lang/Object;Ljava/lang/Object;ZZ)Ljava/lang/Object; @ 91
Event: 67.719 Thread 0x00007f823b9ec800 Uncommon trap: reason=bimorphic action=maybe_recompile pc=0x000000010f863950 method=java.util.HashMap.putVal(ILjava/lang/Object;Ljava/lang/Object;ZZ)Ljava/lang/Object; @ 91
Event: 67.719 Thread 0x00007f823b9ec800 Uncommon trap: reason=bimorphic action=maybe_recompile pc=0x000000010f863950 method=java.util.HashMap.putVal(ILjava/lang/Object;Ljava/lang/Object;ZZ)Ljava/lang/Object; @ 91
Event: 67.719 Thread 0x00007f823b9ec800 Uncommon trap: reason=bimorphic action=maybe_recompile pc=0x000000010f752878 method=java.util.HashMap.putVal(ILjava/lang/Object;Ljava/lang/Object;ZZ)Ljava/lang/Object; @ 91
Event: 67.731 Thread 0x00007f823c208000 Uncommon trap: reason=unstable_if action=reinterpret pc=0x000000010fae91c8 method=java.security.AccessControlContext.optimize()Ljava/security/AccessControlContext; @ 233

Internal exceptions (10 events):
Event: 0.320 Thread 0x00007f823c801800 Exception <a 'java/io/FileNotFoundException'> (0x0000000795810de8) thrown at [/Users/java_re/workspace/8-2-build-macosx-x86_64/jdk8u131/8869/hotspot/src/share/vm/prims/jni.cpp, line 709]
Event: 0.444 Thread 0x00007f823c801800 Exception <a 'java/io/FileNotFoundException'> (0x0000000795954b18) thrown at [/Users/java_re/workspace/8-2-build-macosx-x86_64/jdk8u131/8869/hotspot/src/share/vm/prims/jni.cpp, line 709]
Event: 2.822 Thread 0x00007f823c801800 Exception <a 'java/lang/UnsatisfiedLinkError': com.jogamp.common.util.JarUtil.fixNativeLibAttribs(Ljava/lang/String;)Z> (0x0000000796d60058) thrown at [/Users/java_re/workspace/8-2-build-macosx-x86_64/jdk8u131/8869/hotspot/src/share/vm/prims/nativeLookup.
Event: 3.128 Thread 0x00007f823c035800 Exception <a 'java/lang/NullPointerException'> (0x00000007956267d0) thrown at [/Users/java_re/workspace/8-2-build-macosx-x86_64/jdk8u131/8869/hotspot/src/share/vm/interpreter/linkResolver.cpp, line 1197]
Event: 4.132 Thread 0x00007f823c208000 Exception <a 'java/io/FileNotFoundException'> (0x0000000796120eb8) thrown at [/Users/java_re/workspace/8-2-build-macosx-x86_64/jdk8u131/8869/hotspot/src/share/vm/prims/jni.cpp, line 709]
Event: 4.137 Thread 0x00007f823c208000 Exception <a 'java/io/FileNotFoundException'> (0x0000000796129cd8) thrown at [/Users/java_re/workspace/8-2-build-macosx-x86_64/jdk8u131/8869/hotspot/src/share/vm/prims/jni.cpp, line 709]
Event: 4.137 Thread 0x00007f823c208000 Implicit null exception at 0x000000010f31e336 to 0x000000010f31e701
Event: 4.539 Thread 0x00007f823c208000 Implicit null exception at 0x000000010f517906 to 0x000000010f517b4d
Event: 11.708 Thread 0x00007f823c208000 Implicit null exception at 0x000000010f811475 to 0x000000010f8118a1
Event: 67.687 Thread 0x00007f823c208000 Implicit null exception at 0x000000010f7cdda4 to 0x000000010f7ce3c9

Events (10 events):
Event: 67.731 Thread 0x00007f823c208000 DEOPT PACKING pc=0x000000010fae91c8 sp=0x000070000406c9c0
Event: 67.731 Thread 0x00007f823c208000 DEOPT UNPACKING pc=0x000000010f141229 sp=0x000070000406c990 mode 2
Event: 67.732 loading class java/awt/LightweightDispatcher$2
Event: 67.732 loading class java/awt/LightweightDispatcher$2 done
Event: 67.732 loading class java/awt/event/AWTEventListenerProxy
Event: 67.732 loading class java/awt/event/AWTEventListenerProxy done
Event: 67.732 Executing VM operation: Deoptimize
Event: 67.732 Executing VM operation: Deoptimize done
Event: 67.732 loading class java/awt/Toolkit$ToolkitEventMulticaster
Event: 67.732 loading class java/awt/Toolkit$ToolkitEventMulticaster done


Dynamic libraries:
0x00000000385fa000 	/System/Library/Frameworks/Cocoa.framework/Versions/A/Cocoa
0x00000000385fa000 	/System/Library/Frameworks/Security.framework/Versions/A/Security
0x00000000385fa000 	/System/Library/Frameworks/ApplicationServices.framework/Versions/A/ApplicationServices
0x00000000385fa000 	/usr/lib/libz.1.dylib
0x00000000385fa000 	/usr/lib/libSystem.B.dylib
0x00000000385fa000 	/usr/lib/libobjc.A.dylib
0x00000000385fa000 	/System/Library/Frameworks/CoreFoundation.framework/Versions/A/CoreFoundation
0x00000000385fa000 	/System/Library/Frameworks/Foundation.framework/Versions/C/Foundation
0x00000000385fa000 	/System/Library/Frameworks/AppKit.framework/Versions/C/AppKit
0x00000000385fa000 	/System/Library/Frameworks/CoreData.framework/Versions/A/CoreData
0x00000000385fa000 	/System/Library/PrivateFrameworks/RemoteViewServices.framework/Versions/A/RemoteViewServices
0x00000000385fa000 	/System/Library/PrivateFrameworks/UIFoundation.framework/Versions/A/UIFoundation
0x00000000385fa000 	/System/Library/PrivateFrameworks/DFRFoundation.framework/Versions/A/DFRFoundation
0x00000000385fa000 	/usr/lib/libenergytrace.dylib
0x00000000385fa000 	/System/Library/PrivateFrameworks/SkyLight.framework/Versions/A/SkyLight
0x00000000385fa000 	/System/Library/Frameworks/CoreGraphics.framework/Versions/A/CoreGraphics
0x00000000385fa000 	/usr/lib/libScreenReader.dylib
0x00000000385fa000 	/System/Library/Frameworks/Accelerate.framework/Versions/A/Accelerate
0x00000000385fa000 	/System/Library/Frameworks/IOSurface.framework/Versions/A/IOSurface
0x00000000385fa000 	/System/Library/Frameworks/AudioToolbox.framework/Versions/A/AudioToolbox
0x00000000385fa000 	/System/Library/Frameworks/AudioUnit.framework/Versions/A/AudioUnit
0x00000000385fa000 	/System/Library/PrivateFrameworks/DataDetectorsCore.framework/Versions/A/DataDetectorsCore
0x00000000385fa000 	/System/Library/PrivateFrameworks/DesktopServicesPriv.framework/Versions/A/DesktopServicesPriv
0x00000000385fa000 	/System/Library/Frameworks/Carbon.framework/Versions/A/Frameworks/HIToolbox.framework/Versions/A/HIToolbox
0x00000000385fa000 	/usr/lib/libicucore.A.dylib
0x00000000385fa000 	/System/Library/Frameworks/QuartzCore.framework/Versions/A/QuartzCore
0x00000000385fa000 	/System/Library/Frameworks/Carbon.framework/Versions/A/Frameworks/SpeechRecognition.framework/Versions/A/SpeechRecognition
0x00000000385fa000 	/usr/lib/libauto.dylib
0x00000000385fa000 	/usr/lib/libxml2.2.dylib
0x00000000385fa000 	/System/Library/PrivateFrameworks/CoreUI.framework/Versions/A/CoreUI
0x00000000385fa000 	/System/Library/Frameworks/CoreAudio.framework/Versions/A/CoreAudio
0x00000000385fa000 	/System/Library/Frameworks/DiskArbitration.framework/Versions/A/DiskArbitration
0x00000000385fa000 	/usr/lib/liblangid.dylib
0x00000000385fa000 	/System/Library/PrivateFrameworks/MultitouchSupport.framework/Versions/A/MultitouchSupport
0x00000000385fa000 	/System/Library/Frameworks/IOKit.framework/Versions/A/IOKit
0x00000000385fa000 	/usr/lib/libDiagnosticMessagesClient.dylib
0x00000000385fa000 	/System/Library/Frameworks/CoreServices.framework/Versions/A/CoreServices
0x00000000385fa000 	/System/Library/PrivateFrameworks/PerformanceAnalysis.framework/Versions/A/PerformanceAnalysis
0x00000000385fa000 	/System/Library/PrivateFrameworks/GenerationalStorage.framework/Versions/A/GenerationalStorage
0x00000000385fa000 	/System/Library/Frameworks/OpenGL.framework/Versions/A/OpenGL
0x00000000385fa000 	/System/Library/Frameworks/CoreImage.framework/Versions/A/CoreImage
0x00000000385fa000 	/System/Library/Frameworks/CoreText.framework/Versions/A/CoreText
0x00000000385fa000 	/System/Library/Frameworks/ImageIO.framework/Versions/A/ImageIO
0x00000000385fa000 	/System/Library/PrivateFrameworks/Backup.framework/Versions/A/Backup
0x00000000385fa000 	/usr/lib/libarchive.2.dylib
0x00000000385fa000 	/System/Library/Frameworks/CFNetwork.framework/Versions/A/CFNetwork
0x00000000385fa000 	/System/Library/Frameworks/SystemConfiguration.framework/Versions/A/SystemConfiguration
0x00000000385fa000 	/usr/lib/libCRFSuite.dylib
0x00000000385fa000 	/usr/lib/libc++.1.dylib
0x00000000385fa000 	/usr/lib/libc++abi.dylib
0x00000000385fa000 	/usr/lib/system/libcache.dylib
0x00000000385fa000 	/usr/lib/system/libcommonCrypto.dylib
0x00000000385fa000 	/usr/lib/system/libcompiler_rt.dylib
0x00000000385fa000 	/usr/lib/system/libcopyfile.dylib
0x00000000385fa000 	/usr/lib/system/libcorecrypto.dylib
0x00000000385fa000 	/usr/lib/system/libdispatch.dylib
0x00000000385fa000 	/usr/lib/system/libdyld.dylib
0x00000000385fa000 	/usr/lib/system/libkeymgr.dylib
0x00000000385fa000 	/usr/lib/system/liblaunch.dylib
0x00000000385fa000 	/usr/lib/system/libmacho.dylib
0x00000000385fa000 	/usr/lib/system/libquarantine.dylib
0x00000000385fa000 	/usr/lib/system/libremovefile.dylib
0x00000000385fa000 	/usr/lib/system/libsystem_asl.dylib
0x00000000385fa000 	/usr/lib/system/libsystem_blocks.dylib
0x00000000385fa000 	/usr/lib/system/libsystem_c.dylib
0x00000000385fa000 	/usr/lib/system/libsystem_configuration.dylib
0x00000000385fa000 	/usr/lib/system/libsystem_coreservices.dylib
0x00000000385fa000 	/usr/lib/system/libsystem_coretls.dylib
0x00000000385fa000 	/usr/lib/system/libsystem_dnssd.dylib
0x00000000385fa000 	/usr/lib/system/libsystem_info.dylib
0x00000000385fa000 	/usr/lib/system/libsystem_kernel.dylib
0x00000000385fa000 	/usr/lib/system/libsystem_m.dylib
0x00000000385fa000 	/usr/lib/system/libsystem_malloc.dylib
0x00000000385fa000 	/usr/lib/system/libsystem_network.dylib
0x00000000385fa000 	/usr/lib/system/libsystem_networkextension.dylib
0x00000000385fa000 	/usr/lib/system/libsystem_notify.dylib
0x00000000385fa000 	/usr/lib/system/libsystem_platform.dylib
0x00000000385fa000 	/usr/lib/system/libsystem_pthread.dylib
0x00000000385fa000 	/usr/lib/system/libsystem_sandbox.dylib
0x00000000385fa000 	/usr/lib/system/libsystem_secinit.dylib
0x00000000385fa000 	/usr/lib/system/libsystem_symptoms.dylib
0x00000000385fa000 	/usr/lib/system/libsystem_trace.dylib
0x00000000385fa000 	/usr/lib/system/libunwind.dylib
0x00000000385fa000 	/usr/lib/system/libxpc.dylib
0x00000000385fa000 	/usr/lib/libbsm.0.dylib
0x00000000385fa000 	/usr/lib/system/libkxld.dylib
0x00000000385fa000 	/usr/lib/libcoretls.dylib
0x00000000385fa000 	/usr/lib/libcoretls_cfhelpers.dylib
0x00000000385fa000 	/usr/lib/libOpenScriptingUtil.dylib
0x00000000385fa000 	/usr/lib/libpam.2.dylib
0x00000000385fa000 	/usr/lib/libsqlite3.dylib
0x00000000385fa000 	/usr/lib/libxar.1.dylib
0x00000000385fa000 	/usr/lib/libbz2.1.0.dylib
0x00000000385fa000 	/usr/lib/liblzma.5.dylib
0x00000000385fa000 	/usr/lib/libnetwork.dylib
0x00000000385fa000 	/usr/lib/libpcap.A.dylib
0x00000000385fa000 	/System/Library/Frameworks/CoreServices.framework/Versions/A/Frameworks/FSEvents.framework/Versions/A/FSEvents
0x00000000385fa000 	/System/Library/Frameworks/CoreServices.framework/Versions/A/Frameworks/CarbonCore.framework/Versions/A/CarbonCore
0x00000000385fa000 	/System/Library/Frameworks/CoreServices.framework/Versions/A/Frameworks/Metadata.framework/Versions/A/Metadata
0x00000000385fa000 	/System/Library/Frameworks/CoreServices.framework/Versions/A/Frameworks/OSServices.framework/Versions/A/OSServices
0x00000000385fa000 	/System/Library/Frameworks/CoreServices.framework/Versions/A/Frameworks/SearchKit.framework/Versions/A/SearchKit
0x00000000385fa000 	/System/Library/Frameworks/CoreServices.framework/Versions/A/Frameworks/AE.framework/Versions/A/AE
0x00000000385fa000 	/System/Library/Frameworks/CoreServices.framework/Versions/A/Frameworks/LaunchServices.framework/Versions/A/LaunchServices
0x00000000385fa000 	/System/Library/Frameworks/CoreServices.framework/Versions/A/Frameworks/DictionaryServices.framework/Versions/A/DictionaryServices
0x00000000385fa000 	/System/Library/Frameworks/CoreServices.framework/Versions/A/Frameworks/SharedFileList.framework/Versions/A/SharedFileList
0x00000000385fa000 	/System/Library/Frameworks/NetFS.framework/Versions/A/NetFS
0x00000000385fa000 	/System/Library/PrivateFrameworks/NetAuth.framework/Versions/A/NetAuth
0x00000000385fa000 	/System/Library/PrivateFrameworks/login.framework/Versions/A/Frameworks/loginsupport.framework/Versions/A/loginsupport
0x00000000385fa000 	/System/Library/PrivateFrameworks/TCC.framework/Versions/A/TCC
0x00000000385fa000 	/usr/lib/libmecabra.dylib
0x00000000385fa000 	/System/Library/Frameworks/ApplicationServices.framework/Versions/A/Frameworks/ATS.framework/Versions/A/ATS
0x00000000385fa000 	/System/Library/Frameworks/ApplicationServices.framework/Versions/A/Frameworks/ColorSync.framework/Versions/A/ColorSync
0x00000000385fa000 	/System/Library/Frameworks/ApplicationServices.framework/Versions/A/Frameworks/HIServices.framework/Versions/A/HIServices
0x00000000385fa000 	/System/Library/Frameworks/ApplicationServices.framework/Versions/A/Frameworks/LangAnalysis.framework/Versions/A/LangAnalysis
0x00000000385fa000 	/System/Library/Frameworks/ApplicationServices.framework/Versions/A/Frameworks/PrintCore.framework/Versions/A/PrintCore
0x00000000385fa000 	/System/Library/Frameworks/ApplicationServices.framework/Versions/A/Frameworks/QD.framework/Versions/A/QD
0x00000000385fa000 	/System/Library/Frameworks/ApplicationServices.framework/Versions/A/Frameworks/SpeechSynthesis.framework/Versions/A/SpeechSynthesis
0x00000000385fa000 	/System/Library/Frameworks/Accelerate.framework/Versions/A/Frameworks/vImage.framework/Versions/A/vImage
0x00000000385fa000 	/System/Library/Frameworks/Accelerate.framework/Versions/A/Frameworks/vecLib.framework/Versions/A/vecLib
0x00000000385fa000 	/System/Library/Frameworks/Accelerate.framework/Versions/A/Frameworks/vecLib.framework/Versions/A/libvDSP.dylib
0x00000000385fa000 	/System/Library/Frameworks/Accelerate.framework/Versions/A/Frameworks/vecLib.framework/Versions/A/libBNNS.dylib
0x00000000385fa000 	/System/Library/Frameworks/Accelerate.framework/Versions/A/Frameworks/vecLib.framework/Versions/A/libQuadrature.dylib
0x00000000385fa000 	/System/Library/Frameworks/Accelerate.framework/Versions/A/Frameworks/vecLib.framework/Versions/A/libvMisc.dylib
0x00000000385fa000 	/System/Library/Frameworks/Accelerate.framework/Versions/A/Frameworks/vecLib.framework/Versions/A/libLAPACK.dylib
0x00000000385fa000 	/System/Library/Frameworks/Accelerate.framework/Versions/A/Frameworks/vecLib.framework/Versions/A/libBLAS.dylib
0x00000000385fa000 	/System/Library/Frameworks/Accelerate.framework/Versions/A/Frameworks/vecLib.framework/Versions/A/libLinearAlgebra.dylib
0x00000000385fa000 	/System/Library/Frameworks/Accelerate.framework/Versions/A/Frameworks/vecLib.framework/Versions/A/libSparseBLAS.dylib
0x00000000385fa000 	/System/Library/Frameworks/ApplicationServices.framework/Versions/A/Frameworks/ATS.framework/Versions/A/Resources/libFontParser.dylib
0x00000000385fa000 	/System/Library/Frameworks/ApplicationServices.framework/Versions/A/Frameworks/ATS.framework/Versions/A/Resources/libFontRegistry.dylib
0x00000000385fa000 	/System/Library/Frameworks/ImageIO.framework/Versions/A/Resources/libJPEG.dylib
0x00000000385fa000 	/System/Library/Frameworks/ImageIO.framework/Versions/A/Resources/libTIFF.dylib
0x00000000385fa000 	/System/Library/Frameworks/ImageIO.framework/Versions/A/Resources/libPng.dylib
0x00000000385fa000 	/System/Library/Frameworks/ImageIO.framework/Versions/A/Resources/libGIF.dylib
0x00000000385fa000 	/System/Library/Frameworks/ImageIO.framework/Versions/A/Resources/libJP2.dylib
0x00000000385fa000 	/System/Library/Frameworks/ImageIO.framework/Versions/A/Resources/libRadiance.dylib
0x00000000385fa000 	/usr/lib/libcompression.dylib
0x00000000385fa000 	/System/Library/PrivateFrameworks/AppleJPEG.framework/Versions/A/AppleJPEG
0x00000000385fa000 	/usr/lib/libcups.2.dylib
0x00000000385fa000 	/System/Library/Frameworks/Kerberos.framework/Versions/A/Kerberos
0x00000000385fa000 	/System/Library/Frameworks/GSS.framework/Versions/A/GSS
0x00000000385fa000 	/usr/lib/libresolv.9.dylib
0x00000000385fa000 	/usr/lib/libiconv.2.dylib
0x00000000385fa000 	/System/Library/PrivateFrameworks/Heimdal.framework/Versions/A/Heimdal
0x00000000385fa000 	/usr/lib/libheimdal-asn1.dylib
0x00000000385fa000 	/System/Library/Frameworks/OpenDirectory.framework/Versions/A/OpenDirectory
0x00000000385fa000 	/System/Library/PrivateFrameworks/CommonAuth.framework/Versions/A/CommonAuth
0x00000000385fa000 	/System/Library/Frameworks/OpenDirectory.framework/Versions/A/Frameworks/CFOpenDirectory.framework/Versions/A/CFOpenDirectory
0x00000000385fa000 	/System/Library/Frameworks/SecurityFoundation.framework/Versions/A/SecurityFoundation
0x00000000385fa000 	/System/Library/PrivateFrameworks/LanguageModeling.framework/Versions/A/LanguageModeling
0x00000000385fa000 	/usr/lib/libmarisa.dylib
0x00000000385fa000 	/usr/lib/libChineseTokenizer.dylib
0x00000000385fa000 	/usr/lib/libcmph.dylib
0x00000000385fa000 	/System/Library/PrivateFrameworks/CoreEmoji.framework/Versions/A/CoreEmoji
0x00000000385fa000 	/System/Library/Frameworks/ServiceManagement.framework/Versions/A/ServiceManagement
0x00000000385fa000 	/usr/lib/libxslt.1.dylib
0x00000000385fa000 	/System/Library/Frameworks/Carbon.framework/Versions/A/Frameworks/Ink.framework/Versions/A/Ink
0x00000000385fa000 	/System/Library/PrivateFrameworks/TextureIO.framework/Versions/A/TextureIO
0x00000000385fa000 	/System/Library/Frameworks/Metal.framework/Versions/A/Metal
0x00000000385fa000 	/usr/lib/libate.dylib
0x00000000385fa000 	/System/Library/PrivateFrameworks/GPUCompiler.framework/libmetal_timestamp.dylib
0x00000000385fa000 	/System/Library/Frameworks/OpenGL.framework/Versions/A/Libraries/libCoreFSCache.dylib
0x00000000385fa000 	/System/Library/PrivateFrameworks/IOAccelerator.framework/Versions/A/IOAccelerator
0x00000000385fa000 	/System/Library/Frameworks/CoreVideo.framework/Versions/A/CoreVideo
0x00000000385fa000 	/usr/lib/libFosl_dynamic.dylib
0x00000000385fa000 	/System/Library/PrivateFrameworks/MetalPerformanceShaders.framework/Versions/A/MetalPerformanceShaders
0x00000000385fa000 	/System/Library/PrivateFrameworks/FaceCore.framework/Versions/A/FaceCore
0x00000000385fa000 	/System/Library/Frameworks/OpenCL.framework/Versions/A/OpenCL
0x00000000385fa000 	/System/Library/Frameworks/OpenGL.framework/Versions/A/Libraries/libGLU.dylib
0x00000000385fa000 	/System/Library/Frameworks/OpenGL.framework/Versions/A/Libraries/libGFXShared.dylib
0x00000000385fa000 	/System/Library/Frameworks/OpenGL.framework/Versions/A/Libraries/libGL.dylib
0x00000000385fa000 	/System/Library/Frameworks/OpenGL.framework/Versions/A/Libraries/libGLImage.dylib
0x00000000385fa000 	/System/Library/Frameworks/OpenGL.framework/Versions/A/Libraries/libCVMSPluginSupport.dylib
0x00000000385fa000 	/System/Library/Frameworks/OpenGL.framework/Versions/A/Libraries/libCoreVMClient.dylib
0x00000000385fa000 	/System/Library/PrivateFrameworks/CrashReporterSupport.framework/Versions/A/CrashReporterSupport
0x00000000385fa000 	/System/Library/PrivateFrameworks/Sharing.framework/Versions/A/Sharing
0x00000000385fa000 	/System/Library/PrivateFrameworks/IconServices.framework/Versions/A/IconServices
0x00000000385fa000 	/System/Library/PrivateFrameworks/ProtocolBuffer.framework/Versions/A/ProtocolBuffer
0x00000000385fa000 	/System/Library/PrivateFrameworks/Apple80211.framework/Versions/A/Apple80211
0x00000000385fa000 	/System/Library/Frameworks/CoreWLAN.framework/Versions/A/CoreWLAN
0x00000000385fa000 	/System/Library/PrivateFrameworks/CoreUtils.framework/Versions/A/CoreUtils
0x00000000385fa000 	/System/Library/Frameworks/IOBluetooth.framework/Versions/A/IOBluetooth
0x00000000385fa000 	/System/Library/PrivateFrameworks/CoreWiFi.framework/Versions/A/CoreWiFi
0x00000000385fa000 	/System/Library/Frameworks/CoreBluetooth.framework/Versions/A/CoreBluetooth
0x00000000385fa000 	/System/Library/Frameworks/CoreDisplay.framework/Versions/A/CoreDisplay
0x00000000385fa000 	/System/Library/PrivateFrameworks/IOPresentment.framework/Versions/A/IOPresentment
0x00000000385fa000 	/System/Library/PrivateFrameworks/DSExternalDisplay.framework/Versions/A/DSExternalDisplay
0x00000000385fa000 	/System/Library/PrivateFrameworks/DebugSymbols.framework/Versions/A/DebugSymbols
0x00000000385fa000 	/System/Library/PrivateFrameworks/CoreSymbolication.framework/Versions/A/CoreSymbolication
0x00000000385fa000 	/System/Library/PrivateFrameworks/Symbolication.framework/Versions/A/Symbolication
0x00000000385fa000 	/System/Library/PrivateFrameworks/AppleFSCompression.framework/Versions/A/AppleFSCompression
0x00000000385fa000 	/System/Library/PrivateFrameworks/SpeechRecognitionCore.framework/Versions/A/SpeechRecognitionCore
0x00000000385fa000 	/System/Library/PrivateFrameworks/ChunkingLibrary.framework/Versions/A/ChunkingLibrary
0x0000000102200000 	/Library/Java/JavaVirtualMachines/jdk1.8.0_131.jdk/Contents/Home/jre/lib/server/libjvm.dylib
0x00000000385fa000 	/usr/lib/libstdc++.6.dylib
0x000000010183c000 	/Library/Java/JavaVirtualMachines/jdk1.8.0_131.jdk/Contents/Home/jre/lib/libverify.dylib
0x000000010184a000 	/Library/Java/JavaVirtualMachines/jdk1.8.0_131.jdk/Contents/Home/jre/lib/libjava.dylib
0x0000000101889000 	/Library/Java/JavaVirtualMachines/jdk1.8.0_131.jdk/Contents/Home/jre/lib/libzip.dylib
0x00000001099a5000 	/System/Library/Frameworks/JavaVM.framework/Frameworks/JavaRuntimeSupport.framework/JavaRuntimeSupport
0x00000001099bf000 	/System/Library/Frameworks/JavaVM.framework/Versions/A/Frameworks/JavaNativeFoundation.framework/Versions/A/JavaNativeFoundation
0x00000001099d4000 	/System/Library/Frameworks/JavaVM.framework/Versions/A/JavaVM
0x00000000385fa000 	/System/Library/Frameworks/Carbon.framework/Versions/A/Carbon
0x00000001019f4000 	/System/Library/PrivateFrameworks/JavaLaunching.framework/Versions/A/JavaLaunching
0x00000000385fa000 	/System/Library/Frameworks/Carbon.framework/Versions/A/Frameworks/CommonPanels.framework/Versions/A/CommonPanels
0x00000000385fa000 	/System/Library/Frameworks/Carbon.framework/Versions/A/Frameworks/Help.framework/Versions/A/Help
0x00000000385fa000 	/System/Library/Frameworks/Carbon.framework/Versions/A/Frameworks/ImageCapture.framework/Versions/A/ImageCapture
0x00000000385fa000 	/System/Library/Frameworks/Carbon.framework/Versions/A/Frameworks/OpenScripting.framework/Versions/A/OpenScripting
0x00000000385fa000 	/System/Library/Frameworks/Carbon.framework/Versions/A/Frameworks/Print.framework/Versions/A/Print
0x00000000385fa000 	/System/Library/Frameworks/Carbon.framework/Versions/A/Frameworks/SecurityHI.framework/Versions/A/SecurityHI
0x000000010b2e4000 	/Library/Java/JavaVirtualMachines/jdk1.8.0_131.jdk/Contents/Home/jre/lib/libawt.dylib
0x000000010b38c000 	/Library/Java/JavaVirtualMachines/jdk1.8.0_131.jdk/Contents/Home/jre/lib/./libmlib_image.dylib
0x000000010b458000 	/Library/Java/JavaVirtualMachines/jdk1.8.0_131.jdk/Contents/Home/jre/lib/libawt_lwawt.dylib
0x000000010b50f000 	/Library/Java/JavaVirtualMachines/jdk1.8.0_131.jdk/Contents/Home/jre/lib/./libosxapp.dylib
0x00000000385fa000 	/System/Library/Frameworks/ExceptionHandling.framework/Versions/A/ExceptionHandling
0x00000000385fa000 	/System/Library/PrivateFrameworks/CoreServicesInternal.framework/Versions/A/CoreServicesInternal
0x00000000385fa000 	/System/Library/CoreServices/RawCamera.bundle/Contents/MacOS/RawCamera
0x00000000385fa000 	/System/Library/Frameworks/Accelerate.framework/Versions/A/Frameworks/vImage.framework/Versions/A/Libraries/libCGInterfaces.dylib
0x00000000385fa000 	/System/Library/Frameworks/ApplicationServices.framework/Versions/A/Frameworks/ATS.framework/Versions/A/Resources/libTrueTypeScaler.dylib
0x000000010d36e000 	/System/Library/Frameworks/OpenGL.framework/Resources/GLEngine.bundle/GLEngine
0x00000000385fa000 	/System/Library/Frameworks/OpenGL.framework/Versions/A/Libraries/libGLProgrammability.dylib
0x000000010d553000 	/System/Library/Extensions/AppleIntelSKLGraphicsGLDriver.bundle/Contents/MacOS/AppleIntelSKLGraphicsGLDriver
0x00000000385fa000 	/System/Library/PrivateFrameworks/GPUSupport.framework/Versions/A/Libraries/libGPUSupportMercury.dylib
0x000000010e2d7000 	/System/Library/Frameworks/OpenGL.framework/Resources//GLRendererFloat.bundle/GLRendererFloat
0x00000000385fa000 	/System/Library/Frameworks/OpenCL.framework/Versions/A/Libraries/libcldcpuengine.dylib
0x00000000385fa000 	/usr/lib/libcrypto.0.9.8.dylib
0x00000000385fa000 	/System/Library/PrivateFrameworks/TrustEvaluationAgent.framework/Versions/A/TrustEvaluationAgent
0x000000010e30b000 	/System/Library/Extensions/AppleIntelSKLGraphicsMTLDriver.bundle/Contents/MacOS/AppleIntelSKLGraphicsMTLDriver
0x00000000385fa000 	/System/Library/PrivateFrameworks/FamilyControls.framework/Versions/A/FamilyControls
0x00000000385fa000 	/System/Library/PrivateFrameworks/CommerceKit.framework/Versions/A/Frameworks/CommerceCore.framework/Versions/A/CommerceCore
0x00000000385fa000 	/System/Library/PrivateFrameworks/SystemAdministration.framework/Versions/A/SystemAdministration
0x00000000385fa000 	/System/Library/PrivateFrameworks/AppContainer.framework/Versions/A/AppContainer
0x00000000385fa000 	/System/Library/PrivateFrameworks/SecCodeWrapper.framework/Versions/A/SecCodeWrapper
0x00000000385fa000 	/System/Library/Frameworks/DirectoryService.framework/Versions/A/DirectoryService
0x00000000385fa000 	/System/Library/PrivateFrameworks/DiskImages.framework/Versions/A/DiskImages
0x00000000385fa000 	/System/Library/PrivateFrameworks/LoginUIKit.framework/Versions/A/Frameworks/LoginUICore.framework/Versions/A/LoginUICore
0x00000000385fa000 	/usr/lib/libCoreStorage.dylib
0x00000000385fa000 	/usr/lib/libcsfde.dylib
0x00000000385fa000 	/usr/lib/libodfde.dylib
0x00000000385fa000 	/System/Library/Frameworks/DiscRecording.framework/Versions/A/DiscRecording
0x00000000385fa000 	/usr/lib/libcurl.4.dylib
0x00000000385fa000 	/System/Library/PrivateFrameworks/MediaKit.framework/Versions/A/MediaKit
0x00000000385fa000 	/System/Library/PrivateFrameworks/ProtectedCloudStorage.framework/Versions/A/ProtectedCloudStorage
0x00000000385fa000 	/System/Library/PrivateFrameworks/EFILogin.framework/Versions/A/EFILogin
0x00000000385fa000 	/usr/lib/libutil.dylib
0x00000000385fa000 	/System/Library/Frameworks/LDAP.framework/Versions/A/LDAP
0x00000000385fa000 	/usr/lib/libsasl2.2.dylib
0x00000000385fa000 	/System/Library/PrivateFrameworks/CoreDaemon.framework/Versions/B/CoreDaemon
0x00000000385fa000 	/System/Library/PrivateFrameworks/AppleSRP.framework/Versions/A/AppleSRP
0x00000000385fa000 	/System/Library/PrivateFrameworks/APFS.framework/Versions/A/APFS
0x000000011f238000 	/Library/Java/JavaVirtualMachines/jdk1.8.0_131.jdk/Contents/Home/jre/lib/libfontmanager.dylib
0x00000000385fa000 	/System/Library/PrivateFrameworks/ViewBridge.framework/Versions/A/ViewBridge
0x00000000385fa000 	/System/Library/PrivateFrameworks/XPCService.framework/Versions/A/XPCService
0x00000000385fa000 	/System/Library/PrivateFrameworks/AppSandbox.framework/Versions/A/AppSandbox
0x00000000385fa000 	/usr/lib/libsandbox.1.dylib
0x00000000385fa000 	/usr/lib/libMatch.1.dylib
0x00000001206b7000 	/Library/Java/JavaVirtualMachines/jdk1.8.0_131.jdk/Contents/Home/jre/lib/libosxui.dylib
0x000000012125d000 	/Library/Java/JavaVirtualMachines/jdk1.8.0_131.jdk/Contents/Home/jre/lib/libnet.dylib
0x000000012145c000 	/Library/Java/JavaVirtualMachines/jdk1.8.0_131.jdk/Contents/Home/jre/lib/libnio.dylib
0x00000001202ee000 	/private/var/folders/lr/vg0t0wxx3tg6yq252w_p67_00000gn/T/jogamp_0000/file_cache/jln5916411113534437391/jln3550944561214145930/libgluegen-rt.jnilib
0x00000001202f2000 	/private/var/folders/lr/vg0t0wxx3tg6yq252w_p67_00000gn/T/jogamp_0000/file_cache/jln5916411113534437391/jln3550944561214145930/libnativewindow_awt.jnilib
0x00000001203a3000 	/Library/Java/JavaVirtualMachines/jdk1.8.0_131.jdk/Contents/Home/jre/lib/libjawt.dylib
0x00000001203a6000 	/private/var/folders/lr/vg0t0wxx3tg6yq252w_p67_00000gn/T/jogamp_0000/file_cache/jln5916411113534437391/jln3550944561214145930/libnativewindow_macosx.jnilib
0x0000000191661000 	/private/var/folders/lr/vg0t0wxx3tg6yq252w_p67_00000gn/T/jogamp_0000/file_cache/jln5916411113534437391/jln3550944561214145930/libjogl_desktop.jnilib
0x000000019388b000 	/Library/Java/JavaVirtualMachines/jdk1.8.0_131.jdk/Contents/Home/jre/lib/libsunec.dylib
0x000000012146c000 	/Library/Java/JavaVirtualMachines/jdk1.8.0_131.jdk/Contents/Home/jre/lib/libjpeg.dylib
0x0000000121599000 	/Library/Java/JavaVirtualMachines/jdk1.8.0_131.jdk/Contents/Home/jre/lib/libt2k.dylib

VM Arguments:
jvm_args: -Djava.security.policy=java.policy.applet -Dfile.encoding=UTF-8 
java_command: sun.applet.AppletViewer finalProjectUCSD1.EarthquakeCityMap1500307533578.html
java_class_path (initial): /Users/sravanjr/Documents/College Classes/Eclipse Practice/UCSDUnfoldingMaps/build:/Users/sravanjr/Documents/College Classes/Eclipse Practice/UCSDUnfoldingMaps/lib/core.jar:/Users/sravanjr/Documents/College Classes/Eclipse Practice/UCSDUnfoldingMaps/lib/gluegen-rt.jar:/Users/sravanjr/Documents/College Classes/Eclipse Practice/UCSDUnfoldingMaps/lib/jogl-all.jar:/Users/sravanjr/Documents/College Classes/Eclipse Practice/UCSDUnfoldingMaps/lib/log4j-1.2.15.jar:/Users/sravanjr/Documents/College Classes/Eclipse Practice/UCSDUnfoldingMaps/lib/sqlite-jdbc-3.7.2.jar:/Users/sravanjr/Documents/College Classes/Eclipse Practice/UCSDUnfoldingMaps/lib/json4processing.jar:/Users/sravanjr/Documents/College Classes/Eclipse Practice/UCSDUnfoldingMaps/lib/libTUIO.jar:/Users/sravanjr/Documents/College Classes/Eclipse Practice/UCSDUnfoldingMaps/lib/unfolding.0.9.7-uscd.jar
Launcher Type: SUN_STANDARD

Environment Variables:
PATH=/usr/bin:/bin:/usr/sbin:/sbin
SHELL=/bin/bash

Signal Handlers:
SIGSEGV: [libjvm.dylib+0x5b1eb1], sa_mask[0]=11111111011111110111111111111111, sa_flags=SA_ONSTACK|SA_RESTART|SA_SIGINFO
SIGBUS: [libjvm.dylib+0x5b1eb1], sa_mask[0]=11111111011111110111111111111111, sa_flags=SA_RESTART|SA_SIGINFO
SIGFPE: [libjvm.dylib+0x488988], sa_mask[0]=11111111011111110111111111111111, sa_flags=SA_RESTART|SA_SIGINFO
SIGPIPE: [libjvm.dylib+0x488988], sa_mask[0]=11111111011111110111111111111111, sa_flags=SA_RESTART|SA_SIGINFO
SIGXFSZ: [libjvm.dylib+0x488988], sa_mask[0]=11111111011111110111111111111111, sa_flags=SA_RESTART|SA_SIGINFO
SIGILL: [libjvm.dylib+0x488988], sa_mask[0]=11111111011111110111111111111111, sa_flags=SA_RESTART|SA_SIGINFO
SIGUSR1: SIG_DFL, sa_mask[0]=00000000000000000000000000000000, sa_flags=none
SIGUSR2: [libjvm.dylib+0x4884a6], sa_mask[0]=00100000000000000000000000000000, sa_flags=SA_RESTART|SA_SIGINFO
SIGHUP: [libjvm.dylib+0x486a7d], sa_mask[0]=11111111011111110111111111111111, sa_flags=SA_RESTART|SA_SIGINFO
SIGINT: [libjvm.dylib+0x486a7d], sa_mask[0]=11111111011111110111111111111111, sa_flags=SA_RESTART|SA_SIGINFO
SIGTERM: [libjvm.dylib+0x486a7d], sa_mask[0]=11111111011111110111111111111111, sa_flags=SA_RESTART|SA_SIGINFO
SIGQUIT: [libjvm.dylib+0x486a7d], sa_mask[0]=11111111011111110111111111111111, sa_flags=SA_RESTART|SA_SIGINFO


---------------  S Y S T E M  ---------------

OS:Bsduname:Darwin 16.6.0 Darwin Kernel Version 16.6.0: Fri Apr 14 16:21:16 PDT 2017; root:xnu-3789.60.24~6/RELEASE_X86_64 x86_64
rlimit: STACK 8192k, CORE 0k, NPROC 709, NOFILE 10240, AS infinity
load average:2.23 1.96 1.98

CPU:total 4 (initial active 4) (2 cores per cpu, 2 threads per core) family 6 model 78 stepping 3, cmov, cx8, fxsr, mmx, sse, sse2, sse3, ssse3, sse4.1, sse4.2, popcnt, avx, avx2, aes, clmul, erms, rtm, 3dnowpref, lzcnt, ht, tsc, tscinvbit, bmi1, bmi2, adx

Memory: 4k page, physical 8388608k(73316k free)

/proc/meminfo:


vm_info: Java HotSpot(TM) 64-Bit Server VM (25.131-b11) for bsd-amd64 JRE (1.8.0_131-b11), built on Mar 15 2017 01:32:22 by "java_re" with gcc 4.2.1 (Based on Apple Inc. build 5658) (LLVM build 2336.11.00)

time: Mon Jul 17 09:06:41 2017
elapsed time: 67 seconds (0d 0h 1m 7s)

