#
# A fatal error has been detected by the Java Runtime Environment:
#
#  SIGSEGV (0xb) at pc=0x00007fffc287e05d, pid=1627, tid=0x0000000000000307
#
# JRE version: Java(TM) SE Runtime Environment (8.0_131-b11) (build 1.8.0_131-b11)
# Java VM: Java HotSpot(TM) 64-Bit Server VM (25.131-b11 mixed mode bsd-amd64 compressed oops)
# Problematic frame:
# C  [libobjc.A.dylib+0x705d]  objc_msgSend+0x1d
#
# Failed to write core dump. Core dumps have been disabled. To enable core dumping, try "ulimit -c unlimited" before starting Java again
#
# If you would like to submit a bug report, please visit:
#   http://bugreport.java.com/bugreport/crash.jsp
# The crash happened outside the Java Virtual Machine in native code.
# See problematic frame for where to report the bug.
#

---------------  T H R E A D  ---------------

Current thread (0x00007f853504e800):  JavaThread "AWT-AppKit" daemon [_thread_in_native, id=775, stack(0x00007fff57f3f000,0x00007fff5873f000)]

siginfo: si_signo: 11 (SIGSEGV), si_code: 1 (SEGV_MAPERR), si_addr: 0x0000000000000018

Registers:
RAX=0x00007f8539465440, RBX=0x00000001260ec450, RCX=0x00007f8535f000f0, RDX=0x0000000000000000
RSP=0x00007fff5873a388, RBP=0x00007fff5873a440, RSI=0x00007fffac118116, RDI=0x00007f853945e9f0
R8 =0x0000000000000018, R9 =0x00007f8535f00110, R10=0x0000000000000000, R11=0x00007fffac118116
R12=0x0000000000000000, R13=0x00000001965f5c98, R14=0x00000001260ec440, R15=0x00007f853504e800
RIP=0x00007fffc287e05d, EFLAGS=0x0000000000010246, ERR=0x0000000000000004
  TRAPNO=0x000000000000000e

Top of Stack: (sp=0x00007fff5873a388)
0x00007fff5873a388:   00000001260ea157 00007fff5873a3e0
0x00007fff5873a398:   0000000000000003 00007fff5873a3c0
0x00007fff5873a3a8:   0000000107ff36d2 00000001965f5c98
0x00007fff5873a3b8:   00000001965f5c98 00007f8539465440
0x00007fff5873a3c8:   00000001260ec6a0 00000001260ec710
0x00007fff5873a3d8:   00007fffc88e26d0 00007fffc95121e0
0x00007fff5873a3e8:   00000001260ec450 00000001260ec690
0x00007fff5873a3f8:   00007f8539465440 00007f853945e9f0
0x00007fff5873a408:   00007f853359fb70 00007f8539465440
0x00007fff5873a418:   00007f853945e9f0 00007fff5873a4c8
0x00007fff5873a428:   00007f853504e9f8 00000001965f5c98
0x00007fff5873a438:   00007fff5873a4f0 00007fff5873a4b8
0x00007fff5873a448:   0000000111dea9f4 00000001965f5c98
0x00007fff5873a458:   00007fff5873a4f0 00007fff5873a4b8
0x00007fff5873a468:   0000000111dea787 0000000111dea742
0x00007fff5873a478:   00007fff5873a478 00000001965f5c98
0x00007fff5873a488:   00007fff5873a4f0 0000000190050ce0
0x00007fff5873a498:   0000000000000000 00000001965f5c98
0x00007fff5873a4a8:   0000000000000000 00007fff5873a4d8
0x00007fff5873a4b8:   00007fff5873a538 0000000111ddb2bd
0x00007fff5873a4c8:   0000000740cee8b8 0000000111de4538
0x00007fff5873a4d8:   00007f8539465440 00007fff5873a538
0x00007fff5873a4e8:   00007f853945e9f0 0000000111de5e02
0x00007fff5873a4f8:   00007fff5873a4f8 00000001965f5e62
0x00007fff5873a508:   00007fff5873a560 0000000190050ce0
0x00007fff5873a518:   0000000000000000 00000001965f5e70
0x00007fff5873a528:   00007fff5873a4d8 00007fff5873a548
0x00007fff5873a538:   00007fff5873a5a8 0000000111ddb2bd
0x00007fff5873a548:   00007f8539465440 0000000740ce87a0
0x00007fff5873a558:   00007f853945e9f0 0000000740ce87a0
0x00007fff5873a568:   00007fff5873a568 000000019b9c6566
0x00007fff5873a578:   00007fff5873a5b8 000000019b9c6620 

Instructions: (pc=0x00007fffc287e05d)
0x00007fffc287e03d:   0f 1f 00 48 85 ff 2e 74 62 40 f6 c7 01 2e 75 66
0x00007fffc287e04d:   49 ba f8 ff ff ff ff 7f 00 00 4c 23 17 49 89 f3
0x00007fffc287e05d:   45 23 5a 18 49 c1 e3 04 4d 03 5a 10 49 3b 33 75
0x00007fffc287e06d:   04 41 ff 63 08 49 83 3b 01 76 0d 49 83 c3 10 49 

Register to memory mapping:

RAX=0x00007f8539465440 is an unknown value
RBX=0x00000001260ec450: Java_jogamp_nativewindow_macosx_OSXUtil_GetScreenRefreshRate0+0x1cf0 in /private/var/folders/lr/vg0t0wxx3tg6yq252w_p67_00000gn/T/jogamp_0000/file_cache/jln6336230297081471928/jln6209125167053561384/libnativewindow_macosx.jnilib at 0x00000001260e5000
RCX=0x00007f8535f000f0 is an unknown value
RDX=0x0000000000000000 is an unknown value
RSP=0x00007fff5873a388 is pointing into the stack for thread: 0x00007f853504e800
RBP=0x00007fff5873a440 is pointing into the stack for thread: 0x00007f853504e800
RSI=0x00007fffac118116: __NSStyleNameIndexTable+0x7fd5e in /System/Library/Frameworks/AppKit.framework/Versions/C/AppKit at 0x00007fffab4ab000
RDI=0x00007f853945e9f0 is an unknown value
R8 =0x0000000000000018 is an unknown value
R9 =0x00007f8535f00110 is an unknown value
R10=0x0000000000000000 is an unknown value
R11=0x00007fffac118116: __NSStyleNameIndexTable+0x7fd5e in /System/Library/Frameworks/AppKit.framework/Versions/C/AppKit at 0x00007fffab4ab000
R12=0x0000000000000000 is an unknown value
R13={method} {0x00000001965f5c98} 'UnsetJAWTRootSurfaceLayer0' '(JJ)V' in 'jogamp/nativewindow/jawt/macosx/MacOSXJAWTWindow'
R14=0x00000001260ec440: Java_jogamp_nativewindow_macosx_OSXUtil_GetScreenRefreshRate0+0x1ce0 in /private/var/folders/lr/vg0t0wxx3tg6yq252w_p67_00000gn/T/jogamp_0000/file_cache/jln6336230297081471928/jln6209125167053561384/libnativewindow_macosx.jnilib at 0x00000001260e5000
R15=0x00007f853504e800 is a thread


Stack: [0x00007fff57f3f000,0x00007fff5873f000],  sp=0x00007fff5873a388,  free space=8172k
Native frames: (J=compiled Java code, j=interpreted, Vv=VM code, C=native code)
C  [libobjc.A.dylib+0x705d]  objc_msgSend+0x1d
j  jogamp.nativewindow.jawt.macosx.MacOSXJAWTWindow.UnsetJAWTRootSurfaceLayer0(JJ)V+0
j  jogamp.nativewindow.jawt.macosx.MacOSXJAWTWindow.access$200(JJ)V+2
j  jogamp.nativewindow.jawt.macosx.MacOSXJAWTWindow$1.run()V+38
j  com.jogamp.common.util.RunnableTask.run()V+24
v  ~StubRoutines::call_stub
V  [libjvm.dylib+0x2ee5b6]
V  [libjvm.dylib+0x325765]
V  [libjvm.dylib+0x317f33]
C  [libnativewindow_macosx.jnilib+0x5326]  Java_jogamp_nativewindow_jawt_macosx_MacOSXJAWTWindow_UnsetJAWTRootSurfaceLayer0+0x2b6
C  [Foundation+0x717ba]  __NSThreadPerformPerform+0x146
C  [CoreFoundation+0xa7321]  __CFRUNLOOP_IS_CALLING_OUT_TO_A_SOURCE0_PERFORM_FUNCTION__+0x11
C  [CoreFoundation+0x8821d]  __CFRunLoopDoSources0+0x22d
C  [CoreFoundation+0x87716]  __CFRunLoopRun+0x3a6
C  [CoreFoundation+0x87114]  CFRunLoopRunSpecific+0x1a4
C  [HIToolbox+0x30ebc]  RunCurrentEventLoopInMode+0xf0
C  [HIToolbox+0x30bf9]  ReceiveNextEventCommon+0xb8
C  [HIToolbox+0x30b26]  _BlockUntilNextEventMatchingListInModeWithFilter+0x47
C  [AppKit+0x46a54]  _DPSNextEvent+0x460
C  [AppKit+0x7c27ee]  -[NSApplication(NSEvent) _nextEventMatchingEventMask:untilDate:inMode:dequeue:]+0xaec
C  [libosxapp.dylib+0x23aa]  -[NSApplicationAWT nextEventMatchingMask:untilDate:inMode:dequeue:]+0x7c
C  [AppKit+0x3b3db]  -[NSApplication run]+0x39e
C  [libosxapp.dylib+0x214d]  +[NSApplicationAWT runAWTLoopWithApp:]+0x9c
C  [libawt_lwawt.dylib+0x45edf]  -[AWTStarter starter:]+0x389
C  [Foundation+0x717ba]  __NSThreadPerformPerform+0x146
C  [CoreFoundation+0xa7321]  __CFRUNLOOP_IS_CALLING_OUT_TO_A_SOURCE0_PERFORM_FUNCTION__+0x11
C  [CoreFoundation+0x8821d]  __CFRunLoopDoSources0+0x22d
C  [CoreFoundation+0x87716]  __CFRunLoopRun+0x3a6
C  [CoreFoundation+0x87114]  CFRunLoopRunSpecific+0x1a4
C  [java+0x6465]  CreateExecutionEnvironment+0x367
C  [java+0x218c]  JLI_Launch+0x7a0
C  [java+0x84c2]  main+0x65
C  [java+0x19e4]  start+0x34
C  0x0000000000000007

Java frames: (J=compiled Java code, j=interpreted, Vv=VM code)
j  jogamp.nativewindow.jawt.macosx.MacOSXJAWTWindow.UnsetJAWTRootSurfaceLayer0(JJ)V+0
j  jogamp.nativewindow.jawt.macosx.MacOSXJAWTWindow.access$200(JJ)V+2
j  jogamp.nativewindow.jawt.macosx.MacOSXJAWTWindow$1.run()V+38
j  com.jogamp.common.util.RunnableTask.run()V+24
v  ~StubRoutines::call_stub

---------------  P R O C E S S  ---------------

Java Threads: ( => current thread )
  0x00007f853b1c6000 JavaThread "Thread-44" [_thread_blocked, id=14963, stack(0x00007000054d7000,0x00007000055d7000)]
  0x00007f853498d800 JavaThread "AWT-EventQueue-1" [_thread_in_native, id=67607, stack(0x0000700005351000,0x0000700005451000)]
  0x00007f853399f800 JavaThread "DestroyJavaVM" [_thread_blocked, id=7171, stack(0x0000700003d09000,0x0000700003e09000)]
  0x00007f853494f800 JavaThread "AWT-EventQueue-0" [_thread_blocked, id=59923, stack(0x000070000514b000,0x000070000524b000)]
  0x00007f8534905000 JavaThread "Java2D Disposer" daemon [_thread_blocked, id=56591, stack(0x0000700004ec2000,0x0000700004fc2000)]
  0x00007f85348cc000 JavaThread "Java2D Queue Flusher" daemon [_thread_blocked, id=47411, stack(0x0000700004dbf000,0x0000700004ebf000)]
  0x00007f853413a000 JavaThread "AWT-Shutdown" [_thread_blocked, id=29471, stack(0x0000700004bb6000,0x0000700004cb6000)]
=>0x00007f853504e800 JavaThread "AWT-AppKit" daemon [_thread_in_native, id=775, stack(0x00007fff57f3f000,0x00007fff5873f000)]
  0x00007f85340aa800 JavaThread "Service Thread" daemon [_thread_blocked, id=18691, stack(0x000070000492d000,0x0000700004a2d000)]
  0x00007f8534077000 JavaThread "C1 CompilerThread2" daemon [_thread_blocked, id=18179, stack(0x000070000482a000,0x000070000492a000)]
  0x00007f8534076800 JavaThread "C2 CompilerThread1" daemon [_thread_blocked, id=17667, stack(0x0000700004727000,0x0000700004827000)]
  0x00007f8534061800 JavaThread "C2 CompilerThread0" daemon [_thread_blocked, id=17155, stack(0x0000700004624000,0x0000700004724000)]
  0x00007f853406c800 JavaThread "Signal Dispatcher" daemon [_thread_blocked, id=16643, stack(0x0000700004521000,0x0000700004621000)]
  0x00007f8533805000 JavaThread "Finalizer" daemon [_thread_blocked, id=12547, stack(0x000070000441e000,0x000070000451e000)]
  0x00007f8533802000 JavaThread "Reference Handler" daemon [_thread_blocked, id=12035, stack(0x000070000431b000,0x000070000441b000)]

Other Threads:
  0x00007f853405f000 VMThread [stack: 0x0000700004218000,0x0000700004318000] [id=11523]
  0x00007f8533800800 WatcherThread [stack: 0x0000700004a30000,0x0000700004b30000] [id=19203]

VM state:not at safepoint (normal execution)

VM Mutex/Monitor currently owned by a thread: None

Heap:
 PSYoungGen      total 141824K, used 102948K [0x0000000795580000, 0x000000079f500000, 0x00000007c0000000)
  eden space 136704K, 71% used [0x0000000795580000,0x000000079b553138,0x000000079db00000)
  from space 5120K, 94% used [0x000000079e000000,0x000000079e4b6150,0x000000079e500000)
  to   space 13312K, 0% used [0x000000079e800000,0x000000079e800000,0x000000079f500000)
 ParOldGen       total 73216K, used 19363K [0x0000000740000000, 0x0000000744780000, 0x0000000795580000)
  object space 73216K, 26% used [0x0000000740000000,0x00000007412e8ed8,0x0000000744780000)
 Metaspace       used 21548K, capacity 21883K, committed 22272K, reserved 1069056K
  class space    used 2104K, capacity 2216K, committed 2304K, reserved 1048576K

Card table byte_map: [0x0000000109163000,0x0000000109564000] byte_map_base: 0x0000000105763000

Marking Bits: (ParMarkBitMap*) 0x00000001086f1ea0
 Begin Bits: [0x000000010980f000, 0x000000010b80f000)
 End Bits:   [0x000000010b80f000, 0x000000010d80f000)

Polling page: 0x0000000107581000

CodeCache: size=245760Kb used=9836Kb max_used=9847Kb free=235923Kb
 bounds [0x0000000111dd3000, 0x0000000112783000, 0x0000000120dd3000]
 total_blobs=3691 nmethods=2777 adapters=827
 compilation: enabled

Compilation events (10 events):
Event: 122.960 Thread 0x00007f8534061800 3217 %     4       module6.EarthquakeCityMap::selectMarkerIfHover @ 18 (79 bytes)
Event: 122.971 Thread 0x00007f8534061800 nmethod 3217% 0x0000000112774a10 code [0x0000000112774be0, 0x0000000112775048]
Event: 123.559 Thread 0x00007f8534077000 3218       3       java.awt.Component::isEnabled (5 bytes)
Event: 123.559 Thread 0x00007f8534077000 nmethod 3218 0x0000000112747250 code [0x00000001127473c0, 0x00000001127475b0]
Event: 123.561 Thread 0x00007f8534076800 3219       4       sun.java2d.SurfaceData::pixelFor (13 bytes)
Event: 123.562 Thread 0x00007f8534076800 nmethod 3219 0x0000000112746e90 code [0x0000000112746fe0, 0x00000001127470d8]
Event: 123.564 Thread 0x00007f8534061800 3220       4       sun.java2d.SunGraphics2D::translate (68 bytes)
Event: 123.570 Thread 0x00007f8534061800 nmethod 3220 0x0000000112775950 code [0x0000000112775ae0, 0x0000000112775d88]
Event: 123.591 Thread 0x00007f8534077000 3221       3       java.lang.Boolean::valueOf (14 bytes)
Event: 123.592 Thread 0x00007f8534077000 nmethod 3221 0x0000000112746ad0 code [0x0000000112746c40, 0x0000000112746dd0]

GC Heap History (10 events):
Event: 11.597 GC heap before
{Heap before GC invocations=6 (full 1):
 PSYoungGen      total 71680K, used 66329K [0x0000000795580000, 0x000000079a080000, 0x00000007c0000000)
  eden space 66560K, 99% used [0x0000000795580000,0x00000007996466e8,0x0000000799680000)
  from space 5120K, 0% used [0x0000000799b80000,0x0000000799b80000,0x000000079a080000)
  to   space 5120K, 0% used [0x0000000799680000,0x0000000799680000,0x0000000799b80000)
 ParOldGen       total 73216K, used 17299K [0x0000000740000000, 0x0000000744780000, 0x0000000795580000)
  object space 73216K, 23% used [0x0000000740000000,0x00000007410e4e58,0x0000000744780000)
 Metaspace       used 21225K, capacity 21531K, committed 21760K, reserved 1069056K
  class space    used 2096K, capacity 2184K, committed 2304K, reserved 1048576K
Event: 11.608 GC heap after
Heap after GC invocations=6 (full 1):
 PSYoungGen      total 71680K, used 5096K [0x0000000795580000, 0x000000079db80000, 0x00000007c0000000)
  eden space 66560K, 0% used [0x0000000795580000,0x0000000795580000,0x0000000799680000)
  from space 5120K, 99% used [0x0000000799680000,0x0000000799b7a1a0,0x0000000799b80000)
  to   space 15360K, 0% used [0x000000079cc80000,0x000000079cc80000,0x000000079db80000)
 ParOldGen       total 73216K, used 19355K [0x0000000740000000, 0x0000000744780000, 0x0000000795580000)
  object space 73216K, 26% used [0x0000000740000000,0x00000007412e6ed8,0x0000000744780000)
 Metaspace       used 21225K, capacity 21531K, committed 21760K, reserved 1069056K
  class space    used 2096K, capacity 2184K, committed 2304K, reserved 1048576K
}
Event: 21.859 GC heap before
{Heap before GC invocations=7 (full 1):
 PSYoungGen      total 71680K, used 71656K [0x0000000795580000, 0x000000079db80000, 0x00000007c0000000)
  eden space 66560K, 100% used [0x0000000795580000,0x0000000799680000,0x0000000799680000)
  from space 5120K, 99% used [0x0000000799680000,0x0000000799b7a1a0,0x0000000799b80000)
  to   space 15360K, 0% used [0x000000079cc80000,0x000000079cc80000,0x000000079db80000)
 ParOldGen       total 73216K, used 19355K [0x0000000740000000, 0x0000000744780000, 0x0000000795580000)
  object space 73216K, 26% used [0x0000000740000000,0x00000007412e6ed8,0x0000000744780000)
 Metaspace       used 21499K, capacity 21851K, committed 22272K, reserved 1069056K
  class space    used 2096K, capacity 2184K, committed 2304K, reserved 1048576K
Event: 21.864 GC heap after
Heap after GC invocations=7 (full 1):
 PSYoungGen      total 111616K, used 4824K [0x0000000795580000, 0x000000079d600000, 0x00000007c0000000)
  eden space 101888K, 0% used [0x0000000795580000,0x0000000795580000,0x000000079b900000)
  from space 9728K, 49% used [0x000000079cc80000,0x000000079d136150,0x000000079d600000)
  to   space 14848K, 0% used [0x000000079b900000,0x000000079b900000,0x000000079c780000)
 ParOldGen       total 73216K, used 19363K [0x0000000740000000, 0x0000000744780000, 0x0000000795580000)
  object space 73216K, 26% used [0x0000000740000000,0x00000007412e8ed8,0x0000000744780000)
 Metaspace       used 21499K, capacity 21851K, committed 22272K, reserved 1069056K
  class space    used 2096K, capacity 2184K, committed 2304K, reserved 1048576K
}
Event: 45.581 GC heap before
{Heap before GC invocations=8 (full 1):
 PSYoungGen      total 111616K, used 106712K [0x0000000795580000, 0x000000079d600000, 0x00000007c0000000)
  eden space 101888K, 100% used [0x0000000795580000,0x000000079b900000,0x000000079b900000)
  from space 9728K, 49% used [0x000000079cc80000,0x000000079d136150,0x000000079d600000)
  to   space 14848K, 0% used [0x000000079b900000,0x000000079b900000,0x000000079c780000)
 ParOldGen       total 73216K, used 19363K [0x0000000740000000, 0x0000000744780000, 0x0000000795580000)
  object space 73216K, 26% used [0x0000000740000000,0x00000007412e8ed8,0x0000000744780000)
 Metaspace       used 21501K, capacity 21851K, committed 22272K, reserved 1069056K
  class space    used 2096K, capacity 2184K, committed 2304K, reserved 1048576K
Event: 45.584 GC heap after
Heap after GC invocations=8 (full 1):
 PSYoungGen      total 116736K, used 4824K [0x0000000795580000, 0x00000007a0280000, 0x00000007c0000000)
  eden space 101888K, 0% used [0x0000000795580000,0x0000000795580000,0x000000079b900000)
  from space 14848K, 32% used [0x000000079b900000,0x000000079bdb6150,0x000000079c780000)
  to   space 14336K, 0% used [0x000000079f480000,0x000000079f480000,0x00000007a0280000)
 ParOldGen       total 73216K, used 19363K [0x0000000740000000, 0x0000000744780000, 0x0000000795580000)
  object space 73216K, 26% used [0x0000000740000000,0x00000007412e8ed8,0x0000000744780000)
 Metaspace       used 21501K, capacity 21851K, committed 22272K, reserved 1069056K
  class space    used 2096K, capacity 2184K, committed 2304K, reserved 1048576K
}
Event: 69.421 GC heap before
{Heap before GC invocations=9 (full 1):
 PSYoungGen      total 116736K, used 106712K [0x0000000795580000, 0x00000007a0280000, 0x00000007c0000000)
  eden space 101888K, 100% used [0x0000000795580000,0x000000079b900000,0x000000079b900000)
  from space 14848K, 32% used [0x000000079b900000,0x000000079bdb6150,0x000000079c780000)
  to   space 14336K, 0% used [0x000000079f480000,0x000000079f480000,0x00000007a0280000)
 ParOldGen       total 73216K, used 19363K [0x0000000740000000, 0x0000000744780000, 0x0000000795580000)
  object space 73216K, 26% used [0x0000000740000000,0x00000007412e8ed8,0x0000000744780000)
 Metaspace       used 21501K, capacity 21851K, committed 22272K, reserved 1069056K
  class space    used 2096K, capacity 2184K, committed 2304K, reserved 1048576K
Event: 69.426 GC heap after
Heap after GC invocations=9 (full 1):
 PSYoungGen      total 148480K, used 4824K [0x0000000795580000, 0x000000079fb00000, 0x00000007c0000000)
  eden space 141824K, 0% used [0x0000000795580000,0x0000000795580000,0x000000079e000000)
  from space 6656K, 72% used [0x000000079f480000,0x000000079f936150,0x000000079fb00000)
  to   space 13824K, 0% used [0x000000079e000000,0x000000079e000000,0x000000079ed80000)
 ParOldGen       total 73216K, used 19363K [0x0000000740000000, 0x0000000744780000, 0x0000000795580000)
  object space 73216K, 26% used [0x0000000740000000,0x00000007412e8ed8,0x0000000744780000)
 Metaspace       used 21501K, capacity 21851K, committed 22272K, reserved 1069056K
  class space    used 2096K, capacity 2184K, committed 2304K, reserved 1048576K
}
Event: 102.119 GC heap before
{Heap before GC invocations=10 (full 1):
 PSYoungGen      total 148480K, used 146648K [0x0000000795580000, 0x000000079fb00000, 0x00000007c0000000)
  eden space 141824K, 100% used [0x0000000795580000,0x000000079e000000,0x000000079e000000)
  from space 6656K, 72% used [0x000000079f480000,0x000000079f936150,0x000000079fb00000)
  to   space 13824K, 0% used [0x000000079e000000,0x000000079e000000,0x000000079ed80000)
 ParOldGen       total 73216K, used 19363K [0x0000000740000000, 0x0000000744780000, 0x0000000795580000)
  object space 73216K, 26% used [0x0000000740000000,0x00000007412e8ed8,0x0000000744780000)
 Metaspace       used 21503K, capacity 21851K, committed 22272K, reserved 1069056K
  class space    used 2097K, capacity 2184K, committed 2304K, reserved 1048576K
Event: 102.123 GC heap after
Heap after GC invocations=10 (full 1):
 PSYoungGen      total 141824K, used 4824K [0x0000000795580000, 0x000000079f500000, 0x00000007c0000000)
  eden space 136704K, 0% used [0x0000000795580000,0x0000000795580000,0x000000079db00000)
  from space 5120K, 94% used [0x000000079e000000,0x000000079e4b6150,0x000000079e500000)
  to   space 13312K, 0% used [0x000000079e800000,0x000000079e800000,0x000000079f500000)
 ParOldGen       total 73216K, used 19363K [0x0000000740000000, 0x0000000744780000, 0x0000000795580000)
  object space 73216K, 26% used [0x0000000740000000,0x00000007412e8ed8,0x0000000744780000)
 Metaspace       used 21503K, capacity 21851K, committed 22272K, reserved 1069056K
  class space    used 2097K, capacity 2184K, committed 2304K, reserved 1048576K
}

Deoptimization events (10 events):
Event: 123.575 Thread 0x00007f853498d800 Uncommon trap: reason=class_check action=maybe_recompile pc=0x00000001127188b4 method=java.awt.event.InvocationEvent.dispatch()V @ 11
Event: 123.591 Thread 0x00007f853491d800 Uncommon trap: reason=unstable_if action=reinterpret pc=0x000000011227ae68 method=java.util.HashMap.putVal(ILjava/lang/Object;Ljava/lang/Object;ZZ)Ljava/lang/Object; @ 81
Event: 123.591 Thread 0x00007f853491d800 Uncommon trap: reason=unstable_if action=reinterpret pc=0x000000011226b1c0 method=java.util.HashMap.putVal(ILjava/lang/Object;Ljava/lang/Object;ZZ)Ljava/lang/Object; @ 81
Event: 123.592 Thread 0x00007f853494f800 Uncommon trap: reason=class_check action=maybe_recompile pc=0x000000011271d48c method=java.awt.Component.getGraphics()Ljava/awt/Graphics; @ 114
Event: 123.592 Thread 0x00007f853498d800 Uncommon trap: reason=class_check action=maybe_recompile pc=0x00000001127188b4 method=java.awt.event.InvocationEvent.dispatch()V @ 11
Event: 123.593 Thread 0x00007f853504e800 Uncommon trap: reason=class_check action=maybe_recompile pc=0x0000000111fb8540 method=com.jogamp.common.util.RunnableTask.run()V @ 24
Event: 123.594 Thread 0x00007f853504e800 Uncommon trap: reason=unstable_if action=reinterpret pc=0x00000001120ba4fc method=jogamp.nativewindow.macosx.OSXUtil.RunOnMainThread(ZZLjava/lang/Runnable;)V @ 3
Event: 123.601 Thread 0x00007f853498d800 Uncommon trap: reason=unstable_if action=reinterpret pc=0x000000011272bfe8 method=jogamp.opengl.GLContextImpl.release(Z)V @ 161
Event: 123.604 Thread 0x00007f853498d800 Uncommon trap: reason=unstable_if action=reinterpret pc=0x00000001123c5670 method=java.security.AccessControlContext.optimize()Ljava/security/AccessControlContext; @ 233
Event: 123.605 Thread 0x00007f853504e800 Uncommon trap: reason=class_check action=maybe_recompile pc=0x0000000111fb8540 method=com.jogamp.common.util.RunnableTask.run()V @ 24

Internal exceptions (10 events):
Event: 0.159 Thread 0x00007f8534008800 Exception <a 'java/lang/NoSuchFieldError': method resolution failed> (0x0000000795794d60) thrown at [/Users/java_re/workspace/8-2-build-macosx-x86_64/jdk8u131/8869/hotspot/src/share/vm/prims/methodHandles.cpp, line 1146]
Event: 0.332 Thread 0x00007f8534008800 Exception <a 'java/io/FileNotFoundException'> (0x0000000795810258) thrown at [/Users/java_re/workspace/8-2-build-macosx-x86_64/jdk8u131/8869/hotspot/src/share/vm/prims/jni.cpp, line 709]
Event: 0.333 Thread 0x00007f8534008800 Exception <a 'java/io/FileNotFoundException'> (0x0000000795810dd8) thrown at [/Users/java_re/workspace/8-2-build-macosx-x86_64/jdk8u131/8869/hotspot/src/share/vm/prims/jni.cpp, line 709]
Event: 0.470 Thread 0x00007f8534008800 Exception <a 'java/io/FileNotFoundException'> (0x0000000795954940) thrown at [/Users/java_re/workspace/8-2-build-macosx-x86_64/jdk8u131/8869/hotspot/src/share/vm/prims/jni.cpp, line 709]
Event: 3.284 Thread 0x00007f8534008800 Exception <a 'java/lang/UnsatisfiedLinkError': com.jogamp.common.util.JarUtil.fixNativeLibAttribs(Ljava/lang/String;)Z> (0x0000000796d40778) thrown at [/Users/java_re/workspace/8-2-build-macosx-x86_64/jdk8u131/8869/hotspot/src/share/vm/prims/nativeLookup.
Event: 3.525 Thread 0x00007f8533805000 Exception <a 'java/lang/NullPointerException'> (0x00000007956a2ed8) thrown at [/Users/java_re/workspace/8-2-build-macosx-x86_64/jdk8u131/8869/hotspot/src/share/vm/interpreter/linkResolver.cpp, line 1197]
Event: 4.280 Thread 0x00007f853498d800 Exception <a 'java/io/FileNotFoundException'> (0x0000000796105f38) thrown at [/Users/java_re/workspace/8-2-build-macosx-x86_64/jdk8u131/8869/hotspot/src/share/vm/prims/jni.cpp, line 709]
Event: 4.280 Thread 0x00007f853498d800 Exception <a 'java/io/FileNotFoundException'> (0x000000079610ed60) thrown at [/Users/java_re/workspace/8-2-build-macosx-x86_64/jdk8u131/8869/hotspot/src/share/vm/prims/jni.cpp, line 709]
Event: 4.280 Thread 0x00007f853498d800 Implicit null exception at 0x0000000111fab6b6 to 0x0000000111faba81
Event: 4.719 Thread 0x00007f853498d800 Implicit null exception at 0x00000001121a37c6 to 0x00000001121a3a0d

Events (10 events):
Event: 123.604 loading class java/awt/LightweightDispatcher$2 done
Event: 123.604 loading class java/awt/event/AWTEventListenerProxy
Event: 123.605 loading class java/awt/event/AWTEventListenerProxy done
Event: 123.605 Executing VM operation: Deoptimize
Event: 123.605 Executing VM operation: Deoptimize done
Event: 123.605 Thread 0x00007f853504e800 Uncommon trap: trap_request=0xffffffde fr.pc=0x0000000111fb8540
Event: 123.605 Thread 0x00007f853504e800 DEOPT PACKING pc=0x0000000111fb8540 sp=0x00007fff5873a600
Event: 123.605 Thread 0x00007f853504e800 DEOPT UNPACKING pc=0x0000000111dd8229 sp=0x00007fff5873a5a8 mode 2
Event: 123.605 loading class java/awt/Toolkit$ToolkitEventMulticaster
Event: 123.605 loading class java/awt/Toolkit$ToolkitEventMulticaster done


Dynamic libraries:
0x00000000385fa000 	/System/Library/Frameworks/Cocoa.framework/Versions/A/Cocoa
0x00000000385fa000 	/System/Library/Frameworks/Security.framework/Versions/A/Security
0x00000000385fa000 	/System/Library/Frameworks/ApplicationServices.framework/Versions/A/ApplicationServices
0x00000000385fa000 	/usr/lib/libz.1.dylib
0x00000000385fa000 	/usr/lib/libSystem.B.dylib
0x00000000385fa000 	/usr/lib/libobjc.A.dylib
0x00000000385fa000 	/System/Library/Frameworks/CoreFoundation.framework/Versions/A/CoreFoundation
0x00000000385fa000 	/System/Library/Frameworks/Foundation.framework/Versions/C/Foundation
0x00000000385fa000 	/System/Library/Frameworks/AppKit.framework/Versions/C/AppKit
0x00000000385fa000 	/System/Library/Frameworks/CoreData.framework/Versions/A/CoreData
0x00000000385fa000 	/System/Library/PrivateFrameworks/RemoteViewServices.framework/Versions/A/RemoteViewServices
0x00000000385fa000 	/System/Library/PrivateFrameworks/UIFoundation.framework/Versions/A/UIFoundation
0x00000000385fa000 	/System/Library/PrivateFrameworks/DFRFoundation.framework/Versions/A/DFRFoundation
0x00000000385fa000 	/usr/lib/libenergytrace.dylib
0x00000000385fa000 	/System/Library/PrivateFrameworks/SkyLight.framework/Versions/A/SkyLight
0x00000000385fa000 	/System/Library/Frameworks/CoreGraphics.framework/Versions/A/CoreGraphics
0x00000000385fa000 	/usr/lib/libScreenReader.dylib
0x00000000385fa000 	/System/Library/Frameworks/Accelerate.framework/Versions/A/Accelerate
0x00000000385fa000 	/System/Library/Frameworks/IOSurface.framework/Versions/A/IOSurface
0x00000000385fa000 	/System/Library/Frameworks/AudioToolbox.framework/Versions/A/AudioToolbox
0x00000000385fa000 	/System/Library/Frameworks/AudioUnit.framework/Versions/A/AudioUnit
0x00000000385fa000 	/System/Library/PrivateFrameworks/DataDetectorsCore.framework/Versions/A/DataDetectorsCore
0x00000000385fa000 	/System/Library/PrivateFrameworks/DesktopServicesPriv.framework/Versions/A/DesktopServicesPriv
0x00000000385fa000 	/System/Library/Frameworks/Carbon.framework/Versions/A/Frameworks/HIToolbox.framework/Versions/A/HIToolbox
0x00000000385fa000 	/usr/lib/libicucore.A.dylib
0x00000000385fa000 	/System/Library/Frameworks/QuartzCore.framework/Versions/A/QuartzCore
0x00000000385fa000 	/System/Library/Frameworks/Carbon.framework/Versions/A/Frameworks/SpeechRecognition.framework/Versions/A/SpeechRecognition
0x00000000385fa000 	/usr/lib/libauto.dylib
0x00000000385fa000 	/usr/lib/libxml2.2.dylib
0x00000000385fa000 	/System/Library/PrivateFrameworks/CoreUI.framework/Versions/A/CoreUI
0x00000000385fa000 	/System/Library/Frameworks/CoreAudio.framework/Versions/A/CoreAudio
0x00000000385fa000 	/System/Library/Frameworks/DiskArbitration.framework/Versions/A/DiskArbitration
0x00000000385fa000 	/usr/lib/liblangid.dylib
0x00000000385fa000 	/System/Library/PrivateFrameworks/MultitouchSupport.framework/Versions/A/MultitouchSupport
0x00000000385fa000 	/System/Library/Frameworks/IOKit.framework/Versions/A/IOKit
0x00000000385fa000 	/usr/lib/libDiagnosticMessagesClient.dylib
0x00000000385fa000 	/System/Library/Frameworks/CoreServices.framework/Versions/A/CoreServices
0x00000000385fa000 	/System/Library/PrivateFrameworks/PerformanceAnalysis.framework/Versions/A/PerformanceAnalysis
0x00000000385fa000 	/System/Library/PrivateFrameworks/GenerationalStorage.framework/Versions/A/GenerationalStorage
0x00000000385fa000 	/System/Library/Frameworks/OpenGL.framework/Versions/A/OpenGL
0x00000000385fa000 	/System/Library/Frameworks/CoreImage.framework/Versions/A/CoreImage
0x00000000385fa000 	/System/Library/Frameworks/CoreText.framework/Versions/A/CoreText
0x00000000385fa000 	/System/Library/Frameworks/ImageIO.framework/Versions/A/ImageIO
0x00000000385fa000 	/System/Library/PrivateFrameworks/Backup.framework/Versions/A/Backup
0x00000000385fa000 	/usr/lib/libarchive.2.dylib
0x00000000385fa000 	/System/Library/Frameworks/CFNetwork.framework/Versions/A/CFNetwork
0x00000000385fa000 	/System/Library/Frameworks/SystemConfiguration.framework/Versions/A/SystemConfiguration
0x00000000385fa000 	/usr/lib/libCRFSuite.dylib
0x00000000385fa000 	/usr/lib/libc++.1.dylib
0x00000000385fa000 	/usr/lib/libc++abi.dylib
0x00000000385fa000 	/usr/lib/system/libcache.dylib
0x00000000385fa000 	/usr/lib/system/libcommonCrypto.dylib
0x00000000385fa000 	/usr/lib/system/libcompiler_rt.dylib
0x00000000385fa000 	/usr/lib/system/libcopyfile.dylib
0x00000000385fa000 	/usr/lib/system/libcorecrypto.dylib
0x00000000385fa000 	/usr/lib/system/libdispatch.dylib
0x00000000385fa000 	/usr/lib/system/libdyld.dylib
0x00000000385fa000 	/usr/lib/system/libkeymgr.dylib
0x00000000385fa000 	/usr/lib/system/liblaunch.dylib
0x00000000385fa000 	/usr/lib/system/libmacho.dylib
0x00000000385fa000 	/usr/lib/system/libquarantine.dylib
0x00000000385fa000 	/usr/lib/system/libremovefile.dylib
0x00000000385fa000 	/usr/lib/system/libsystem_asl.dylib
0x00000000385fa000 	/usr/lib/system/libsystem_blocks.dylib
0x00000000385fa000 	/usr/lib/system/libsystem_c.dylib
0x00000000385fa000 	/usr/lib/system/libsystem_configuration.dylib
0x00000000385fa000 	/usr/lib/system/libsystem_coreservices.dylib
0x00000000385fa000 	/usr/lib/system/libsystem_coretls.dylib
0x00000000385fa000 	/usr/lib/system/libsystem_dnssd.dylib
0x00000000385fa000 	/usr/lib/system/libsystem_info.dylib
0x00000000385fa000 	/usr/lib/system/libsystem_kernel.dylib
0x00000000385fa000 	/usr/lib/system/libsystem_m.dylib
0x00000000385fa000 	/usr/lib/system/libsystem_malloc.dylib
0x00000000385fa000 	/usr/lib/system/libsystem_network.dylib
0x00000000385fa000 	/usr/lib/system/libsystem_networkextension.dylib
0x00000000385fa000 	/usr/lib/system/libsystem_notify.dylib
0x00000000385fa000 	/usr/lib/system/libsystem_platform.dylib
0x00000000385fa000 	/usr/lib/system/libsystem_pthread.dylib
0x00000000385fa000 	/usr/lib/system/libsystem_sandbox.dylib
0x00000000385fa000 	/usr/lib/system/libsystem_secinit.dylib
0x00000000385fa000 	/usr/lib/system/libsystem_symptoms.dylib
0x00000000385fa000 	/usr/lib/system/libsystem_trace.dylib
0x00000000385fa000 	/usr/lib/system/libunwind.dylib
0x00000000385fa000 	/usr/lib/system/libxpc.dylib
0x00000000385fa000 	/usr/lib/libbsm.0.dylib
0x00000000385fa000 	/usr/lib/system/libkxld.dylib
0x00000000385fa000 	/usr/lib/libcoretls.dylib
0x00000000385fa000 	/usr/lib/libcoretls_cfhelpers.dylib
0x00000000385fa000 	/usr/lib/libOpenScriptingUtil.dylib
0x00000000385fa000 	/usr/lib/libpam.2.dylib
0x00000000385fa000 	/usr/lib/libsqlite3.dylib
0x00000000385fa000 	/usr/lib/libxar.1.dylib
0x00000000385fa000 	/usr/lib/libbz2.1.0.dylib
0x00000000385fa000 	/usr/lib/liblzma.5.dylib
0x00000000385fa000 	/usr/lib/libnetwork.dylib
0x00000000385fa000 	/usr/lib/libpcap.A.dylib
0x00000000385fa000 	/System/Library/Frameworks/CoreServices.framework/Versions/A/Frameworks/FSEvents.framework/Versions/A/FSEvents
0x00000000385fa000 	/System/Library/Frameworks/CoreServices.framework/Versions/A/Frameworks/CarbonCore.framework/Versions/A/CarbonCore
0x00000000385fa000 	/System/Library/Frameworks/CoreServices.framework/Versions/A/Frameworks/Metadata.framework/Versions/A/Metadata
0x00000000385fa000 	/System/Library/Frameworks/CoreServices.framework/Versions/A/Frameworks/OSServices.framework/Versions/A/OSServices
0x00000000385fa000 	/System/Library/Frameworks/CoreServices.framework/Versions/A/Frameworks/SearchKit.framework/Versions/A/SearchKit
0x00000000385fa000 	/System/Library/Frameworks/CoreServices.framework/Versions/A/Frameworks/AE.framework/Versions/A/AE
0x00000000385fa000 	/System/Library/Frameworks/CoreServices.framework/Versions/A/Frameworks/LaunchServices.framework/Versions/A/LaunchServices
0x00000000385fa000 	/System/Library/Frameworks/CoreServices.framework/Versions/A/Frameworks/DictionaryServices.framework/Versions/A/DictionaryServices
0x00000000385fa000 	/System/Library/Frameworks/CoreServices.framework/Versions/A/Frameworks/SharedFileList.framework/Versions/A/SharedFileList
0x00000000385fa000 	/System/Library/Frameworks/NetFS.framework/Versions/A/NetFS
0x00000000385fa000 	/System/Library/PrivateFrameworks/NetAuth.framework/Versions/A/NetAuth
0x00000000385fa000 	/System/Library/PrivateFrameworks/login.framework/Versions/A/Frameworks/loginsupport.framework/Versions/A/loginsupport
0x00000000385fa000 	/System/Library/PrivateFrameworks/TCC.framework/Versions/A/TCC
0x00000000385fa000 	/usr/lib/libmecabra.dylib
0x00000000385fa000 	/System/Library/Frameworks/ApplicationServices.framework/Versions/A/Frameworks/ATS.framework/Versions/A/ATS
0x00000000385fa000 	/System/Library/Frameworks/ApplicationServices.framework/Versions/A/Frameworks/ColorSync.framework/Versions/A/ColorSync
0x00000000385fa000 	/System/Library/Frameworks/ApplicationServices.framework/Versions/A/Frameworks/HIServices.framework/Versions/A/HIServices
0x00000000385fa000 	/System/Library/Frameworks/ApplicationServices.framework/Versions/A/Frameworks/LangAnalysis.framework/Versions/A/LangAnalysis
0x00000000385fa000 	/System/Library/Frameworks/ApplicationServices.framework/Versions/A/Frameworks/PrintCore.framework/Versions/A/PrintCore
0x00000000385fa000 	/System/Library/Frameworks/ApplicationServices.framework/Versions/A/Frameworks/QD.framework/Versions/A/QD
0x00000000385fa000 	/System/Library/Frameworks/ApplicationServices.framework/Versions/A/Frameworks/SpeechSynthesis.framework/Versions/A/SpeechSynthesis
0x00000000385fa000 	/System/Library/Frameworks/Accelerate.framework/Versions/A/Frameworks/vImage.framework/Versions/A/vImage
0x00000000385fa000 	/System/Library/Frameworks/Accelerate.framework/Versions/A/Frameworks/vecLib.framework/Versions/A/vecLib
0x00000000385fa000 	/System/Library/Frameworks/Accelerate.framework/Versions/A/Frameworks/vecLib.framework/Versions/A/libvDSP.dylib
0x00000000385fa000 	/System/Library/Frameworks/Accelerate.framework/Versions/A/Frameworks/vecLib.framework/Versions/A/libBNNS.dylib
0x00000000385fa000 	/System/Library/Frameworks/Accelerate.framework/Versions/A/Frameworks/vecLib.framework/Versions/A/libQuadrature.dylib
0x00000000385fa000 	/System/Library/Frameworks/Accelerate.framework/Versions/A/Frameworks/vecLib.framework/Versions/A/libvMisc.dylib
0x00000000385fa000 	/System/Library/Frameworks/Accelerate.framework/Versions/A/Frameworks/vecLib.framework/Versions/A/libLAPACK.dylib
0x00000000385fa000 	/System/Library/Frameworks/Accelerate.framework/Versions/A/Frameworks/vecLib.framework/Versions/A/libBLAS.dylib
0x00000000385fa000 	/System/Library/Frameworks/Accelerate.framework/Versions/A/Frameworks/vecLib.framework/Versions/A/libLinearAlgebra.dylib
0x00000000385fa000 	/System/Library/Frameworks/Accelerate.framework/Versions/A/Frameworks/vecLib.framework/Versions/A/libSparseBLAS.dylib
0x00000000385fa000 	/System/Library/Frameworks/ApplicationServices.framework/Versions/A/Frameworks/ATS.framework/Versions/A/Resources/libFontParser.dylib
0x00000000385fa000 	/System/Library/Frameworks/ApplicationServices.framework/Versions/A/Frameworks/ATS.framework/Versions/A/Resources/libFontRegistry.dylib
0x00000000385fa000 	/System/Library/Frameworks/ImageIO.framework/Versions/A/Resources/libJPEG.dylib
0x00000000385fa000 	/System/Library/Frameworks/ImageIO.framework/Versions/A/Resources/libTIFF.dylib
0x00000000385fa000 	/System/Library/Frameworks/ImageIO.framework/Versions/A/Resources/libPng.dylib
0x00000000385fa000 	/System/Library/Frameworks/ImageIO.framework/Versions/A/Resources/libGIF.dylib
0x00000000385fa000 	/System/Library/Frameworks/ImageIO.framework/Versions/A/Resources/libJP2.dylib
0x00000000385fa000 	/System/Library/Frameworks/ImageIO.framework/Versions/A/Resources/libRadiance.dylib
0x00000000385fa000 	/usr/lib/libcompression.dylib
0x00000000385fa000 	/System/Library/PrivateFrameworks/AppleJPEG.framework/Versions/A/AppleJPEG
0x00000000385fa000 	/usr/lib/libcups.2.dylib
0x00000000385fa000 	/System/Library/Frameworks/Kerberos.framework/Versions/A/Kerberos
0x00000000385fa000 	/System/Library/Frameworks/GSS.framework/Versions/A/GSS
0x00000000385fa000 	/usr/lib/libresolv.9.dylib
0x00000000385fa000 	/usr/lib/libiconv.2.dylib
0x00000000385fa000 	/System/Library/PrivateFrameworks/Heimdal.framework/Versions/A/Heimdal
0x00000000385fa000 	/usr/lib/libheimdal-asn1.dylib
0x00000000385fa000 	/System/Library/Frameworks/OpenDirectory.framework/Versions/A/OpenDirectory
0x00000000385fa000 	/System/Library/PrivateFrameworks/CommonAuth.framework/Versions/A/CommonAuth
0x00000000385fa000 	/System/Library/Frameworks/OpenDirectory.framework/Versions/A/Frameworks/CFOpenDirectory.framework/Versions/A/CFOpenDirectory
0x00000000385fa000 	/System/Library/Frameworks/SecurityFoundation.framework/Versions/A/SecurityFoundation
0x00000000385fa000 	/System/Library/PrivateFrameworks/LanguageModeling.framework/Versions/A/LanguageModeling
0x00000000385fa000 	/usr/lib/libmarisa.dylib
0x00000000385fa000 	/usr/lib/libChineseTokenizer.dylib
0x00000000385fa000 	/usr/lib/libcmph.dylib
0x00000000385fa000 	/System/Library/PrivateFrameworks/CoreEmoji.framework/Versions/A/CoreEmoji
0x00000000385fa000 	/System/Library/Frameworks/ServiceManagement.framework/Versions/A/ServiceManagement
0x00000000385fa000 	/usr/lib/libxslt.1.dylib
0x00000000385fa000 	/System/Library/Frameworks/Carbon.framework/Versions/A/Frameworks/Ink.framework/Versions/A/Ink
0x00000000385fa000 	/System/Library/PrivateFrameworks/TextureIO.framework/Versions/A/TextureIO
0x00000000385fa000 	/System/Library/Frameworks/Metal.framework/Versions/A/Metal
0x00000000385fa000 	/usr/lib/libate.dylib
0x00000000385fa000 	/System/Library/PrivateFrameworks/GPUCompiler.framework/libmetal_timestamp.dylib
0x00000000385fa000 	/System/Library/Frameworks/OpenGL.framework/Versions/A/Libraries/libCoreFSCache.dylib
0x00000000385fa000 	/System/Library/PrivateFrameworks/IOAccelerator.framework/Versions/A/IOAccelerator
0x00000000385fa000 	/System/Library/Frameworks/CoreVideo.framework/Versions/A/CoreVideo
0x00000000385fa000 	/usr/lib/libFosl_dynamic.dylib
0x00000000385fa000 	/System/Library/PrivateFrameworks/MetalPerformanceShaders.framework/Versions/A/MetalPerformanceShaders
0x00000000385fa000 	/System/Library/PrivateFrameworks/FaceCore.framework/Versions/A/FaceCore
0x00000000385fa000 	/System/Library/Frameworks/OpenCL.framework/Versions/A/OpenCL
0x00000000385fa000 	/System/Library/Frameworks/OpenGL.framework/Versions/A/Libraries/libGLU.dylib
0x00000000385fa000 	/System/Library/Frameworks/OpenGL.framework/Versions/A/Libraries/libGFXShared.dylib
0x00000000385fa000 	/System/Library/Frameworks/OpenGL.framework/Versions/A/Libraries/libGL.dylib
0x00000000385fa000 	/System/Library/Frameworks/OpenGL.framework/Versions/A/Libraries/libGLImage.dylib
0x00000000385fa000 	/System/Library/Frameworks/OpenGL.framework/Versions/A/Libraries/libCVMSPluginSupport.dylib
0x00000000385fa000 	/System/Library/Frameworks/OpenGL.framework/Versions/A/Libraries/libCoreVMClient.dylib
0x00000000385fa000 	/System/Library/PrivateFrameworks/CrashReporterSupport.framework/Versions/A/CrashReporterSupport
0x00000000385fa000 	/System/Library/PrivateFrameworks/Sharing.framework/Versions/A/Sharing
0x00000000385fa000 	/System/Library/PrivateFrameworks/IconServices.framework/Versions/A/IconServices
0x00000000385fa000 	/System/Library/PrivateFrameworks/ProtocolBuffer.framework/Versions/A/ProtocolBuffer
0x00000000385fa000 	/System/Library/PrivateFrameworks/Apple80211.framework/Versions/A/Apple80211
0x00000000385fa000 	/System/Library/Frameworks/CoreWLAN.framework/Versions/A/CoreWLAN
0x00000000385fa000 	/System/Library/PrivateFrameworks/CoreUtils.framework/Versions/A/CoreUtils
0x00000000385fa000 	/System/Library/Frameworks/IOBluetooth.framework/Versions/A/IOBluetooth
0x00000000385fa000 	/System/Library/PrivateFrameworks/CoreWiFi.framework/Versions/A/CoreWiFi
0x00000000385fa000 	/System/Library/Frameworks/CoreBluetooth.framework/Versions/A/CoreBluetooth
0x00000000385fa000 	/System/Library/Frameworks/CoreDisplay.framework/Versions/A/CoreDisplay
0x00000000385fa000 	/System/Library/PrivateFrameworks/IOPresentment.framework/Versions/A/IOPresentment
0x00000000385fa000 	/System/Library/PrivateFrameworks/DSExternalDisplay.framework/Versions/A/DSExternalDisplay
0x00000000385fa000 	/System/Library/PrivateFrameworks/DebugSymbols.framework/Versions/A/DebugSymbols
0x00000000385fa000 	/System/Library/PrivateFrameworks/CoreSymbolication.framework/Versions/A/CoreSymbolication
0x00000000385fa000 	/System/Library/PrivateFrameworks/Symbolication.framework/Versions/A/Symbolication
0x00000000385fa000 	/System/Library/PrivateFrameworks/AppleFSCompression.framework/Versions/A/AppleFSCompression
0x00000000385fa000 	/System/Library/PrivateFrameworks/SpeechRecognitionCore.framework/Versions/A/SpeechRecognitionCore
0x00000000385fa000 	/System/Library/PrivateFrameworks/ChunkingLibrary.framework/Versions/A/ChunkingLibrary
0x0000000107e00000 	/Library/Java/JavaVirtualMachines/jdk1.8.0_131.jdk/Contents/Home/jre/lib/server/libjvm.dylib
0x00000000385fa000 	/usr/lib/libstdc++.6.dylib
0x000000010753e000 	/Library/Java/JavaVirtualMachines/jdk1.8.0_131.jdk/Contents/Home/jre/lib/libverify.dylib
0x000000010754c000 	/Library/Java/JavaVirtualMachines/jdk1.8.0_131.jdk/Contents/Home/jre/lib/libjava.dylib
0x000000010758b000 	/Library/Java/JavaVirtualMachines/jdk1.8.0_131.jdk/Contents/Home/jre/lib/libzip.dylib
0x00000001075e5000 	/System/Library/Frameworks/JavaVM.framework/Frameworks/JavaRuntimeSupport.framework/JavaRuntimeSupport
0x000000010f6b6000 	/System/Library/Frameworks/JavaVM.framework/Versions/A/Frameworks/JavaNativeFoundation.framework/Versions/A/JavaNativeFoundation
0x000000010f6cb000 	/System/Library/Frameworks/JavaVM.framework/Versions/A/JavaVM
0x00000000385fa000 	/System/Library/Frameworks/Carbon.framework/Versions/A/Carbon
0x000000010f6d8000 	/System/Library/PrivateFrameworks/JavaLaunching.framework/Versions/A/JavaLaunching
0x00000000385fa000 	/System/Library/Frameworks/Carbon.framework/Versions/A/Frameworks/CommonPanels.framework/Versions/A/CommonPanels
0x00000000385fa000 	/System/Library/Frameworks/Carbon.framework/Versions/A/Frameworks/Help.framework/Versions/A/Help
0x00000000385fa000 	/System/Library/Frameworks/Carbon.framework/Versions/A/Frameworks/ImageCapture.framework/Versions/A/ImageCapture
0x00000000385fa000 	/System/Library/Frameworks/Carbon.framework/Versions/A/Frameworks/OpenScripting.framework/Versions/A/OpenScripting
0x00000000385fa000 	/System/Library/Frameworks/Carbon.framework/Versions/A/Frameworks/Print.framework/Versions/A/Print
0x00000000385fa000 	/System/Library/Frameworks/Carbon.framework/Versions/A/Frameworks/SecurityHI.framework/Versions/A/SecurityHI
0x0000000110fe7000 	/Library/Java/JavaVirtualMachines/jdk1.8.0_131.jdk/Contents/Home/jre/lib/libawt.dylib
0x000000011108f000 	/Library/Java/JavaVirtualMachines/jdk1.8.0_131.jdk/Contents/Home/jre/lib/./libmlib_image.dylib
0x000000011115b000 	/Library/Java/JavaVirtualMachines/jdk1.8.0_131.jdk/Contents/Home/jre/lib/libawt_lwawt.dylib
0x0000000111212000 	/Library/Java/JavaVirtualMachines/jdk1.8.0_131.jdk/Contents/Home/jre/lib/./libosxapp.dylib
0x00000000385fa000 	/System/Library/Frameworks/ExceptionHandling.framework/Versions/A/ExceptionHandling
0x00000000385fa000 	/System/Library/PrivateFrameworks/CoreServicesInternal.framework/Versions/A/CoreServicesInternal
0x00000000385fa000 	/System/Library/CoreServices/RawCamera.bundle/Contents/MacOS/RawCamera
0x00000000385fa000 	/System/Library/Frameworks/Accelerate.framework/Versions/A/Frameworks/vImage.framework/Versions/A/Libraries/libCGInterfaces.dylib
0x00000000385fa000 	/System/Library/Frameworks/ApplicationServices.framework/Versions/A/Frameworks/ATS.framework/Versions/A/Resources/libTrueTypeScaler.dylib
0x00000001220cc000 	/System/Library/Frameworks/OpenGL.framework/Resources/GLEngine.bundle/GLEngine
0x00000000385fa000 	/System/Library/Frameworks/OpenGL.framework/Versions/A/Libraries/libGLProgrammability.dylib
0x00000001222b1000 	/System/Library/Extensions/AppleIntelSKLGraphicsGLDriver.bundle/Contents/MacOS/AppleIntelSKLGraphicsGLDriver
0x00000000385fa000 	/System/Library/PrivateFrameworks/GPUSupport.framework/Versions/A/Libraries/libGPUSupportMercury.dylib
0x0000000123035000 	/System/Library/Frameworks/OpenGL.framework/Resources//GLRendererFloat.bundle/GLRendererFloat
0x00000000385fa000 	/System/Library/Frameworks/OpenCL.framework/Versions/A/Libraries/libcldcpuengine.dylib
0x00000000385fa000 	/usr/lib/libcrypto.0.9.8.dylib
0x00000000385fa000 	/System/Library/PrivateFrameworks/TrustEvaluationAgent.framework/Versions/A/TrustEvaluationAgent
0x0000000123069000 	/System/Library/Extensions/AppleIntelSKLGraphicsMTLDriver.bundle/Contents/MacOS/AppleIntelSKLGraphicsMTLDriver
0x00000000385fa000 	/System/Library/PrivateFrameworks/FamilyControls.framework/Versions/A/FamilyControls
0x00000000385fa000 	/System/Library/PrivateFrameworks/CommerceKit.framework/Versions/A/Frameworks/CommerceCore.framework/Versions/A/CommerceCore
0x00000000385fa000 	/System/Library/PrivateFrameworks/SystemAdministration.framework/Versions/A/SystemAdministration
0x00000000385fa000 	/System/Library/PrivateFrameworks/AppContainer.framework/Versions/A/AppContainer
0x00000000385fa000 	/System/Library/PrivateFrameworks/SecCodeWrapper.framework/Versions/A/SecCodeWrapper
0x00000000385fa000 	/System/Library/Frameworks/DirectoryService.framework/Versions/A/DirectoryService
0x00000000385fa000 	/System/Library/PrivateFrameworks/DiskImages.framework/Versions/A/DiskImages
0x00000000385fa000 	/System/Library/PrivateFrameworks/LoginUIKit.framework/Versions/A/Frameworks/LoginUICore.framework/Versions/A/LoginUICore
0x00000000385fa000 	/usr/lib/libCoreStorage.dylib
0x00000000385fa000 	/usr/lib/libcsfde.dylib
0x00000000385fa000 	/usr/lib/libodfde.dylib
0x00000000385fa000 	/System/Library/Frameworks/DiscRecording.framework/Versions/A/DiscRecording
0x00000000385fa000 	/usr/lib/libcurl.4.dylib
0x00000000385fa000 	/System/Library/PrivateFrameworks/MediaKit.framework/Versions/A/MediaKit
0x00000000385fa000 	/System/Library/PrivateFrameworks/ProtectedCloudStorage.framework/Versions/A/ProtectedCloudStorage
0x00000000385fa000 	/System/Library/PrivateFrameworks/EFILogin.framework/Versions/A/EFILogin
0x00000000385fa000 	/usr/lib/libutil.dylib
0x00000000385fa000 	/System/Library/Frameworks/LDAP.framework/Versions/A/LDAP
0x00000000385fa000 	/usr/lib/libsasl2.2.dylib
0x00000000385fa000 	/System/Library/PrivateFrameworks/CoreDaemon.framework/Versions/B/CoreDaemon
0x00000000385fa000 	/System/Library/PrivateFrameworks/AppleSRP.framework/Versions/A/AppleSRP
0x00000000385fa000 	/System/Library/PrivateFrameworks/APFS.framework/Versions/A/APFS
0x0000000124ecf000 	/Library/Java/JavaVirtualMachines/jdk1.8.0_131.jdk/Contents/Home/jre/lib/libfontmanager.dylib
0x00000000385fa000 	/System/Library/PrivateFrameworks/ViewBridge.framework/Versions/A/ViewBridge
0x00000000385fa000 	/System/Library/PrivateFrameworks/XPCService.framework/Versions/A/XPCService
0x00000000385fa000 	/System/Library/PrivateFrameworks/AppSandbox.framework/Versions/A/AppSandbox
0x00000000385fa000 	/usr/lib/libsandbox.1.dylib
0x00000000385fa000 	/usr/lib/libMatch.1.dylib
0x00000001263f9000 	/Library/Java/JavaVirtualMachines/jdk1.8.0_131.jdk/Contents/Home/jre/lib/libosxui.dylib
0x0000000127190000 	/Library/Java/JavaVirtualMachines/jdk1.8.0_131.jdk/Contents/Home/jre/lib/libnet.dylib
0x0000000126fa5000 	/Library/Java/JavaVirtualMachines/jdk1.8.0_131.jdk/Contents/Home/jre/lib/libnio.dylib
0x0000000125fa0000 	/private/var/folders/lr/vg0t0wxx3tg6yq252w_p67_00000gn/T/jogamp_0000/file_cache/jln6336230297081471928/jln6209125167053561384/libgluegen-rt.jnilib
0x0000000125fa4000 	/private/var/folders/lr/vg0t0wxx3tg6yq252w_p67_00000gn/T/jogamp_0000/file_cache/jln6336230297081471928/jln6209125167053561384/libnativewindow_awt.jnilib
0x000000012600b000 	/Library/Java/JavaVirtualMachines/jdk1.8.0_131.jdk/Contents/Home/jre/lib/libjawt.dylib
0x00000001260e5000 	/private/var/folders/lr/vg0t0wxx3tg6yq252w_p67_00000gn/T/jogamp_0000/file_cache/jln6336230297081471928/jln6209125167053561384/libnativewindow_macosx.jnilib
0x0000000190082000 	/private/var/folders/lr/vg0t0wxx3tg6yq252w_p67_00000gn/T/jogamp_0000/file_cache/jln6336230297081471928/jln6209125167053561384/libjogl_desktop.jnilib
0x0000000199363000 	/Library/Java/JavaVirtualMachines/jdk1.8.0_131.jdk/Contents/Home/jre/lib/libt2k.dylib
0x0000000122092000 	/Library/Java/JavaVirtualMachines/jdk1.8.0_131.jdk/Contents/Home/jre/lib/libjpeg.dylib

VM Arguments:
jvm_args: -Djava.security.policy=java.policy.applet -Dfile.encoding=UTF-8 
java_command: sun.applet.AppletViewer module6.EarthquakeCityMap1500270693134.html
java_class_path (initial): /Users/sravanjr/Documents/College Classes/Eclipse Practice/UCSDUnfoldingMaps/build:/Users/sravanjr/Documents/College Classes/Eclipse Practice/UCSDUnfoldingMaps/lib/core.jar:/Users/sravanjr/Documents/College Classes/Eclipse Practice/UCSDUnfoldingMaps/lib/gluegen-rt.jar:/Users/sravanjr/Documents/College Classes/Eclipse Practice/UCSDUnfoldingMaps/lib/jogl-all.jar:/Users/sravanjr/Documents/College Classes/Eclipse Practice/UCSDUnfoldingMaps/lib/log4j-1.2.15.jar:/Users/sravanjr/Documents/College Classes/Eclipse Practice/UCSDUnfoldingMaps/lib/sqlite-jdbc-3.7.2.jar:/Users/sravanjr/Documents/College Classes/Eclipse Practice/UCSDUnfoldingMaps/lib/json4processing.jar:/Users/sravanjr/Documents/College Classes/Eclipse Practice/UCSDUnfoldingMaps/lib/libTUIO.jar:/Users/sravanjr/Documents/College Classes/Eclipse Practice/UCSDUnfoldingMaps/lib/unfolding.0.9.7-uscd.jar
Launcher Type: SUN_STANDARD

Environment Variables:
PATH=/usr/bin:/bin:/usr/sbin:/sbin
SHELL=/bin/bash

Signal Handlers:
SIGSEGV: [libjvm.dylib+0x5b1eb1], sa_mask[0]=11111111011111110111111111111111, sa_flags=SA_ONSTACK|SA_RESTART|SA_SIGINFO
SIGBUS: [libjvm.dylib+0x5b1eb1], sa_mask[0]=11111111011111110111111111111111, sa_flags=SA_RESTART|SA_SIGINFO
SIGFPE: [libjvm.dylib+0x488988], sa_mask[0]=11111111011111110111111111111111, sa_flags=SA_RESTART|SA_SIGINFO
SIGPIPE: [libjvm.dylib+0x488988], sa_mask[0]=11111111011111110111111111111111, sa_flags=SA_RESTART|SA_SIGINFO
SIGXFSZ: [libjvm.dylib+0x488988], sa_mask[0]=11111111011111110111111111111111, sa_flags=SA_RESTART|SA_SIGINFO
SIGILL: [libjvm.dylib+0x488988], sa_mask[0]=11111111011111110111111111111111, sa_flags=SA_RESTART|SA_SIGINFO
SIGUSR1: SIG_DFL, sa_mask[0]=00000000000000000000000000000000, sa_flags=none
SIGUSR2: [libjvm.dylib+0x4884a6], sa_mask[0]=00100000000000000000000000000000, sa_flags=SA_RESTART|SA_SIGINFO
SIGHUP: [libjvm.dylib+0x486a7d], sa_mask[0]=11111111011111110111111111111111, sa_flags=SA_RESTART|SA_SIGINFO
SIGINT: [libjvm.dylib+0x486a7d], sa_mask[0]=11111111011111110111111111111111, sa_flags=SA_RESTART|SA_SIGINFO
SIGTERM: [libjvm.dylib+0x486a7d], sa_mask[0]=11111111011111110111111111111111, sa_flags=SA_RESTART|SA_SIGINFO
SIGQUIT: [libjvm.dylib+0x486a7d], sa_mask[0]=11111111011111110111111111111111, sa_flags=SA_RESTART|SA_SIGINFO


---------------  S Y S T E M  ---------------

OS:Bsduname:Darwin 16.6.0 Darwin Kernel Version 16.6.0: Fri Apr 14 16:21:16 PDT 2017; root:xnu-3789.60.24~6/RELEASE_X86_64 x86_64
rlimit: STACK 8192k, CORE 0k, NPROC 709, NOFILE 10240, AS infinity
load average:2.17 1.81 1.71

CPU:total 4 (initial active 4) (2 cores per cpu, 2 threads per core) family 6 model 78 stepping 3, cmov, cx8, fxsr, mmx, sse, sse2, sse3, ssse3, sse4.1, sse4.2, popcnt, avx, avx2, aes, clmul, erms, rtm, 3dnowpref, lzcnt, ht, tsc, tscinvbit, bmi1, bmi2, adx

Memory: 4k page, physical 8388608k(27180k free)

/proc/meminfo:


vm_info: Java HotSpot(TM) 64-Bit Server VM (25.131-b11) for bsd-amd64 JRE (1.8.0_131-b11), built on Mar 15 2017 01:32:22 by "java_re" with gcc 4.2.1 (Based on Apple Inc. build 5658) (LLVM build 2336.11.00)

time: Sun Jul 16 22:53:36 2017
elapsed time: 123 seconds (0d 0h 2m 3s)

