#
# A fatal error has been detected by the Java Runtime Environment:
#
#  SIGSEGV (0xb) at pc=0x00007fffc287e069, pid=1906, tid=0x0000000000000307
#
# JRE version: Java(TM) SE Runtime Environment (8.0_131-b11) (build 1.8.0_131-b11)
# Java VM: Java HotSpot(TM) 64-Bit Server VM (25.131-b11 mixed mode bsd-amd64 compressed oops)
# Problematic frame:
# C  [libobjc.A.dylib+0x7069]  objc_msgSend+0x29
#
# Failed to write core dump. Core dumps have been disabled. To enable core dumping, try "ulimit -c unlimited" before starting Java again
#
# If you would like to submit a bug report, please visit:
#   http://bugreport.java.com/bugreport/crash.jsp
# The crash happened outside the Java Virtual Machine in native code.
# See problematic frame for where to report the bug.
#

---------------  T H R E A D  ---------------

Current thread (0x00007fc2b3013000):  JavaThread "AWT-AppKit" daemon [_thread_in_native, id=775, stack(0x00007fff50128000,0x00007fff50928000)]

siginfo: si_signo: 11 (SIGSEGV), si_code: 0 (unknown), si_addr: 0x0000000000000000

Registers:
RAX=0x00007fc2b755a190, RBX=0x000000012deca450, RCX=0x00007fc2b4101220, RDX=0x0000000000000000
RSP=0x00007fff50923298, RBP=0x00007fff50923350, RSI=0x00007fffac118116, RDI=0x00007fc2b7053f00
R8 =0x0000000000000018, R9 =0x00007fc2b4101240, R10=0x0000000116955400, R11=0x04c74812e56c9988
R12=0x0000000000000000, R13=0x000000019e39d708, R14=0x000000012deca440, R15=0x00007fc2b3013000
RIP=0x00007fffc287e069, EFLAGS=0x0000000000010206, ERR=0x0000000000000000
  TRAPNO=0x000000000000000d

Top of Stack: (sp=0x00007fff50923298)
0x00007fff50923298:   000000012dec8157 00007fff509232f0
0x00007fff509232a8:   0000000000000003 00007fff509232d0
0x00007fff509232b8:   000000010fdf36d2 000000019e39d708
0x00007fff509232c8:   000000019e39d708 00007fc2b755a190
0x00007fff509232d8:   000000012deca6a0 000000012deca710
0x00007fff509232e8:   00007fffc88e26d0 00007fffc95121e0
0x00007fff509232f8:   000000012deca450 000000012deca690
0x00007fff50923308:   00007fc2b755a190 00007fc2b7053f00
0x00007fff50923318:   00007fc2b1c39d70 00007fc2b755a190
0x00007fff50923328:   00007fc2b7053f00 00007fff509233d8
0x00007fff50923338:   00007fc2b30131f8 000000019e39d708
0x00007fff50923348:   00007fff50923400 00007fff509233c8
0x00007fff50923358:   00000001161df9f4 000000019e39d708
0x00007fff50923368:   00007fff50923400 00007fff509233c8
0x00007fff50923378:   00000001161df787 00000001161df742
0x00007fff50923388:   00007fff50923388 000000019e39d708
0x00007fff50923398:   00007fff50923400 000000019e39eeb8
0x00007fff509233a8:   0000000000000000 000000019e39d708
0x00007fff509233b8:   0000000000000000 00007fff509233e8
0x00007fff509233c8:   00007fff50923448 00000001161d02bd
0x00007fff509233d8:   0000000741084b60 00000001161d9538
0x00007fff509233e8:   00007fc2b755a190 00007fff50923448
0x00007fff509233f8:   00007fc2b7053f00 00000001161dae02
0x00007fff50923408:   00007fff50923408 000000019e39d8d2
0x00007fff50923418:   00007fff50923470 000000019e39eeb8
0x00007fff50923428:   0000000000000000 000000019e39d8e0
0x00007fff50923438:   00007fff509233e8 00007fff50923458
0x00007fff50923448:   00007fff509234b8 00000001161d02bd
0x00007fff50923458:   00007fc2b755a190 0000000740c28c38
0x00007fff50923468:   00007fc2b7053f00 0000000740c28c38
0x00007fff50923478:   00007fff50923478 00000001a4c2e736
0x00007fff50923488:   00007fff509234c8 00000001a4c2e7f0 

Instructions: (pc=0x00007fffc287e069)
0x00007fffc287e049:   01 2e 75 66 49 ba f8 ff ff ff ff 7f 00 00 4c 23
0x00007fffc287e059:   17 49 89 f3 45 23 5a 18 49 c1 e3 04 4d 03 5a 10
0x00007fffc287e069:   49 3b 33 75 04 41 ff 63 08 49 83 3b 01 76 0d 49
0x00007fffc287e079:   83 c3 10 49 3b 33 75 f1 41 ff 63 08 72 64 4d 8b 

Register to memory mapping:

RAX=0x00007fc2b755a190 is an unknown value
RBX=0x000000012deca450: Java_jogamp_nativewindow_macosx_OSXUtil_GetScreenRefreshRate0+0x1cf0 in /private/var/folders/lr/vg0t0wxx3tg6yq252w_p67_00000gn/T/jogamp_0000/file_cache/jln4770968796763532177/jln7746448465645464475/libnativewindow_macosx.jnilib at 0x000000012dec3000
RCX=0x00007fc2b4101220 is an unknown value
RDX=0x0000000000000000 is an unknown value
RSP=0x00007fff50923298 is pointing into the stack for thread: 0x00007fc2b3013000
RBP=0x00007fff50923350 is pointing into the stack for thread: 0x00007fc2b3013000
RSI=0x00007fffac118116: __NSStyleNameIndexTable+0x7fd5e in /System/Library/Frameworks/AppKit.framework/Versions/C/AppKit at 0x00007fffab4ab000
RDI=0x00007fc2b7053f00 is an unknown value
R8 =0x0000000000000018 is an unknown value
R9 =0x00007fc2b4101240 is an unknown value
R10=0x0000000116955400 is at entry_point+256 in (nmethod*)0x0000000116955190
R11=0x04c74812e56c9988 is an unknown value
R12=0x0000000000000000 is an unknown value
R13={method} {0x000000019e39d708} 'UnsetJAWTRootSurfaceLayer0' '(JJ)V' in 'jogamp/nativewindow/jawt/macosx/MacOSXJAWTWindow'
R14=0x000000012deca440: Java_jogamp_nativewindow_macosx_OSXUtil_GetScreenRefreshRate0+0x1ce0 in /private/var/folders/lr/vg0t0wxx3tg6yq252w_p67_00000gn/T/jogamp_0000/file_cache/jln4770968796763532177/jln7746448465645464475/libnativewindow_macosx.jnilib at 0x000000012dec3000
R15=0x00007fc2b3013000 is a thread


Stack: [0x00007fff50128000,0x00007fff50928000],  sp=0x00007fff50923298,  free space=8172k
Native frames: (J=compiled Java code, j=interpreted, Vv=VM code, C=native code)
C  [libobjc.A.dylib+0x7069]  objc_msgSend+0x29
j  jogamp.nativewindow.jawt.macosx.MacOSXJAWTWindow.UnsetJAWTRootSurfaceLayer0(JJ)V+0
j  jogamp.nativewindow.jawt.macosx.MacOSXJAWTWindow.access$200(JJ)V+2
j  jogamp.nativewindow.jawt.macosx.MacOSXJAWTWindow$1.run()V+38
J 2695 C1 com.jogamp.common.util.RunnableTask.run()V (345 bytes) @ 0x0000000116a778f4 [0x0000000116a77760+0x194]
v  ~StubRoutines::call_stub
V  [libjvm.dylib+0x2ee5b6]
V  [libjvm.dylib+0x325765]
V  [libjvm.dylib+0x317f33]
C  [libnativewindow_macosx.jnilib+0x5326]  Java_jogamp_nativewindow_jawt_macosx_MacOSXJAWTWindow_UnsetJAWTRootSurfaceLayer0+0x2b6
C  [Foundation+0x717ba]  __NSThreadPerformPerform+0x146
C  [CoreFoundation+0xa7321]  __CFRUNLOOP_IS_CALLING_OUT_TO_A_SOURCE0_PERFORM_FUNCTION__+0x11
C  [CoreFoundation+0x8821d]  __CFRunLoopDoSources0+0x22d
C  [CoreFoundation+0x87716]  __CFRunLoopRun+0x3a6
C  [CoreFoundation+0x87114]  CFRunLoopRunSpecific+0x1a4
C  [HIToolbox+0x30ebc]  RunCurrentEventLoopInMode+0xf0
C  [HIToolbox+0x30bf9]  ReceiveNextEventCommon+0xb8
C  [HIToolbox+0x30b26]  _BlockUntilNextEventMatchingListInModeWithFilter+0x47
C  [AppKit+0x46a54]  _DPSNextEvent+0x460
C  [AppKit+0x7c27ee]  -[NSApplication(NSEvent) _nextEventMatchingEventMask:untilDate:inMode:dequeue:]+0xaec
C  [libosxapp.dylib+0x23aa]  -[NSApplicationAWT nextEventMatchingMask:untilDate:inMode:dequeue:]+0x7c
C  [AppKit+0x3b3db]  -[NSApplication run]+0x39e
C  [libosxapp.dylib+0x214d]  +[NSApplicationAWT runAWTLoopWithApp:]+0x9c
C  [libawt_lwawt.dylib+0x45edf]  -[AWTStarter starter:]+0x389
C  [Foundation+0x717ba]  __NSThreadPerformPerform+0x146
C  [CoreFoundation+0xa7321]  __CFRUNLOOP_IS_CALLING_OUT_TO_A_SOURCE0_PERFORM_FUNCTION__+0x11
C  [CoreFoundation+0x8821d]  __CFRunLoopDoSources0+0x22d
C  [CoreFoundation+0x87716]  __CFRunLoopRun+0x3a6
C  [CoreFoundation+0x87114]  CFRunLoopRunSpecific+0x1a4
C  [java+0x6465]  CreateExecutionEnvironment+0x367
C  [java+0x218c]  JLI_Launch+0x7a0
C  [java+0x84c2]  main+0x65
C  [java+0x19e4]  start+0x34
C  0x0000000000000007

Java frames: (J=compiled Java code, j=interpreted, Vv=VM code)
j  jogamp.nativewindow.jawt.macosx.MacOSXJAWTWindow.UnsetJAWTRootSurfaceLayer0(JJ)V+0
j  jogamp.nativewindow.jawt.macosx.MacOSXJAWTWindow.access$200(JJ)V+2
j  jogamp.nativewindow.jawt.macosx.MacOSXJAWTWindow$1.run()V+38
J 2695 C1 com.jogamp.common.util.RunnableTask.run()V (345 bytes) @ 0x0000000116a778f4 [0x0000000116a77760+0x194]
v  ~StubRoutines::call_stub

---------------  P R O C E S S  ---------------

Java Threads: ( => current thread )
  0x00007fc2b8115000 JavaThread "Thread-19" [_thread_blocked, id=68619, stack(0x000070000ed3d000,0x000070000ee3d000)]
  0x00007fc2b2193800 JavaThread "AWT-EventQueue-1" [_thread_in_native, id=66331, stack(0x000070000eb34000,0x000070000ec34000)]
  0x00007fc2b2244800 JavaThread "DestroyJavaVM" [_thread_blocked, id=7171, stack(0x000070000d4ec000,0x000070000d5ec000)]
  0x00007fc2b3144000 JavaThread "AWT-EventQueue-0" [_thread_blocked, id=60163, stack(0x000070000e92e000,0x000070000ea2e000)]
  0x00007fc2b3158000 JavaThread "Java2D Disposer" daemon [_thread_blocked, id=56847, stack(0x000070000e6a5000,0x000070000e7a5000)]
  0x00007fc2b217d000 JavaThread "Java2D Queue Flusher" daemon [_thread_blocked, id=54791, stack(0x000070000e5a2000,0x000070000e6a2000)]
  0x00007fc2b20bf000 JavaThread "AWT-Shutdown" [_thread_blocked, id=29471, stack(0x000070000e399000,0x000070000e499000)]
=>0x00007fc2b3013000 JavaThread "AWT-AppKit" daemon [_thread_in_native, id=775, stack(0x00007fff50128000,0x00007fff50928000)]
  0x00007fc2b280b000 JavaThread "Service Thread" daemon [_thread_blocked, id=18691, stack(0x000070000e110000,0x000070000e210000)]
  0x00007fc2b202e000 JavaThread "C1 CompilerThread2" daemon [_thread_blocked, id=18179, stack(0x000070000e00d000,0x000070000e10d000)]
  0x00007fc2b3044000 JavaThread "C2 CompilerThread1" daemon [_thread_blocked, id=17667, stack(0x000070000df0a000,0x000070000e00a000)]
  0x00007fc2b203c000 JavaThread "C2 CompilerThread0" daemon [_thread_blocked, id=17155, stack(0x000070000de07000,0x000070000df07000)]
  0x00007fc2b3802800 JavaThread "Signal Dispatcher" daemon [_thread_blocked, id=16643, stack(0x000070000dd04000,0x000070000de04000)]
  0x00007fc2b280a000 JavaThread "Finalizer" daemon [_thread_blocked, id=12547, stack(0x000070000dc01000,0x000070000dd01000)]
  0x00007fc2b303c000 JavaThread "Reference Handler" daemon [_thread_blocked, id=12035, stack(0x000070000dafe000,0x000070000dbfe000)]

Other Threads:
  0x00007fc2b3037800 VMThread [stack: 0x000070000d9fb000,0x000070000dafb000] [id=11523]
  0x00007fc2b307c800 WatcherThread [stack: 0x000070000e213000,0x000070000e313000] [id=19203]

VM state:not at safepoint (normal execution)

VM Mutex/Monitor currently owned by a thread: None

Heap:
 PSYoungGen      total 67072K, used 31691K [0x0000000795580000, 0x000000079a580000, 0x00000007c0000000)
  eden space 54272K, 57% used [0x0000000795580000,0x00000007973f0e60,0x0000000798a80000)
  from space 12800K, 4% used [0x0000000799900000,0x0000000799982030,0x000000079a580000)
  to   space 13824K, 0% used [0x0000000798a80000,0x0000000798a80000,0x0000000799800000)
 ParOldGen       total 78336K, used 17317K [0x0000000740000000, 0x0000000744c80000, 0x0000000795580000)
  object space 78336K, 22% used [0x0000000740000000,0x00000007410e9590,0x0000000744c80000)
 Metaspace       used 21763K, capacity 22105K, committed 22272K, reserved 1069056K
  class space    used 2136K, capacity 2247K, committed 2304K, reserved 1048576K

Card table byte_map: [0x0000000110f63000,0x0000000111364000] byte_map_base: 0x000000010d563000

Marking Bits: (ParMarkBitMap*) 0x00000001104f1ea0
 Begin Bits: [0x000000011160f000, 0x000000011360f000)
 End Bits:   [0x000000011360f000, 0x000000011560f000)

Polling page: 0x000000010f398000

CodeCache: size=245760Kb used=10353Kb max_used=10936Kb free=235406Kb
 bounds [0x00000001161c8000, 0x0000000116ca8000, 0x00000001251c8000]
 total_blobs=3820 nmethods=2909 adapters=824
 compilation: enabled

Compilation events (10 events):
Event: 45.641 Thread 0x00007fc2b202e000 3425       3       sun.java2d.SunGraphics2D::setColor (108 bytes)
Event: 45.643 Thread 0x00007fc2b3044000 nmethod 3424 0x000000011652dd90 code [0x000000011652dee0, 0x000000011652df98]
Event: 45.643 Thread 0x00007fc2b202e000 nmethod 3425 0x00000001168b0790 code [0x00000001168b0920, 0x00000001168b0e58]
Event: 45.643 Thread 0x00007fc2b202e000 3426       1       sun.java2d.SurfaceData::isValid (5 bytes)
Event: 45.643 Thread 0x00007fc2b202e000 nmethod 3426 0x00000001166f1b10 code [0x00000001166f1c60, 0x00000001166f1d70]
Event: 45.654 Thread 0x00007fc2b202e000 3427       3       java.util.HashSet::<init> (16 bytes)
Event: 45.655 Thread 0x00007fc2b202e000 nmethod 3427 0x000000011662e2d0 code [0x000000011662e460, 0x000000011662e870]
Event: 45.655 Thread 0x00007fc2b203c000 3428       4       java.awt.Component::isDisplayable (13 bytes)
Event: 45.656 Thread 0x00007fc2b203c000 nmethod 3428 0x0000000116873fd0 code [0x0000000116874120, 0x0000000116874198]
Event: 45.673 Thread 0x00007fc2b202e000 3429       3       java.awt.Component::dispatchEvent (6 bytes)

GC Heap History (10 events):
Event: 18.873 GC heap before
{Heap before GC invocations=7 (full 1):
 PSYoungGen      total 38400K, used 33914K [0x0000000795580000, 0x000000079a100000, 0x00000007c0000000)
  eden space 33280K, 100% used [0x0000000795580000,0x0000000797600000,0x0000000797600000)
  from space 5120K, 12% used [0x0000000797600000,0x000000079769e938,0x0000000797b00000)
  to   space 16384K, 0% used [0x0000000799100000,0x0000000799100000,0x000000079a100000)
 ParOldGen       total 78336K, used 17309K [0x0000000740000000, 0x0000000744c80000, 0x0000000795580000)
  object space 78336K, 22% used [0x0000000740000000,0x00000007410e7590,0x0000000744c80000)
 Metaspace       used 21662K, capacity 21977K, committed 22272K, reserved 1069056K
  class space    used 2128K, capacity 2247K, committed 2304K, reserved 1048576K
Event: 18.875 GC heap after
Heap after GC invocations=7 (full 1):
 PSYoungGen      total 55808K, used 488K [0x0000000795580000, 0x0000000799e00000, 0x00000007c0000000)
  eden space 42496K, 0% used [0x0000000795580000,0x0000000795580000,0x0000000797f00000)
  from space 13312K, 3% used [0x0000000799100000,0x000000079917a030,0x0000000799e00000)
  to   space 15872K, 0% used [0x0000000797f00000,0x0000000797f00000,0x0000000798e80000)
 ParOldGen       total 78336K, used 17317K [0x0000000740000000, 0x0000000744c80000, 0x0000000795580000)
  object space 78336K, 22% used [0x0000000740000000,0x00000007410e9590,0x0000000744c80000)
 Metaspace       used 21662K, capacity 21977K, committed 22272K, reserved 1069056K
  class space    used 2128K, capacity 2247K, committed 2304K, reserved 1048576K
}
Event: 25.791 GC heap before
{Heap before GC invocations=8 (full 1):
 PSYoungGen      total 55808K, used 42984K [0x0000000795580000, 0x0000000799e00000, 0x00000007c0000000)
  eden space 42496K, 100% used [0x0000000795580000,0x0000000797f00000,0x0000000797f00000)
  from space 13312K, 3% used [0x0000000799100000,0x000000079917a030,0x0000000799e00000)
  to   space 15872K, 0% used [0x0000000797f00000,0x0000000797f00000,0x0000000798e80000)
 ParOldGen       total 78336K, used 17317K [0x0000000740000000, 0x0000000744c80000, 0x0000000795580000)
  object space 78336K, 22% used [0x0000000740000000,0x00000007410e9590,0x0000000744c80000)
 Metaspace       used 21662K, capacity 21977K, committed 22272K, reserved 1069056K
  class space    used 2128K, capacity 2247K, committed 2304K, reserved 1048576K
Event: 25.793 GC heap after
Heap after GC invocations=8 (full 1):
 PSYoungGen      total 58368K, used 520K [0x0000000795580000, 0x000000079a680000, 0x00000007c0000000)
  eden space 42496K, 0% used [0x0000000795580000,0x0000000795580000,0x0000000797f00000)
  from space 15872K, 3% used [0x0000000797f00000,0x0000000797f82030,0x0000000798e80000)
  to   space 15360K, 0% used [0x0000000799780000,0x0000000799780000,0x000000079a680000)
 ParOldGen       total 78336K, used 17317K [0x0000000740000000, 0x0000000744c80000, 0x0000000795580000)
  object space 78336K, 22% used [0x0000000740000000,0x00000007410e9590,0x0000000744c80000)
 Metaspace       used 21662K, capacity 21977K, committed 22272K, reserved 1069056K
  class space    used 2128K, capacity 2247K, committed 2304K, reserved 1048576K
}
Event: 32.391 GC heap before
{Heap before GC invocations=9 (full 1):
 PSYoungGen      total 58368K, used 43016K [0x0000000795580000, 0x000000079a680000, 0x00000007c0000000)
  eden space 42496K, 100% used [0x0000000795580000,0x0000000797f00000,0x0000000797f00000)
  from space 15872K, 3% used [0x0000000797f00000,0x0000000797f82030,0x0000000798e80000)
  to   space 15360K, 0% used [0x0000000799780000,0x0000000799780000,0x000000079a680000)
 ParOldGen       total 78336K, used 17317K [0x0000000740000000, 0x0000000744c80000, 0x0000000795580000)
  object space 78336K, 22% used [0x0000000740000000,0x00000007410e9590,0x0000000744c80000)
 Metaspace       used 21673K, capacity 22041K, committed 22272K, reserved 1069056K
  class space    used 2128K, capacity 2247K, committed 2304K, reserved 1048576K
Event: 32.392 GC heap after
Heap after GC invocations=9 (full 1):
 PSYoungGen      total 62464K, used 536K [0x0000000795580000, 0x000000079a380000, 0x00000007c0000000)
  eden space 50176K, 0% used [0x0000000795580000,0x0000000795580000,0x0000000798680000)
  from space 12288K, 4% used [0x0000000799780000,0x0000000799806020,0x000000079a380000)
  to   space 14848K, 0% used [0x0000000798680000,0x0000000798680000,0x0000000799500000)
 ParOldGen       total 78336K, used 17317K [0x0000000740000000, 0x0000000744c80000, 0x0000000795580000)
  object space 78336K, 22% used [0x0000000740000000,0x00000007410e9590,0x0000000744c80000)
 Metaspace       used 21673K, capacity 22041K, committed 22272K, reserved 1069056K
  class space    used 2128K, capacity 2247K, committed 2304K, reserved 1048576K
}
Event: 37.392 GC heap before
{Heap before GC invocations=10 (full 1):
 PSYoungGen      total 62464K, used 50712K [0x0000000795580000, 0x000000079a380000, 0x00000007c0000000)
  eden space 50176K, 100% used [0x0000000795580000,0x0000000798680000,0x0000000798680000)
  from space 12288K, 4% used [0x0000000799780000,0x0000000799806020,0x000000079a380000)
  to   space 14848K, 0% used [0x0000000798680000,0x0000000798680000,0x0000000799500000)
 ParOldGen       total 78336K, used 17317K [0x0000000740000000, 0x0000000744c80000, 0x0000000795580000)
  object space 78336K, 22% used [0x0000000740000000,0x00000007410e9590,0x0000000744c80000)
 Metaspace       used 21718K, capacity 22041K, committed 22272K, reserved 1069056K
  class space    used 2128K, capacity 2247K, committed 2304K, reserved 1048576K
Event: 37.394 GC heap after
Heap after GC invocations=10 (full 1):
 PSYoungGen      total 65024K, used 504K [0x0000000795580000, 0x000000079a700000, 0x00000007c0000000)
  eden space 50176K, 0% used [0x0000000795580000,0x0000000795580000,0x0000000798680000)
  from space 14848K, 3% used [0x0000000798680000,0x00000007986fe020,0x0000000799500000)
  to   space 14336K, 0% used [0x0000000799900000,0x0000000799900000,0x000000079a700000)
 ParOldGen       total 78336K, used 17317K [0x0000000740000000, 0x0000000744c80000, 0x0000000795580000)
  object space 78336K, 22% used [0x0000000740000000,0x00000007410e9590,0x0000000744c80000)
 Metaspace       used 21718K, capacity 22041K, committed 22272K, reserved 1069056K
  class space    used 2128K, capacity 2247K, committed 2304K, reserved 1048576K
}
Event: 42.425 GC heap before
{Heap before GC invocations=11 (full 1):
 PSYoungGen      total 65024K, used 50680K [0x0000000795580000, 0x000000079a700000, 0x00000007c0000000)
  eden space 50176K, 100% used [0x0000000795580000,0x0000000798680000,0x0000000798680000)
  from space 14848K, 3% used [0x0000000798680000,0x00000007986fe020,0x0000000799500000)
  to   space 14336K, 0% used [0x0000000799900000,0x0000000799900000,0x000000079a700000)
 ParOldGen       total 78336K, used 17317K [0x0000000740000000, 0x0000000744c80000, 0x0000000795580000)
  object space 78336K, 22% used [0x0000000740000000,0x00000007410e9590,0x0000000744c80000)
 Metaspace       used 21724K, capacity 22041K, committed 22272K, reserved 1069056K
  class space    used 2128K, capacity 2247K, committed 2304K, reserved 1048576K
Event: 42.427 GC heap after
Heap after GC invocations=11 (full 1):
 PSYoungGen      total 67072K, used 520K [0x0000000795580000, 0x000000079a580000, 0x00000007c0000000)
  eden space 54272K, 0% used [0x0000000795580000,0x0000000795580000,0x0000000798a80000)
  from space 12800K, 4% used [0x0000000799900000,0x0000000799982030,0x000000079a580000)
  to   space 13824K, 0% used [0x0000000798a80000,0x0000000798a80000,0x0000000799800000)
 ParOldGen       total 78336K, used 17317K [0x0000000740000000, 0x0000000744c80000, 0x0000000795580000)
  object space 78336K, 22% used [0x0000000740000000,0x00000007410e9590,0x0000000744c80000)
 Metaspace       used 21724K, capacity 22041K, committed 22272K, reserved 1069056K
  class space    used 2128K, capacity 2247K, committed 2304K, reserved 1048576K
}

Deoptimization events (10 events):
Event: 45.623 Thread 0x00007fc2b2193800 Uncommon trap: reason=class_check action=maybe_recompile pc=0x0000000116c94838 method=java.awt.EventQueue.coalesceEvent(Ljava/awt/AWTEvent;I)Z @ 32
Event: 45.638 Thread 0x00007fc2b2193800 Uncommon trap: reason=unstable_if action=reinterpret pc=0x00000001162fcabc method=java.awt.EventQueue.isDispatchThreadImpl()Z @ 65
Event: 45.639 Thread 0x00007fc2b3144000 Uncommon trap: reason=unstable_if action=reinterpret pc=0x0000000116c940e4 method=java.awt.EventQueue.getPriority(Ljava/awt/AWTEvent;)I @ 71
Event: 45.639 Thread 0x00007fc2b2193800 Uncommon trap: reason=unstable_if action=reinterpret pc=0x0000000116878a08 method=java.awt.EventQueue.uncacheEQItem(Lsun/awt/EventQueueItem;)V @ 23
Event: 45.640 Thread 0x00007fc2b3144000 Uncommon trap: reason=unstable_if action=reinterpret pc=0x000000011679cc94 method=sun.java2d.pipe.Region.intersectsQuickCheck(Lsun/java2d/pipe/Region;)Z @ 41
Event: 45.641 Thread 0x00007fc2b3144000 Uncommon trap: reason=unstable_if action=reinterpret pc=0x00000001169447d4 method=java.awt.Font.equals(Ljava/lang/Object;)Z @ 2
Event: 45.653 Thread 0x00007fc2b3a20800 Uncommon trap: reason=unstable_if action=reinterpret pc=0x000000011693cccc method=java.util.HashMap.putVal(ILjava/lang/Object;Ljava/lang/Object;ZZ)Ljava/lang/Object; @ 81
Event: 45.654 Thread 0x00007fc2b3a20800 Uncommon trap: reason=unstable_if action=reinterpret pc=0x0000000116915814 method=java.util.HashMap.putVal(ILjava/lang/Object;Ljava/lang/Object;ZZ)Ljava/lang/Object; @ 81
Event: 45.671 Thread 0x00007fc2b2193800 Uncommon trap: reason=unstable_if action=reinterpret pc=0x00000001166e85d8 method=java.util.LinkedList$ListItr.<init>(Ljava/util/LinkedList;I)V @ 26
Event: 45.673 Thread 0x00007fc2b2193800 Uncommon trap: reason=unstable_if action=reinterpret pc=0x0000000116956004 method=java.util.LinkedList$ListItr.<init>(Ljava/util/LinkedList;I)V @ 26

Internal exceptions (10 events):
Event: 0.161 Thread 0x00007fc2b3002000 Exception <a 'java/lang/NoSuchFieldError': method resolution failed> (0x0000000795794d60) thrown at [/Users/java_re/workspace/8-2-build-macosx-x86_64/jdk8u131/8869/hotspot/src/share/vm/prims/methodHandles.cpp, line 1146]
Event: 0.326 Thread 0x00007fc2b3002000 Exception <a 'java/io/FileNotFoundException'> (0x0000000795810258) thrown at [/Users/java_re/workspace/8-2-build-macosx-x86_64/jdk8u131/8869/hotspot/src/share/vm/prims/jni.cpp, line 709]
Event: 0.326 Thread 0x00007fc2b3002000 Exception <a 'java/io/FileNotFoundException'> (0x0000000795810dd8) thrown at [/Users/java_re/workspace/8-2-build-macosx-x86_64/jdk8u131/8869/hotspot/src/share/vm/prims/jni.cpp, line 709]
Event: 0.461 Thread 0x00007fc2b3002000 Exception <a 'java/io/FileNotFoundException'> (0x0000000795954940) thrown at [/Users/java_re/workspace/8-2-build-macosx-x86_64/jdk8u131/8869/hotspot/src/share/vm/prims/jni.cpp, line 709]
Event: 2.583 Thread 0x00007fc2b31eb000 Exception <a 'java/lang/UnsatisfiedLinkError': com.jogamp.common.util.JarUtil.fixNativeLibAttribs(Ljava/lang/String;)Z> (0x0000000796cc7008) thrown at [/Users/java_re/workspace/8-2-build-macosx-x86_64/jdk8u131/8869/hotspot/src/share/vm/prims/nativeLookup.
Event: 2.927 Thread 0x00007fc2b280a000 Exception <a 'java/lang/NullPointerException'> (0x00000007956a2d50) thrown at [/Users/java_re/workspace/8-2-build-macosx-x86_64/jdk8u131/8869/hotspot/src/share/vm/interpreter/linkResolver.cpp, line 1197]
Event: 3.668 Thread 0x00007fc2b2193800 Exception <a 'java/io/FileNotFoundException'> (0x000000079609d120) thrown at [/Users/java_re/workspace/8-2-build-macosx-x86_64/jdk8u131/8869/hotspot/src/share/vm/prims/jni.cpp, line 709]
Event: 3.668 Thread 0x00007fc2b2193800 Exception <a 'java/io/FileNotFoundException'> (0x00000007960a5f48) thrown at [/Users/java_re/workspace/8-2-build-macosx-x86_64/jdk8u131/8869/hotspot/src/share/vm/prims/jni.cpp, line 709]
Event: 3.669 Thread 0x00007fc2b2193800 Implicit null exception at 0x00000001163ac976 to 0x00000001163acd41
Event: 4.100 Thread 0x00007fc2b2193800 Implicit null exception at 0x00000001165aa206 to 0x00000001165aa44d

Events (10 events):
Event: 45.672 loading class java/awt/LightweightDispatcher$2 done
Event: 45.672 loading class java/awt/event/AWTEventListenerProxy
Event: 45.672 loading class java/awt/event/AWTEventListenerProxy done
Event: 45.672 Executing VM operation: Deoptimize
Event: 45.673 Executing VM operation: Deoptimize done
Event: 45.673 loading class java/awt/Toolkit$ToolkitEventMulticaster
Event: 45.673 loading class java/awt/Toolkit$ToolkitEventMulticaster done
Event: 45.673 Thread 0x00007fc2b2193800 Uncommon trap: trap_request=0xffffff65 fr.pc=0x0000000116956004
Event: 45.673 Thread 0x00007fc2b2193800 DEOPT PACKING pc=0x0000000116956004 sp=0x000070000ec31950
Event: 45.673 Thread 0x00007fc2b2193800 DEOPT UNPACKING pc=0x00000001161cd229 sp=0x000070000ec318a8 mode 2


Dynamic libraries:
0x00000000385fa000 	/System/Library/Frameworks/Cocoa.framework/Versions/A/Cocoa
0x00000000385fa000 	/System/Library/Frameworks/Security.framework/Versions/A/Security
0x00000000385fa000 	/System/Library/Frameworks/ApplicationServices.framework/Versions/A/ApplicationServices
0x00000000385fa000 	/usr/lib/libz.1.dylib
0x00000000385fa000 	/usr/lib/libSystem.B.dylib
0x00000000385fa000 	/usr/lib/libobjc.A.dylib
0x00000000385fa000 	/System/Library/Frameworks/CoreFoundation.framework/Versions/A/CoreFoundation
0x00000000385fa000 	/System/Library/Frameworks/Foundation.framework/Versions/C/Foundation
0x00000000385fa000 	/System/Library/Frameworks/AppKit.framework/Versions/C/AppKit
0x00000000385fa000 	/System/Library/Frameworks/CoreData.framework/Versions/A/CoreData
0x00000000385fa000 	/System/Library/PrivateFrameworks/RemoteViewServices.framework/Versions/A/RemoteViewServices
0x00000000385fa000 	/System/Library/PrivateFrameworks/UIFoundation.framework/Versions/A/UIFoundation
0x00000000385fa000 	/System/Library/PrivateFrameworks/DFRFoundation.framework/Versions/A/DFRFoundation
0x00000000385fa000 	/usr/lib/libenergytrace.dylib
0x00000000385fa000 	/System/Library/PrivateFrameworks/SkyLight.framework/Versions/A/SkyLight
0x00000000385fa000 	/System/Library/Frameworks/CoreGraphics.framework/Versions/A/CoreGraphics
0x00000000385fa000 	/usr/lib/libScreenReader.dylib
0x00000000385fa000 	/System/Library/Frameworks/Accelerate.framework/Versions/A/Accelerate
0x00000000385fa000 	/System/Library/Frameworks/IOSurface.framework/Versions/A/IOSurface
0x00000000385fa000 	/System/Library/Frameworks/AudioToolbox.framework/Versions/A/AudioToolbox
0x00000000385fa000 	/System/Library/Frameworks/AudioUnit.framework/Versions/A/AudioUnit
0x00000000385fa000 	/System/Library/PrivateFrameworks/DataDetectorsCore.framework/Versions/A/DataDetectorsCore
0x00000000385fa000 	/System/Library/PrivateFrameworks/DesktopServicesPriv.framework/Versions/A/DesktopServicesPriv
0x00000000385fa000 	/System/Library/Frameworks/Carbon.framework/Versions/A/Frameworks/HIToolbox.framework/Versions/A/HIToolbox
0x00000000385fa000 	/usr/lib/libicucore.A.dylib
0x00000000385fa000 	/System/Library/Frameworks/QuartzCore.framework/Versions/A/QuartzCore
0x00000000385fa000 	/System/Library/Frameworks/Carbon.framework/Versions/A/Frameworks/SpeechRecognition.framework/Versions/A/SpeechRecognition
0x00000000385fa000 	/usr/lib/libauto.dylib
0x00000000385fa000 	/usr/lib/libxml2.2.dylib
0x00000000385fa000 	/System/Library/PrivateFrameworks/CoreUI.framework/Versions/A/CoreUI
0x00000000385fa000 	/System/Library/Frameworks/CoreAudio.framework/Versions/A/CoreAudio
0x00000000385fa000 	/System/Library/Frameworks/DiskArbitration.framework/Versions/A/DiskArbitration
0x00000000385fa000 	/usr/lib/liblangid.dylib
0x00000000385fa000 	/System/Library/PrivateFrameworks/MultitouchSupport.framework/Versions/A/MultitouchSupport
0x00000000385fa000 	/System/Library/Frameworks/IOKit.framework/Versions/A/IOKit
0x00000000385fa000 	/usr/lib/libDiagnosticMessagesClient.dylib
0x00000000385fa000 	/System/Library/Frameworks/CoreServices.framework/Versions/A/CoreServices
0x00000000385fa000 	/System/Library/PrivateFrameworks/PerformanceAnalysis.framework/Versions/A/PerformanceAnalysis
0x00000000385fa000 	/System/Library/PrivateFrameworks/GenerationalStorage.framework/Versions/A/GenerationalStorage
0x00000000385fa000 	/System/Library/Frameworks/OpenGL.framework/Versions/A/OpenGL
0x00000000385fa000 	/System/Library/Frameworks/CoreImage.framework/Versions/A/CoreImage
0x00000000385fa000 	/System/Library/Frameworks/CoreText.framework/Versions/A/CoreText
0x00000000385fa000 	/System/Library/Frameworks/ImageIO.framework/Versions/A/ImageIO
0x00000000385fa000 	/System/Library/PrivateFrameworks/Backup.framework/Versions/A/Backup
0x00000000385fa000 	/usr/lib/libarchive.2.dylib
0x00000000385fa000 	/System/Library/Frameworks/CFNetwork.framework/Versions/A/CFNetwork
0x00000000385fa000 	/System/Library/Frameworks/SystemConfiguration.framework/Versions/A/SystemConfiguration
0x00000000385fa000 	/usr/lib/libCRFSuite.dylib
0x00000000385fa000 	/usr/lib/libc++.1.dylib
0x00000000385fa000 	/usr/lib/libc++abi.dylib
0x00000000385fa000 	/usr/lib/system/libcache.dylib
0x00000000385fa000 	/usr/lib/system/libcommonCrypto.dylib
0x00000000385fa000 	/usr/lib/system/libcompiler_rt.dylib
0x00000000385fa000 	/usr/lib/system/libcopyfile.dylib
0x00000000385fa000 	/usr/lib/system/libcorecrypto.dylib
0x00000000385fa000 	/usr/lib/system/libdispatch.dylib
0x00000000385fa000 	/usr/lib/system/libdyld.dylib
0x00000000385fa000 	/usr/lib/system/libkeymgr.dylib
0x00000000385fa000 	/usr/lib/system/liblaunch.dylib
0x00000000385fa000 	/usr/lib/system/libmacho.dylib
0x00000000385fa000 	/usr/lib/system/libquarantine.dylib
0x00000000385fa000 	/usr/lib/system/libremovefile.dylib
0x00000000385fa000 	/usr/lib/system/libsystem_asl.dylib
0x00000000385fa000 	/usr/lib/system/libsystem_blocks.dylib
0x00000000385fa000 	/usr/lib/system/libsystem_c.dylib
0x00000000385fa000 	/usr/lib/system/libsystem_configuration.dylib
0x00000000385fa000 	/usr/lib/system/libsystem_coreservices.dylib
0x00000000385fa000 	/usr/lib/system/libsystem_coretls.dylib
0x00000000385fa000 	/usr/lib/system/libsystem_dnssd.dylib
0x00000000385fa000 	/usr/lib/system/libsystem_info.dylib
0x00000000385fa000 	/usr/lib/system/libsystem_kernel.dylib
0x00000000385fa000 	/usr/lib/system/libsystem_m.dylib
0x00000000385fa000 	/usr/lib/system/libsystem_malloc.dylib
0x00000000385fa000 	/usr/lib/system/libsystem_network.dylib
0x00000000385fa000 	/usr/lib/system/libsystem_networkextension.dylib
0x00000000385fa000 	/usr/lib/system/libsystem_notify.dylib
0x00000000385fa000 	/usr/lib/system/libsystem_platform.dylib
0x00000000385fa000 	/usr/lib/system/libsystem_pthread.dylib
0x00000000385fa000 	/usr/lib/system/libsystem_sandbox.dylib
0x00000000385fa000 	/usr/lib/system/libsystem_secinit.dylib
0x00000000385fa000 	/usr/lib/system/libsystem_symptoms.dylib
0x00000000385fa000 	/usr/lib/system/libsystem_trace.dylib
0x00000000385fa000 	/usr/lib/system/libunwind.dylib
0x00000000385fa000 	/usr/lib/system/libxpc.dylib
0x00000000385fa000 	/usr/lib/libbsm.0.dylib
0x00000000385fa000 	/usr/lib/system/libkxld.dylib
0x00000000385fa000 	/usr/lib/libcoretls.dylib
0x00000000385fa000 	/usr/lib/libcoretls_cfhelpers.dylib
0x00000000385fa000 	/usr/lib/libOpenScriptingUtil.dylib
0x00000000385fa000 	/usr/lib/libpam.2.dylib
0x00000000385fa000 	/usr/lib/libsqlite3.dylib
0x00000000385fa000 	/usr/lib/libxar.1.dylib
0x00000000385fa000 	/usr/lib/libbz2.1.0.dylib
0x00000000385fa000 	/usr/lib/liblzma.5.dylib
0x00000000385fa000 	/usr/lib/libnetwork.dylib
0x00000000385fa000 	/usr/lib/libpcap.A.dylib
0x00000000385fa000 	/System/Library/Frameworks/CoreServices.framework/Versions/A/Frameworks/FSEvents.framework/Versions/A/FSEvents
0x00000000385fa000 	/System/Library/Frameworks/CoreServices.framework/Versions/A/Frameworks/CarbonCore.framework/Versions/A/CarbonCore
0x00000000385fa000 	/System/Library/Frameworks/CoreServices.framework/Versions/A/Frameworks/Metadata.framework/Versions/A/Metadata
0x00000000385fa000 	/System/Library/Frameworks/CoreServices.framework/Versions/A/Frameworks/OSServices.framework/Versions/A/OSServices
0x00000000385fa000 	/System/Library/Frameworks/CoreServices.framework/Versions/A/Frameworks/SearchKit.framework/Versions/A/SearchKit
0x00000000385fa000 	/System/Library/Frameworks/CoreServices.framework/Versions/A/Frameworks/AE.framework/Versions/A/AE
0x00000000385fa000 	/System/Library/Frameworks/CoreServices.framework/Versions/A/Frameworks/LaunchServices.framework/Versions/A/LaunchServices
0x00000000385fa000 	/System/Library/Frameworks/CoreServices.framework/Versions/A/Frameworks/DictionaryServices.framework/Versions/A/DictionaryServices
0x00000000385fa000 	/System/Library/Frameworks/CoreServices.framework/Versions/A/Frameworks/SharedFileList.framework/Versions/A/SharedFileList
0x00000000385fa000 	/System/Library/Frameworks/NetFS.framework/Versions/A/NetFS
0x00000000385fa000 	/System/Library/PrivateFrameworks/NetAuth.framework/Versions/A/NetAuth
0x00000000385fa000 	/System/Library/PrivateFrameworks/login.framework/Versions/A/Frameworks/loginsupport.framework/Versions/A/loginsupport
0x00000000385fa000 	/System/Library/PrivateFrameworks/TCC.framework/Versions/A/TCC
0x00000000385fa000 	/usr/lib/libmecabra.dylib
0x00000000385fa000 	/System/Library/Frameworks/ApplicationServices.framework/Versions/A/Frameworks/ATS.framework/Versions/A/ATS
0x00000000385fa000 	/System/Library/Frameworks/ApplicationServices.framework/Versions/A/Frameworks/ColorSync.framework/Versions/A/ColorSync
0x00000000385fa000 	/System/Library/Frameworks/ApplicationServices.framework/Versions/A/Frameworks/HIServices.framework/Versions/A/HIServices
0x00000000385fa000 	/System/Library/Frameworks/ApplicationServices.framework/Versions/A/Frameworks/LangAnalysis.framework/Versions/A/LangAnalysis
0x00000000385fa000 	/System/Library/Frameworks/ApplicationServices.framework/Versions/A/Frameworks/PrintCore.framework/Versions/A/PrintCore
0x00000000385fa000 	/System/Library/Frameworks/ApplicationServices.framework/Versions/A/Frameworks/QD.framework/Versions/A/QD
0x00000000385fa000 	/System/Library/Frameworks/ApplicationServices.framework/Versions/A/Frameworks/SpeechSynthesis.framework/Versions/A/SpeechSynthesis
0x00000000385fa000 	/System/Library/Frameworks/Accelerate.framework/Versions/A/Frameworks/vImage.framework/Versions/A/vImage
0x00000000385fa000 	/System/Library/Frameworks/Accelerate.framework/Versions/A/Frameworks/vecLib.framework/Versions/A/vecLib
0x00000000385fa000 	/System/Library/Frameworks/Accelerate.framework/Versions/A/Frameworks/vecLib.framework/Versions/A/libvDSP.dylib
0x00000000385fa000 	/System/Library/Frameworks/Accelerate.framework/Versions/A/Frameworks/vecLib.framework/Versions/A/libBNNS.dylib
0x00000000385fa000 	/System/Library/Frameworks/Accelerate.framework/Versions/A/Frameworks/vecLib.framework/Versions/A/libQuadrature.dylib
0x00000000385fa000 	/System/Library/Frameworks/Accelerate.framework/Versions/A/Frameworks/vecLib.framework/Versions/A/libvMisc.dylib
0x00000000385fa000 	/System/Library/Frameworks/Accelerate.framework/Versions/A/Frameworks/vecLib.framework/Versions/A/libLAPACK.dylib
0x00000000385fa000 	/System/Library/Frameworks/Accelerate.framework/Versions/A/Frameworks/vecLib.framework/Versions/A/libBLAS.dylib
0x00000000385fa000 	/System/Library/Frameworks/Accelerate.framework/Versions/A/Frameworks/vecLib.framework/Versions/A/libLinearAlgebra.dylib
0x00000000385fa000 	/System/Library/Frameworks/Accelerate.framework/Versions/A/Frameworks/vecLib.framework/Versions/A/libSparseBLAS.dylib
0x00000000385fa000 	/System/Library/Frameworks/ApplicationServices.framework/Versions/A/Frameworks/ATS.framework/Versions/A/Resources/libFontParser.dylib
0x00000000385fa000 	/System/Library/Frameworks/ApplicationServices.framework/Versions/A/Frameworks/ATS.framework/Versions/A/Resources/libFontRegistry.dylib
0x00000000385fa000 	/System/Library/Frameworks/ImageIO.framework/Versions/A/Resources/libJPEG.dylib
0x00000000385fa000 	/System/Library/Frameworks/ImageIO.framework/Versions/A/Resources/libTIFF.dylib
0x00000000385fa000 	/System/Library/Frameworks/ImageIO.framework/Versions/A/Resources/libPng.dylib
0x00000000385fa000 	/System/Library/Frameworks/ImageIO.framework/Versions/A/Resources/libGIF.dylib
0x00000000385fa000 	/System/Library/Frameworks/ImageIO.framework/Versions/A/Resources/libJP2.dylib
0x00000000385fa000 	/System/Library/Frameworks/ImageIO.framework/Versions/A/Resources/libRadiance.dylib
0x00000000385fa000 	/usr/lib/libcompression.dylib
0x00000000385fa000 	/System/Library/PrivateFrameworks/AppleJPEG.framework/Versions/A/AppleJPEG
0x00000000385fa000 	/usr/lib/libcups.2.dylib
0x00000000385fa000 	/System/Library/Frameworks/Kerberos.framework/Versions/A/Kerberos
0x00000000385fa000 	/System/Library/Frameworks/GSS.framework/Versions/A/GSS
0x00000000385fa000 	/usr/lib/libresolv.9.dylib
0x00000000385fa000 	/usr/lib/libiconv.2.dylib
0x00000000385fa000 	/System/Library/PrivateFrameworks/Heimdal.framework/Versions/A/Heimdal
0x00000000385fa000 	/usr/lib/libheimdal-asn1.dylib
0x00000000385fa000 	/System/Library/Frameworks/OpenDirectory.framework/Versions/A/OpenDirectory
0x00000000385fa000 	/System/Library/PrivateFrameworks/CommonAuth.framework/Versions/A/CommonAuth
0x00000000385fa000 	/System/Library/Frameworks/OpenDirectory.framework/Versions/A/Frameworks/CFOpenDirectory.framework/Versions/A/CFOpenDirectory
0x00000000385fa000 	/System/Library/Frameworks/SecurityFoundation.framework/Versions/A/SecurityFoundation
0x00000000385fa000 	/System/Library/PrivateFrameworks/LanguageModeling.framework/Versions/A/LanguageModeling
0x00000000385fa000 	/usr/lib/libmarisa.dylib
0x00000000385fa000 	/usr/lib/libChineseTokenizer.dylib
0x00000000385fa000 	/usr/lib/libcmph.dylib
0x00000000385fa000 	/System/Library/PrivateFrameworks/CoreEmoji.framework/Versions/A/CoreEmoji
0x00000000385fa000 	/System/Library/Frameworks/ServiceManagement.framework/Versions/A/ServiceManagement
0x00000000385fa000 	/usr/lib/libxslt.1.dylib
0x00000000385fa000 	/System/Library/Frameworks/Carbon.framework/Versions/A/Frameworks/Ink.framework/Versions/A/Ink
0x00000000385fa000 	/System/Library/PrivateFrameworks/TextureIO.framework/Versions/A/TextureIO
0x00000000385fa000 	/System/Library/Frameworks/Metal.framework/Versions/A/Metal
0x00000000385fa000 	/usr/lib/libate.dylib
0x00000000385fa000 	/System/Library/PrivateFrameworks/GPUCompiler.framework/libmetal_timestamp.dylib
0x00000000385fa000 	/System/Library/Frameworks/OpenGL.framework/Versions/A/Libraries/libCoreFSCache.dylib
0x00000000385fa000 	/System/Library/PrivateFrameworks/IOAccelerator.framework/Versions/A/IOAccelerator
0x00000000385fa000 	/System/Library/Frameworks/CoreVideo.framework/Versions/A/CoreVideo
0x00000000385fa000 	/usr/lib/libFosl_dynamic.dylib
0x00000000385fa000 	/System/Library/PrivateFrameworks/MetalPerformanceShaders.framework/Versions/A/MetalPerformanceShaders
0x00000000385fa000 	/System/Library/PrivateFrameworks/FaceCore.framework/Versions/A/FaceCore
0x00000000385fa000 	/System/Library/Frameworks/OpenCL.framework/Versions/A/OpenCL
0x00000000385fa000 	/System/Library/Frameworks/OpenGL.framework/Versions/A/Libraries/libGLU.dylib
0x00000000385fa000 	/System/Library/Frameworks/OpenGL.framework/Versions/A/Libraries/libGFXShared.dylib
0x00000000385fa000 	/System/Library/Frameworks/OpenGL.framework/Versions/A/Libraries/libGL.dylib
0x00000000385fa000 	/System/Library/Frameworks/OpenGL.framework/Versions/A/Libraries/libGLImage.dylib
0x00000000385fa000 	/System/Library/Frameworks/OpenGL.framework/Versions/A/Libraries/libCVMSPluginSupport.dylib
0x00000000385fa000 	/System/Library/Frameworks/OpenGL.framework/Versions/A/Libraries/libCoreVMClient.dylib
0x00000000385fa000 	/System/Library/PrivateFrameworks/CrashReporterSupport.framework/Versions/A/CrashReporterSupport
0x00000000385fa000 	/System/Library/PrivateFrameworks/Sharing.framework/Versions/A/Sharing
0x00000000385fa000 	/System/Library/PrivateFrameworks/IconServices.framework/Versions/A/IconServices
0x00000000385fa000 	/System/Library/PrivateFrameworks/ProtocolBuffer.framework/Versions/A/ProtocolBuffer
0x00000000385fa000 	/System/Library/PrivateFrameworks/Apple80211.framework/Versions/A/Apple80211
0x00000000385fa000 	/System/Library/Frameworks/CoreWLAN.framework/Versions/A/CoreWLAN
0x00000000385fa000 	/System/Library/PrivateFrameworks/CoreUtils.framework/Versions/A/CoreUtils
0x00000000385fa000 	/System/Library/Frameworks/IOBluetooth.framework/Versions/A/IOBluetooth
0x00000000385fa000 	/System/Library/PrivateFrameworks/CoreWiFi.framework/Versions/A/CoreWiFi
0x00000000385fa000 	/System/Library/Frameworks/CoreBluetooth.framework/Versions/A/CoreBluetooth
0x00000000385fa000 	/System/Library/Frameworks/CoreDisplay.framework/Versions/A/CoreDisplay
0x00000000385fa000 	/System/Library/PrivateFrameworks/IOPresentment.framework/Versions/A/IOPresentment
0x00000000385fa000 	/System/Library/PrivateFrameworks/DSExternalDisplay.framework/Versions/A/DSExternalDisplay
0x00000000385fa000 	/System/Library/PrivateFrameworks/DebugSymbols.framework/Versions/A/DebugSymbols
0x00000000385fa000 	/System/Library/PrivateFrameworks/CoreSymbolication.framework/Versions/A/CoreSymbolication
0x00000000385fa000 	/System/Library/PrivateFrameworks/Symbolication.framework/Versions/A/Symbolication
0x00000000385fa000 	/System/Library/PrivateFrameworks/AppleFSCompression.framework/Versions/A/AppleFSCompression
0x00000000385fa000 	/System/Library/PrivateFrameworks/SpeechRecognitionCore.framework/Versions/A/SpeechRecognitionCore
0x00000000385fa000 	/System/Library/PrivateFrameworks/ChunkingLibrary.framework/Versions/A/ChunkingLibrary
0x000000010fc00000 	/Library/Java/JavaVirtualMachines/jdk1.8.0_131.jdk/Contents/Home/jre/lib/server/libjvm.dylib
0x00000000385fa000 	/usr/lib/libstdc++.6.dylib
0x000000010f355000 	/Library/Java/JavaVirtualMachines/jdk1.8.0_131.jdk/Contents/Home/jre/lib/libverify.dylib
0x000000010f363000 	/Library/Java/JavaVirtualMachines/jdk1.8.0_131.jdk/Contents/Home/jre/lib/libjava.dylib
0x000000010f3a2000 	/Library/Java/JavaVirtualMachines/jdk1.8.0_131.jdk/Contents/Home/jre/lib/libzip.dylib
0x0000000126548000 	/System/Library/Frameworks/JavaVM.framework/Frameworks/JavaRuntimeSupport.framework/JavaRuntimeSupport
0x0000000126562000 	/System/Library/Frameworks/JavaVM.framework/Versions/A/Frameworks/JavaNativeFoundation.framework/Versions/A/JavaNativeFoundation
0x0000000126577000 	/System/Library/Frameworks/JavaVM.framework/Versions/A/JavaVM
0x00000000385fa000 	/System/Library/Frameworks/Carbon.framework/Versions/A/Carbon
0x0000000126584000 	/System/Library/PrivateFrameworks/JavaLaunching.framework/Versions/A/JavaLaunching
0x00000000385fa000 	/System/Library/Frameworks/Carbon.framework/Versions/A/Frameworks/CommonPanels.framework/Versions/A/CommonPanels
0x00000000385fa000 	/System/Library/Frameworks/Carbon.framework/Versions/A/Frameworks/Help.framework/Versions/A/Help
0x00000000385fa000 	/System/Library/Frameworks/Carbon.framework/Versions/A/Frameworks/ImageCapture.framework/Versions/A/ImageCapture
0x00000000385fa000 	/System/Library/Frameworks/Carbon.framework/Versions/A/Frameworks/OpenScripting.framework/Versions/A/OpenScripting
0x00000000385fa000 	/System/Library/Frameworks/Carbon.framework/Versions/A/Frameworks/Print.framework/Versions/A/Print
0x00000000385fa000 	/System/Library/Frameworks/Carbon.framework/Versions/A/Frameworks/SecurityHI.framework/Versions/A/SecurityHI
0x0000000127e89000 	/Library/Java/JavaVirtualMachines/jdk1.8.0_131.jdk/Contents/Home/jre/lib/libawt.dylib
0x0000000127f31000 	/Library/Java/JavaVirtualMachines/jdk1.8.0_131.jdk/Contents/Home/jre/lib/./libmlib_image.dylib
0x0000000127ffd000 	/Library/Java/JavaVirtualMachines/jdk1.8.0_131.jdk/Contents/Home/jre/lib/libawt_lwawt.dylib
0x00000001280b4000 	/Library/Java/JavaVirtualMachines/jdk1.8.0_131.jdk/Contents/Home/jre/lib/./libosxapp.dylib
0x00000000385fa000 	/System/Library/Frameworks/ExceptionHandling.framework/Versions/A/ExceptionHandling
0x00000000385fa000 	/System/Library/PrivateFrameworks/CoreServicesInternal.framework/Versions/A/CoreServicesInternal
0x00000000385fa000 	/System/Library/CoreServices/RawCamera.bundle/Contents/MacOS/RawCamera
0x00000000385fa000 	/System/Library/Frameworks/Accelerate.framework/Versions/A/Frameworks/vImage.framework/Versions/A/Libraries/libCGInterfaces.dylib
0x00000000385fa000 	/System/Library/Frameworks/ApplicationServices.framework/Versions/A/Frameworks/ATS.framework/Versions/A/Resources/libTrueTypeScaler.dylib
0x0000000129ee2000 	/System/Library/Frameworks/OpenGL.framework/Resources/GLEngine.bundle/GLEngine
0x00000000385fa000 	/System/Library/Frameworks/OpenGL.framework/Versions/A/Libraries/libGLProgrammability.dylib
0x000000012a0c7000 	/System/Library/Extensions/AppleIntelSKLGraphicsGLDriver.bundle/Contents/MacOS/AppleIntelSKLGraphicsGLDriver
0x00000000385fa000 	/System/Library/PrivateFrameworks/GPUSupport.framework/Versions/A/Libraries/libGPUSupportMercury.dylib
0x000000012ae4b000 	/System/Library/Frameworks/OpenGL.framework/Resources//GLRendererFloat.bundle/GLRendererFloat
0x00000000385fa000 	/System/Library/Frameworks/OpenCL.framework/Versions/A/Libraries/libcldcpuengine.dylib
0x00000000385fa000 	/usr/lib/libcrypto.0.9.8.dylib
0x00000000385fa000 	/System/Library/PrivateFrameworks/TrustEvaluationAgent.framework/Versions/A/TrustEvaluationAgent
0x000000012ae7f000 	/System/Library/Extensions/AppleIntelSKLGraphicsMTLDriver.bundle/Contents/MacOS/AppleIntelSKLGraphicsMTLDriver
0x00000000385fa000 	/System/Library/PrivateFrameworks/FamilyControls.framework/Versions/A/FamilyControls
0x00000000385fa000 	/System/Library/PrivateFrameworks/CommerceKit.framework/Versions/A/Frameworks/CommerceCore.framework/Versions/A/CommerceCore
0x00000000385fa000 	/System/Library/PrivateFrameworks/SystemAdministration.framework/Versions/A/SystemAdministration
0x00000000385fa000 	/System/Library/PrivateFrameworks/AppContainer.framework/Versions/A/AppContainer
0x00000000385fa000 	/System/Library/PrivateFrameworks/SecCodeWrapper.framework/Versions/A/SecCodeWrapper
0x00000000385fa000 	/System/Library/Frameworks/DirectoryService.framework/Versions/A/DirectoryService
0x00000000385fa000 	/System/Library/PrivateFrameworks/DiskImages.framework/Versions/A/DiskImages
0x00000000385fa000 	/System/Library/PrivateFrameworks/LoginUIKit.framework/Versions/A/Frameworks/LoginUICore.framework/Versions/A/LoginUICore
0x00000000385fa000 	/usr/lib/libCoreStorage.dylib
0x00000000385fa000 	/usr/lib/libcsfde.dylib
0x00000000385fa000 	/usr/lib/libodfde.dylib
0x00000000385fa000 	/System/Library/Frameworks/DiscRecording.framework/Versions/A/DiscRecording
0x00000000385fa000 	/usr/lib/libcurl.4.dylib
0x00000000385fa000 	/System/Library/PrivateFrameworks/MediaKit.framework/Versions/A/MediaKit
0x00000000385fa000 	/System/Library/PrivateFrameworks/ProtectedCloudStorage.framework/Versions/A/ProtectedCloudStorage
0x00000000385fa000 	/System/Library/PrivateFrameworks/EFILogin.framework/Versions/A/EFILogin
0x00000000385fa000 	/usr/lib/libutil.dylib
0x00000000385fa000 	/System/Library/Frameworks/LDAP.framework/Versions/A/LDAP
0x00000000385fa000 	/usr/lib/libsasl2.2.dylib
0x00000000385fa000 	/System/Library/PrivateFrameworks/CoreDaemon.framework/Versions/B/CoreDaemon
0x00000000385fa000 	/System/Library/PrivateFrameworks/AppleSRP.framework/Versions/A/AppleSRP
0x00000000385fa000 	/System/Library/PrivateFrameworks/APFS.framework/Versions/A/APFS
0x000000012cd36000 	/Library/Java/JavaVirtualMachines/jdk1.8.0_131.jdk/Contents/Home/jre/lib/libfontmanager.dylib
0x00000000385fa000 	/System/Library/PrivateFrameworks/ViewBridge.framework/Versions/A/ViewBridge
0x00000000385fa000 	/System/Library/PrivateFrameworks/XPCService.framework/Versions/A/XPCService
0x00000000385fa000 	/System/Library/PrivateFrameworks/AppSandbox.framework/Versions/A/AppSandbox
0x00000000385fa000 	/usr/lib/libsandbox.1.dylib
0x00000000385fa000 	/usr/lib/libMatch.1.dylib
0x000000012de05000 	/Library/Java/JavaVirtualMachines/jdk1.8.0_131.jdk/Contents/Home/jre/lib/libosxui.dylib
0x000000012ef6c000 	/Library/Java/JavaVirtualMachines/jdk1.8.0_131.jdk/Contents/Home/jre/lib/libnet.dylib
0x000000012ece0000 	/Library/Java/JavaVirtualMachines/jdk1.8.0_131.jdk/Contents/Home/jre/lib/libnio.dylib
0x000000012de92000 	/private/var/folders/lr/vg0t0wxx3tg6yq252w_p67_00000gn/T/jogamp_0000/file_cache/jln4770968796763532177/jln7746448465645464475/libgluegen-rt.jnilib
0x000000012de02000 	/private/var/folders/lr/vg0t0wxx3tg6yq252w_p67_00000gn/T/jogamp_0000/file_cache/jln4770968796763532177/jln7746448465645464475/libnativewindow_awt.jnilib
0x000000012de96000 	/Library/Java/JavaVirtualMachines/jdk1.8.0_131.jdk/Contents/Home/jre/lib/libjawt.dylib
0x000000012dec3000 	/private/var/folders/lr/vg0t0wxx3tg6yq252w_p67_00000gn/T/jogamp_0000/file_cache/jln4770968796763532177/jln7746448465645464475/libnativewindow_macosx.jnilib
0x000000019777b000 	/private/var/folders/lr/vg0t0wxx3tg6yq252w_p67_00000gn/T/jogamp_0000/file_cache/jln4770968796763532177/jln7746448465645464475/libjogl_desktop.jnilib
0x00000001a1430000 	/Library/Java/JavaVirtualMachines/jdk1.8.0_131.jdk/Contents/Home/jre/lib/libt2k.dylib
0x0000000129dc9000 	/Library/Java/JavaVirtualMachines/jdk1.8.0_131.jdk/Contents/Home/jre/lib/libjpeg.dylib

VM Arguments:
jvm_args: -Djava.security.policy=java.policy.applet -Dfile.encoding=UTF-8 
java_command: sun.applet.AppletViewer module6.EarthquakeCityMap1500274384057.html
java_class_path (initial): /Users/sravanjr/Documents/College Classes/Eclipse Practice/UCSDUnfoldingMaps/build:/Users/sravanjr/Documents/College Classes/Eclipse Practice/UCSDUnfoldingMaps/lib/core.jar:/Users/sravanjr/Documents/College Classes/Eclipse Practice/UCSDUnfoldingMaps/lib/gluegen-rt.jar:/Users/sravanjr/Documents/College Classes/Eclipse Practice/UCSDUnfoldingMaps/lib/jogl-all.jar:/Users/sravanjr/Documents/College Classes/Eclipse Practice/UCSDUnfoldingMaps/lib/log4j-1.2.15.jar:/Users/sravanjr/Documents/College Classes/Eclipse Practice/UCSDUnfoldingMaps/lib/sqlite-jdbc-3.7.2.jar:/Users/sravanjr/Documents/College Classes/Eclipse Practice/UCSDUnfoldingMaps/lib/json4processing.jar:/Users/sravanjr/Documents/College Classes/Eclipse Practice/UCSDUnfoldingMaps/lib/libTUIO.jar:/Users/sravanjr/Documents/College Classes/Eclipse Practice/UCSDUnfoldingMaps/lib/unfolding.0.9.7-uscd.jar
Launcher Type: SUN_STANDARD

Environment Variables:
PATH=/usr/bin:/bin:/usr/sbin:/sbin
SHELL=/bin/bash

Signal Handlers:
SIGSEGV: [libjvm.dylib+0x5b1eb1], sa_mask[0]=11111111011111110111111111111111, sa_flags=SA_ONSTACK|SA_RESTART|SA_SIGINFO
SIGBUS: [libjvm.dylib+0x5b1eb1], sa_mask[0]=11111111011111110111111111111111, sa_flags=SA_RESTART|SA_SIGINFO
SIGFPE: [libjvm.dylib+0x488988], sa_mask[0]=11111111011111110111111111111111, sa_flags=SA_RESTART|SA_SIGINFO
SIGPIPE: [libjvm.dylib+0x488988], sa_mask[0]=11111111011111110111111111111111, sa_flags=SA_RESTART|SA_SIGINFO
SIGXFSZ: [libjvm.dylib+0x488988], sa_mask[0]=11111111011111110111111111111111, sa_flags=SA_RESTART|SA_SIGINFO
SIGILL: [libjvm.dylib+0x488988], sa_mask[0]=11111111011111110111111111111111, sa_flags=SA_RESTART|SA_SIGINFO
SIGUSR1: SIG_DFL, sa_mask[0]=00000000000000000000000000000000, sa_flags=none
SIGUSR2: [libjvm.dylib+0x4884a6], sa_mask[0]=00100000000000000000000000000000, sa_flags=SA_RESTART|SA_SIGINFO
SIGHUP: [libjvm.dylib+0x486a7d], sa_mask[0]=11111111011111110111111111111111, sa_flags=SA_RESTART|SA_SIGINFO
SIGINT: [libjvm.dylib+0x486a7d], sa_mask[0]=11111111011111110111111111111111, sa_flags=SA_RESTART|SA_SIGINFO
SIGTERM: [libjvm.dylib+0x486a7d], sa_mask[0]=11111111011111110111111111111111, sa_flags=SA_RESTART|SA_SIGINFO
SIGQUIT: [libjvm.dylib+0x486a7d], sa_mask[0]=11111111011111110111111111111111, sa_flags=SA_RESTART|SA_SIGINFO


---------------  S Y S T E M  ---------------

OS:Bsduname:Darwin 16.6.0 Darwin Kernel Version 16.6.0: Fri Apr 14 16:21:16 PDT 2017; root:xnu-3789.60.24~6/RELEASE_X86_64 x86_64
rlimit: STACK 8192k, CORE 0k, NPROC 709, NOFILE 10240, AS infinity
load average:2.22 2.16 1.99

CPU:total 4 (initial active 4) (2 cores per cpu, 2 threads per core) family 6 model 78 stepping 3, cmov, cx8, fxsr, mmx, sse, sse2, sse3, ssse3, sse4.1, sse4.2, popcnt, avx, avx2, aes, clmul, erms, rtm, 3dnowpref, lzcnt, ht, tsc, tscinvbit, bmi1, bmi2, adx

Memory: 4k page, physical 8388608k(228724k free)

/proc/meminfo:


vm_info: Java HotSpot(TM) 64-Bit Server VM (25.131-b11) for bsd-amd64 JRE (1.8.0_131-b11), built on Mar 15 2017 01:32:22 by "java_re" with gcc 4.2.1 (Based on Apple Inc. build 5658) (LLVM build 2336.11.00)

time: Sun Jul 16 23:53:49 2017
elapsed time: 45 seconds (0d 0h 0m 45s)

