#
# A fatal error has been detected by the Java Runtime Environment:
#
#  SIGSEGV (0xb) at pc=0x00007fffc287e05d, pid=2152, tid=0x0000000000000307
#
# JRE version: Java(TM) SE Runtime Environment (8.0_131-b11) (build 1.8.0_131-b11)
# Java VM: Java HotSpot(TM) 64-Bit Server VM (25.131-b11 mixed mode bsd-amd64 compressed oops)
# Problematic frame:
# C  [libobjc.A.dylib+0x705d]  objc_msgSend+0x1d
#
# Failed to write core dump. Core dumps have been disabled. To enable core dumping, try "ulimit -c unlimited" before starting Java again
#
# If you would like to submit a bug report, please visit:
#   http://bugreport.java.com/bugreport/crash.jsp
# The crash happened outside the Java Virtual Machine in native code.
# See problematic frame for where to report the bug.
#

---------------  T H R E A D  ---------------

Current thread (0x00007f97500de800):  JavaThread "AWT-AppKit" daemon [_thread_in_native, id=775, stack(0x00007fff55b6b000,0x00007fff5636b000)]

siginfo: si_signo: 11 (SIGSEGV), si_code: 1 (SEGV_MAPERR), si_addr: 0x0000000000000018

Registers:
RAX=0x00007f9754207ff0, RBX=0x0000000191972450, RCX=0x00007f9751400850, RDX=0x0000000000000000
RSP=0x00007fff56366378, RBP=0x00007fff56366430, RSI=0x00007fffac118116, RDI=0x00007f9754469630
R8 =0x0000000000000018, R9 =0x00007f9751400c50, R10=0x0000000000000000, R11=0x00007fffac118116
R12=0x0000000000000000, R13=0x0000000198adcfc0, R14=0x0000000191972440, R15=0x00007f97500de800
RIP=0x00007fffc287e05d, EFLAGS=0x0000000000010246, ERR=0x0000000000000004
  TRAPNO=0x000000000000000e

Top of Stack: (sp=0x00007fff56366378)
0x00007fff56366378:   0000000191970157 00007fff563663d0
0x00007fff56366388:   0000000000000003 00007fff563663b0
0x00007fff56366398:   0000000109b056d2 0000000198adcfc0
0x00007fff563663a8:   0000000198adcfc0 00007f9754207ff0
0x00007fff563663b8:   00000001919726a0 0000000191972710
0x00007fff563663c8:   00007fffc88e26d0 00007fffc95121e0
0x00007fff563663d8:   0000000191972450 0000000191972690
0x00007fff563663e8:   00007f9754207ff0 00007f9754469630
0x00007fff563663f8:   00007f974ef53f30 00007f9754207ff0
0x00007fff56366408:   00007f9754469630 00007fff563664b8
0x00007fff56366418:   00007f97500de9f8 0000000198adcfc0
0x00007fff56366428:   00007fff563664e0 00007fff563664a8
0x00007fff56366438:   000000010fc419f4 0000000198adcfc0
0x00007fff56366448:   00007fff563664e0 00007fff563664a8
0x00007fff56366458:   000000010fc41787 000000010fc41742
0x00007fff56366468:   00007fff56366468 0000000198adcfc0
0x00007fff56366478:   00007fff563664e0 0000000191f5f9e8
0x00007fff56366488:   0000000000000000 0000000198adcfc0
0x00007fff56366498:   0000000000000000 00007fff563664c8
0x00007fff563664a8:   00007fff56366528 000000010fc322bd
0x00007fff563664b8:   0000000740424460 000000010fc3b538
0x00007fff563664c8:   00007f9754207ff0 00007fff56366528
0x00007fff563664d8:   00007f9754469630 000000010fc3ce02
0x00007fff563664e8:   00007fff563664e8 0000000198add18a
0x00007fff563664f8:   00007fff56366550 0000000191f5f9e8
0x00007fff56366508:   0000000000000000 0000000198add198
0x00007fff56366518:   00007fff563664c8 00007fff56366538
0x00007fff56366528:   00007fff56366598 000000010fc322bd
0x00007fff56366538:   00007f9754207ff0 00000007403f2450
0x00007fff56366548:   00007f9754469630 00000007403f2450
0x00007fff56366558:   00007fff56366558 000000019b8a5306
0x00007fff56366568:   00007fff563665a8 000000019b8a53c0 

Instructions: (pc=0x00007fffc287e05d)
0x00007fffc287e03d:   0f 1f 00 48 85 ff 2e 74 62 40 f6 c7 01 2e 75 66
0x00007fffc287e04d:   49 ba f8 ff ff ff ff 7f 00 00 4c 23 17 49 89 f3
0x00007fffc287e05d:   45 23 5a 18 49 c1 e3 04 4d 03 5a 10 49 3b 33 75
0x00007fffc287e06d:   04 41 ff 63 08 49 83 3b 01 76 0d 49 83 c3 10 49 

Register to memory mapping:

RAX=0x00007f9754207ff0 is an unknown value
RBX=0x0000000191972450: Java_jogamp_nativewindow_macosx_OSXUtil_GetScreenRefreshRate0+0x1cf0 in /private/var/folders/lr/vg0t0wxx3tg6yq252w_p67_00000gn/T/jogamp_0000/file_cache/jln6417530479532087016/jln7236103974899259532/libnativewindow_macosx.jnilib at 0x000000019196b000
RCX=0x00007f9751400850 is an unknown value
RDX=0x0000000000000000 is an unknown value
RSP=0x00007fff56366378 is pointing into the stack for thread: 0x00007f97500de800
RBP=0x00007fff56366430 is pointing into the stack for thread: 0x00007f97500de800
RSI=0x00007fffac118116: __NSStyleNameIndexTable+0x7fd5e in /System/Library/Frameworks/AppKit.framework/Versions/C/AppKit at 0x00007fffab4ab000
RDI=0x00007f9754469630 is an unknown value
R8 =0x0000000000000018 is an unknown value
R9 =0x00007f9751400c50 is an unknown value
R10=0x0000000000000000 is an unknown value
R11=0x00007fffac118116: __NSStyleNameIndexTable+0x7fd5e in /System/Library/Frameworks/AppKit.framework/Versions/C/AppKit at 0x00007fffab4ab000
R12=0x0000000000000000 is an unknown value
R13={method} {0x0000000198adcfc0} 'UnsetJAWTRootSurfaceLayer0' '(JJ)V' in 'jogamp/nativewindow/jawt/macosx/MacOSXJAWTWindow'
R14=0x0000000191972440: Java_jogamp_nativewindow_macosx_OSXUtil_GetScreenRefreshRate0+0x1ce0 in /private/var/folders/lr/vg0t0wxx3tg6yq252w_p67_00000gn/T/jogamp_0000/file_cache/jln6417530479532087016/jln7236103974899259532/libnativewindow_macosx.jnilib at 0x000000019196b000
R15=0x00007f97500de800 is a thread


Stack: [0x00007fff55b6b000,0x00007fff5636b000],  sp=0x00007fff56366378,  free space=8172k
Native frames: (J=compiled Java code, j=interpreted, Vv=VM code, C=native code)
C  [libobjc.A.dylib+0x705d]  objc_msgSend+0x1d
j  jogamp.nativewindow.jawt.macosx.MacOSXJAWTWindow.UnsetJAWTRootSurfaceLayer0(JJ)V+0
j  jogamp.nativewindow.jawt.macosx.MacOSXJAWTWindow.access$200(JJ)V+2
j  jogamp.nativewindow.jawt.macosx.MacOSXJAWTWindow$1.run()V+38
j  com.jogamp.common.util.RunnableTask.run()V+24
v  ~StubRoutines::call_stub
V  [libjvm.dylib+0x2ee5b6]
V  [libjvm.dylib+0x325765]
V  [libjvm.dylib+0x317f33]
C  [libnativewindow_macosx.jnilib+0x5326]  Java_jogamp_nativewindow_jawt_macosx_MacOSXJAWTWindow_UnsetJAWTRootSurfaceLayer0+0x2b6
C  [Foundation+0x717ba]  __NSThreadPerformPerform+0x146
C  [CoreFoundation+0xa7321]  __CFRUNLOOP_IS_CALLING_OUT_TO_A_SOURCE0_PERFORM_FUNCTION__+0x11
C  [CoreFoundation+0x88197]  __CFRunLoopDoSources0+0x1a7
C  [CoreFoundation+0x87716]  __CFRunLoopRun+0x3a6
C  [CoreFoundation+0x87114]  CFRunLoopRunSpecific+0x1a4
C  [HIToolbox+0x30ebc]  RunCurrentEventLoopInMode+0xf0
C  [HIToolbox+0x30bf9]  ReceiveNextEventCommon+0xb8
C  [HIToolbox+0x30b26]  _BlockUntilNextEventMatchingListInModeWithFilter+0x47
C  [AppKit+0x46a54]  _DPSNextEvent+0x460
C  [AppKit+0x7c27ee]  -[NSApplication(NSEvent) _nextEventMatchingEventMask:untilDate:inMode:dequeue:]+0xaec
C  [libosxapp.dylib+0x23aa]  -[NSApplicationAWT nextEventMatchingMask:untilDate:inMode:dequeue:]+0x7c
C  [AppKit+0x3b3db]  -[NSApplication run]+0x39e
C  [libosxapp.dylib+0x214d]  +[NSApplicationAWT runAWTLoopWithApp:]+0x9c
C  [libawt_lwawt.dylib+0x45edf]  -[AWTStarter starter:]+0x389
C  [Foundation+0x717ba]  __NSThreadPerformPerform+0x146
C  [CoreFoundation+0xa7321]  __CFRUNLOOP_IS_CALLING_OUT_TO_A_SOURCE0_PERFORM_FUNCTION__+0x11
C  [CoreFoundation+0x8821d]  __CFRunLoopDoSources0+0x22d
C  [CoreFoundation+0x87716]  __CFRunLoopRun+0x3a6
C  [CoreFoundation+0x87114]  CFRunLoopRunSpecific+0x1a4
C  [java+0x6465]  CreateExecutionEnvironment+0x367
C  [java+0x218c]  JLI_Launch+0x7a0
C  [java+0x84c2]  main+0x65
C  [java+0x19e4]  start+0x34
C  0x0000000000000007

Java frames: (J=compiled Java code, j=interpreted, Vv=VM code)
j  jogamp.nativewindow.jawt.macosx.MacOSXJAWTWindow.UnsetJAWTRootSurfaceLayer0(JJ)V+0
j  jogamp.nativewindow.jawt.macosx.MacOSXJAWTWindow.access$200(JJ)V+2
j  jogamp.nativewindow.jawt.macosx.MacOSXJAWTWindow$1.run()V+38
j  com.jogamp.common.util.RunnableTask.run()V+24
v  ~StubRoutines::call_stub

---------------  P R O C E S S  ---------------

Java Threads: ( => current thread )
  0x00007f975520b000 JavaThread "Thread-192" [_thread_blocked, id=71895, stack(0x0000700008e73000,0x0000700008f73000)]
  0x00007f9750c0a800 JavaThread "Animation Thread" [_thread_blocked, id=66339, stack(0x0000700008bea000,0x0000700008cea000)]
  0x00007f9750360000 JavaThread "AWT-EventQueue-1" [_thread_in_native, id=65699, stack(0x0000700008ced000,0x0000700008ded000)]
  0x00007f9750ac3800 JavaThread "DestroyJavaVM" [_thread_blocked, id=7171, stack(0x00007000076a5000,0x00007000077a5000)]
  0x00007f974f0e9800 JavaThread "AWT-EventQueue-0" [_thread_blocked, id=60163, stack(0x0000700008ae7000,0x0000700008be7000)]
  0x00007f974f11c000 JavaThread "Java2D Disposer" daemon [_thread_blocked, id=56847, stack(0x000070000885e000,0x000070000895e000)]
  0x00007f9750a22800 JavaThread "Java2D Queue Flusher" daemon [_thread_blocked, id=54791, stack(0x000070000875b000,0x000070000885b000)]
  0x00007f975099c000 JavaThread "AWT-Shutdown" [_thread_blocked, id=29727, stack(0x0000700008552000,0x0000700008652000)]
=>0x00007f97500de800 JavaThread "AWT-AppKit" daemon [_thread_in_native, id=775, stack(0x00007fff55b6b000,0x00007fff5636b000)]
  0x00007f9750028000 JavaThread "Service Thread" daemon [_thread_blocked, id=18691, stack(0x00007000082c9000,0x00007000083c9000)]
  0x00007f974f036000 JavaThread "C1 CompilerThread2" daemon [_thread_blocked, id=18179, stack(0x00007000081c6000,0x00007000082c6000)]
  0x00007f9750839000 JavaThread "C2 CompilerThread1" daemon [_thread_blocked, id=17667, stack(0x00007000080c3000,0x00007000081c3000)]
  0x00007f974f035800 JavaThread "C2 CompilerThread0" daemon [_thread_blocked, id=17155, stack(0x0000700007fc0000,0x00007000080c0000)]
  0x00007f974f034800 JavaThread "Signal Dispatcher" daemon [_thread_blocked, id=16643, stack(0x0000700007ebd000,0x0000700007fbd000)]
  0x00007f9750800800 JavaThread "Finalizer" daemon [_thread_blocked, id=12547, stack(0x0000700007dba000,0x0000700007eba000)]
  0x00007f974f01e000 JavaThread "Reference Handler" daemon [_thread_blocked, id=12035, stack(0x0000700007cb7000,0x0000700007db7000)]

Other Threads:
  0x00007f975001f800 VMThread [stack: 0x0000700007bb4000,0x0000700007cb4000] [id=11523]
  0x00007f9750029800 WatcherThread [stack: 0x00007000083cc000,0x00007000084cc000] [id=19203]

VM state:not at safepoint (normal execution)

VM Mutex/Monitor currently owned by a thread: None

Heap:
 PSYoungGen      total 552448K, used 218601K [0x0000000795580000, 0x00000007b8f00000, 0x00000007c0000000)
  eden space 527360K, 39% used [0x0000000795580000,0x00000007a211e380,0x00000007b5880000)
  from space 25088K, 40% used [0x00000007b6f80000,0x00000007b795c2a0,0x00000007b8800000)
  to   space 23552K, 0% used [0x00000007b5880000,0x00000007b5880000,0x00000007b6f80000)
 ParOldGen       total 97280K, used 55534K [0x0000000740000000, 0x0000000745f00000, 0x0000000795580000)
  object space 97280K, 57% used [0x0000000740000000,0x000000074363b8b0,0x0000000745f00000)
 Metaspace       used 25368K, capacity 25745K, committed 25984K, reserved 1073152K
  class space    used 2492K, capacity 2619K, committed 2688K, reserved 1048576K

Card table byte_map: [0x000000010b5c0000,0x000000010b9c1000] byte_map_base: 0x0000000107bc0000

Marking Bits: (ParMarkBitMap*) 0x000000010a203ea0
 Begin Bits: [0x000000011ec2a000, 0x0000000120c2a000)
 End Bits:   [0x0000000120c2a000, 0x0000000122c2a000)

Polling page: 0x000000010a8f8000

CodeCache: size=245760Kb used=12222Kb max_used=12441Kb free=233537Kb
 bounds [0x000000010fc2a000, 0x00000001108ba000, 0x000000011ec2a000]
 total_blobs=4504 nmethods=3552 adapters=865
 compilation: enabled

Compilation events (10 events):
Event: 126.567 Thread 0x00007f9750839000 nmethod 4448 0x0000000110805c90 code [0x0000000110805e20, 0x0000000110806168]
Event: 130.894 Thread 0x00007f974f036000 4449  s!   3       sun.applet.AppletSecurity::checkAccess (54 bytes)
Event: 130.895 Thread 0x00007f974f036000 nmethod 4449 0x00000001105b17d0 code [0x00000001105b19e0, 0x00000001105b2548]
Event: 130.897 Thread 0x00007f974f035800 4450       4       sun.java2d.SurfaceData::pixelFor (13 bytes)
Event: 130.900 Thread 0x00007f974f035800 nmethod 4450 0x0000000110480c10 code [0x0000000110480d60, 0x0000000110480e58]
Event: 130.919 Thread 0x00007f9750839000 4451       4       java.util.HashMap::put (13 bytes)
Event: 130.920 Thread 0x00007f974f036000 4452       3       java.security.CodeSource::matchCerts (254 bytes)
Event: 130.922 Thread 0x00007f974f036000 nmethod 4452 0x00000001103de650 code [0x00000001103de860, 0x00000001103df3f8]
Event: 130.926 Thread 0x00007f974f036000 4453       3       java.security.AccessControlContext::optimize (318 bytes)
Event: 130.928 Thread 0x00007f974f036000 nmethod 4453 0x000000011052ec10 code [0x000000011052ef80, 0x0000000110530d88]

GC Heap History (10 events):
Event: 51.330 GC heap before
{Heap before GC invocations=10 (full 1):
 PSYoungGen      total 252416K, used 243392K [0x0000000795580000, 0x00000007a5b80000, 0x00000007c0000000)
  eden space 241664K, 100% used [0x0000000795580000,0x00000007a4180000,0x00000007a4180000)
  from space 10752K, 16% used [0x00000007a5100000,0x00000007a52b0060,0x00000007a5b80000)
  to   space 13312K, 0% used [0x00000007a4180000,0x00000007a4180000,0x00000007a4e80000)
 ParOldGen       total 46080K, used 22504K [0x0000000740000000, 0x0000000742d00000, 0x0000000795580000)
  object space 46080K, 48% used [0x0000000740000000,0x00000007415fa180,0x0000000742d00000)
 Metaspace       used 25006K, capacity 25393K, committed 25728K, reserved 1073152K
  class space    used 2477K, capacity 2587K, committed 2688K, reserved 1048576K
Event: 51.339 GC heap after
Heap after GC invocations=10 (full 1):
 PSYoungGen      total 254976K, used 9664K [0x0000000795580000, 0x00000007ad580000, 0x00000007c0000000)
  eden space 241664K, 0% used [0x0000000795580000,0x0000000795580000,0x00000007a4180000)
  from space 13312K, 72% used [0x00000007a4180000,0x00000007a4af0240,0x00000007a4e80000)
  to   space 13824K, 0% used [0x00000007ac800000,0x00000007ac800000,0x00000007ad580000)
 ParOldGen       total 46080K, used 23956K [0x0000000740000000, 0x0000000742d00000, 0x0000000795580000)
  object space 46080K, 51% used [0x0000000740000000,0x0000000741765300,0x0000000742d00000)
 Metaspace       used 25006K, capacity 25393K, committed 25728K, reserved 1073152K
  class space    used 2477K, capacity 2587K, committed 2688K, reserved 1048576K
}
Event: 67.950 GC heap before
{Heap before GC invocations=11 (full 1):
 PSYoungGen      total 254976K, used 251328K [0x0000000795580000, 0x00000007ad580000, 0x00000007c0000000)
  eden space 241664K, 100% used [0x0000000795580000,0x00000007a4180000,0x00000007a4180000)
  from space 13312K, 72% used [0x00000007a4180000,0x00000007a4af0240,0x00000007a4e80000)
  to   space 13824K, 0% used [0x00000007ac800000,0x00000007ac800000,0x00000007ad580000)
 ParOldGen       total 46080K, used 23956K [0x0000000740000000, 0x0000000742d00000, 0x0000000795580000)
  object space 46080K, 51% used [0x0000000740000000,0x0000000741765300,0x0000000742d00000)
 Metaspace       used 25064K, capacity 25457K, committed 25728K, reserved 1073152K
  class space    used 2477K, capacity 2587K, committed 2688K, reserved 1048576K
Event: 67.963 GC heap after
Heap after GC invocations=11 (full 1):
 PSYoungGen      total 373760K, used 13808K [0x0000000795580000, 0x00000007ad700000, 0x00000007c0000000)
  eden space 359936K, 0% used [0x0000000795580000,0x0000000795580000,0x00000007ab500000)
  from space 13824K, 99% used [0x00000007ac800000,0x00000007ad57c3a0,0x00000007ad580000)
  to   space 17408K, 0% used [0x00000007ab500000,0x00000007ab500000,0x00000007ac600000)
 ParOldGen       total 46080K, used 28253K [0x0000000740000000, 0x0000000742d00000, 0x0000000795580000)
  object space 46080K, 61% used [0x0000000740000000,0x0000000741b97400,0x0000000742d00000)
 Metaspace       used 25064K, capacity 25457K, committed 25728K, reserved 1073152K
  class space    used 2477K, capacity 2587K, committed 2688K, reserved 1048576K
}
Event: 87.380 GC heap before
{Heap before GC invocations=12 (full 1):
 PSYoungGen      total 373760K, used 373744K [0x0000000795580000, 0x00000007ad700000, 0x00000007c0000000)
  eden space 359936K, 100% used [0x0000000795580000,0x00000007ab500000,0x00000007ab500000)
  from space 13824K, 99% used [0x00000007ac800000,0x00000007ad57c3a0,0x00000007ad580000)
  to   space 17408K, 0% used [0x00000007ab500000,0x00000007ab500000,0x00000007ac600000)
 ParOldGen       total 46080K, used 28253K [0x0000000740000000, 0x0000000742d00000, 0x0000000795580000)
  object space 46080K, 61% used [0x0000000740000000,0x0000000741b97400,0x0000000742d00000)
 Metaspace       used 25308K, capacity 25713K, committed 25984K, reserved 1073152K
  class space    used 2484K, capacity 2587K, committed 2688K, reserved 1048576K
Event: 87.397 GC heap after
Heap after GC invocations=12 (full 1):
 PSYoungGen      total 377344K, used 17377K [0x0000000795580000, 0x00000007b8800000, 0x00000007c0000000)
  eden space 359936K, 0% used [0x0000000795580000,0x0000000795580000,0x00000007ab500000)
  from space 17408K, 99% used [0x00000007ab500000,0x00000007ac5f8430,0x00000007ac600000)
  to   space 25088K, 0% used [0x00000007b6f80000,0x00000007b6f80000,0x00000007b8800000)
 ParOldGen       total 46080K, used 42193K [0x0000000740000000, 0x0000000742d00000, 0x0000000795580000)
  object space 46080K, 91% used [0x0000000740000000,0x0000000742934790,0x0000000742d00000)
 Metaspace       used 25308K, capacity 25713K, committed 25984K, reserved 1073152K
  class space    used 2484K, capacity 2587K, committed 2688K, reserved 1048576K
}
Event: 87.397 GC heap before
{Heap before GC invocations=13 (full 2):
 PSYoungGen      total 377344K, used 17377K [0x0000000795580000, 0x00000007b8800000, 0x00000007c0000000)
  eden space 359936K, 0% used [0x0000000795580000,0x0000000795580000,0x00000007ab500000)
  from space 17408K, 99% used [0x00000007ab500000,0x00000007ac5f8430,0x00000007ac600000)
  to   space 25088K, 0% used [0x00000007b6f80000,0x00000007b6f80000,0x00000007b8800000)
 ParOldGen       total 46080K, used 42193K [0x0000000740000000, 0x0000000742d00000, 0x0000000795580000)
  object space 46080K, 91% used [0x0000000740000000,0x0000000742934790,0x0000000742d00000)
 Metaspace       used 25308K, capacity 25713K, committed 25984K, reserved 1073152K
  class space    used 2484K, capacity 2587K, committed 2688K, reserved 1048576K
Event: 87.481 GC heap after
Heap after GC invocations=13 (full 2):
 PSYoungGen      total 377344K, used 9504K [0x0000000795580000, 0x00000007b8800000, 0x00000007c0000000)
  eden space 359936K, 0% used [0x0000000795580000,0x0000000795580000,0x00000007ab500000)
  from space 17408K, 54% used [0x00000007ab500000,0x00000007abe48080,0x00000007ac600000)
  to   space 25088K, 0% used [0x00000007b6f80000,0x00000007b6f80000,0x00000007b8800000)
 ParOldGen       total 97280K, used 46053K [0x0000000740000000, 0x0000000745f00000, 0x0000000795580000)
  object space 97280K, 47% used [0x0000000740000000,0x0000000742cf9660,0x0000000745f00000)
 Metaspace       used 25308K, capacity 25713K, committed 25984K, reserved 1073152K
  class space    used 2484K, capacity 2587K, committed 2688K, reserved 1048576K
}
Event: 109.396 GC heap before
{Heap before GC invocations=14 (full 2):
 PSYoungGen      total 377344K, used 369440K [0x0000000795580000, 0x00000007b8800000, 0x00000007c0000000)
  eden space 359936K, 100% used [0x0000000795580000,0x00000007ab500000,0x00000007ab500000)
  from space 17408K, 54% used [0x00000007ab500000,0x00000007abe48080,0x00000007ac600000)
  to   space 25088K, 0% used [0x00000007b6f80000,0x00000007b6f80000,0x00000007b8800000)
 ParOldGen       total 97280K, used 46053K [0x0000000740000000, 0x0000000745f00000, 0x0000000795580000)
  object space 97280K, 47% used [0x0000000740000000,0x0000000742cf9660,0x0000000745f00000)
 Metaspace       used 25332K, capacity 25713K, committed 25984K, reserved 1073152K
  class space    used 2484K, capacity 2587K, committed 2688K, reserved 1048576K
Event: 109.413 GC heap after
Heap after GC invocations=14 (full 2):
 PSYoungGen      total 552448K, used 10096K [0x0000000795580000, 0x00000007b8f00000, 0x00000007c0000000)
  eden space 527360K, 0% used [0x0000000795580000,0x0000000795580000,0x00000007b5880000)
  from space 25088K, 40% used [0x00000007b6f80000,0x00000007b795c2a0,0x00000007b8800000)
  to   space 23552K, 0% used [0x00000007b5880000,0x00000007b5880000,0x00000007b6f80000)
 ParOldGen       total 97280K, used 55534K [0x0000000740000000, 0x0000000745f00000, 0x0000000795580000)
  object space 97280K, 57% used [0x0000000740000000,0x000000074363b8b0,0x0000000745f00000)
 Metaspace       used 25332K, capacity 25713K, committed 25984K, reserved 1073152K
  class space    used 2484K, capacity 2587K, committed 2688K, reserved 1048576K
}

Deoptimization events (10 events):
Event: 130.909 Thread 0x00007f974f95b800 Uncommon trap: reason=class_check action=maybe_recompile pc=0x00000001100ec750 method=java.util.HashMap.putVal(ILjava/lang/Object;Ljava/lang/Object;ZZ)Ljava/lang/Object; @ 91
Event: 130.910 Thread 0x00007f974f0e9800 Uncommon trap: reason=class_check action=maybe_recompile pc=0x0000000110411da0 method=java.awt.Component.getGraphics()Ljava/awt/Graphics; @ 114
Event: 130.912 Thread 0x00007f97500de800 Uncommon trap: reason=class_check action=maybe_recompile pc=0x00000001102e46c0 method=com.jogamp.common.util.RunnableTask.run()V @ 24
Event: 130.912 Thread 0x00007f97500de800 Uncommon trap: reason=unstable_if action=reinterpret pc=0x000000011045857c method=jogamp.nativewindow.macosx.OSXUtil.RunOnMainThread(ZZLjava/lang/Runnable;)V @ 3
Event: 130.919 Thread 0x00007f9750360000 Uncommon trap: reason=unstable_if action=reinterpret pc=0x0000000110128314 method=jogamp.opengl.GLContextImpl.release(Z)V @ 161
Event: 130.919 Thread 0x00007f9750360000 Uncommon trap: reason=unstable_if action=reinterpret pc=0x0000000110126cb4 method=java.util.IdentityHashMap.get(Ljava/lang/Object;)Ljava/lang/Object; @ 43
Event: 130.923 Thread 0x00007f9750360000 Uncommon trap: reason=unstable_if action=reinterpret pc=0x0000000110816798 method=java.util.LinkedList$ListItr.<init>(Ljava/util/LinkedList;I)V @ 26
Event: 130.923 Thread 0x00007f9750360000 Uncommon trap: reason=unstable_if action=reinterpret pc=0x00000001105a23f0 method=java.security.AccessControlContext.optimize()Ljava/security/AccessControlContext; @ 233
Event: 130.925 Thread 0x00007f9750360000 Uncommon trap: reason=unstable_if action=reinterpret pc=0x0000000110817184 method=java.util.LinkedList$ListItr.<init>(Ljava/util/LinkedList;I)V @ 26
Event: 130.929 Thread 0x00007f97500de800 Uncommon trap: reason=class_check action=maybe_recompile pc=0x00000001102e46c0 method=com.jogamp.common.util.RunnableTask.run()V @ 24

Internal exceptions (10 events):
Event: 0.338 Thread 0x00007f974f00a000 Exception <a 'java/io/FileNotFoundException'> (0x0000000795810de8) thrown at [/Users/java_re/workspace/8-2-build-macosx-x86_64/jdk8u131/8869/hotspot/src/share/vm/prims/jni.cpp, line 709]
Event: 0.482 Thread 0x00007f974f00a000 Exception <a 'java/io/FileNotFoundException'> (0x0000000795954b18) thrown at [/Users/java_re/workspace/8-2-build-macosx-x86_64/jdk8u131/8869/hotspot/src/share/vm/prims/jni.cpp, line 709]
Event: 2.578 Thread 0x00007f9750c0a800 Exception <a 'java/lang/UnsatisfiedLinkError': com.jogamp.common.util.JarUtil.fixNativeLibAttribs(Ljava/lang/String;)Z> (0x0000000796cbad08) thrown at [/Users/java_re/workspace/8-2-build-macosx-x86_64/jdk8u131/8869/hotspot/src/share/vm/prims/nativeLookup.
Event: 2.800 Thread 0x00007f9750800800 Exception <a 'java/lang/NullPointerException'> (0x00000007956a2dd8) thrown at [/Users/java_re/workspace/8-2-build-macosx-x86_64/jdk8u131/8869/hotspot/src/share/vm/interpreter/linkResolver.cpp, line 1197]
Event: 3.555 Thread 0x00007f9750360000 Exception <a 'java/io/FileNotFoundException'> (0x00000007960c86e0) thrown at [/Users/java_re/workspace/8-2-build-macosx-x86_64/jdk8u131/8869/hotspot/src/share/vm/prims/jni.cpp, line 709]
Event: 3.555 Thread 0x00007f9750360000 Exception <a 'java/io/FileNotFoundException'> (0x00000007960d1508) thrown at [/Users/java_re/workspace/8-2-build-macosx-x86_64/jdk8u131/8869/hotspot/src/share/vm/prims/jni.cpp, line 709]
Event: 3.555 Thread 0x00007f9750360000 Implicit null exception at 0x000000010fe5ebb6 to 0x000000010fe5ef81
Event: 3.851 Thread 0x00007f9750360000 Implicit null exception at 0x0000000110028a86 to 0x0000000110028ccd
Event: 69.748 Thread 0x00007f9755281000 Exception <a 'java/security/PrivilegedActionException'> (0x000000079ca25170) thrown at [/Users/java_re/workspace/8-2-build-macosx-x86_64/jdk8u131/8869/hotspot/src/share/vm/prims/jvm.cpp, line 1390]
Event: 130.692 Thread 0x00007f9750360000 Implicit null exception at 0x000000011055c280 to 0x0000000110560549

Events (10 events):
Event: 130.925 loading class java/awt/Toolkit$ToolkitEventMulticaster done
Event: 130.925 Thread 0x00007f9750360000 Uncommon trap: trap_request=0xffffff65 fr.pc=0x0000000110817184
Event: 130.925 Thread 0x00007f9750360000 DEOPT PACKING pc=0x0000000110817184 sp=0x0000700008deaa90
Event: 130.925 Thread 0x00007f9750360000 DEOPT UNPACKING pc=0x000000010fc2f229 sp=0x0000700008dea9e8 mode 2
Event: 130.925 Thread 0x00007f974f95b800 Thread exited: 0x00007f974f95b800
Event: 130.925 loading class java/awt/Window$1DisposeAction
Event: 130.926 loading class java/awt/Window$1DisposeAction done
Event: 130.929 Thread 0x00007f97500de800 Uncommon trap: trap_request=0xffffffde fr.pc=0x00000001102e46c0
Event: 130.929 Thread 0x00007f97500de800 DEOPT PACKING pc=0x00000001102e46c0 sp=0x00007fff563665f0
Event: 130.929 Thread 0x00007f97500de800 DEOPT UNPACKING pc=0x000000010fc2f229 sp=0x00007fff56366598 mode 2


Dynamic libraries:
0x00000000385fa000 	/System/Library/Frameworks/Cocoa.framework/Versions/A/Cocoa
0x00000000385fa000 	/System/Library/Frameworks/Security.framework/Versions/A/Security
0x00000000385fa000 	/System/Library/Frameworks/ApplicationServices.framework/Versions/A/ApplicationServices
0x00000000385fa000 	/usr/lib/libz.1.dylib
0x00000000385fa000 	/usr/lib/libSystem.B.dylib
0x00000000385fa000 	/usr/lib/libobjc.A.dylib
0x00000000385fa000 	/System/Library/Frameworks/CoreFoundation.framework/Versions/A/CoreFoundation
0x00000000385fa000 	/System/Library/Frameworks/Foundation.framework/Versions/C/Foundation
0x00000000385fa000 	/System/Library/Frameworks/AppKit.framework/Versions/C/AppKit
0x00000000385fa000 	/System/Library/Frameworks/CoreData.framework/Versions/A/CoreData
0x00000000385fa000 	/System/Library/PrivateFrameworks/RemoteViewServices.framework/Versions/A/RemoteViewServices
0x00000000385fa000 	/System/Library/PrivateFrameworks/UIFoundation.framework/Versions/A/UIFoundation
0x00000000385fa000 	/System/Library/PrivateFrameworks/DFRFoundation.framework/Versions/A/DFRFoundation
0x00000000385fa000 	/usr/lib/libenergytrace.dylib
0x00000000385fa000 	/System/Library/PrivateFrameworks/SkyLight.framework/Versions/A/SkyLight
0x00000000385fa000 	/System/Library/Frameworks/CoreGraphics.framework/Versions/A/CoreGraphics
0x00000000385fa000 	/usr/lib/libScreenReader.dylib
0x00000000385fa000 	/System/Library/Frameworks/Accelerate.framework/Versions/A/Accelerate
0x00000000385fa000 	/System/Library/Frameworks/IOSurface.framework/Versions/A/IOSurface
0x00000000385fa000 	/System/Library/Frameworks/AudioToolbox.framework/Versions/A/AudioToolbox
0x00000000385fa000 	/System/Library/Frameworks/AudioUnit.framework/Versions/A/AudioUnit
0x00000000385fa000 	/System/Library/PrivateFrameworks/DataDetectorsCore.framework/Versions/A/DataDetectorsCore
0x00000000385fa000 	/System/Library/PrivateFrameworks/DesktopServicesPriv.framework/Versions/A/DesktopServicesPriv
0x00000000385fa000 	/System/Library/Frameworks/Carbon.framework/Versions/A/Frameworks/HIToolbox.framework/Versions/A/HIToolbox
0x00000000385fa000 	/usr/lib/libicucore.A.dylib
0x00000000385fa000 	/System/Library/Frameworks/QuartzCore.framework/Versions/A/QuartzCore
0x00000000385fa000 	/System/Library/Frameworks/Carbon.framework/Versions/A/Frameworks/SpeechRecognition.framework/Versions/A/SpeechRecognition
0x00000000385fa000 	/usr/lib/libauto.dylib
0x00000000385fa000 	/usr/lib/libxml2.2.dylib
0x00000000385fa000 	/System/Library/PrivateFrameworks/CoreUI.framework/Versions/A/CoreUI
0x00000000385fa000 	/System/Library/Frameworks/CoreAudio.framework/Versions/A/CoreAudio
0x00000000385fa000 	/System/Library/Frameworks/DiskArbitration.framework/Versions/A/DiskArbitration
0x00000000385fa000 	/usr/lib/liblangid.dylib
0x00000000385fa000 	/System/Library/PrivateFrameworks/MultitouchSupport.framework/Versions/A/MultitouchSupport
0x00000000385fa000 	/System/Library/Frameworks/IOKit.framework/Versions/A/IOKit
0x00000000385fa000 	/usr/lib/libDiagnosticMessagesClient.dylib
0x00000000385fa000 	/System/Library/Frameworks/CoreServices.framework/Versions/A/CoreServices
0x00000000385fa000 	/System/Library/PrivateFrameworks/PerformanceAnalysis.framework/Versions/A/PerformanceAnalysis
0x00000000385fa000 	/System/Library/PrivateFrameworks/GenerationalStorage.framework/Versions/A/GenerationalStorage
0x00000000385fa000 	/System/Library/Frameworks/OpenGL.framework/Versions/A/OpenGL
0x00000000385fa000 	/System/Library/Frameworks/CoreImage.framework/Versions/A/CoreImage
0x00000000385fa000 	/System/Library/Frameworks/CoreText.framework/Versions/A/CoreText
0x00000000385fa000 	/System/Library/Frameworks/ImageIO.framework/Versions/A/ImageIO
0x00000000385fa000 	/System/Library/PrivateFrameworks/Backup.framework/Versions/A/Backup
0x00000000385fa000 	/usr/lib/libarchive.2.dylib
0x00000000385fa000 	/System/Library/Frameworks/CFNetwork.framework/Versions/A/CFNetwork
0x00000000385fa000 	/System/Library/Frameworks/SystemConfiguration.framework/Versions/A/SystemConfiguration
0x00000000385fa000 	/usr/lib/libCRFSuite.dylib
0x00000000385fa000 	/usr/lib/libc++.1.dylib
0x00000000385fa000 	/usr/lib/libc++abi.dylib
0x00000000385fa000 	/usr/lib/system/libcache.dylib
0x00000000385fa000 	/usr/lib/system/libcommonCrypto.dylib
0x00000000385fa000 	/usr/lib/system/libcompiler_rt.dylib
0x00000000385fa000 	/usr/lib/system/libcopyfile.dylib
0x00000000385fa000 	/usr/lib/system/libcorecrypto.dylib
0x00000000385fa000 	/usr/lib/system/libdispatch.dylib
0x00000000385fa000 	/usr/lib/system/libdyld.dylib
0x00000000385fa000 	/usr/lib/system/libkeymgr.dylib
0x00000000385fa000 	/usr/lib/system/liblaunch.dylib
0x00000000385fa000 	/usr/lib/system/libmacho.dylib
0x00000000385fa000 	/usr/lib/system/libquarantine.dylib
0x00000000385fa000 	/usr/lib/system/libremovefile.dylib
0x00000000385fa000 	/usr/lib/system/libsystem_asl.dylib
0x00000000385fa000 	/usr/lib/system/libsystem_blocks.dylib
0x00000000385fa000 	/usr/lib/system/libsystem_c.dylib
0x00000000385fa000 	/usr/lib/system/libsystem_configuration.dylib
0x00000000385fa000 	/usr/lib/system/libsystem_coreservices.dylib
0x00000000385fa000 	/usr/lib/system/libsystem_coretls.dylib
0x00000000385fa000 	/usr/lib/system/libsystem_dnssd.dylib
0x00000000385fa000 	/usr/lib/system/libsystem_info.dylib
0x00000000385fa000 	/usr/lib/system/libsystem_kernel.dylib
0x00000000385fa000 	/usr/lib/system/libsystem_m.dylib
0x00000000385fa000 	/usr/lib/system/libsystem_malloc.dylib
0x00000000385fa000 	/usr/lib/system/libsystem_network.dylib
0x00000000385fa000 	/usr/lib/system/libsystem_networkextension.dylib
0x00000000385fa000 	/usr/lib/system/libsystem_notify.dylib
0x00000000385fa000 	/usr/lib/system/libsystem_platform.dylib
0x00000000385fa000 	/usr/lib/system/libsystem_pthread.dylib
0x00000000385fa000 	/usr/lib/system/libsystem_sandbox.dylib
0x00000000385fa000 	/usr/lib/system/libsystem_secinit.dylib
0x00000000385fa000 	/usr/lib/system/libsystem_symptoms.dylib
0x00000000385fa000 	/usr/lib/system/libsystem_trace.dylib
0x00000000385fa000 	/usr/lib/system/libunwind.dylib
0x00000000385fa000 	/usr/lib/system/libxpc.dylib
0x00000000385fa000 	/usr/lib/libbsm.0.dylib
0x00000000385fa000 	/usr/lib/system/libkxld.dylib
0x00000000385fa000 	/usr/lib/libcoretls.dylib
0x00000000385fa000 	/usr/lib/libcoretls_cfhelpers.dylib
0x00000000385fa000 	/usr/lib/libOpenScriptingUtil.dylib
0x00000000385fa000 	/usr/lib/libpam.2.dylib
0x00000000385fa000 	/usr/lib/libsqlite3.dylib
0x00000000385fa000 	/usr/lib/libxar.1.dylib
0x00000000385fa000 	/usr/lib/libbz2.1.0.dylib
0x00000000385fa000 	/usr/lib/liblzma.5.dylib
0x00000000385fa000 	/usr/lib/libnetwork.dylib
0x00000000385fa000 	/usr/lib/libpcap.A.dylib
0x00000000385fa000 	/System/Library/Frameworks/CoreServices.framework/Versions/A/Frameworks/FSEvents.framework/Versions/A/FSEvents
0x00000000385fa000 	/System/Library/Frameworks/CoreServices.framework/Versions/A/Frameworks/CarbonCore.framework/Versions/A/CarbonCore
0x00000000385fa000 	/System/Library/Frameworks/CoreServices.framework/Versions/A/Frameworks/Metadata.framework/Versions/A/Metadata
0x00000000385fa000 	/System/Library/Frameworks/CoreServices.framework/Versions/A/Frameworks/OSServices.framework/Versions/A/OSServices
0x00000000385fa000 	/System/Library/Frameworks/CoreServices.framework/Versions/A/Frameworks/SearchKit.framework/Versions/A/SearchKit
0x00000000385fa000 	/System/Library/Frameworks/CoreServices.framework/Versions/A/Frameworks/AE.framework/Versions/A/AE
0x00000000385fa000 	/System/Library/Frameworks/CoreServices.framework/Versions/A/Frameworks/LaunchServices.framework/Versions/A/LaunchServices
0x00000000385fa000 	/System/Library/Frameworks/CoreServices.framework/Versions/A/Frameworks/DictionaryServices.framework/Versions/A/DictionaryServices
0x00000000385fa000 	/System/Library/Frameworks/CoreServices.framework/Versions/A/Frameworks/SharedFileList.framework/Versions/A/SharedFileList
0x00000000385fa000 	/System/Library/Frameworks/NetFS.framework/Versions/A/NetFS
0x00000000385fa000 	/System/Library/PrivateFrameworks/NetAuth.framework/Versions/A/NetAuth
0x00000000385fa000 	/System/Library/PrivateFrameworks/login.framework/Versions/A/Frameworks/loginsupport.framework/Versions/A/loginsupport
0x00000000385fa000 	/System/Library/PrivateFrameworks/TCC.framework/Versions/A/TCC
0x00000000385fa000 	/usr/lib/libmecabra.dylib
0x00000000385fa000 	/System/Library/Frameworks/ApplicationServices.framework/Versions/A/Frameworks/ATS.framework/Versions/A/ATS
0x00000000385fa000 	/System/Library/Frameworks/ApplicationServices.framework/Versions/A/Frameworks/ColorSync.framework/Versions/A/ColorSync
0x00000000385fa000 	/System/Library/Frameworks/ApplicationServices.framework/Versions/A/Frameworks/HIServices.framework/Versions/A/HIServices
0x00000000385fa000 	/System/Library/Frameworks/ApplicationServices.framework/Versions/A/Frameworks/LangAnalysis.framework/Versions/A/LangAnalysis
0x00000000385fa000 	/System/Library/Frameworks/ApplicationServices.framework/Versions/A/Frameworks/PrintCore.framework/Versions/A/PrintCore
0x00000000385fa000 	/System/Library/Frameworks/ApplicationServices.framework/Versions/A/Frameworks/QD.framework/Versions/A/QD
0x00000000385fa000 	/System/Library/Frameworks/ApplicationServices.framework/Versions/A/Frameworks/SpeechSynthesis.framework/Versions/A/SpeechSynthesis
0x00000000385fa000 	/System/Library/Frameworks/Accelerate.framework/Versions/A/Frameworks/vImage.framework/Versions/A/vImage
0x00000000385fa000 	/System/Library/Frameworks/Accelerate.framework/Versions/A/Frameworks/vecLib.framework/Versions/A/vecLib
0x00000000385fa000 	/System/Library/Frameworks/Accelerate.framework/Versions/A/Frameworks/vecLib.framework/Versions/A/libvDSP.dylib
0x00000000385fa000 	/System/Library/Frameworks/Accelerate.framework/Versions/A/Frameworks/vecLib.framework/Versions/A/libBNNS.dylib
0x00000000385fa000 	/System/Library/Frameworks/Accelerate.framework/Versions/A/Frameworks/vecLib.framework/Versions/A/libQuadrature.dylib
0x00000000385fa000 	/System/Library/Frameworks/Accelerate.framework/Versions/A/Frameworks/vecLib.framework/Versions/A/libvMisc.dylib
0x00000000385fa000 	/System/Library/Frameworks/Accelerate.framework/Versions/A/Frameworks/vecLib.framework/Versions/A/libLAPACK.dylib
0x00000000385fa000 	/System/Library/Frameworks/Accelerate.framework/Versions/A/Frameworks/vecLib.framework/Versions/A/libBLAS.dylib
0x00000000385fa000 	/System/Library/Frameworks/Accelerate.framework/Versions/A/Frameworks/vecLib.framework/Versions/A/libLinearAlgebra.dylib
0x00000000385fa000 	/System/Library/Frameworks/Accelerate.framework/Versions/A/Frameworks/vecLib.framework/Versions/A/libSparseBLAS.dylib
0x00000000385fa000 	/System/Library/Frameworks/ApplicationServices.framework/Versions/A/Frameworks/ATS.framework/Versions/A/Resources/libFontParser.dylib
0x00000000385fa000 	/System/Library/Frameworks/ApplicationServices.framework/Versions/A/Frameworks/ATS.framework/Versions/A/Resources/libFontRegistry.dylib
0x00000000385fa000 	/System/Library/Frameworks/ImageIO.framework/Versions/A/Resources/libJPEG.dylib
0x00000000385fa000 	/System/Library/Frameworks/ImageIO.framework/Versions/A/Resources/libTIFF.dylib
0x00000000385fa000 	/System/Library/Frameworks/ImageIO.framework/Versions/A/Resources/libPng.dylib
0x00000000385fa000 	/System/Library/Frameworks/ImageIO.framework/Versions/A/Resources/libGIF.dylib
0x00000000385fa000 	/System/Library/Frameworks/ImageIO.framework/Versions/A/Resources/libJP2.dylib
0x00000000385fa000 	/System/Library/Frameworks/ImageIO.framework/Versions/A/Resources/libRadiance.dylib
0x00000000385fa000 	/usr/lib/libcompression.dylib
0x00000000385fa000 	/System/Library/PrivateFrameworks/AppleJPEG.framework/Versions/A/AppleJPEG
0x00000000385fa000 	/usr/lib/libcups.2.dylib
0x00000000385fa000 	/System/Library/Frameworks/Kerberos.framework/Versions/A/Kerberos
0x00000000385fa000 	/System/Library/Frameworks/GSS.framework/Versions/A/GSS
0x00000000385fa000 	/usr/lib/libresolv.9.dylib
0x00000000385fa000 	/usr/lib/libiconv.2.dylib
0x00000000385fa000 	/System/Library/PrivateFrameworks/Heimdal.framework/Versions/A/Heimdal
0x00000000385fa000 	/usr/lib/libheimdal-asn1.dylib
0x00000000385fa000 	/System/Library/Frameworks/OpenDirectory.framework/Versions/A/OpenDirectory
0x00000000385fa000 	/System/Library/PrivateFrameworks/CommonAuth.framework/Versions/A/CommonAuth
0x00000000385fa000 	/System/Library/Frameworks/OpenDirectory.framework/Versions/A/Frameworks/CFOpenDirectory.framework/Versions/A/CFOpenDirectory
0x00000000385fa000 	/System/Library/Frameworks/SecurityFoundation.framework/Versions/A/SecurityFoundation
0x00000000385fa000 	/System/Library/PrivateFrameworks/LanguageModeling.framework/Versions/A/LanguageModeling
0x00000000385fa000 	/usr/lib/libmarisa.dylib
0x00000000385fa000 	/usr/lib/libChineseTokenizer.dylib
0x00000000385fa000 	/usr/lib/libcmph.dylib
0x00000000385fa000 	/System/Library/PrivateFrameworks/CoreEmoji.framework/Versions/A/CoreEmoji
0x00000000385fa000 	/System/Library/Frameworks/ServiceManagement.framework/Versions/A/ServiceManagement
0x00000000385fa000 	/usr/lib/libxslt.1.dylib
0x00000000385fa000 	/System/Library/Frameworks/Carbon.framework/Versions/A/Frameworks/Ink.framework/Versions/A/Ink
0x00000000385fa000 	/System/Library/PrivateFrameworks/TextureIO.framework/Versions/A/TextureIO
0x00000000385fa000 	/System/Library/Frameworks/Metal.framework/Versions/A/Metal
0x00000000385fa000 	/usr/lib/libate.dylib
0x00000000385fa000 	/System/Library/PrivateFrameworks/GPUCompiler.framework/libmetal_timestamp.dylib
0x00000000385fa000 	/System/Library/Frameworks/OpenGL.framework/Versions/A/Libraries/libCoreFSCache.dylib
0x00000000385fa000 	/System/Library/PrivateFrameworks/IOAccelerator.framework/Versions/A/IOAccelerator
0x00000000385fa000 	/System/Library/Frameworks/CoreVideo.framework/Versions/A/CoreVideo
0x00000000385fa000 	/usr/lib/libFosl_dynamic.dylib
0x00000000385fa000 	/System/Library/PrivateFrameworks/MetalPerformanceShaders.framework/Versions/A/MetalPerformanceShaders
0x00000000385fa000 	/System/Library/PrivateFrameworks/FaceCore.framework/Versions/A/FaceCore
0x00000000385fa000 	/System/Library/Frameworks/OpenCL.framework/Versions/A/OpenCL
0x00000000385fa000 	/System/Library/Frameworks/OpenGL.framework/Versions/A/Libraries/libGLU.dylib
0x00000000385fa000 	/System/Library/Frameworks/OpenGL.framework/Versions/A/Libraries/libGFXShared.dylib
0x00000000385fa000 	/System/Library/Frameworks/OpenGL.framework/Versions/A/Libraries/libGL.dylib
0x00000000385fa000 	/System/Library/Frameworks/OpenGL.framework/Versions/A/Libraries/libGLImage.dylib
0x00000000385fa000 	/System/Library/Frameworks/OpenGL.framework/Versions/A/Libraries/libCVMSPluginSupport.dylib
0x00000000385fa000 	/System/Library/Frameworks/OpenGL.framework/Versions/A/Libraries/libCoreVMClient.dylib
0x00000000385fa000 	/System/Library/PrivateFrameworks/CrashReporterSupport.framework/Versions/A/CrashReporterSupport
0x00000000385fa000 	/System/Library/PrivateFrameworks/Sharing.framework/Versions/A/Sharing
0x00000000385fa000 	/System/Library/PrivateFrameworks/IconServices.framework/Versions/A/IconServices
0x00000000385fa000 	/System/Library/PrivateFrameworks/ProtocolBuffer.framework/Versions/A/ProtocolBuffer
0x00000000385fa000 	/System/Library/PrivateFrameworks/Apple80211.framework/Versions/A/Apple80211
0x00000000385fa000 	/System/Library/Frameworks/CoreWLAN.framework/Versions/A/CoreWLAN
0x00000000385fa000 	/System/Library/PrivateFrameworks/CoreUtils.framework/Versions/A/CoreUtils
0x00000000385fa000 	/System/Library/Frameworks/IOBluetooth.framework/Versions/A/IOBluetooth
0x00000000385fa000 	/System/Library/PrivateFrameworks/CoreWiFi.framework/Versions/A/CoreWiFi
0x00000000385fa000 	/System/Library/Frameworks/CoreBluetooth.framework/Versions/A/CoreBluetooth
0x00000000385fa000 	/System/Library/Frameworks/CoreDisplay.framework/Versions/A/CoreDisplay
0x00000000385fa000 	/System/Library/PrivateFrameworks/IOPresentment.framework/Versions/A/IOPresentment
0x00000000385fa000 	/System/Library/PrivateFrameworks/DSExternalDisplay.framework/Versions/A/DSExternalDisplay
0x00000000385fa000 	/System/Library/PrivateFrameworks/DebugSymbols.framework/Versions/A/DebugSymbols
0x00000000385fa000 	/System/Library/PrivateFrameworks/CoreSymbolication.framework/Versions/A/CoreSymbolication
0x00000000385fa000 	/System/Library/PrivateFrameworks/Symbolication.framework/Versions/A/Symbolication
0x00000000385fa000 	/System/Library/PrivateFrameworks/AppleFSCompression.framework/Versions/A/AppleFSCompression
0x00000000385fa000 	/System/Library/PrivateFrameworks/SpeechRecognitionCore.framework/Versions/A/SpeechRecognitionCore
0x00000000385fa000 	/System/Library/PrivateFrameworks/ChunkingLibrary.framework/Versions/A/ChunkingLibrary
0x0000000109912000 	/Library/Java/JavaVirtualMachines/jdk1.8.0_131.jdk/Contents/Home/jre/lib/server/libjvm.dylib
0x00000000385fa000 	/usr/lib/libstdc++.6.dylib
0x000000010a8b5000 	/Library/Java/JavaVirtualMachines/jdk1.8.0_131.jdk/Contents/Home/jre/lib/libverify.dylib
0x000000010a8c3000 	/Library/Java/JavaVirtualMachines/jdk1.8.0_131.jdk/Contents/Home/jre/lib/libjava.dylib
0x000000010a902000 	/Library/Java/JavaVirtualMachines/jdk1.8.0_131.jdk/Contents/Home/jre/lib/libzip.dylib
0x000000010da78000 	/System/Library/Frameworks/JavaVM.framework/Frameworks/JavaRuntimeSupport.framework/JavaRuntimeSupport
0x000000010da92000 	/System/Library/Frameworks/JavaVM.framework/Versions/A/Frameworks/JavaNativeFoundation.framework/Versions/A/JavaNativeFoundation
0x000000010daa7000 	/System/Library/Frameworks/JavaVM.framework/Versions/A/JavaVM
0x00000000385fa000 	/System/Library/Frameworks/Carbon.framework/Versions/A/Carbon
0x000000010dab4000 	/System/Library/PrivateFrameworks/JavaLaunching.framework/Versions/A/JavaLaunching
0x00000000385fa000 	/System/Library/Frameworks/Carbon.framework/Versions/A/Frameworks/CommonPanels.framework/Versions/A/CommonPanels
0x00000000385fa000 	/System/Library/Frameworks/Carbon.framework/Versions/A/Frameworks/Help.framework/Versions/A/Help
0x00000000385fa000 	/System/Library/Frameworks/Carbon.framework/Versions/A/Frameworks/ImageCapture.framework/Versions/A/ImageCapture
0x00000000385fa000 	/System/Library/Frameworks/Carbon.framework/Versions/A/Frameworks/OpenScripting.framework/Versions/A/OpenScripting
0x00000000385fa000 	/System/Library/Frameworks/Carbon.framework/Versions/A/Frameworks/Print.framework/Versions/A/Print
0x00000000385fa000 	/System/Library/Frameworks/Carbon.framework/Versions/A/Frameworks/SecurityHI.framework/Versions/A/SecurityHI
0x000000010f3bb000 	/Library/Java/JavaVirtualMachines/jdk1.8.0_131.jdk/Contents/Home/jre/lib/libawt.dylib
0x000000010f463000 	/Library/Java/JavaVirtualMachines/jdk1.8.0_131.jdk/Contents/Home/jre/lib/./libmlib_image.dylib
0x000000010f52f000 	/Library/Java/JavaVirtualMachines/jdk1.8.0_131.jdk/Contents/Home/jre/lib/libawt_lwawt.dylib
0x000000010f5e6000 	/Library/Java/JavaVirtualMachines/jdk1.8.0_131.jdk/Contents/Home/jre/lib/./libosxapp.dylib
0x00000000385fa000 	/System/Library/Frameworks/ExceptionHandling.framework/Versions/A/ExceptionHandling
0x00000000385fa000 	/System/Library/PrivateFrameworks/CoreServicesInternal.framework/Versions/A/CoreServicesInternal
0x00000000385fa000 	/System/Library/CoreServices/RawCamera.bundle/Contents/MacOS/RawCamera
0x00000000385fa000 	/System/Library/Frameworks/Accelerate.framework/Versions/A/Frameworks/vImage.framework/Versions/A/Libraries/libCGInterfaces.dylib
0x00000000385fa000 	/System/Library/Frameworks/ApplicationServices.framework/Versions/A/Frameworks/ATS.framework/Versions/A/Resources/libTrueTypeScaler.dylib
0x00000001244a5000 	/System/Library/Frameworks/OpenGL.framework/Resources/GLEngine.bundle/GLEngine
0x00000000385fa000 	/System/Library/Frameworks/OpenGL.framework/Versions/A/Libraries/libGLProgrammability.dylib
0x000000012468a000 	/System/Library/Extensions/AppleIntelSKLGraphicsGLDriver.bundle/Contents/MacOS/AppleIntelSKLGraphicsGLDriver
0x00000000385fa000 	/System/Library/PrivateFrameworks/GPUSupport.framework/Versions/A/Libraries/libGPUSupportMercury.dylib
0x000000012540e000 	/System/Library/Frameworks/OpenGL.framework/Resources//GLRendererFloat.bundle/GLRendererFloat
0x00000000385fa000 	/System/Library/Frameworks/OpenCL.framework/Versions/A/Libraries/libcldcpuengine.dylib
0x00000000385fa000 	/usr/lib/libcrypto.0.9.8.dylib
0x00000000385fa000 	/System/Library/PrivateFrameworks/TrustEvaluationAgent.framework/Versions/A/TrustEvaluationAgent
0x0000000125442000 	/System/Library/Extensions/AppleIntelSKLGraphicsMTLDriver.bundle/Contents/MacOS/AppleIntelSKLGraphicsMTLDriver
0x00000000385fa000 	/System/Library/PrivateFrameworks/FamilyControls.framework/Versions/A/FamilyControls
0x00000000385fa000 	/System/Library/PrivateFrameworks/CommerceKit.framework/Versions/A/Frameworks/CommerceCore.framework/Versions/A/CommerceCore
0x00000000385fa000 	/System/Library/PrivateFrameworks/SystemAdministration.framework/Versions/A/SystemAdministration
0x00000000385fa000 	/System/Library/PrivateFrameworks/AppContainer.framework/Versions/A/AppContainer
0x00000000385fa000 	/System/Library/PrivateFrameworks/SecCodeWrapper.framework/Versions/A/SecCodeWrapper
0x00000000385fa000 	/System/Library/Frameworks/DirectoryService.framework/Versions/A/DirectoryService
0x00000000385fa000 	/System/Library/PrivateFrameworks/DiskImages.framework/Versions/A/DiskImages
0x00000000385fa000 	/System/Library/PrivateFrameworks/LoginUIKit.framework/Versions/A/Frameworks/LoginUICore.framework/Versions/A/LoginUICore
0x00000000385fa000 	/usr/lib/libCoreStorage.dylib
0x00000000385fa000 	/usr/lib/libcsfde.dylib
0x00000000385fa000 	/usr/lib/libodfde.dylib
0x00000000385fa000 	/System/Library/Frameworks/DiscRecording.framework/Versions/A/DiscRecording
0x00000000385fa000 	/usr/lib/libcurl.4.dylib
0x00000000385fa000 	/System/Library/PrivateFrameworks/MediaKit.framework/Versions/A/MediaKit
0x00000000385fa000 	/System/Library/PrivateFrameworks/ProtectedCloudStorage.framework/Versions/A/ProtectedCloudStorage
0x00000000385fa000 	/System/Library/PrivateFrameworks/EFILogin.framework/Versions/A/EFILogin
0x00000000385fa000 	/usr/lib/libutil.dylib
0x00000000385fa000 	/System/Library/Frameworks/LDAP.framework/Versions/A/LDAP
0x00000000385fa000 	/usr/lib/libsasl2.2.dylib
0x00000000385fa000 	/System/Library/PrivateFrameworks/CoreDaemon.framework/Versions/B/CoreDaemon
0x00000000385fa000 	/System/Library/PrivateFrameworks/AppleSRP.framework/Versions/A/AppleSRP
0x00000000385fa000 	/System/Library/PrivateFrameworks/APFS.framework/Versions/A/APFS
0x00000001272f6000 	/Library/Java/JavaVirtualMachines/jdk1.8.0_131.jdk/Contents/Home/jre/lib/libfontmanager.dylib
0x00000000385fa000 	/System/Library/PrivateFrameworks/ViewBridge.framework/Versions/A/ViewBridge
0x00000000385fa000 	/System/Library/PrivateFrameworks/XPCService.framework/Versions/A/XPCService
0x00000000385fa000 	/System/Library/PrivateFrameworks/AppSandbox.framework/Versions/A/AppSandbox
0x00000000385fa000 	/usr/lib/libsandbox.1.dylib
0x00000000385fa000 	/usr/lib/libMatch.1.dylib
0x00000001283c5000 	/Library/Java/JavaVirtualMachines/jdk1.8.0_131.jdk/Contents/Home/jre/lib/libosxui.dylib
0x000000012954c000 	/Library/Java/JavaVirtualMachines/jdk1.8.0_131.jdk/Contents/Home/jre/lib/libnet.dylib
0x00000001292c0000 	/Library/Java/JavaVirtualMachines/jdk1.8.0_131.jdk/Contents/Home/jre/lib/libnio.dylib
0x00000001283b7000 	/private/var/folders/lr/vg0t0wxx3tg6yq252w_p67_00000gn/T/jogamp_0000/file_cache/jln6417530479532087016/jln7236103974899259532/libgluegen-rt.jnilib
0x00000001283bb000 	/private/var/folders/lr/vg0t0wxx3tg6yq252w_p67_00000gn/T/jogamp_0000/file_cache/jln6417530479532087016/jln7236103974899259532/libnativewindow_awt.jnilib
0x00000001283be000 	/Library/Java/JavaVirtualMachines/jdk1.8.0_131.jdk/Contents/Home/jre/lib/libjawt.dylib
0x000000019196b000 	/private/var/folders/lr/vg0t0wxx3tg6yq252w_p67_00000gn/T/jogamp_0000/file_cache/jln6417530479532087016/jln7236103974899259532/libnativewindow_macosx.jnilib
0x0000000191de4000 	/private/var/folders/lr/vg0t0wxx3tg6yq252w_p67_00000gn/T/jogamp_0000/file_cache/jln6417530479532087016/jln7236103974899259532/libjogl_desktop.jnilib
0x000000019b5fd000 	/Library/Java/JavaVirtualMachines/jdk1.8.0_131.jdk/Contents/Home/jre/lib/libsunec.dylib
0x000000019b5bb000 	/Library/Java/JavaVirtualMachines/jdk1.8.0_131.jdk/Contents/Home/jre/lib/libjpeg.dylib
0x000000019b6e5000 	/Library/Java/JavaVirtualMachines/jdk1.8.0_131.jdk/Contents/Home/jre/lib/libt2k.dylib

VM Arguments:
jvm_args: -Djava.security.policy=java.policy.applet -Dfile.encoding=UTF-8 
java_command: sun.applet.AppletViewer finalProjectUCSD1.EarthquakeCityMap1500303181288.html
java_class_path (initial): /Users/sravanjr/Documents/College Classes/Eclipse Practice/UCSDUnfoldingMaps/build:/Users/sravanjr/Documents/College Classes/Eclipse Practice/UCSDUnfoldingMaps/lib/core.jar:/Users/sravanjr/Documents/College Classes/Eclipse Practice/UCSDUnfoldingMaps/lib/gluegen-rt.jar:/Users/sravanjr/Documents/College Classes/Eclipse Practice/UCSDUnfoldingMaps/lib/jogl-all.jar:/Users/sravanjr/Documents/College Classes/Eclipse Practice/UCSDUnfoldingMaps/lib/log4j-1.2.15.jar:/Users/sravanjr/Documents/College Classes/Eclipse Practice/UCSDUnfoldingMaps/lib/sqlite-jdbc-3.7.2.jar:/Users/sravanjr/Documents/College Classes/Eclipse Practice/UCSDUnfoldingMaps/lib/json4processing.jar:/Users/sravanjr/Documents/College Classes/Eclipse Practice/UCSDUnfoldingMaps/lib/libTUIO.jar:/Users/sravanjr/Documents/College Classes/Eclipse Practice/UCSDUnfoldingMaps/lib/unfolding.0.9.7-uscd.jar
Launcher Type: SUN_STANDARD

Environment Variables:
PATH=/usr/bin:/bin:/usr/sbin:/sbin
SHELL=/bin/bash

Signal Handlers:
SIGSEGV: [libjvm.dylib+0x5b1eb1], sa_mask[0]=11111111011111110111111111111111, sa_flags=SA_ONSTACK|SA_RESTART|SA_SIGINFO
SIGBUS: [libjvm.dylib+0x5b1eb1], sa_mask[0]=11111111011111110111111111111111, sa_flags=SA_RESTART|SA_SIGINFO
SIGFPE: [libjvm.dylib+0x488988], sa_mask[0]=11111111011111110111111111111111, sa_flags=SA_RESTART|SA_SIGINFO
SIGPIPE: [libjvm.dylib+0x488988], sa_mask[0]=11111111011111110111111111111111, sa_flags=SA_RESTART|SA_SIGINFO
SIGXFSZ: [libjvm.dylib+0x488988], sa_mask[0]=11111111011111110111111111111111, sa_flags=SA_RESTART|SA_SIGINFO
SIGILL: [libjvm.dylib+0x488988], sa_mask[0]=11111111011111110111111111111111, sa_flags=SA_RESTART|SA_SIGINFO
SIGUSR1: SIG_DFL, sa_mask[0]=00000000000000000000000000000000, sa_flags=none
SIGUSR2: [libjvm.dylib+0x4884a6], sa_mask[0]=00100000000000000000000000000000, sa_flags=SA_RESTART|SA_SIGINFO
SIGHUP: [libjvm.dylib+0x486a7d], sa_mask[0]=11111111011111110111111111111111, sa_flags=SA_RESTART|SA_SIGINFO
SIGINT: [libjvm.dylib+0x486a7d], sa_mask[0]=11111111011111110111111111111111, sa_flags=SA_RESTART|SA_SIGINFO
SIGTERM: [libjvm.dylib+0x486a7d], sa_mask[0]=11111111011111110111111111111111, sa_flags=SA_RESTART|SA_SIGINFO
SIGQUIT: [libjvm.dylib+0x486a7d], sa_mask[0]=11111111011111110111111111111111, sa_flags=SA_RESTART|SA_SIGINFO


---------------  S Y S T E M  ---------------

OS:Bsduname:Darwin 16.6.0 Darwin Kernel Version 16.6.0: Fri Apr 14 16:21:16 PDT 2017; root:xnu-3789.60.24~6/RELEASE_X86_64 x86_64
rlimit: STACK 8192k, CORE 0k, NPROC 709, NOFILE 10240, AS infinity
load average:2.84 2.66 2.58

CPU:total 4 (initial active 4) (2 cores per cpu, 2 threads per core) family 6 model 78 stepping 3, cmov, cx8, fxsr, mmx, sse, sse2, sse3, ssse3, sse4.1, sse4.2, popcnt, avx, avx2, aes, clmul, erms, rtm, 3dnowpref, lzcnt, ht, tsc, tscinvbit, bmi1, bmi2, adx

Memory: 4k page, physical 8388608k(157800k free)

/proc/meminfo:


vm_info: Java HotSpot(TM) 64-Bit Server VM (25.131-b11) for bsd-amd64 JRE (1.8.0_131-b11), built on Mar 15 2017 01:32:22 by "java_re" with gcc 4.2.1 (Based on Apple Inc. build 5658) (LLVM build 2336.11.00)

time: Mon Jul 17 07:55:12 2017
elapsed time: 130 seconds (0d 0h 2m 10s)

