#
# A fatal error has been detected by the Java Runtime Environment:
#
#  SIGSEGV (0xb) at pc=0x00007fffc287e05d, pid=1631, tid=0x0000000000000307
#
# JRE version: Java(TM) SE Runtime Environment (8.0_131-b11) (build 1.8.0_131-b11)
# Java VM: Java HotSpot(TM) 64-Bit Server VM (25.131-b11 mixed mode bsd-amd64 compressed oops)
# Problematic frame:
# C  [libobjc.A.dylib+0x705d]  objc_msgSend+0x1d
#
# Failed to write core dump. Core dumps have been disabled. To enable core dumping, try "ulimit -c unlimited" before starting Java again
#
# If you would like to submit a bug report, please visit:
#   http://bugreport.java.com/bugreport/crash.jsp
# The crash happened outside the Java Virtual Machine in native code.
# See problematic frame for where to report the bug.
#

---------------  T H R E A D  ---------------

Current thread (0x00007fb3178dd800):  JavaThread "AWT-AppKit" daemon [_thread_in_native, id=775, stack(0x00007fff5098e000,0x00007fff5118e000)]

siginfo: si_signo: 11 (SIGSEGV), si_code: 1 (SEGV_MAPERR), si_addr: 0x0000000000000018

Registers:
RAX=0x00007fb316cc31a0, RBX=0x000000012d65e450, RCX=0x00007fb319101850, RDX=0x0000000000000000
RSP=0x00007fff51189388, RBP=0x00007fff51189440, RSI=0x00007fffac118116, RDI=0x00007fb31c051830
R8 =0x0000000000000018, R9 =0x00007fb319101890, R10=0x0000000000000000, R11=0x00007fffac118116
R12=0x0000000000000000, R13=0x000000019d8b2f60, R14=0x000000012d65e440, R15=0x00007fb3178dd800
RIP=0x00007fffc287e05d, EFLAGS=0x0000000000010246, ERR=0x0000000000000004
  TRAPNO=0x000000000000000e

Top of Stack: (sp=0x00007fff51189388)
0x00007fff51189388:   000000012d65c157 00007fff511893e0
0x00007fff51189398:   0000000000000003 00007fff511893c0
0x00007fff511893a8:   000000010f5f36d2 000000019d8b2f60
0x00007fff511893b8:   000000019d8b2f60 00007fb316cc31a0
0x00007fff511893c8:   000000012d65e6a0 000000012d65e710
0x00007fff511893d8:   00007fffc88e26d0 00007fffc95121e0
0x00007fff511893e8:   000000012d65e450 000000012d65e690
0x00007fff511893f8:   00007fb316cc31a0 00007fb31c051830
0x00007fff51189408:   00007fb316d62f10 00007fb316cc31a0
0x00007fff51189418:   00007fb31c051830 00007fff511894c8
0x00007fff51189428:   00007fb3178dd9f8 000000019d8b2f60
0x00007fff51189438:   00007fff511894f0 00007fff511894b8
0x00007fff51189448:   0000000117adf9f4 000000019d8b2f60
0x00007fff51189458:   00007fff511894f0 00007fff511894b8
0x00007fff51189468:   0000000117adf787 0000000117adf742
0x00007fff51189478:   00007fff51189478 000000019d8b2f60
0x00007fff51189488:   00007fff511894f0 0000000197267a28
0x00007fff51189498:   0000000000000000 000000019d8b2f60
0x00007fff511894a8:   0000000000000000 00007fff511894d8
0x00007fff511894b8:   00007fff51189538 0000000117ad02bd
0x00007fff511894c8:   0000000740aef208 0000000117ad9538
0x00007fff511894d8:   00007fb316cc31a0 00007fff51189538
0x00007fff511894e8:   00007fb31c051830 0000000117adae02
0x00007fff511894f8:   00007fff511894f8 000000019d8b312a
0x00007fff51189508:   00007fff51189560 0000000197267a28
0x00007fff51189518:   0000000000000000 000000019d8b3138
0x00007fff51189528:   00007fff511894d8 00007fff51189548
0x00007fff51189538:   00007fff511895a8 0000000117ad02bd
0x00007fff51189548:   00007fb316cc31a0 000000074095a5f8
0x00007fff51189558:   00007fb31c051830 000000074095a5f8
0x00007fff51189568:   00007fff51189568 00000001a34b09d6
0x00007fff51189578:   00007fff511895b8 00000001a34b0a90 

Instructions: (pc=0x00007fffc287e05d)
0x00007fffc287e03d:   0f 1f 00 48 85 ff 2e 74 62 40 f6 c7 01 2e 75 66
0x00007fffc287e04d:   49 ba f8 ff ff ff ff 7f 00 00 4c 23 17 49 89 f3
0x00007fffc287e05d:   45 23 5a 18 49 c1 e3 04 4d 03 5a 10 49 3b 33 75
0x00007fffc287e06d:   04 41 ff 63 08 49 83 3b 01 76 0d 49 83 c3 10 49 

Register to memory mapping:

RAX=0x00007fb316cc31a0 is an unknown value
RBX=0x000000012d65e450: Java_jogamp_nativewindow_macosx_OSXUtil_GetScreenRefreshRate0+0x1cf0 in /private/var/folders/lr/vg0t0wxx3tg6yq252w_p67_00000gn/T/jogamp_0000/file_cache/jln1112993780930082490/jln6711199185737344389/libnativewindow_macosx.jnilib at 0x000000012d657000
RCX=0x00007fb319101850 is an unknown value
RDX=0x0000000000000000 is an unknown value
RSP=0x00007fff51189388 is pointing into the stack for thread: 0x00007fb3178dd800
RBP=0x00007fff51189440 is pointing into the stack for thread: 0x00007fb3178dd800
RSI=0x00007fffac118116: __NSStyleNameIndexTable+0x7fd5e in /System/Library/Frameworks/AppKit.framework/Versions/C/AppKit at 0x00007fffab4ab000
RDI=0x00007fb31c051830 is an unknown value
R8 =0x0000000000000018 is an unknown value
R9 =0x00007fb319101890 is an unknown value
R10=0x0000000000000000 is an unknown value
R11=0x00007fffac118116: __NSStyleNameIndexTable+0x7fd5e in /System/Library/Frameworks/AppKit.framework/Versions/C/AppKit at 0x00007fffab4ab000
R12=0x0000000000000000 is an unknown value
R13={method} {0x000000019d8b2f60} 'UnsetJAWTRootSurfaceLayer0' '(JJ)V' in 'jogamp/nativewindow/jawt/macosx/MacOSXJAWTWindow'
R14=0x000000012d65e440: Java_jogamp_nativewindow_macosx_OSXUtil_GetScreenRefreshRate0+0x1ce0 in /private/var/folders/lr/vg0t0wxx3tg6yq252w_p67_00000gn/T/jogamp_0000/file_cache/jln1112993780930082490/jln6711199185737344389/libnativewindow_macosx.jnilib at 0x000000012d657000
R15=0x00007fb3178dd800 is a thread


Stack: [0x00007fff5098e000,0x00007fff5118e000],  sp=0x00007fff51189388,  free space=8172k
Native frames: (J=compiled Java code, j=interpreted, Vv=VM code, C=native code)
C  [libobjc.A.dylib+0x705d]  objc_msgSend+0x1d
j  jogamp.nativewindow.jawt.macosx.MacOSXJAWTWindow.UnsetJAWTRootSurfaceLayer0(JJ)V+0
j  jogamp.nativewindow.jawt.macosx.MacOSXJAWTWindow.access$200(JJ)V+2
j  jogamp.nativewindow.jawt.macosx.MacOSXJAWTWindow$1.run()V+38
j  com.jogamp.common.util.RunnableTask.run()V+24
v  ~StubRoutines::call_stub
V  [libjvm.dylib+0x2ee5b6]
V  [libjvm.dylib+0x325765]
V  [libjvm.dylib+0x317f33]
C  [libnativewindow_macosx.jnilib+0x5326]  Java_jogamp_nativewindow_jawt_macosx_MacOSXJAWTWindow_UnsetJAWTRootSurfaceLayer0+0x2b6
C  [Foundation+0x717ba]  __NSThreadPerformPerform+0x146
C  [CoreFoundation+0xa7321]  __CFRUNLOOP_IS_CALLING_OUT_TO_A_SOURCE0_PERFORM_FUNCTION__+0x11
C  [CoreFoundation+0x8821d]  __CFRunLoopDoSources0+0x22d
C  [CoreFoundation+0x87716]  __CFRunLoopRun+0x3a6
C  [CoreFoundation+0x87114]  CFRunLoopRunSpecific+0x1a4
C  [HIToolbox+0x30ebc]  RunCurrentEventLoopInMode+0xf0
C  [HIToolbox+0x30bf9]  ReceiveNextEventCommon+0xb8
C  [HIToolbox+0x30b26]  _BlockUntilNextEventMatchingListInModeWithFilter+0x47
C  [AppKit+0x46a54]  _DPSNextEvent+0x460
C  [AppKit+0x7c27ee]  -[NSApplication(NSEvent) _nextEventMatchingEventMask:untilDate:inMode:dequeue:]+0xaec
C  [libosxapp.dylib+0x23aa]  -[NSApplicationAWT nextEventMatchingMask:untilDate:inMode:dequeue:]+0x7c
C  [AppKit+0x3b3db]  -[NSApplication run]+0x39e
C  [libosxapp.dylib+0x214d]  +[NSApplicationAWT runAWTLoopWithApp:]+0x9c
C  [libawt_lwawt.dylib+0x45edf]  -[AWTStarter starter:]+0x389
C  [Foundation+0x717ba]  __NSThreadPerformPerform+0x146
C  [CoreFoundation+0xa7321]  __CFRUNLOOP_IS_CALLING_OUT_TO_A_SOURCE0_PERFORM_FUNCTION__+0x11
C  [CoreFoundation+0x8821d]  __CFRunLoopDoSources0+0x22d
C  [CoreFoundation+0x87716]  __CFRunLoopRun+0x3a6
C  [CoreFoundation+0x87114]  CFRunLoopRunSpecific+0x1a4
C  [java+0x6465]  CreateExecutionEnvironment+0x367
C  [java+0x218c]  JLI_Launch+0x7a0
C  [java+0x84c2]  main+0x65
C  [java+0x19e4]  start+0x34
C  0x0000000000000007

Java frames: (J=compiled Java code, j=interpreted, Vv=VM code)
j  jogamp.nativewindow.jawt.macosx.MacOSXJAWTWindow.UnsetJAWTRootSurfaceLayer0(JJ)V+0
j  jogamp.nativewindow.jawt.macosx.MacOSXJAWTWindow.access$200(JJ)V+2
j  jogamp.nativewindow.jawt.macosx.MacOSXJAWTWindow$1.run()V+38
j  com.jogamp.common.util.RunnableTask.run()V+24
v  ~StubRoutines::call_stub

---------------  P R O C E S S  ---------------

Java Threads: ( => current thread )
  0x00007fb31e176800 JavaThread "Thread-19" [_thread_blocked, id=34827, stack(0x0000700010c99000,0x0000700010d99000)]
  0x00007fb317b9f000 JavaThread "AWT-EventQueue-1" [_thread_in_native, id=67343, stack(0x0000700010a10000,0x0000700010b10000)]
  0x00007fb317163800 JavaThread "DestroyJavaVM" [_thread_blocked, id=7171, stack(0x000070000f44b000,0x000070000f54b000)]
  0x00007fb318928800 JavaThread "AWT-EventQueue-0" [_thread_blocked, id=59667, stack(0x000070001080a000,0x000070001090a000)]
  0x00007fb318900800 JavaThread "Java2D Disposer" daemon [_thread_blocked, id=56079, stack(0x0000700010581000,0x0000700010681000)]
  0x00007fb318215800 JavaThread "Java2D Queue Flusher" daemon [_thread_blocked, id=54023, stack(0x000070001047e000,0x000070001057e000)]
  0x00007fb317911800 JavaThread "AWT-Shutdown" [_thread_blocked, id=29471, stack(0x00007000102f8000,0x00007000103f8000)]
=>0x00007fb3178dd800 JavaThread "AWT-AppKit" daemon [_thread_in_native, id=775, stack(0x00007fff5098e000,0x00007fff5118e000)]
  0x00007fb31881e000 JavaThread "Service Thread" daemon [_thread_blocked, id=18691, stack(0x000070001006f000,0x000070001016f000)]
  0x00007fb31880b000 JavaThread "C1 CompilerThread2" daemon [_thread_blocked, id=18179, stack(0x000070000ff6c000,0x000070001006c000)]
  0x00007fb318034800 JavaThread "C2 CompilerThread1" daemon [_thread_blocked, id=17667, stack(0x000070000fe69000,0x000070000ff69000)]
  0x00007fb318033000 JavaThread "C2 CompilerThread0" daemon [_thread_blocked, id=17155, stack(0x000070000fd66000,0x000070000fe66000)]
  0x00007fb31802f800 JavaThread "Signal Dispatcher" daemon [_thread_blocked, id=16643, stack(0x000070000fc63000,0x000070000fd63000)]
  0x00007fb31785a800 JavaThread "Finalizer" daemon [_thread_blocked, id=12547, stack(0x000070000fb60000,0x000070000fc60000)]
  0x00007fb318805800 JavaThread "Reference Handler" daemon [_thread_blocked, id=12035, stack(0x000070000fa5d000,0x000070000fb5d000)]

Other Threads:
  0x00007fb317854800 VMThread [stack: 0x000070000f95a000,0x000070000fa5a000] [id=11523]
  0x00007fb318030800 WatcherThread [stack: 0x0000700010172000,0x0000700010272000] [id=19203]

VM state:not at safepoint (normal execution)

VM Mutex/Monitor currently owned by a thread: None

Heap:
 PSYoungGen      total 46592K, used 29288K [0x0000000795580000, 0x0000000798d80000, 0x00000007c0000000)
  eden space 36864K, 79% used [0x0000000795580000,0x0000000797202330,0x0000000797980000)
  from space 9728K, 0% used [0x0000000798400000,0x0000000798418000,0x0000000798d80000)
  to   space 10240K, 0% used [0x0000000797980000,0x0000000797980000,0x0000000798380000)
 ParOldGen       total 72192K, used 18872K [0x0000000740000000, 0x0000000744680000, 0x0000000795580000)
  object space 72192K, 26% used [0x0000000740000000,0x000000074126e3d8,0x0000000744680000)
 Metaspace       used 21670K, capacity 22043K, committed 22272K, reserved 1069056K
  class space    used 2129K, capacity 2248K, committed 2304K, reserved 1048576K

Card table byte_map: [0x0000000110763000,0x0000000110b64000] byte_map_base: 0x000000010cd63000

Marking Bits: (ParMarkBitMap*) 0x000000010fcf1ea0
 Begin Bits: [0x0000000110e0f000, 0x0000000112e0f000)
 End Bits:   [0x0000000112e0f000, 0x0000000114e0f000)

Polling page: 0x000000010eb32000

CodeCache: size=245760Kb used=10528Kb max_used=10625Kb free=235231Kb
 bounds [0x0000000117ac8000, 0x0000000118548000, 0x0000000126ac8000]
 total_blobs=3892 nmethods=2978 adapters=827
 compilation: enabled

Compilation events (10 events):
Event: 175.601 Thread 0x00007fb318034800 nmethod 3399 0x0000000118076b90 code [0x0000000118076d00, 0x0000000118076e28]
Event: 175.609 Thread 0x00007fb318033000 nmethod 3398 0x00000001184f7350 code [0x00000001184f7500, 0x00000001184f7908]
Event: 176.096 Thread 0x00007fb31880b000 3400   !   3       java.awt.Container::dispatchEventImpl (129 bytes)
Event: 176.097 Thread 0x00007fb31880b000 nmethod 3400 0x0000000118096b10 code [0x0000000118096d20, 0x0000000118097838]
Event: 176.098 Thread 0x00007fb31880b000 3401       1       sun.java2d.SurfaceData::isValid (5 bytes)
Event: 176.098 Thread 0x00007fb31880b000 nmethod 3401 0x0000000117c50f90 code [0x0000000117c510e0, 0x0000000117c511f0]
Event: 176.102 Thread 0x00007fb31880b000 3402       3       sun.java2d.pipe.RenderBuffer::putFloat (26 bytes)
Event: 176.102 Thread 0x00007fb31880b000 nmethod 3402 0x0000000117c01610 code [0x0000000117c01780, 0x0000000117c01910]
Event: 176.112 Thread 0x00007fb318034800 3404       4       java.util.HashMap::remove (26 bytes)
Event: 176.117 Thread 0x00007fb318034800 nmethod 3404 0x0000000117cdc710 code [0x0000000117cdc880, 0x0000000117cdcb78]

GC Heap History (10 events):
Event: 134.607 GC heap before
{Heap before GC invocations=19 (full 1):
 PSYoungGen      total 44544K, used 44360K [0x0000000795580000, 0x0000000798e00000, 0x00000007c0000000)
  eden space 39424K, 100% used [0x0000000795580000,0x0000000797c00000,0x0000000797c00000)
  from space 5120K, 96% used [0x0000000797c80000,0x0000000798152150,0x0000000798180000)
  to   space 9216K, 0% used [0x0000000798500000,0x0000000798500000,0x0000000798e00000)
 ParOldGen       total 72192K, used 14030K [0x0000000740000000, 0x0000000744680000, 0x0000000795580000)
  object space 72192K, 19% used [0x0000000740000000,0x0000000740db3848,0x0000000744680000)
 Metaspace       used 21632K, capacity 21947K, committed 22272K, reserved 1069056K
  class space    used 2120K, capacity 2216K, committed 2304K, reserved 1048576K
Event: 134.609 GC heap after
Heap after GC invocations=19 (full 1):
 PSYoungGen      total 47616K, used 4936K [0x0000000795580000, 0x0000000798d80000, 0x00000007c0000000)
  eden space 38912K, 0% used [0x0000000795580000,0x0000000795580000,0x0000000797b80000)
  from space 8704K, 56% used [0x0000000798500000,0x00000007989d2150,0x0000000798d80000)
  to   space 9216K, 0% used [0x0000000797b80000,0x0000000797b80000,0x0000000798480000)
 ParOldGen       total 72192K, used 14030K [0x0000000740000000, 0x0000000744680000, 0x0000000795580000)
  object space 72192K, 19% used [0x0000000740000000,0x0000000740db3848,0x0000000744680000)
 Metaspace       used 21632K, capacity 21947K, committed 22272K, reserved 1069056K
  class space    used 2120K, capacity 2216K, committed 2304K, reserved 1048576K
}
Event: 143.611 GC heap before
{Heap before GC invocations=20 (full 1):
 PSYoungGen      total 47616K, used 43848K [0x0000000795580000, 0x0000000798d80000, 0x00000007c0000000)
  eden space 38912K, 100% used [0x0000000795580000,0x0000000797b80000,0x0000000797b80000)
  from space 8704K, 56% used [0x0000000798500000,0x00000007989d2150,0x0000000798d80000)
  to   space 9216K, 0% used [0x0000000797b80000,0x0000000797b80000,0x0000000798480000)
 ParOldGen       total 72192K, used 14030K [0x0000000740000000, 0x0000000744680000, 0x0000000795580000)
  object space 72192K, 19% used [0x0000000740000000,0x0000000740db3848,0x0000000744680000)
 Metaspace       used 21632K, capacity 21947K, committed 22272K, reserved 1069056K
  class space    used 2120K, capacity 2216K, committed 2304K, reserved 1048576K
Event: 143.615 GC heap after
Heap after GC invocations=20 (full 1):
 PSYoungGen      total 39936K, used 1080K [0x0000000795580000, 0x0000000798d00000, 0x00000007c0000000)
  eden space 38400K, 0% used [0x0000000795580000,0x0000000795580000,0x0000000797b00000)
  from space 1536K, 70% used [0x0000000797b80000,0x0000000797c8e040,0x0000000797d00000)
  to   space 9216K, 0% used [0x0000000798400000,0x0000000798400000,0x0000000798d00000)
 ParOldGen       total 72192K, used 17838K [0x0000000740000000, 0x0000000744680000, 0x0000000795580000)
  object space 72192K, 24% used [0x0000000740000000,0x000000074116b9e8,0x0000000744680000)
 Metaspace       used 21632K, capacity 21947K, committed 22272K, reserved 1069056K
  class space    used 2120K, capacity 2216K, committed 2304K, reserved 1048576K
}
Event: 152.500 GC heap before
{Heap before GC invocations=21 (full 1):
 PSYoungGen      total 39936K, used 39480K [0x0000000795580000, 0x0000000798d00000, 0x00000007c0000000)
  eden space 38400K, 100% used [0x0000000795580000,0x0000000797b00000,0x0000000797b00000)
  from space 1536K, 70% used [0x0000000797b80000,0x0000000797c8e040,0x0000000797d00000)
  to   space 9216K, 0% used [0x0000000798400000,0x0000000798400000,0x0000000798d00000)
 ParOldGen       total 72192K, used 17838K [0x0000000740000000, 0x0000000744680000, 0x0000000795580000)
  object space 72192K, 24% used [0x0000000740000000,0x000000074116b9e8,0x0000000744680000)
 Metaspace       used 21632K, capacity 21947K, committed 22272K, reserved 1069056K
  class space    used 2120K, capacity 2216K, committed 2304K, reserved 1048576K
Event: 152.501 GC heap after
Heap after GC invocations=21 (full 1):
 PSYoungGen      total 47104K, used 160K [0x0000000795580000, 0x0000000798d80000, 0x00000007c0000000)
  eden space 37888K, 0% used [0x0000000795580000,0x0000000795580000,0x0000000797a80000)
  from space 9216K, 1% used [0x0000000798400000,0x0000000798428000,0x0000000798d00000)
  to   space 9728K, 0% used [0x0000000797a80000,0x0000000797a80000,0x0000000798400000)
 ParOldGen       total 72192K, used 18768K [0x0000000740000000, 0x0000000744680000, 0x0000000795580000)
  object space 72192K, 25% used [0x0000000740000000,0x00000007412543d8,0x0000000744680000)
 Metaspace       used 21632K, capacity 21947K, committed 22272K, reserved 1069056K
  class space    used 2120K, capacity 2216K, committed 2304K, reserved 1048576K
}
Event: 161.286 GC heap before
{Heap before GC invocations=22 (full 1):
 PSYoungGen      total 47104K, used 38048K [0x0000000795580000, 0x0000000798d80000, 0x00000007c0000000)
  eden space 37888K, 100% used [0x0000000795580000,0x0000000797a80000,0x0000000797a80000)
  from space 9216K, 1% used [0x0000000798400000,0x0000000798428000,0x0000000798d00000)
  to   space 9728K, 0% used [0x0000000797a80000,0x0000000797a80000,0x0000000798400000)
 ParOldGen       total 72192K, used 18768K [0x0000000740000000, 0x0000000744680000, 0x0000000795580000)
  object space 72192K, 25% used [0x0000000740000000,0x00000007412543d8,0x0000000744680000)
 Metaspace       used 21632K, capacity 21947K, committed 22272K, reserved 1069056K
  class space    used 2120K, capacity 2216K, committed 2304K, reserved 1048576K
Event: 161.288 GC heap after
Heap after GC invocations=22 (full 1):
 PSYoungGen      total 47104K, used 128K [0x0000000795580000, 0x0000000798e00000, 0x00000007c0000000)
  eden space 37376K, 0% used [0x0000000795580000,0x0000000795580000,0x0000000797a00000)
  from space 9728K, 1% used [0x0000000797a80000,0x0000000797aa0000,0x0000000798400000)
  to   space 10240K, 0% used [0x0000000798400000,0x0000000798400000,0x0000000798e00000)
 ParOldGen       total 72192K, used 18824K [0x0000000740000000, 0x0000000744680000, 0x0000000795580000)
  object space 72192K, 26% used [0x0000000740000000,0x00000007412623d8,0x0000000744680000)
 Metaspace       used 21632K, capacity 21947K, committed 22272K, reserved 1069056K
  class space    used 2120K, capacity 2216K, committed 2304K, reserved 1048576K
}
Event: 169.961 GC heap before
{Heap before GC invocations=23 (full 1):
 PSYoungGen      total 47104K, used 37504K [0x0000000795580000, 0x0000000798e00000, 0x00000007c0000000)
  eden space 37376K, 100% used [0x0000000795580000,0x0000000797a00000,0x0000000797a00000)
  from space 9728K, 1% used [0x0000000797a80000,0x0000000797aa0000,0x0000000798400000)
  to   space 10240K, 0% used [0x0000000798400000,0x0000000798400000,0x0000000798e00000)
 ParOldGen       total 72192K, used 18824K [0x0000000740000000, 0x0000000744680000, 0x0000000795580000)
  object space 72192K, 26% used [0x0000000740000000,0x00000007412623d8,0x0000000744680000)
 Metaspace       used 21632K, capacity 21947K, committed 22272K, reserved 1069056K
  class space    used 2120K, capacity 2216K, committed 2304K, reserved 1048576K
Event: 169.963 GC heap after
Heap after GC invocations=23 (full 1):
 PSYoungGen      total 46592K, used 96K [0x0000000795580000, 0x0000000798d80000, 0x00000007c0000000)
  eden space 36864K, 0% used [0x0000000795580000,0x0000000795580000,0x0000000797980000)
  from space 9728K, 0% used [0x0000000798400000,0x0000000798418000,0x0000000798d80000)
  to   space 10240K, 0% used [0x0000000797980000,0x0000000797980000,0x0000000798380000)
 ParOldGen       total 72192K, used 18872K [0x0000000740000000, 0x0000000744680000, 0x0000000795580000)
  object space 72192K, 26% used [0x0000000740000000,0x000000074126e3d8,0x0000000744680000)
 Metaspace       used 21632K, capacity 21947K, committed 22272K, reserved 1069056K
  class space    used 2120K, capacity 2216K, committed 2304K, reserved 1048576K
}

Deoptimization events (10 events):
Event: 176.098 Thread 0x00007fb317b9f000 Uncommon trap: reason=class_check action=maybe_recompile pc=0x000000011822cd38 method=java.awt.event.InvocationEvent.dispatch()V @ 11
Event: 176.099 Thread 0x00007fb318928800 Uncommon trap: reason=class_check action=maybe_recompile pc=0x000000011822d570 method=java.awt.event.InvocationEvent.dispatch()V @ 47
Event: 176.100 Thread 0x00007fb318928800 Uncommon trap: reason=class_check action=maybe_recompile pc=0x0000000118509f78 method=java.awt.Component.getGraphics()Ljava/awt/Graphics; @ 114
Event: 176.102 Thread 0x00007fb318928800 Uncommon trap: reason=unstable_if action=reinterpret pc=0x0000000117feead4 method=java.awt.Font.equals(Ljava/lang/Object;)Z @ 2
Event: 176.112 Thread 0x00007fb318907000 Uncommon trap: reason=unstable_if action=reinterpret pc=0x0000000118464ffc method=java.util.HashMap.putVal(ILjava/lang/Object;Ljava/lang/Object;ZZ)Ljava/lang/Object; @ 81
Event: 176.112 Thread 0x00007fb318928800 Uncommon trap: reason=class_check action=maybe_recompile pc=0x0000000118509f78 method=java.awt.Component.getGraphics()Ljava/awt/Graphics; @ 114
Event: 176.115 Thread 0x00007fb3178dd800 Uncommon trap: reason=class_check action=maybe_recompile pc=0x00000001180a7c80 method=com.jogamp.common.util.RunnableTask.run()V @ 24
Event: 176.116 Thread 0x00007fb3178dd800 Uncommon trap: reason=unstable_if action=reinterpret pc=0x000000011811ba3c method=jogamp.nativewindow.macosx.OSXUtil.RunOnMainThread(ZZLjava/lang/Runnable;)V @ 3
Event: 176.126 Thread 0x00007fb317b9f000 Uncommon trap: reason=unstable_if action=reinterpret pc=0x00000001185152fc method=jogamp.opengl.GLContextImpl.release(Z)V @ 161
Event: 176.129 Thread 0x00007fb3178dd800 Uncommon trap: reason=class_check action=maybe_recompile pc=0x00000001180a7c80 method=com.jogamp.common.util.RunnableTask.run()V @ 24

Internal exceptions (10 events):
Event: 0.165 Thread 0x00007fb318800800 Exception <a 'java/lang/NoSuchFieldError': method resolution failed> (0x0000000795794d60) thrown at [/Users/java_re/workspace/8-2-build-macosx-x86_64/jdk8u131/8869/hotspot/src/share/vm/prims/methodHandles.cpp, line 1146]
Event: 0.363 Thread 0x00007fb318800800 Exception <a 'java/io/FileNotFoundException'> (0x0000000795810258) thrown at [/Users/java_re/workspace/8-2-build-macosx-x86_64/jdk8u131/8869/hotspot/src/share/vm/prims/jni.cpp, line 709]
Event: 0.363 Thread 0x00007fb318800800 Exception <a 'java/io/FileNotFoundException'> (0x0000000795810dd8) thrown at [/Users/java_re/workspace/8-2-build-macosx-x86_64/jdk8u131/8869/hotspot/src/share/vm/prims/jni.cpp, line 709]
Event: 0.529 Thread 0x00007fb318800800 Exception <a 'java/io/FileNotFoundException'> (0x0000000795954940) thrown at [/Users/java_re/workspace/8-2-build-macosx-x86_64/jdk8u131/8869/hotspot/src/share/vm/prims/jni.cpp, line 709]
Event: 3.640 Thread 0x00007fb317c30000 Exception <a 'java/lang/UnsatisfiedLinkError': com.jogamp.common.util.JarUtil.fixNativeLibAttribs(Ljava/lang/String;)Z> (0x0000000796c97b68) thrown at [/Users/java_re/workspace/8-2-build-macosx-x86_64/jdk8u131/8869/hotspot/src/share/vm/prims/nativeLookup.
Event: 4.173 Thread 0x00007fb31785a800 Exception <a 'java/lang/NullPointerException'> (0x00000007956ccd10) thrown at [/Users/java_re/workspace/8-2-build-macosx-x86_64/jdk8u131/8869/hotspot/src/share/vm/interpreter/linkResolver.cpp, line 1197]
Event: 5.354 Thread 0x00007fb317b9f000 Exception <a 'java/io/FileNotFoundException'> (0x0000000796013398) thrown at [/Users/java_re/workspace/8-2-build-macosx-x86_64/jdk8u131/8869/hotspot/src/share/vm/prims/jni.cpp, line 709]
Event: 5.355 Thread 0x00007fb317b9f000 Exception <a 'java/io/FileNotFoundException'> (0x000000079601c180) thrown at [/Users/java_re/workspace/8-2-build-macosx-x86_64/jdk8u131/8869/hotspot/src/share/vm/prims/jni.cpp, line 709]
Event: 5.355 Thread 0x00007fb317b9f000 Implicit null exception at 0x0000000117c99ff6 to 0x0000000117c9a3c1
Event: 6.055 Thread 0x00007fb317b9f000 Implicit null exception at 0x0000000117ef21c6 to 0x0000000117ef240d

Events (10 events):
Event: 176.129 Thread 0x00007fb3178dd800 Uncommon trap: trap_request=0xffffffde fr.pc=0x00000001180a7c80
Event: 176.129 Thread 0x00007fb3178dd800 DEOPT PACKING pc=0x00000001180a7c80 sp=0x00007fff51189600
Event: 176.129 Thread 0x00007fb3178dd800 DEOPT UNPACKING pc=0x0000000117acd229 sp=0x00007fff511895a8 mode 2
Event: 176.129 loading class java/awt/LightweightDispatcher$2
Event: 176.129 loading class java/awt/LightweightDispatcher$2 done
Event: 176.129 loading class java/awt/event/AWTEventListenerProxy
Event: 176.129 loading class java/awt/event/AWTEventListenerProxy done
Event: 176.129 Executing VM operation: Deoptimize
Event: 176.130 Executing VM operation: Deoptimize done
Event: 176.130 loading class java/awt/Toolkit$ToolkitEventMulticaster


Dynamic libraries:
0x00000000385fa000 	/System/Library/Frameworks/Cocoa.framework/Versions/A/Cocoa
0x00000000385fa000 	/System/Library/Frameworks/Security.framework/Versions/A/Security
0x00000000385fa000 	/System/Library/Frameworks/ApplicationServices.framework/Versions/A/ApplicationServices
0x00000000385fa000 	/usr/lib/libz.1.dylib
0x00000000385fa000 	/usr/lib/libSystem.B.dylib
0x00000000385fa000 	/usr/lib/libobjc.A.dylib
0x00000000385fa000 	/System/Library/Frameworks/CoreFoundation.framework/Versions/A/CoreFoundation
0x00000000385fa000 	/System/Library/Frameworks/Foundation.framework/Versions/C/Foundation
0x00000000385fa000 	/System/Library/Frameworks/AppKit.framework/Versions/C/AppKit
0x00000000385fa000 	/System/Library/Frameworks/CoreData.framework/Versions/A/CoreData
0x00000000385fa000 	/System/Library/PrivateFrameworks/RemoteViewServices.framework/Versions/A/RemoteViewServices
0x00000000385fa000 	/System/Library/PrivateFrameworks/UIFoundation.framework/Versions/A/UIFoundation
0x00000000385fa000 	/System/Library/PrivateFrameworks/DFRFoundation.framework/Versions/A/DFRFoundation
0x00000000385fa000 	/usr/lib/libenergytrace.dylib
0x00000000385fa000 	/System/Library/PrivateFrameworks/SkyLight.framework/Versions/A/SkyLight
0x00000000385fa000 	/System/Library/Frameworks/CoreGraphics.framework/Versions/A/CoreGraphics
0x00000000385fa000 	/usr/lib/libScreenReader.dylib
0x00000000385fa000 	/System/Library/Frameworks/Accelerate.framework/Versions/A/Accelerate
0x00000000385fa000 	/System/Library/Frameworks/IOSurface.framework/Versions/A/IOSurface
0x00000000385fa000 	/System/Library/Frameworks/AudioToolbox.framework/Versions/A/AudioToolbox
0x00000000385fa000 	/System/Library/Frameworks/AudioUnit.framework/Versions/A/AudioUnit
0x00000000385fa000 	/System/Library/PrivateFrameworks/DataDetectorsCore.framework/Versions/A/DataDetectorsCore
0x00000000385fa000 	/System/Library/PrivateFrameworks/DesktopServicesPriv.framework/Versions/A/DesktopServicesPriv
0x00000000385fa000 	/System/Library/Frameworks/Carbon.framework/Versions/A/Frameworks/HIToolbox.framework/Versions/A/HIToolbox
0x00000000385fa000 	/usr/lib/libicucore.A.dylib
0x00000000385fa000 	/System/Library/Frameworks/QuartzCore.framework/Versions/A/QuartzCore
0x00000000385fa000 	/System/Library/Frameworks/Carbon.framework/Versions/A/Frameworks/SpeechRecognition.framework/Versions/A/SpeechRecognition
0x00000000385fa000 	/usr/lib/libauto.dylib
0x00000000385fa000 	/usr/lib/libxml2.2.dylib
0x00000000385fa000 	/System/Library/PrivateFrameworks/CoreUI.framework/Versions/A/CoreUI
0x00000000385fa000 	/System/Library/Frameworks/CoreAudio.framework/Versions/A/CoreAudio
0x00000000385fa000 	/System/Library/Frameworks/DiskArbitration.framework/Versions/A/DiskArbitration
0x00000000385fa000 	/usr/lib/liblangid.dylib
0x00000000385fa000 	/System/Library/PrivateFrameworks/MultitouchSupport.framework/Versions/A/MultitouchSupport
0x00000000385fa000 	/System/Library/Frameworks/IOKit.framework/Versions/A/IOKit
0x00000000385fa000 	/usr/lib/libDiagnosticMessagesClient.dylib
0x00000000385fa000 	/System/Library/Frameworks/CoreServices.framework/Versions/A/CoreServices
0x00000000385fa000 	/System/Library/PrivateFrameworks/PerformanceAnalysis.framework/Versions/A/PerformanceAnalysis
0x00000000385fa000 	/System/Library/PrivateFrameworks/GenerationalStorage.framework/Versions/A/GenerationalStorage
0x00000000385fa000 	/System/Library/Frameworks/OpenGL.framework/Versions/A/OpenGL
0x00000000385fa000 	/System/Library/Frameworks/CoreImage.framework/Versions/A/CoreImage
0x00000000385fa000 	/System/Library/Frameworks/CoreText.framework/Versions/A/CoreText
0x00000000385fa000 	/System/Library/Frameworks/ImageIO.framework/Versions/A/ImageIO
0x00000000385fa000 	/System/Library/PrivateFrameworks/Backup.framework/Versions/A/Backup
0x00000000385fa000 	/usr/lib/libarchive.2.dylib
0x00000000385fa000 	/System/Library/Frameworks/CFNetwork.framework/Versions/A/CFNetwork
0x00000000385fa000 	/System/Library/Frameworks/SystemConfiguration.framework/Versions/A/SystemConfiguration
0x00000000385fa000 	/usr/lib/libCRFSuite.dylib
0x00000000385fa000 	/usr/lib/libc++.1.dylib
0x00000000385fa000 	/usr/lib/libc++abi.dylib
0x00000000385fa000 	/usr/lib/system/libcache.dylib
0x00000000385fa000 	/usr/lib/system/libcommonCrypto.dylib
0x00000000385fa000 	/usr/lib/system/libcompiler_rt.dylib
0x00000000385fa000 	/usr/lib/system/libcopyfile.dylib
0x00000000385fa000 	/usr/lib/system/libcorecrypto.dylib
0x00000000385fa000 	/usr/lib/system/libdispatch.dylib
0x00000000385fa000 	/usr/lib/system/libdyld.dylib
0x00000000385fa000 	/usr/lib/system/libkeymgr.dylib
0x00000000385fa000 	/usr/lib/system/liblaunch.dylib
0x00000000385fa000 	/usr/lib/system/libmacho.dylib
0x00000000385fa000 	/usr/lib/system/libquarantine.dylib
0x00000000385fa000 	/usr/lib/system/libremovefile.dylib
0x00000000385fa000 	/usr/lib/system/libsystem_asl.dylib
0x00000000385fa000 	/usr/lib/system/libsystem_blocks.dylib
0x00000000385fa000 	/usr/lib/system/libsystem_c.dylib
0x00000000385fa000 	/usr/lib/system/libsystem_configuration.dylib
0x00000000385fa000 	/usr/lib/system/libsystem_coreservices.dylib
0x00000000385fa000 	/usr/lib/system/libsystem_coretls.dylib
0x00000000385fa000 	/usr/lib/system/libsystem_dnssd.dylib
0x00000000385fa000 	/usr/lib/system/libsystem_info.dylib
0x00000000385fa000 	/usr/lib/system/libsystem_kernel.dylib
0x00000000385fa000 	/usr/lib/system/libsystem_m.dylib
0x00000000385fa000 	/usr/lib/system/libsystem_malloc.dylib
0x00000000385fa000 	/usr/lib/system/libsystem_network.dylib
0x00000000385fa000 	/usr/lib/system/libsystem_networkextension.dylib
0x00000000385fa000 	/usr/lib/system/libsystem_notify.dylib
0x00000000385fa000 	/usr/lib/system/libsystem_platform.dylib
0x00000000385fa000 	/usr/lib/system/libsystem_pthread.dylib
0x00000000385fa000 	/usr/lib/system/libsystem_sandbox.dylib
0x00000000385fa000 	/usr/lib/system/libsystem_secinit.dylib
0x00000000385fa000 	/usr/lib/system/libsystem_symptoms.dylib
0x00000000385fa000 	/usr/lib/system/libsystem_trace.dylib
0x00000000385fa000 	/usr/lib/system/libunwind.dylib
0x00000000385fa000 	/usr/lib/system/libxpc.dylib
0x00000000385fa000 	/usr/lib/libbsm.0.dylib
0x00000000385fa000 	/usr/lib/system/libkxld.dylib
0x00000000385fa000 	/usr/lib/libcoretls.dylib
0x00000000385fa000 	/usr/lib/libcoretls_cfhelpers.dylib
0x00000000385fa000 	/usr/lib/libOpenScriptingUtil.dylib
0x00000000385fa000 	/usr/lib/libpam.2.dylib
0x00000000385fa000 	/usr/lib/libsqlite3.dylib
0x00000000385fa000 	/usr/lib/libxar.1.dylib
0x00000000385fa000 	/usr/lib/libbz2.1.0.dylib
0x00000000385fa000 	/usr/lib/liblzma.5.dylib
0x00000000385fa000 	/usr/lib/libnetwork.dylib
0x00000000385fa000 	/usr/lib/libpcap.A.dylib
0x00000000385fa000 	/System/Library/Frameworks/CoreServices.framework/Versions/A/Frameworks/FSEvents.framework/Versions/A/FSEvents
0x00000000385fa000 	/System/Library/Frameworks/CoreServices.framework/Versions/A/Frameworks/CarbonCore.framework/Versions/A/CarbonCore
0x00000000385fa000 	/System/Library/Frameworks/CoreServices.framework/Versions/A/Frameworks/Metadata.framework/Versions/A/Metadata
0x00000000385fa000 	/System/Library/Frameworks/CoreServices.framework/Versions/A/Frameworks/OSServices.framework/Versions/A/OSServices
0x00000000385fa000 	/System/Library/Frameworks/CoreServices.framework/Versions/A/Frameworks/SearchKit.framework/Versions/A/SearchKit
0x00000000385fa000 	/System/Library/Frameworks/CoreServices.framework/Versions/A/Frameworks/AE.framework/Versions/A/AE
0x00000000385fa000 	/System/Library/Frameworks/CoreServices.framework/Versions/A/Frameworks/LaunchServices.framework/Versions/A/LaunchServices
0x00000000385fa000 	/System/Library/Frameworks/CoreServices.framework/Versions/A/Frameworks/DictionaryServices.framework/Versions/A/DictionaryServices
0x00000000385fa000 	/System/Library/Frameworks/CoreServices.framework/Versions/A/Frameworks/SharedFileList.framework/Versions/A/SharedFileList
0x00000000385fa000 	/System/Library/Frameworks/NetFS.framework/Versions/A/NetFS
0x00000000385fa000 	/System/Library/PrivateFrameworks/NetAuth.framework/Versions/A/NetAuth
0x00000000385fa000 	/System/Library/PrivateFrameworks/login.framework/Versions/A/Frameworks/loginsupport.framework/Versions/A/loginsupport
0x00000000385fa000 	/System/Library/PrivateFrameworks/TCC.framework/Versions/A/TCC
0x00000000385fa000 	/usr/lib/libmecabra.dylib
0x00000000385fa000 	/System/Library/Frameworks/ApplicationServices.framework/Versions/A/Frameworks/ATS.framework/Versions/A/ATS
0x00000000385fa000 	/System/Library/Frameworks/ApplicationServices.framework/Versions/A/Frameworks/ColorSync.framework/Versions/A/ColorSync
0x00000000385fa000 	/System/Library/Frameworks/ApplicationServices.framework/Versions/A/Frameworks/HIServices.framework/Versions/A/HIServices
0x00000000385fa000 	/System/Library/Frameworks/ApplicationServices.framework/Versions/A/Frameworks/LangAnalysis.framework/Versions/A/LangAnalysis
0x00000000385fa000 	/System/Library/Frameworks/ApplicationServices.framework/Versions/A/Frameworks/PrintCore.framework/Versions/A/PrintCore
0x00000000385fa000 	/System/Library/Frameworks/ApplicationServices.framework/Versions/A/Frameworks/QD.framework/Versions/A/QD
0x00000000385fa000 	/System/Library/Frameworks/ApplicationServices.framework/Versions/A/Frameworks/SpeechSynthesis.framework/Versions/A/SpeechSynthesis
0x00000000385fa000 	/System/Library/Frameworks/Accelerate.framework/Versions/A/Frameworks/vImage.framework/Versions/A/vImage
0x00000000385fa000 	/System/Library/Frameworks/Accelerate.framework/Versions/A/Frameworks/vecLib.framework/Versions/A/vecLib
0x00000000385fa000 	/System/Library/Frameworks/Accelerate.framework/Versions/A/Frameworks/vecLib.framework/Versions/A/libvDSP.dylib
0x00000000385fa000 	/System/Library/Frameworks/Accelerate.framework/Versions/A/Frameworks/vecLib.framework/Versions/A/libBNNS.dylib
0x00000000385fa000 	/System/Library/Frameworks/Accelerate.framework/Versions/A/Frameworks/vecLib.framework/Versions/A/libQuadrature.dylib
0x00000000385fa000 	/System/Library/Frameworks/Accelerate.framework/Versions/A/Frameworks/vecLib.framework/Versions/A/libvMisc.dylib
0x00000000385fa000 	/System/Library/Frameworks/Accelerate.framework/Versions/A/Frameworks/vecLib.framework/Versions/A/libLAPACK.dylib
0x00000000385fa000 	/System/Library/Frameworks/Accelerate.framework/Versions/A/Frameworks/vecLib.framework/Versions/A/libBLAS.dylib
0x00000000385fa000 	/System/Library/Frameworks/Accelerate.framework/Versions/A/Frameworks/vecLib.framework/Versions/A/libLinearAlgebra.dylib
0x00000000385fa000 	/System/Library/Frameworks/Accelerate.framework/Versions/A/Frameworks/vecLib.framework/Versions/A/libSparseBLAS.dylib
0x00000000385fa000 	/System/Library/Frameworks/ApplicationServices.framework/Versions/A/Frameworks/ATS.framework/Versions/A/Resources/libFontParser.dylib
0x00000000385fa000 	/System/Library/Frameworks/ApplicationServices.framework/Versions/A/Frameworks/ATS.framework/Versions/A/Resources/libFontRegistry.dylib
0x00000000385fa000 	/System/Library/Frameworks/ImageIO.framework/Versions/A/Resources/libJPEG.dylib
0x00000000385fa000 	/System/Library/Frameworks/ImageIO.framework/Versions/A/Resources/libTIFF.dylib
0x00000000385fa000 	/System/Library/Frameworks/ImageIO.framework/Versions/A/Resources/libPng.dylib
0x00000000385fa000 	/System/Library/Frameworks/ImageIO.framework/Versions/A/Resources/libGIF.dylib
0x00000000385fa000 	/System/Library/Frameworks/ImageIO.framework/Versions/A/Resources/libJP2.dylib
0x00000000385fa000 	/System/Library/Frameworks/ImageIO.framework/Versions/A/Resources/libRadiance.dylib
0x00000000385fa000 	/usr/lib/libcompression.dylib
0x00000000385fa000 	/System/Library/PrivateFrameworks/AppleJPEG.framework/Versions/A/AppleJPEG
0x00000000385fa000 	/usr/lib/libcups.2.dylib
0x00000000385fa000 	/System/Library/Frameworks/Kerberos.framework/Versions/A/Kerberos
0x00000000385fa000 	/System/Library/Frameworks/GSS.framework/Versions/A/GSS
0x00000000385fa000 	/usr/lib/libresolv.9.dylib
0x00000000385fa000 	/usr/lib/libiconv.2.dylib
0x00000000385fa000 	/System/Library/PrivateFrameworks/Heimdal.framework/Versions/A/Heimdal
0x00000000385fa000 	/usr/lib/libheimdal-asn1.dylib
0x00000000385fa000 	/System/Library/Frameworks/OpenDirectory.framework/Versions/A/OpenDirectory
0x00000000385fa000 	/System/Library/PrivateFrameworks/CommonAuth.framework/Versions/A/CommonAuth
0x00000000385fa000 	/System/Library/Frameworks/OpenDirectory.framework/Versions/A/Frameworks/CFOpenDirectory.framework/Versions/A/CFOpenDirectory
0x00000000385fa000 	/System/Library/Frameworks/SecurityFoundation.framework/Versions/A/SecurityFoundation
0x00000000385fa000 	/System/Library/PrivateFrameworks/LanguageModeling.framework/Versions/A/LanguageModeling
0x00000000385fa000 	/usr/lib/libmarisa.dylib
0x00000000385fa000 	/usr/lib/libChineseTokenizer.dylib
0x00000000385fa000 	/usr/lib/libcmph.dylib
0x00000000385fa000 	/System/Library/PrivateFrameworks/CoreEmoji.framework/Versions/A/CoreEmoji
0x00000000385fa000 	/System/Library/Frameworks/ServiceManagement.framework/Versions/A/ServiceManagement
0x00000000385fa000 	/usr/lib/libxslt.1.dylib
0x00000000385fa000 	/System/Library/Frameworks/Carbon.framework/Versions/A/Frameworks/Ink.framework/Versions/A/Ink
0x00000000385fa000 	/System/Library/PrivateFrameworks/TextureIO.framework/Versions/A/TextureIO
0x00000000385fa000 	/System/Library/Frameworks/Metal.framework/Versions/A/Metal
0x00000000385fa000 	/usr/lib/libate.dylib
0x00000000385fa000 	/System/Library/PrivateFrameworks/GPUCompiler.framework/libmetal_timestamp.dylib
0x00000000385fa000 	/System/Library/Frameworks/OpenGL.framework/Versions/A/Libraries/libCoreFSCache.dylib
0x00000000385fa000 	/System/Library/PrivateFrameworks/IOAccelerator.framework/Versions/A/IOAccelerator
0x00000000385fa000 	/System/Library/Frameworks/CoreVideo.framework/Versions/A/CoreVideo
0x00000000385fa000 	/usr/lib/libFosl_dynamic.dylib
0x00000000385fa000 	/System/Library/PrivateFrameworks/MetalPerformanceShaders.framework/Versions/A/MetalPerformanceShaders
0x00000000385fa000 	/System/Library/PrivateFrameworks/FaceCore.framework/Versions/A/FaceCore
0x00000000385fa000 	/System/Library/Frameworks/OpenCL.framework/Versions/A/OpenCL
0x00000000385fa000 	/System/Library/Frameworks/OpenGL.framework/Versions/A/Libraries/libGLU.dylib
0x00000000385fa000 	/System/Library/Frameworks/OpenGL.framework/Versions/A/Libraries/libGFXShared.dylib
0x00000000385fa000 	/System/Library/Frameworks/OpenGL.framework/Versions/A/Libraries/libGL.dylib
0x00000000385fa000 	/System/Library/Frameworks/OpenGL.framework/Versions/A/Libraries/libGLImage.dylib
0x00000000385fa000 	/System/Library/Frameworks/OpenGL.framework/Versions/A/Libraries/libCVMSPluginSupport.dylib
0x00000000385fa000 	/System/Library/Frameworks/OpenGL.framework/Versions/A/Libraries/libCoreVMClient.dylib
0x00000000385fa000 	/System/Library/PrivateFrameworks/CrashReporterSupport.framework/Versions/A/CrashReporterSupport
0x00000000385fa000 	/System/Library/PrivateFrameworks/Sharing.framework/Versions/A/Sharing
0x00000000385fa000 	/System/Library/PrivateFrameworks/IconServices.framework/Versions/A/IconServices
0x00000000385fa000 	/System/Library/PrivateFrameworks/ProtocolBuffer.framework/Versions/A/ProtocolBuffer
0x00000000385fa000 	/System/Library/PrivateFrameworks/Apple80211.framework/Versions/A/Apple80211
0x00000000385fa000 	/System/Library/Frameworks/CoreWLAN.framework/Versions/A/CoreWLAN
0x00000000385fa000 	/System/Library/PrivateFrameworks/CoreUtils.framework/Versions/A/CoreUtils
0x00000000385fa000 	/System/Library/Frameworks/IOBluetooth.framework/Versions/A/IOBluetooth
0x00000000385fa000 	/System/Library/PrivateFrameworks/CoreWiFi.framework/Versions/A/CoreWiFi
0x00000000385fa000 	/System/Library/Frameworks/CoreBluetooth.framework/Versions/A/CoreBluetooth
0x00000000385fa000 	/System/Library/Frameworks/CoreDisplay.framework/Versions/A/CoreDisplay
0x00000000385fa000 	/System/Library/PrivateFrameworks/IOPresentment.framework/Versions/A/IOPresentment
0x00000000385fa000 	/System/Library/PrivateFrameworks/DSExternalDisplay.framework/Versions/A/DSExternalDisplay
0x00000000385fa000 	/System/Library/PrivateFrameworks/DebugSymbols.framework/Versions/A/DebugSymbols
0x00000000385fa000 	/System/Library/PrivateFrameworks/CoreSymbolication.framework/Versions/A/CoreSymbolication
0x00000000385fa000 	/System/Library/PrivateFrameworks/Symbolication.framework/Versions/A/Symbolication
0x00000000385fa000 	/System/Library/PrivateFrameworks/AppleFSCompression.framework/Versions/A/AppleFSCompression
0x00000000385fa000 	/System/Library/PrivateFrameworks/SpeechRecognitionCore.framework/Versions/A/SpeechRecognitionCore
0x00000000385fa000 	/System/Library/PrivateFrameworks/ChunkingLibrary.framework/Versions/A/ChunkingLibrary
0x000000010f400000 	/Library/Java/JavaVirtualMachines/jdk1.8.0_131.jdk/Contents/Home/jre/lib/server/libjvm.dylib
0x00000000385fa000 	/usr/lib/libstdc++.6.dylib
0x000000010eaef000 	/Library/Java/JavaVirtualMachines/jdk1.8.0_131.jdk/Contents/Home/jre/lib/libverify.dylib
0x000000010eafd000 	/Library/Java/JavaVirtualMachines/jdk1.8.0_131.jdk/Contents/Home/jre/lib/libjava.dylib
0x000000010eb3c000 	/Library/Java/JavaVirtualMachines/jdk1.8.0_131.jdk/Contents/Home/jre/lib/libzip.dylib
0x0000000116c5b000 	/System/Library/Frameworks/JavaVM.framework/Frameworks/JavaRuntimeSupport.framework/JavaRuntimeSupport
0x0000000116c75000 	/System/Library/Frameworks/JavaVM.framework/Versions/A/Frameworks/JavaNativeFoundation.framework/Versions/A/JavaNativeFoundation
0x000000010ebf1000 	/System/Library/Frameworks/JavaVM.framework/Versions/A/JavaVM
0x00000000385fa000 	/System/Library/Frameworks/Carbon.framework/Versions/A/Carbon
0x0000000116c8a000 	/System/Library/PrivateFrameworks/JavaLaunching.framework/Versions/A/JavaLaunching
0x00000000385fa000 	/System/Library/Frameworks/Carbon.framework/Versions/A/Frameworks/CommonPanels.framework/Versions/A/CommonPanels
0x00000000385fa000 	/System/Library/Frameworks/Carbon.framework/Versions/A/Frameworks/Help.framework/Versions/A/Help
0x00000000385fa000 	/System/Library/Frameworks/Carbon.framework/Versions/A/Frameworks/ImageCapture.framework/Versions/A/ImageCapture
0x00000000385fa000 	/System/Library/Frameworks/Carbon.framework/Versions/A/Frameworks/OpenScripting.framework/Versions/A/OpenScripting
0x00000000385fa000 	/System/Library/Frameworks/Carbon.framework/Versions/A/Frameworks/Print.framework/Versions/A/Print
0x00000000385fa000 	/System/Library/Frameworks/Carbon.framework/Versions/A/Frameworks/SecurityHI.framework/Versions/A/SecurityHI
0x0000000116cde000 	/Library/Java/JavaVirtualMachines/jdk1.8.0_131.jdk/Contents/Home/jre/lib/libawt.dylib
0x0000000116d86000 	/Library/Java/JavaVirtualMachines/jdk1.8.0_131.jdk/Contents/Home/jre/lib/./libmlib_image.dylib
0x0000000116e52000 	/Library/Java/JavaVirtualMachines/jdk1.8.0_131.jdk/Contents/Home/jre/lib/libawt_lwawt.dylib
0x0000000116f09000 	/Library/Java/JavaVirtualMachines/jdk1.8.0_131.jdk/Contents/Home/jre/lib/./libosxapp.dylib
0x00000000385fa000 	/System/Library/Frameworks/ExceptionHandling.framework/Versions/A/ExceptionHandling
0x00000000385fa000 	/System/Library/PrivateFrameworks/CoreServicesInternal.framework/Versions/A/CoreServicesInternal
0x00000000385fa000 	/System/Library/CoreServices/RawCamera.bundle/Contents/MacOS/RawCamera
0x00000000385fa000 	/System/Library/Frameworks/Accelerate.framework/Versions/A/Frameworks/vImage.framework/Versions/A/Libraries/libCGInterfaces.dylib
0x00000000385fa000 	/System/Library/Frameworks/ApplicationServices.framework/Versions/A/Frameworks/ATS.framework/Versions/A/Resources/libTrueTypeScaler.dylib
0x000000012968f000 	/System/Library/Frameworks/OpenGL.framework/Resources/GLEngine.bundle/GLEngine
0x00000000385fa000 	/System/Library/Frameworks/OpenGL.framework/Versions/A/Libraries/libGLProgrammability.dylib
0x0000000129874000 	/System/Library/Extensions/AppleIntelSKLGraphicsGLDriver.bundle/Contents/MacOS/AppleIntelSKLGraphicsGLDriver
0x00000000385fa000 	/System/Library/PrivateFrameworks/GPUSupport.framework/Versions/A/Libraries/libGPUSupportMercury.dylib
0x000000012a5f8000 	/System/Library/Frameworks/OpenGL.framework/Resources//GLRendererFloat.bundle/GLRendererFloat
0x00000000385fa000 	/System/Library/Frameworks/OpenCL.framework/Versions/A/Libraries/libcldcpuengine.dylib
0x00000000385fa000 	/usr/lib/libcrypto.0.9.8.dylib
0x00000000385fa000 	/System/Library/PrivateFrameworks/TrustEvaluationAgent.framework/Versions/A/TrustEvaluationAgent
0x000000012a62c000 	/System/Library/Extensions/AppleIntelSKLGraphicsMTLDriver.bundle/Contents/MacOS/AppleIntelSKLGraphicsMTLDriver
0x00000000385fa000 	/System/Library/PrivateFrameworks/FamilyControls.framework/Versions/A/FamilyControls
0x00000000385fa000 	/System/Library/PrivateFrameworks/CommerceKit.framework/Versions/A/Frameworks/CommerceCore.framework/Versions/A/CommerceCore
0x00000000385fa000 	/System/Library/PrivateFrameworks/SystemAdministration.framework/Versions/A/SystemAdministration
0x00000000385fa000 	/System/Library/PrivateFrameworks/AppContainer.framework/Versions/A/AppContainer
0x00000000385fa000 	/System/Library/PrivateFrameworks/SecCodeWrapper.framework/Versions/A/SecCodeWrapper
0x00000000385fa000 	/System/Library/Frameworks/DirectoryService.framework/Versions/A/DirectoryService
0x00000000385fa000 	/System/Library/PrivateFrameworks/DiskImages.framework/Versions/A/DiskImages
0x00000000385fa000 	/System/Library/PrivateFrameworks/LoginUIKit.framework/Versions/A/Frameworks/LoginUICore.framework/Versions/A/LoginUICore
0x00000000385fa000 	/usr/lib/libCoreStorage.dylib
0x00000000385fa000 	/usr/lib/libcsfde.dylib
0x00000000385fa000 	/usr/lib/libodfde.dylib
0x00000000385fa000 	/System/Library/Frameworks/DiscRecording.framework/Versions/A/DiscRecording
0x00000000385fa000 	/usr/lib/libcurl.4.dylib
0x00000000385fa000 	/System/Library/PrivateFrameworks/MediaKit.framework/Versions/A/MediaKit
0x00000000385fa000 	/System/Library/PrivateFrameworks/ProtectedCloudStorage.framework/Versions/A/ProtectedCloudStorage
0x00000000385fa000 	/System/Library/PrivateFrameworks/EFILogin.framework/Versions/A/EFILogin
0x00000000385fa000 	/usr/lib/libutil.dylib
0x00000000385fa000 	/System/Library/Frameworks/LDAP.framework/Versions/A/LDAP
0x00000000385fa000 	/usr/lib/libsasl2.2.dylib
0x00000000385fa000 	/System/Library/PrivateFrameworks/CoreDaemon.framework/Versions/B/CoreDaemon
0x00000000385fa000 	/System/Library/PrivateFrameworks/AppleSRP.framework/Versions/A/AppleSRP
0x00000000385fa000 	/System/Library/PrivateFrameworks/APFS.framework/Versions/A/APFS
0x000000012c481000 	/Library/Java/JavaVirtualMachines/jdk1.8.0_131.jdk/Contents/Home/jre/lib/libfontmanager.dylib
0x00000000385fa000 	/System/Library/PrivateFrameworks/ViewBridge.framework/Versions/A/ViewBridge
0x00000000385fa000 	/System/Library/PrivateFrameworks/XPCService.framework/Versions/A/XPCService
0x00000000385fa000 	/System/Library/PrivateFrameworks/AppSandbox.framework/Versions/A/AppSandbox
0x00000000385fa000 	/usr/lib/libsandbox.1.dylib
0x00000000385fa000 	/usr/lib/libMatch.1.dylib
0x000000012d96b000 	/Library/Java/JavaVirtualMachines/jdk1.8.0_131.jdk/Contents/Home/jre/lib/libosxui.dylib
0x000000012e702000 	/Library/Java/JavaVirtualMachines/jdk1.8.0_131.jdk/Contents/Home/jre/lib/libnet.dylib
0x000000012e517000 	/Library/Java/JavaVirtualMachines/jdk1.8.0_131.jdk/Contents/Home/jre/lib/libnio.dylib
0x000000012d552000 	/private/var/folders/lr/vg0t0wxx3tg6yq252w_p67_00000gn/T/jogamp_0000/file_cache/jln1112993780930082490/jln6711199185737344389/libgluegen-rt.jnilib
0x000000012d556000 	/private/var/folders/lr/vg0t0wxx3tg6yq252w_p67_00000gn/T/jogamp_0000/file_cache/jln1112993780930082490/jln6711199185737344389/libnativewindow_awt.jnilib
0x000000012d5bd000 	/Library/Java/JavaVirtualMachines/jdk1.8.0_131.jdk/Contents/Home/jre/lib/libjawt.dylib
0x000000012d657000 	/private/var/folders/lr/vg0t0wxx3tg6yq252w_p67_00000gn/T/jogamp_0000/file_cache/jln1112993780930082490/jln6711199185737344389/libnativewindow_macosx.jnilib
0x000000019d9c5000 	/private/var/folders/lr/vg0t0wxx3tg6yq252w_p67_00000gn/T/jogamp_0000/file_cache/jln1112993780930082490/jln6711199185737344389/libjogl_desktop.jnilib
0x00000001a0aa5000 	/Library/Java/JavaVirtualMachines/jdk1.8.0_131.jdk/Contents/Home/jre/lib/libt2k.dylib
0x00000001292aa000 	/Library/Java/JavaVirtualMachines/jdk1.8.0_131.jdk/Contents/Home/jre/lib/libjpeg.dylib

VM Arguments:
jvm_args: -Djava.security.policy=java.policy.applet -Dfile.encoding=UTF-8 
java_command: sun.applet.AppletViewer module6.EarthquakeCityMap1500270812080.html
java_class_path (initial): /Users/sravanjr/Documents/College Classes/Eclipse Practice/UCSDUnfoldingMaps/build:/Users/sravanjr/Documents/College Classes/Eclipse Practice/UCSDUnfoldingMaps/lib/core.jar:/Users/sravanjr/Documents/College Classes/Eclipse Practice/UCSDUnfoldingMaps/lib/gluegen-rt.jar:/Users/sravanjr/Documents/College Classes/Eclipse Practice/UCSDUnfoldingMaps/lib/jogl-all.jar:/Users/sravanjr/Documents/College Classes/Eclipse Practice/UCSDUnfoldingMaps/lib/log4j-1.2.15.jar:/Users/sravanjr/Documents/College Classes/Eclipse Practice/UCSDUnfoldingMaps/lib/sqlite-jdbc-3.7.2.jar:/Users/sravanjr/Documents/College Classes/Eclipse Practice/UCSDUnfoldingMaps/lib/json4processing.jar:/Users/sravanjr/Documents/College Classes/Eclipse Practice/UCSDUnfoldingMaps/lib/libTUIO.jar:/Users/sravanjr/Documents/College Classes/Eclipse Practice/UCSDUnfoldingMaps/lib/unfolding.0.9.7-uscd.jar
Launcher Type: SUN_STANDARD

Environment Variables:
PATH=/usr/bin:/bin:/usr/sbin:/sbin
SHELL=/bin/bash

Signal Handlers:
SIGSEGV: [libjvm.dylib+0x5b1eb1], sa_mask[0]=11111111011111110111111111111111, sa_flags=SA_ONSTACK|SA_RESTART|SA_SIGINFO
SIGBUS: [libjvm.dylib+0x5b1eb1], sa_mask[0]=11111111011111110111111111111111, sa_flags=SA_RESTART|SA_SIGINFO
SIGFPE: [libjvm.dylib+0x488988], sa_mask[0]=11111111011111110111111111111111, sa_flags=SA_RESTART|SA_SIGINFO
SIGPIPE: [libjvm.dylib+0x488988], sa_mask[0]=11111111011111110111111111111111, sa_flags=SA_RESTART|SA_SIGINFO
SIGXFSZ: [libjvm.dylib+0x488988], sa_mask[0]=11111111011111110111111111111111, sa_flags=SA_RESTART|SA_SIGINFO
SIGILL: [libjvm.dylib+0x488988], sa_mask[0]=11111111011111110111111111111111, sa_flags=SA_RESTART|SA_SIGINFO
SIGUSR1: SIG_DFL, sa_mask[0]=00000000000000000000000000000000, sa_flags=none
SIGUSR2: [libjvm.dylib+0x4884a6], sa_mask[0]=00100000000000000000000000000000, sa_flags=SA_RESTART|SA_SIGINFO
SIGHUP: [libjvm.dylib+0x486a7d], sa_mask[0]=11111111011111110111111111111111, sa_flags=SA_RESTART|SA_SIGINFO
SIGINT: [libjvm.dylib+0x486a7d], sa_mask[0]=11111111011111110111111111111111, sa_flags=SA_RESTART|SA_SIGINFO
SIGTERM: [libjvm.dylib+0x486a7d], sa_mask[0]=11111111011111110111111111111111, sa_flags=SA_RESTART|SA_SIGINFO
SIGQUIT: [libjvm.dylib+0x486a7d], sa_mask[0]=11111111011111110111111111111111, sa_flags=SA_RESTART|SA_SIGINFO


---------------  S Y S T E M  ---------------

OS:Bsduname:Darwin 16.6.0 Darwin Kernel Version 16.6.0: Fri Apr 14 16:21:16 PDT 2017; root:xnu-3789.60.24~6/RELEASE_X86_64 x86_64
rlimit: STACK 8192k, CORE 0k, NPROC 709, NOFILE 10240, AS infinity
load average:1.83 1.94 1.79

CPU:total 4 (initial active 4) (2 cores per cpu, 2 threads per core) family 6 model 78 stepping 3, cmov, cx8, fxsr, mmx, sse, sse2, sse3, ssse3, sse4.1, sse4.2, popcnt, avx, avx2, aes, clmul, erms, rtm, 3dnowpref, lzcnt, ht, tsc, tscinvbit, bmi1, bmi2, adx

Memory: 4k page, physical 8388608k(246456k free)

/proc/meminfo:


vm_info: Java HotSpot(TM) 64-Bit Server VM (25.131-b11) for bsd-amd64 JRE (1.8.0_131-b11), built on Mar 15 2017 01:32:22 by "java_re" with gcc 4.2.1 (Based on Apple Inc. build 5658) (LLVM build 2336.11.00)

time: Sun Jul 16 22:56:28 2017
elapsed time: 176 seconds (0d 0h 2m 56s)

