#
# A fatal error has been detected by the Java Runtime Environment:
#
#  SIGSEGV (0xb) at pc=0x00007fffc287e05d, pid=2454, tid=0x0000000000000307
#
# JRE version: Java(TM) SE Runtime Environment (8.0_131-b11) (build 1.8.0_131-b11)
# Java VM: Java HotSpot(TM) 64-Bit Server VM (25.131-b11 mixed mode bsd-amd64 compressed oops)
# Problematic frame:
# C  [libobjc.A.dylib+0x705d]  objc_msgSend+0x1d
#
# Failed to write core dump. Core dumps have been disabled. To enable core dumping, try "ulimit -c unlimited" before starting Java again
#
# If you would like to submit a bug report, please visit:
#   http://bugreport.java.com/bugreport/crash.jsp
# The crash happened outside the Java Virtual Machine in native code.
# See problematic frame for where to report the bug.
#

---------------  T H R E A D  ---------------

Current thread (0x00007fbdad0cf800):  JavaThread "AWT-AppKit" daemon [_thread_in_native, id=775, stack(0x00007fff58624000,0x00007fff58e24000)]

siginfo: si_signo: 11 (SIGSEGV), si_code: 1 (SEGV_MAPERR), si_addr: 0x0000000000000018

Registers:
RAX=0x00007fbdacea2920, RBX=0x000000018f0cf450, RCX=0x00007fbdaf3014f0, RDX=0x0000000000000000
RSP=0x00007fff58e1f288, RBP=0x00007fff58e1f340, RSI=0x00007fffac118116, RDI=0x00007fbdb2baad40
R8 =0x0000000000000018, R9 =0x00007fbdaf300f10, R10=0x0000000000000000, R11=0x00007fffac118116
R12=0x0000000000000000, R13=0x0000000195e10fc0, R14=0x000000018f0cf440, R15=0x00007fbdad0cf800
RIP=0x00007fffc287e05d, EFLAGS=0x0000000000010246, ERR=0x0000000000000004
  TRAPNO=0x000000000000000e

Top of Stack: (sp=0x00007fff58e1f288)
0x00007fff58e1f288:   000000018f0cd157 00007fff58e1f2e0
0x00007fff58e1f298:   0000000000000003 00007fff58e1f2c0
0x00007fff58e1f2a8:   0000000107e026d2 0000000195e10fc0
0x00007fff58e1f2b8:   0000000195e10fc0 00007fbdacea2920
0x00007fff58e1f2c8:   000000018f0cf6a0 000000018f0cf710
0x00007fff58e1f2d8:   00007fffc88e26d0 00007fffc95121e0
0x00007fff58e1f2e8:   000000018f0cf450 000000018f0cf690
0x00007fff58e1f2f8:   00007fbdacea2920 00007fbdb2baad40
0x00007fff58e1f308:   00007fbdacc3b0c0 00007fbdacea2920
0x00007fff58e1f318:   00007fbdb2baad40 00007fff58e1f3c8
0x00007fff58e1f328:   00007fbdad0cf9f8 0000000195e10fc0
0x00007fff58e1f338:   00007fff58e1f3f0 00007fff58e1f3b8
0x00007fff58e1f348:   0000000108bc99f4 0000000195e10fc0
0x00007fff58e1f358:   00007fff58e1f3f0 00007fff58e1f3b8
0x00007fff58e1f368:   0000000108bc9787 0000000108bc9742
0x00007fff58e1f378:   00007fff58e1f378 0000000195e10fc0
0x00007fff58e1f388:   00007fff58e1f3f0 000000018ef53be0
0x00007fff58e1f398:   0000000000000000 0000000195e10fc0
0x00007fff58e1f3a8:   0000000000000000 00007fff58e1f3d8
0x00007fff58e1f3b8:   00007fff58e1f438 0000000108bba2bd
0x00007fff58e1f3c8:   000000074037a3b8 0000000108bc3538
0x00007fff58e1f3d8:   00007fbdacea2920 00007fff58e1f438
0x00007fff58e1f3e8:   00007fbdb2baad40 0000000108bc4e02
0x00007fff58e1f3f8:   00007fff58e1f3f8 0000000195e1118a
0x00007fff58e1f408:   00007fff58e1f460 000000018ef53be0
0x00007fff58e1f418:   0000000000000000 0000000195e11198
0x00007fff58e1f428:   00007fff58e1f3d8 00007fff58e1f448
0x00007fff58e1f438:   00007fff58e1f4a8 0000000108bba2bd
0x00007fff58e1f448:   00007fbdacea2920 00000007403bbe50
0x00007fff58e1f458:   00007fbdb2baad40 00000007403bbe50
0x00007fff58e1f468:   00007fff58e1f468 000000019bc98d5e
0x00007fff58e1f478:   00007fff58e1f4b8 000000019bc98e18 

Instructions: (pc=0x00007fffc287e05d)
0x00007fffc287e03d:   0f 1f 00 48 85 ff 2e 74 62 40 f6 c7 01 2e 75 66
0x00007fffc287e04d:   49 ba f8 ff ff ff ff 7f 00 00 4c 23 17 49 89 f3
0x00007fffc287e05d:   45 23 5a 18 49 c1 e3 04 4d 03 5a 10 49 3b 33 75
0x00007fffc287e06d:   04 41 ff 63 08 49 83 3b 01 76 0d 49 83 c3 10 49 

Register to memory mapping:

RAX=0x00007fbdacea2920 is an unknown value
RBX=0x000000018f0cf450: Java_jogamp_nativewindow_macosx_OSXUtil_GetScreenRefreshRate0+0x1cf0 in /private/var/folders/lr/vg0t0wxx3tg6yq252w_p67_00000gn/T/jogamp_0000/file_cache/jln1678795125509464458/jln5649169213004787392/libnativewindow_macosx.jnilib at 0x000000018f0c8000
RCX=0x00007fbdaf3014f0 is an unknown value
RDX=0x0000000000000000 is an unknown value
RSP=0x00007fff58e1f288 is pointing into the stack for thread: 0x00007fbdad0cf800
RBP=0x00007fff58e1f340 is pointing into the stack for thread: 0x00007fbdad0cf800
RSI=0x00007fffac118116: __NSStyleNameIndexTable+0x7fd5e in /System/Library/Frameworks/AppKit.framework/Versions/C/AppKit at 0x00007fffab4ab000
RDI=0x00007fbdb2baad40 is an unknown value
R8 =0x0000000000000018 is an unknown value
R9 =0x00007fbdaf300f10 is an unknown value
R10=0x0000000000000000 is an unknown value
R11=0x00007fffac118116: __NSStyleNameIndexTable+0x7fd5e in /System/Library/Frameworks/AppKit.framework/Versions/C/AppKit at 0x00007fffab4ab000
R12=0x0000000000000000 is an unknown value
R13={method} {0x0000000195e10fc0} 'UnsetJAWTRootSurfaceLayer0' '(JJ)V' in 'jogamp/nativewindow/jawt/macosx/MacOSXJAWTWindow'
R14=0x000000018f0cf440: Java_jogamp_nativewindow_macosx_OSXUtil_GetScreenRefreshRate0+0x1ce0 in /private/var/folders/lr/vg0t0wxx3tg6yq252w_p67_00000gn/T/jogamp_0000/file_cache/jln1678795125509464458/jln5649169213004787392/libnativewindow_macosx.jnilib at 0x000000018f0c8000
R15=0x00007fbdad0cf800 is a thread


Stack: [0x00007fff58624000,0x00007fff58e24000],  sp=0x00007fff58e1f288,  free space=8172k
Native frames: (J=compiled Java code, j=interpreted, Vv=VM code, C=native code)
C  [libobjc.A.dylib+0x705d]  objc_msgSend+0x1d
j  jogamp.nativewindow.jawt.macosx.MacOSXJAWTWindow.UnsetJAWTRootSurfaceLayer0(JJ)V+0
j  jogamp.nativewindow.jawt.macosx.MacOSXJAWTWindow.access$200(JJ)V+2
j  jogamp.nativewindow.jawt.macosx.MacOSXJAWTWindow$1.run()V+38
J 3062 C1 com.jogamp.common.util.RunnableTask.run()V (345 bytes) @ 0x00000001094bda74 [0x00000001094bd8e0+0x194]
v  ~StubRoutines::call_stub
V  [libjvm.dylib+0x2ee5b6]  JavaCalls::call_helper(JavaValue*, methodHandle*, JavaCallArguments*, Thread*)+0x6ae
V  [libjvm.dylib+0x325765]  jni_invoke_nonstatic(JNIEnv_*, JavaValue*, _jobject*, JNICallType, _jmethodID*, JNI_ArgumentPusher*, Thread*)+0x2ec
V  [libjvm.dylib+0x317f33]  jni_CallVoidMethod+0x16b
C  [libnativewindow_macosx.jnilib+0x5326]  Java_jogamp_nativewindow_jawt_macosx_MacOSXJAWTWindow_UnsetJAWTRootSurfaceLayer0+0x2b6
C  [Foundation+0x717ba]  __NSThreadPerformPerform+0x146
C  [CoreFoundation+0xa7321]  __CFRUNLOOP_IS_CALLING_OUT_TO_A_SOURCE0_PERFORM_FUNCTION__+0x11
C  [CoreFoundation+0x8821d]  __CFRunLoopDoSources0+0x22d
C  [CoreFoundation+0x87716]  __CFRunLoopRun+0x3a6
C  [CoreFoundation+0x87114]  CFRunLoopRunSpecific+0x1a4
C  [HIToolbox+0x30ebc]  RunCurrentEventLoopInMode+0xf0
C  [HIToolbox+0x30bf9]  ReceiveNextEventCommon+0xb8
C  [HIToolbox+0x30b26]  _BlockUntilNextEventMatchingListInModeWithFilter+0x47
C  [AppKit+0x46a54]  _DPSNextEvent+0x460
C  [AppKit+0x7c27ee]  -[NSApplication(NSEvent) _nextEventMatchingEventMask:untilDate:inMode:dequeue:]+0xaec
C  [libosxapp.dylib+0x23aa]  -[NSApplicationAWT nextEventMatchingMask:untilDate:inMode:dequeue:]+0x7c
C  [AppKit+0x3b3db]  -[NSApplication run]+0x39e
C  [libosxapp.dylib+0x214d]  +[NSApplicationAWT runAWTLoopWithApp:]+0x9c
C  [libawt_lwawt.dylib+0x45edf]  -[AWTStarter starter:]+0x389
C  [Foundation+0x717ba]  __NSThreadPerformPerform+0x146
C  [CoreFoundation+0xa7321]  __CFRUNLOOP_IS_CALLING_OUT_TO_A_SOURCE0_PERFORM_FUNCTION__+0x11
C  [CoreFoundation+0x8821d]  __CFRunLoopDoSources0+0x22d
C  [CoreFoundation+0x87716]  __CFRunLoopRun+0x3a6
C  [CoreFoundation+0x87114]  CFRunLoopRunSpecific+0x1a4
C  [java+0x6465]  CreateExecutionEnvironment+0x367
C  [java+0x218c]  JLI_Launch+0x7a0
C  [java+0x84c2]  main+0x65
C  [java+0x19e4]  start+0x34
C  0x0000000000000007

Java frames: (J=compiled Java code, j=interpreted, Vv=VM code)
j  jogamp.nativewindow.jawt.macosx.MacOSXJAWTWindow.UnsetJAWTRootSurfaceLayer0(JJ)V+0
j  jogamp.nativewindow.jawt.macosx.MacOSXJAWTWindow.access$200(JJ)V+2
j  jogamp.nativewindow.jawt.macosx.MacOSXJAWTWindow$1.run()V+38
J 3062 C1 com.jogamp.common.util.RunnableTask.run()V (345 bytes) @ 0x00000001094bda74 [0x00000001094bd8e0+0x194]
v  ~StubRoutines::call_stub

---------------  P R O C E S S  ---------------

Java Threads: ( => current thread )
  0x00007fbdb424f000 JavaThread "Thread-19" [_thread_blocked, id=74067, stack(0x000070000e58b000,0x000070000e68b000)]
  0x00007fbdadbc9000 JavaThread "Animation Thread" [_thread_blocked, id=66319, stack(0x000070000e302000,0x000070000e402000)]
  0x00007fbdaea0e000 JavaThread "AWT-EventQueue-1" [_thread_in_native, id=65703, stack(0x000070000e405000,0x000070000e505000)]
  0x00007fbdad186000 JavaThread "DestroyJavaVM" [_thread_blocked, id=7171, stack(0x000070000cdbd000,0x000070000cebd000)]
  0x00007fbdad146000 JavaThread "AWT-EventQueue-0" [_thread_blocked, id=60179, stack(0x000070000e1ff000,0x000070000e2ff000)]
  0x00007fbdaea80000 JavaThread "Java2D Disposer" daemon [_thread_blocked, id=56847, stack(0x000070000df76000,0x000070000e076000)]
  0x00007fbdad919000 JavaThread "Java2D Queue Flusher" daemon [_thread_blocked, id=47667, stack(0x000070000de73000,0x000070000df73000)]
  0x00007fbdad0ec000 JavaThread "AWT-Shutdown" [_thread_blocked, id=29727, stack(0x000070000dc6a000,0x000070000dd6a000)]
=>0x00007fbdad0cf800 JavaThread "AWT-AppKit" daemon [_thread_in_native, id=775, stack(0x00007fff58624000,0x00007fff58e24000)]
  0x00007fbdad027000 JavaThread "Service Thread" daemon [_thread_blocked, id=18691, stack(0x000070000d9e1000,0x000070000dae1000)]
  0x00007fbdad009800 JavaThread "C1 CompilerThread2" daemon [_thread_blocked, id=18179, stack(0x000070000d8de000,0x000070000d9de000)]
  0x00007fbdad003000 JavaThread "C2 CompilerThread1" daemon [_thread_in_native, id=17667, stack(0x000070000d7db000,0x000070000d8db000)]
  0x00007fbdae859000 JavaThread "C2 CompilerThread0" daemon [_thread_in_native, id=17155, stack(0x000070000d6d8000,0x000070000d7d8000)]
  0x00007fbdae825000 JavaThread "Signal Dispatcher" daemon [_thread_blocked, id=16643, stack(0x000070000d5d5000,0x000070000d6d5000)]
  0x00007fbdad008800 JavaThread "Finalizer" daemon [_thread_blocked, id=12547, stack(0x000070000d4d2000,0x000070000d5d2000)]
  0x00007fbdae822800 JavaThread "Reference Handler" daemon [_thread_blocked, id=12035, stack(0x000070000d3cf000,0x000070000d4cf000)]

Other Threads:
  0x00007fbdae008800 VMThread [stack: 0x000070000d2cc000,0x000070000d3cc000] [id=11523]
  0x00007fbdae02f800 WatcherThread [stack: 0x000070000dae4000,0x000070000dbe4000] [id=19203]

VM state:not at safepoint (normal execution)

VM Mutex/Monitor currently owned by a thread: None

Heap:
 PSYoungGen      total 237056K, used 12725K [0x0000000795580000, 0x00000007aaf00000, 0x00000007c0000000)
  eden space 222720K, 5% used [0x0000000795580000,0x000000079619d4f0,0x00000007a2f00000)
  from space 14336K, 2% used [0x00000007a2f00000,0x00000007a2f50000,0x00000007a3d00000)
  to   space 14848K, 0% used [0x00000007aa080000,0x00000007aa080000,0x00000007aaf00000)
 ParOldGen       total 46592K, used 25016K [0x0000000740000000, 0x0000000742d80000, 0x0000000795580000)
  object space 46592K, 53% used [0x0000000740000000,0x000000074186e268,0x0000000742d80000)
 Metaspace       used 24982K, capacity 25329K, committed 25728K, reserved 1073152K
  class space    used 2472K, capacity 2587K, committed 2688K, reserved 1048576K

Card table byte_map: [0x0000000117f72000,0x0000000118373000] byte_map_base: 0x0000000114572000

Marking Bits: (ParMarkBitMap*) 0x0000000108500ea0
 Begin Bits: [0x0000000118373000, 0x000000011a373000)
 End Bits:   [0x000000011a373000, 0x000000011c373000)

Polling page: 0x0000000106e9c000

CodeCache: size=245760Kb used=12270Kb max_used=12277Kb free=233489Kb
 bounds [0x0000000108bb2000, 0x00000001097c2000, 0x0000000117bb2000]
 total_blobs=4421 nmethods=3472 adapters=862
 compilation: enabled

Compilation events (10 events):
Event: 59.690 Thread 0x00007fbdad009800 nmethod 3810 0x00000001097b2f90 code [0x00000001097b3320, 0x00000001097b4db8]
Event: 61.021 Thread 0x00007fbdad003000 3811       4       java.awt.EventQueue$3::run (5 bytes)
Event: 61.038 Thread 0x00007fbdad003000 nmethod 3811 0x00000001097aee10 code [0x00000001097af080, 0x00000001097afca0]
Event: 62.488 Thread 0x00007fbdae859000 3812       4       java.awt.EventQueue::postEvent (13 bytes)
Event: 62.488 Thread 0x00007fbdad003000 3813   !   4       java.awt.EventQueue::postEventPrivate (104 bytes)
Event: 62.490 Thread 0x00007fbdad009800 3815       3       sun.java2d.pipe.RenderBuffer::putFloat (26 bytes)
Event: 62.491 Thread 0x00007fbdad009800 nmethod 3815 0x00000001097a1a90 code [0x00000001097a1c00, 0x00000001097a1d90]
Event: 62.492 Thread 0x00007fbdad009800 3814       1       sun.java2d.SurfaceData::isValid (5 bytes)
Event: 62.492 Thread 0x00007fbdad009800 nmethod 3814 0x00000001097a3c10 code [0x00000001097a3d60, 0x00000001097a3e70]
Event: 62.520 Thread 0x00007fbdad009800 3817       3       java.security.CodeSource::matchCerts (254 bytes)

GC Heap History (10 events):
Event: 8.241 GC heap before
{Heap before GC invocations=6 (full 1):
 PSYoungGen      total 69632K, used 69617K [0x0000000795580000, 0x000000079a080000, 0x00000007c0000000)
  eden space 64512K, 100% used [0x0000000795580000,0x0000000799480000,0x0000000799480000)
  from space 5120K, 99% used [0x0000000799b80000,0x000000079a07c5d0,0x000000079a080000)
  to   space 5120K, 0% used [0x0000000799680000,0x0000000799680000,0x0000000799b80000)
 ParOldGen       total 46592K, used 14255K [0x0000000740000000, 0x0000000742d80000, 0x0000000795580000)
  object space 46592K, 30% used [0x0000000740000000,0x0000000740debe50,0x0000000742d80000)
 Metaspace       used 24519K, capacity 24945K, committed 25216K, reserved 1071104K
  class space    used 2464K, capacity 2587K, committed 2688K, reserved 1048576K
Event: 8.247 GC heap after
Heap after GC invocations=6 (full 1):
 PSYoungGen      total 71680K, used 5105K [0x0000000795580000, 0x000000079ea00000, 0x00000007c0000000)
  eden space 66560K, 0% used [0x0000000795580000,0x0000000795580000,0x0000000799680000)
  from space 5120K, 99% used [0x0000000799680000,0x0000000799b7c5b0,0x0000000799b80000)
  to   space 14336K, 0% used [0x000000079dc00000,0x000000079dc00000,0x000000079ea00000)
 ParOldGen       total 46592K, used 19828K [0x0000000740000000, 0x0000000742d80000, 0x0000000795580000)
  object space 46592K, 42% used [0x0000000740000000,0x000000074135d358,0x0000000742d80000)
 Metaspace       used 24519K, capacity 24945K, committed 25216K, reserved 1071104K
  class space    used 2464K, capacity 2587K, committed 2688K, reserved 1048576K
}
Event: 13.446 GC heap before
{Heap before GC invocations=7 (full 1):
 PSYoungGen      total 71680K, used 71665K [0x0000000795580000, 0x000000079ea00000, 0x00000007c0000000)
  eden space 66560K, 100% used [0x0000000795580000,0x0000000799680000,0x0000000799680000)
  from space 5120K, 99% used [0x0000000799680000,0x0000000799b7c5b0,0x0000000799b80000)
  to   space 14336K, 0% used [0x000000079dc00000,0x000000079dc00000,0x000000079ea00000)
 ParOldGen       total 46592K, used 19828K [0x0000000740000000, 0x0000000742d80000, 0x0000000795580000)
  object space 46592K, 42% used [0x0000000740000000,0x000000074135d358,0x0000000742d80000)
 Metaspace       used 24931K, capacity 25329K, committed 25728K, reserved 1073152K
  class space    used 2464K, capacity 2587K, committed 2688K, reserved 1048576K
Event: 13.453 GC heap after
Heap after GC invocations=7 (full 1):
 PSYoungGen      total 137728K, used 5249K [0x0000000795580000, 0x000000079ec00000, 0x00000007c0000000)
  eden space 123392K, 0% used [0x0000000795580000,0x0000000795580000,0x000000079ce00000)
  from space 14336K, 36% used [0x000000079dc00000,0x000000079e1205a0,0x000000079ea00000)
  to   space 14336K, 0% used [0x000000079ce00000,0x000000079ce00000,0x000000079dc00000)
 ParOldGen       total 46592K, used 19836K [0x0000000740000000, 0x0000000742d80000, 0x0000000795580000)
  object space 46592K, 42% used [0x0000000740000000,0x000000074135f358,0x0000000742d80000)
 Metaspace       used 24931K, capacity 25329K, committed 25728K, reserved 1073152K
  class space    used 2464K, capacity 2587K, committed 2688K, reserved 1048576K
}
Event: 26.425 GC heap before
{Heap before GC invocations=8 (full 1):
 PSYoungGen      total 137728K, used 128641K [0x0000000795580000, 0x000000079ec00000, 0x00000007c0000000)
  eden space 123392K, 100% used [0x0000000795580000,0x000000079ce00000,0x000000079ce00000)
  from space 14336K, 36% used [0x000000079dc00000,0x000000079e1205a0,0x000000079ea00000)
  to   space 14336K, 0% used [0x000000079ce00000,0x000000079ce00000,0x000000079dc00000)
 ParOldGen       total 46592K, used 19836K [0x0000000740000000, 0x0000000742d80000, 0x0000000795580000)
  object space 46592K, 42% used [0x0000000740000000,0x000000074135f358,0x0000000742d80000)
 Metaspace       used 24942K, capacity 25329K, committed 25728K, reserved 1073152K
  class space    used 2464K, capacity 2587K, committed 2688K, reserved 1048576K
Event: 26.430 GC heap after
Heap after GC invocations=8 (full 1):
 PSYoungGen      total 137728K, used 5329K [0x0000000795580000, 0x00000007a4f00000, 0x00000007c0000000)
  eden space 123392K, 0% used [0x0000000795580000,0x0000000795580000,0x000000079ce00000)
  from space 14336K, 37% used [0x000000079ce00000,0x000000079d3345b0,0x000000079dc00000)
  to   space 13824K, 0% used [0x00000007a4180000,0x00000007a4180000,0x00000007a4f00000)
 ParOldGen       total 46592K, used 19844K [0x0000000740000000, 0x0000000742d80000, 0x0000000795580000)
  object space 46592K, 42% used [0x0000000740000000,0x0000000741361358,0x0000000742d80000)
 Metaspace       used 24942K, capacity 25329K, committed 25728K, reserved 1073152K
  class space    used 2464K, capacity 2587K, committed 2688K, reserved 1048576K
}
Event: 39.231 GC heap before
{Heap before GC invocations=9 (full 1):
 PSYoungGen      total 137728K, used 128721K [0x0000000795580000, 0x00000007a4f00000, 0x00000007c0000000)
  eden space 123392K, 100% used [0x0000000795580000,0x000000079ce00000,0x000000079ce00000)
  from space 14336K, 37% used [0x000000079ce00000,0x000000079d3345b0,0x000000079dc00000)
  to   space 13824K, 0% used [0x00000007a4180000,0x00000007a4180000,0x00000007a4f00000)
 ParOldGen       total 46592K, used 19844K [0x0000000740000000, 0x0000000742d80000, 0x0000000795580000)
  object space 46592K, 42% used [0x0000000740000000,0x0000000741361358,0x0000000742d80000)
 Metaspace       used 24943K, capacity 25329K, committed 25728K, reserved 1073152K
  class space    used 2464K, capacity 2587K, committed 2688K, reserved 1048576K
Event: 39.235 GC heap after
Heap after GC invocations=9 (full 1):
 PSYoungGen      total 232448K, used 1440K [0x0000000795580000, 0x00000007a4b00000, 0x00000007c0000000)
  eden space 222720K, 0% used [0x0000000795580000,0x0000000795580000,0x00000007a2f00000)
  from space 9728K, 14% used [0x00000007a4180000,0x00000007a42e8040,0x00000007a4b00000)
  to   space 14336K, 0% used [0x00000007a2f00000,0x00000007a2f00000,0x00000007a3d00000)
 ParOldGen       total 46592K, used 23742K [0x0000000740000000, 0x0000000742d80000, 0x0000000795580000)
  object space 46592K, 50% used [0x0000000740000000,0x000000074172f8f8,0x0000000742d80000)
 Metaspace       used 24943K, capacity 25329K, committed 25728K, reserved 1073152K
  class space    used 2464K, capacity 2587K, committed 2688K, reserved 1048576K
}
Event: 62.072 GC heap before
{Heap before GC invocations=10 (full 1):
 PSYoungGen      total 232448K, used 224160K [0x0000000795580000, 0x00000007a4b00000, 0x00000007c0000000)
  eden space 222720K, 100% used [0x0000000795580000,0x00000007a2f00000,0x00000007a2f00000)
  from space 9728K, 14% used [0x00000007a4180000,0x00000007a42e8040,0x00000007a4b00000)
  to   space 14336K, 0% used [0x00000007a2f00000,0x00000007a2f00000,0x00000007a3d00000)
 ParOldGen       total 46592K, used 23742K [0x0000000740000000, 0x0000000742d80000, 0x0000000795580000)
  object space 46592K, 50% used [0x0000000740000000,0x000000074172f8f8,0x0000000742d80000)
 Metaspace       used 24948K, capacity 25329K, committed 25728K, reserved 1073152K
  class space    used 2464K, capacity 2587K, committed 2688K, reserved 1048576K
Event: 62.075 GC heap after
Heap after GC invocations=10 (full 1):
 PSYoungGen      total 237056K, used 320K [0x0000000795580000, 0x00000007aaf00000, 0x00000007c0000000)
  eden space 222720K, 0% used [0x0000000795580000,0x0000000795580000,0x00000007a2f00000)
  from space 14336K, 2% used [0x00000007a2f00000,0x00000007a2f50000,0x00000007a3d00000)
  to   space 14848K, 0% used [0x00000007aa080000,0x00000007aa080000,0x00000007aaf00000)
 ParOldGen       total 46592K, used 25016K [0x0000000740000000, 0x0000000742d80000, 0x0000000795580000)
  object space 46592K, 53% used [0x0000000740000000,0x000000074186e268,0x0000000742d80000)
 Metaspace       used 24948K, capacity 25329K, committed 25728K, reserved 1073152K
  class space    used 2464K, capacity 2587K, committed 2688K, reserved 1048576K
}

Deoptimization events (10 events):
Event: 62.488 Thread 0x00007fbdad146000 Uncommon trap: reason=unstable_if action=reinterpret pc=0x00000001093a5c0c method=java.lang.Math.round(D)J @ 31
Event: 62.488 Thread 0x00007fbdad146000 Uncommon trap: reason=unstable_if action=reinterpret pc=0x00000001092a45ac method=sun.java2d.SunGraphics2D.validateCompClip()V @ 9
Event: 62.488 Thread 0x00007fbdaea0e000 Uncommon trap: reason=unstable_if action=reinterpret pc=0x00000001097b82a4 method=java.awt.EventQueue.uncacheEQItem(Lsun/awt/EventQueueItem;)V @ 23
Event: 62.489 Thread 0x00007fbdad146000 Uncommon trap: reason=unstable_if action=reinterpret pc=0x000000010976b39c method=sun.java2d.pipe.Region.intersectsQuickCheck(Lsun/java2d/pipe/Region;)Z @ 41
Event: 62.490 Thread 0x00007fbdad146000 Uncommon trap: reason=unstable_if action=reinterpret pc=0x0000000109274514 method=java.awt.Font.equals(Ljava/lang/Object;)Z @ 2
Event: 62.502 Thread 0x00007fbdae0e6000 Uncommon trap: reason=class_check action=maybe_recompile pc=0x00000001090c0d34 method=java.util.HashMap.putVal(ILjava/lang/Object;Ljava/lang/Object;ZZ)Ljava/lang/Object; @ 91
Event: 62.502 Thread 0x00007fbdae0e6000 Uncommon trap: reason=class_check action=maybe_recompile pc=0x00000001090c0d34 method=java.util.HashMap.putVal(ILjava/lang/Object;Ljava/lang/Object;ZZ)Ljava/lang/Object; @ 91
Event: 62.502 Thread 0x00007fbdae0e6000 Uncommon trap: reason=class_check action=maybe_recompile pc=0x0000000109050dcc method=java.util.HashMap.putVal(ILjava/lang/Object;Ljava/lang/Object;ZZ)Ljava/lang/Object; @ 91
Event: 62.521 Thread 0x00007fbdaea0e000 Uncommon trap: reason=unstable_if action=reinterpret pc=0x0000000109752018 method=java.util.LinkedList$ListItr.<init>(Ljava/util/LinkedList;I)V @ 26
Event: 62.522 Thread 0x00007fbdaea0e000 Uncommon trap: reason=unstable_if action=reinterpret pc=0x000000010954755c method=java.security.AccessControlContext.optimize()Ljava/security/AccessControlContext; @ 233

Internal exceptions (10 events):
Event: 0.144 Thread 0x00007fbdae801800 Exception <a 'java/lang/NoSuchFieldError': method resolution failed> (0x0000000795794d70) thrown at [/Users/java_re/workspace/8-2-build-macosx-x86_64/jdk8u131/8869/hotspot/src/share/vm/prims/methodHandles.cpp, line 1146]
Event: 0.293 Thread 0x00007fbdae801800 Exception <a 'java/io/FileNotFoundException'> (0x0000000795810268) thrown at [/Users/java_re/workspace/8-2-build-macosx-x86_64/jdk8u131/8869/hotspot/src/share/vm/prims/jni.cpp, line 709]
Event: 0.293 Thread 0x00007fbdae801800 Exception <a 'java/io/FileNotFoundException'> (0x0000000795810de8) thrown at [/Users/java_re/workspace/8-2-build-macosx-x86_64/jdk8u131/8869/hotspot/src/share/vm/prims/jni.cpp, line 709]
Event: 0.408 Thread 0x00007fbdae801800 Exception <a 'java/io/FileNotFoundException'> (0x0000000795954b18) thrown at [/Users/java_re/workspace/8-2-build-macosx-x86_64/jdk8u131/8869/hotspot/src/share/vm/prims/jni.cpp, line 709]
Event: 2.516 Thread 0x00007fbdadbc9000 Exception <a 'java/lang/UnsatisfiedLinkError': com.jogamp.common.util.JarUtil.fixNativeLibAttribs(Ljava/lang/String;)Z> (0x0000000796cc8c98) thrown at [/Users/java_re/workspace/8-2-build-macosx-x86_64/jdk8u131/8869/hotspot/src/share/vm/prims/nativeLookup.
Event: 2.744 Thread 0x00007fbdad008800 Exception <a 'java/lang/NullPointerException'> (0x00000007956a2c08) thrown at [/Users/java_re/workspace/8-2-build-macosx-x86_64/jdk8u131/8869/hotspot/src/share/vm/interpreter/linkResolver.cpp, line 1197]
Event: 3.424 Thread 0x00007fbdaea0e000 Exception <a 'java/io/FileNotFoundException'> (0x00000007960a2570) thrown at [/Users/java_re/workspace/8-2-build-macosx-x86_64/jdk8u131/8869/hotspot/src/share/vm/prims/jni.cpp, line 709]
Event: 3.424 Thread 0x00007fbdaea0e000 Exception <a 'java/io/FileNotFoundException'> (0x00000007960ab398) thrown at [/Users/java_re/workspace/8-2-build-macosx-x86_64/jdk8u131/8869/hotspot/src/share/vm/prims/jni.cpp, line 709]
Event: 3.424 Thread 0x00007fbdaea0e000 Implicit null exception at 0x0000000108d937b6 to 0x0000000108d93b81
Event: 3.684 Thread 0x00007fbdaea0e000 Implicit null exception at 0x0000000108f9af46 to 0x0000000108f9b18d

Events (10 events):
Event: 62.521 Thread 0x00007fbdaea0e000 DEOPT PACKING pc=0x0000000109752018 sp=0x000070000e502b70
Event: 62.521 Thread 0x00007fbdaea0e000 DEOPT UNPACKING pc=0x0000000108bb7229 sp=0x000070000e502a10 mode 2
Event: 62.522 Thread 0x00007fbdaea0e000 Uncommon trap: trap_request=0xffffff65 fr.pc=0x000000010954755c
Event: 62.522 Thread 0x00007fbdaea0e000 DEOPT PACKING pc=0x000000010954755c sp=0x000070000e502a70
Event: 62.522 Thread 0x00007fbdaea0e000 DEOPT UNPACKING pc=0x0000000108bb7229 sp=0x000070000e502a40 mode 2
Event: 62.522 loading class java/awt/LightweightDispatcher$2
Event: 62.522 loading class java/awt/LightweightDispatcher$2 done
Event: 62.522 loading class java/awt/event/AWTEventListenerProxy
Event: 62.522 loading class java/awt/event/AWTEventListenerProxy done
Event: 62.524 Executing VM operation: Deoptimize


Dynamic libraries:
0x00000000385fa000 	/System/Library/Frameworks/Cocoa.framework/Versions/A/Cocoa
0x00000000385fa000 	/System/Library/Frameworks/Security.framework/Versions/A/Security
0x00000000385fa000 	/System/Library/Frameworks/ApplicationServices.framework/Versions/A/ApplicationServices
0x00000000385fa000 	/usr/lib/libz.1.dylib
0x00000000385fa000 	/usr/lib/libSystem.B.dylib
0x00000000385fa000 	/usr/lib/libobjc.A.dylib
0x00000000385fa000 	/System/Library/Frameworks/CoreFoundation.framework/Versions/A/CoreFoundation
0x00000000385fa000 	/System/Library/Frameworks/Foundation.framework/Versions/C/Foundation
0x00000000385fa000 	/System/Library/Frameworks/AppKit.framework/Versions/C/AppKit
0x00000000385fa000 	/System/Library/Frameworks/CoreData.framework/Versions/A/CoreData
0x00000000385fa000 	/System/Library/PrivateFrameworks/RemoteViewServices.framework/Versions/A/RemoteViewServices
0x00000000385fa000 	/System/Library/PrivateFrameworks/UIFoundation.framework/Versions/A/UIFoundation
0x00000000385fa000 	/System/Library/PrivateFrameworks/DFRFoundation.framework/Versions/A/DFRFoundation
0x00000000385fa000 	/usr/lib/libenergytrace.dylib
0x00000000385fa000 	/System/Library/PrivateFrameworks/SkyLight.framework/Versions/A/SkyLight
0x00000000385fa000 	/System/Library/Frameworks/CoreGraphics.framework/Versions/A/CoreGraphics
0x00000000385fa000 	/usr/lib/libScreenReader.dylib
0x00000000385fa000 	/System/Library/Frameworks/Accelerate.framework/Versions/A/Accelerate
0x00000000385fa000 	/System/Library/Frameworks/IOSurface.framework/Versions/A/IOSurface
0x00000000385fa000 	/System/Library/Frameworks/AudioToolbox.framework/Versions/A/AudioToolbox
0x00000000385fa000 	/System/Library/Frameworks/AudioUnit.framework/Versions/A/AudioUnit
0x00000000385fa000 	/System/Library/PrivateFrameworks/DataDetectorsCore.framework/Versions/A/DataDetectorsCore
0x00000000385fa000 	/System/Library/PrivateFrameworks/DesktopServicesPriv.framework/Versions/A/DesktopServicesPriv
0x00000000385fa000 	/System/Library/Frameworks/Carbon.framework/Versions/A/Frameworks/HIToolbox.framework/Versions/A/HIToolbox
0x00000000385fa000 	/usr/lib/libicucore.A.dylib
0x00000000385fa000 	/System/Library/Frameworks/QuartzCore.framework/Versions/A/QuartzCore
0x00000000385fa000 	/System/Library/Frameworks/Carbon.framework/Versions/A/Frameworks/SpeechRecognition.framework/Versions/A/SpeechRecognition
0x00000000385fa000 	/usr/lib/libauto.dylib
0x00000000385fa000 	/usr/lib/libxml2.2.dylib
0x00000000385fa000 	/System/Library/PrivateFrameworks/CoreUI.framework/Versions/A/CoreUI
0x00000000385fa000 	/System/Library/Frameworks/CoreAudio.framework/Versions/A/CoreAudio
0x00000000385fa000 	/System/Library/Frameworks/DiskArbitration.framework/Versions/A/DiskArbitration
0x00000000385fa000 	/usr/lib/liblangid.dylib
0x00000000385fa000 	/System/Library/PrivateFrameworks/MultitouchSupport.framework/Versions/A/MultitouchSupport
0x00000000385fa000 	/System/Library/Frameworks/IOKit.framework/Versions/A/IOKit
0x00000000385fa000 	/usr/lib/libDiagnosticMessagesClient.dylib
0x00000000385fa000 	/System/Library/Frameworks/CoreServices.framework/Versions/A/CoreServices
0x00000000385fa000 	/System/Library/PrivateFrameworks/PerformanceAnalysis.framework/Versions/A/PerformanceAnalysis
0x00000000385fa000 	/System/Library/PrivateFrameworks/GenerationalStorage.framework/Versions/A/GenerationalStorage
0x00000000385fa000 	/System/Library/Frameworks/OpenGL.framework/Versions/A/OpenGL
0x00000000385fa000 	/System/Library/Frameworks/CoreImage.framework/Versions/A/CoreImage
0x00000000385fa000 	/System/Library/Frameworks/CoreText.framework/Versions/A/CoreText
0x00000000385fa000 	/System/Library/Frameworks/ImageIO.framework/Versions/A/ImageIO
0x00000000385fa000 	/System/Library/PrivateFrameworks/Backup.framework/Versions/A/Backup
0x00000000385fa000 	/usr/lib/libarchive.2.dylib
0x00000000385fa000 	/System/Library/Frameworks/CFNetwork.framework/Versions/A/CFNetwork
0x00000000385fa000 	/System/Library/Frameworks/SystemConfiguration.framework/Versions/A/SystemConfiguration
0x00000000385fa000 	/usr/lib/libCRFSuite.dylib
0x00000000385fa000 	/usr/lib/libc++.1.dylib
0x00000000385fa000 	/usr/lib/libc++abi.dylib
0x00000000385fa000 	/usr/lib/system/libcache.dylib
0x00000000385fa000 	/usr/lib/system/libcommonCrypto.dylib
0x00000000385fa000 	/usr/lib/system/libcompiler_rt.dylib
0x00000000385fa000 	/usr/lib/system/libcopyfile.dylib
0x00000000385fa000 	/usr/lib/system/libcorecrypto.dylib
0x00000000385fa000 	/usr/lib/system/libdispatch.dylib
0x00000000385fa000 	/usr/lib/system/libdyld.dylib
0x00000000385fa000 	/usr/lib/system/libkeymgr.dylib
0x00000000385fa000 	/usr/lib/system/liblaunch.dylib
0x00000000385fa000 	/usr/lib/system/libmacho.dylib
0x00000000385fa000 	/usr/lib/system/libquarantine.dylib
0x00000000385fa000 	/usr/lib/system/libremovefile.dylib
0x00000000385fa000 	/usr/lib/system/libsystem_asl.dylib
0x00000000385fa000 	/usr/lib/system/libsystem_blocks.dylib
0x00000000385fa000 	/usr/lib/system/libsystem_c.dylib
0x00000000385fa000 	/usr/lib/system/libsystem_configuration.dylib
0x00000000385fa000 	/usr/lib/system/libsystem_coreservices.dylib
0x00000000385fa000 	/usr/lib/system/libsystem_coretls.dylib
0x00000000385fa000 	/usr/lib/system/libsystem_dnssd.dylib
0x00000000385fa000 	/usr/lib/system/libsystem_info.dylib
0x00000000385fa000 	/usr/lib/system/libsystem_kernel.dylib
0x00000000385fa000 	/usr/lib/system/libsystem_m.dylib
0x00000000385fa000 	/usr/lib/system/libsystem_malloc.dylib
0x00000000385fa000 	/usr/lib/system/libsystem_network.dylib
0x00000000385fa000 	/usr/lib/system/libsystem_networkextension.dylib
0x00000000385fa000 	/usr/lib/system/libsystem_notify.dylib
0x00000000385fa000 	/usr/lib/system/libsystem_platform.dylib
0x00000000385fa000 	/usr/lib/system/libsystem_pthread.dylib
0x00000000385fa000 	/usr/lib/system/libsystem_sandbox.dylib
0x00000000385fa000 	/usr/lib/system/libsystem_secinit.dylib
0x00000000385fa000 	/usr/lib/system/libsystem_symptoms.dylib
0x00000000385fa000 	/usr/lib/system/libsystem_trace.dylib
0x00000000385fa000 	/usr/lib/system/libunwind.dylib
0x00000000385fa000 	/usr/lib/system/libxpc.dylib
0x00000000385fa000 	/usr/lib/libbsm.0.dylib
0x00000000385fa000 	/usr/lib/system/libkxld.dylib
0x00000000385fa000 	/usr/lib/libcoretls.dylib
0x00000000385fa000 	/usr/lib/libcoretls_cfhelpers.dylib
0x00000000385fa000 	/usr/lib/libOpenScriptingUtil.dylib
0x00000000385fa000 	/usr/lib/libpam.2.dylib
0x00000000385fa000 	/usr/lib/libsqlite3.dylib
0x00000000385fa000 	/usr/lib/libxar.1.dylib
0x00000000385fa000 	/usr/lib/libbz2.1.0.dylib
0x00000000385fa000 	/usr/lib/liblzma.5.dylib
0x00000000385fa000 	/usr/lib/libnetwork.dylib
0x00000000385fa000 	/usr/lib/libpcap.A.dylib
0x00000000385fa000 	/System/Library/Frameworks/CoreServices.framework/Versions/A/Frameworks/FSEvents.framework/Versions/A/FSEvents
0x00000000385fa000 	/System/Library/Frameworks/CoreServices.framework/Versions/A/Frameworks/CarbonCore.framework/Versions/A/CarbonCore
0x00000000385fa000 	/System/Library/Frameworks/CoreServices.framework/Versions/A/Frameworks/Metadata.framework/Versions/A/Metadata
0x00000000385fa000 	/System/Library/Frameworks/CoreServices.framework/Versions/A/Frameworks/OSServices.framework/Versions/A/OSServices
0x00000000385fa000 	/System/Library/Frameworks/CoreServices.framework/Versions/A/Frameworks/SearchKit.framework/Versions/A/SearchKit
0x00000000385fa000 	/System/Library/Frameworks/CoreServices.framework/Versions/A/Frameworks/AE.framework/Versions/A/AE
0x00000000385fa000 	/System/Library/Frameworks/CoreServices.framework/Versions/A/Frameworks/LaunchServices.framework/Versions/A/LaunchServices
0x00000000385fa000 	/System/Library/Frameworks/CoreServices.framework/Versions/A/Frameworks/DictionaryServices.framework/Versions/A/DictionaryServices
0x00000000385fa000 	/System/Library/Frameworks/CoreServices.framework/Versions/A/Frameworks/SharedFileList.framework/Versions/A/SharedFileList
0x00000000385fa000 	/System/Library/Frameworks/NetFS.framework/Versions/A/NetFS
0x00000000385fa000 	/System/Library/PrivateFrameworks/NetAuth.framework/Versions/A/NetAuth
0x00000000385fa000 	/System/Library/PrivateFrameworks/login.framework/Versions/A/Frameworks/loginsupport.framework/Versions/A/loginsupport
0x00000000385fa000 	/System/Library/PrivateFrameworks/TCC.framework/Versions/A/TCC
0x00000000385fa000 	/usr/lib/libmecabra.dylib
0x00000000385fa000 	/System/Library/Frameworks/ApplicationServices.framework/Versions/A/Frameworks/ATS.framework/Versions/A/ATS
0x00000000385fa000 	/System/Library/Frameworks/ApplicationServices.framework/Versions/A/Frameworks/ColorSync.framework/Versions/A/ColorSync
0x00000000385fa000 	/System/Library/Frameworks/ApplicationServices.framework/Versions/A/Frameworks/HIServices.framework/Versions/A/HIServices
0x00000000385fa000 	/System/Library/Frameworks/ApplicationServices.framework/Versions/A/Frameworks/LangAnalysis.framework/Versions/A/LangAnalysis
0x00000000385fa000 	/System/Library/Frameworks/ApplicationServices.framework/Versions/A/Frameworks/PrintCore.framework/Versions/A/PrintCore
0x00000000385fa000 	/System/Library/Frameworks/ApplicationServices.framework/Versions/A/Frameworks/QD.framework/Versions/A/QD
0x00000000385fa000 	/System/Library/Frameworks/ApplicationServices.framework/Versions/A/Frameworks/SpeechSynthesis.framework/Versions/A/SpeechSynthesis
0x00000000385fa000 	/System/Library/Frameworks/Accelerate.framework/Versions/A/Frameworks/vImage.framework/Versions/A/vImage
0x00000000385fa000 	/System/Library/Frameworks/Accelerate.framework/Versions/A/Frameworks/vecLib.framework/Versions/A/vecLib
0x00000000385fa000 	/System/Library/Frameworks/Accelerate.framework/Versions/A/Frameworks/vecLib.framework/Versions/A/libvDSP.dylib
0x00000000385fa000 	/System/Library/Frameworks/Accelerate.framework/Versions/A/Frameworks/vecLib.framework/Versions/A/libBNNS.dylib
0x00000000385fa000 	/System/Library/Frameworks/Accelerate.framework/Versions/A/Frameworks/vecLib.framework/Versions/A/libQuadrature.dylib
0x00000000385fa000 	/System/Library/Frameworks/Accelerate.framework/Versions/A/Frameworks/vecLib.framework/Versions/A/libvMisc.dylib
0x00000000385fa000 	/System/Library/Frameworks/Accelerate.framework/Versions/A/Frameworks/vecLib.framework/Versions/A/libLAPACK.dylib
0x00000000385fa000 	/System/Library/Frameworks/Accelerate.framework/Versions/A/Frameworks/vecLib.framework/Versions/A/libBLAS.dylib
0x00000000385fa000 	/System/Library/Frameworks/Accelerate.framework/Versions/A/Frameworks/vecLib.framework/Versions/A/libLinearAlgebra.dylib
0x00000000385fa000 	/System/Library/Frameworks/Accelerate.framework/Versions/A/Frameworks/vecLib.framework/Versions/A/libSparseBLAS.dylib
0x00000000385fa000 	/System/Library/Frameworks/ApplicationServices.framework/Versions/A/Frameworks/ATS.framework/Versions/A/Resources/libFontParser.dylib
0x00000000385fa000 	/System/Library/Frameworks/ApplicationServices.framework/Versions/A/Frameworks/ATS.framework/Versions/A/Resources/libFontRegistry.dylib
0x00000000385fa000 	/System/Library/Frameworks/ImageIO.framework/Versions/A/Resources/libJPEG.dylib
0x00000000385fa000 	/System/Library/Frameworks/ImageIO.framework/Versions/A/Resources/libTIFF.dylib
0x00000000385fa000 	/System/Library/Frameworks/ImageIO.framework/Versions/A/Resources/libPng.dylib
0x00000000385fa000 	/System/Library/Frameworks/ImageIO.framework/Versions/A/Resources/libGIF.dylib
0x00000000385fa000 	/System/Library/Frameworks/ImageIO.framework/Versions/A/Resources/libJP2.dylib
0x00000000385fa000 	/System/Library/Frameworks/ImageIO.framework/Versions/A/Resources/libRadiance.dylib
0x00000000385fa000 	/usr/lib/libcompression.dylib
0x00000000385fa000 	/System/Library/PrivateFrameworks/AppleJPEG.framework/Versions/A/AppleJPEG
0x00000000385fa000 	/usr/lib/libcups.2.dylib
0x00000000385fa000 	/System/Library/Frameworks/Kerberos.framework/Versions/A/Kerberos
0x00000000385fa000 	/System/Library/Frameworks/GSS.framework/Versions/A/GSS
0x00000000385fa000 	/usr/lib/libresolv.9.dylib
0x00000000385fa000 	/usr/lib/libiconv.2.dylib
0x00000000385fa000 	/System/Library/PrivateFrameworks/Heimdal.framework/Versions/A/Heimdal
0x00000000385fa000 	/usr/lib/libheimdal-asn1.dylib
0x00000000385fa000 	/System/Library/Frameworks/OpenDirectory.framework/Versions/A/OpenDirectory
0x00000000385fa000 	/System/Library/PrivateFrameworks/CommonAuth.framework/Versions/A/CommonAuth
0x00000000385fa000 	/System/Library/Frameworks/OpenDirectory.framework/Versions/A/Frameworks/CFOpenDirectory.framework/Versions/A/CFOpenDirectory
0x00000000385fa000 	/System/Library/Frameworks/SecurityFoundation.framework/Versions/A/SecurityFoundation
0x00000000385fa000 	/System/Library/PrivateFrameworks/LanguageModeling.framework/Versions/A/LanguageModeling
0x00000000385fa000 	/usr/lib/libmarisa.dylib
0x00000000385fa000 	/usr/lib/libChineseTokenizer.dylib
0x00000000385fa000 	/usr/lib/libcmph.dylib
0x00000000385fa000 	/System/Library/PrivateFrameworks/CoreEmoji.framework/Versions/A/CoreEmoji
0x00000000385fa000 	/System/Library/Frameworks/ServiceManagement.framework/Versions/A/ServiceManagement
0x00000000385fa000 	/usr/lib/libxslt.1.dylib
0x00000000385fa000 	/System/Library/Frameworks/Carbon.framework/Versions/A/Frameworks/Ink.framework/Versions/A/Ink
0x00000000385fa000 	/System/Library/PrivateFrameworks/TextureIO.framework/Versions/A/TextureIO
0x00000000385fa000 	/System/Library/Frameworks/Metal.framework/Versions/A/Metal
0x00000000385fa000 	/usr/lib/libate.dylib
0x00000000385fa000 	/System/Library/PrivateFrameworks/GPUCompiler.framework/libmetal_timestamp.dylib
0x00000000385fa000 	/System/Library/Frameworks/OpenGL.framework/Versions/A/Libraries/libCoreFSCache.dylib
0x00000000385fa000 	/System/Library/PrivateFrameworks/IOAccelerator.framework/Versions/A/IOAccelerator
0x00000000385fa000 	/System/Library/Frameworks/CoreVideo.framework/Versions/A/CoreVideo
0x00000000385fa000 	/usr/lib/libFosl_dynamic.dylib
0x00000000385fa000 	/System/Library/PrivateFrameworks/MetalPerformanceShaders.framework/Versions/A/MetalPerformanceShaders
0x00000000385fa000 	/System/Library/PrivateFrameworks/FaceCore.framework/Versions/A/FaceCore
0x00000000385fa000 	/System/Library/Frameworks/OpenCL.framework/Versions/A/OpenCL
0x00000000385fa000 	/System/Library/Frameworks/OpenGL.framework/Versions/A/Libraries/libGLU.dylib
0x00000000385fa000 	/System/Library/Frameworks/OpenGL.framework/Versions/A/Libraries/libGFXShared.dylib
0x00000000385fa000 	/System/Library/Frameworks/OpenGL.framework/Versions/A/Libraries/libGL.dylib
0x00000000385fa000 	/System/Library/Frameworks/OpenGL.framework/Versions/A/Libraries/libGLImage.dylib
0x00000000385fa000 	/System/Library/Frameworks/OpenGL.framework/Versions/A/Libraries/libCVMSPluginSupport.dylib
0x00000000385fa000 	/System/Library/Frameworks/OpenGL.framework/Versions/A/Libraries/libCoreVMClient.dylib
0x00000000385fa000 	/System/Library/PrivateFrameworks/CrashReporterSupport.framework/Versions/A/CrashReporterSupport
0x00000000385fa000 	/System/Library/PrivateFrameworks/Sharing.framework/Versions/A/Sharing
0x00000000385fa000 	/System/Library/PrivateFrameworks/IconServices.framework/Versions/A/IconServices
0x00000000385fa000 	/System/Library/PrivateFrameworks/ProtocolBuffer.framework/Versions/A/ProtocolBuffer
0x00000000385fa000 	/System/Library/PrivateFrameworks/Apple80211.framework/Versions/A/Apple80211
0x00000000385fa000 	/System/Library/Frameworks/CoreWLAN.framework/Versions/A/CoreWLAN
0x00000000385fa000 	/System/Library/PrivateFrameworks/CoreUtils.framework/Versions/A/CoreUtils
0x00000000385fa000 	/System/Library/Frameworks/IOBluetooth.framework/Versions/A/IOBluetooth
0x00000000385fa000 	/System/Library/PrivateFrameworks/CoreWiFi.framework/Versions/A/CoreWiFi
0x00000000385fa000 	/System/Library/Frameworks/CoreBluetooth.framework/Versions/A/CoreBluetooth
0x00000000385fa000 	/System/Library/Frameworks/CoreDisplay.framework/Versions/A/CoreDisplay
0x00000000385fa000 	/System/Library/PrivateFrameworks/IOPresentment.framework/Versions/A/IOPresentment
0x00000000385fa000 	/System/Library/PrivateFrameworks/DSExternalDisplay.framework/Versions/A/DSExternalDisplay
0x00000000385fa000 	/System/Library/PrivateFrameworks/DebugSymbols.framework/Versions/A/DebugSymbols
0x00000000385fa000 	/System/Library/PrivateFrameworks/CoreSymbolication.framework/Versions/A/CoreSymbolication
0x00000000385fa000 	/System/Library/PrivateFrameworks/Symbolication.framework/Versions/A/Symbolication
0x00000000385fa000 	/System/Library/PrivateFrameworks/AppleFSCompression.framework/Versions/A/AppleFSCompression
0x00000000385fa000 	/System/Library/PrivateFrameworks/SpeechRecognitionCore.framework/Versions/A/SpeechRecognitionCore
0x00000000385fa000 	/System/Library/PrivateFrameworks/ChunkingLibrary.framework/Versions/A/ChunkingLibrary
0x0000000107c0f000 	/Library/Java/JavaVirtualMachines/jdk1.8.0_131.jdk/Contents/Home/jre/lib/server/libjvm.dylib
0x00000000385fa000 	/usr/lib/libstdc++.6.dylib
0x0000000106e59000 	/Library/Java/JavaVirtualMachines/jdk1.8.0_131.jdk/Contents/Home/jre/lib/libverify.dylib
0x0000000106e67000 	/Library/Java/JavaVirtualMachines/jdk1.8.0_131.jdk/Contents/Home/jre/lib/libjava.dylib
0x0000000106ea6000 	/Library/Java/JavaVirtualMachines/jdk1.8.0_131.jdk/Contents/Home/jre/lib/libzip.dylib
0x000000011e058000 	/System/Library/Frameworks/JavaVM.framework/Frameworks/JavaRuntimeSupport.framework/JavaRuntimeSupport
0x000000011e072000 	/System/Library/Frameworks/JavaVM.framework/Versions/A/Frameworks/JavaNativeFoundation.framework/Versions/A/JavaNativeFoundation
0x0000000106ff1000 	/System/Library/Frameworks/JavaVM.framework/Versions/A/JavaVM
0x00000000385fa000 	/System/Library/Frameworks/Carbon.framework/Versions/A/Carbon
0x000000011e087000 	/System/Library/PrivateFrameworks/JavaLaunching.framework/Versions/A/JavaLaunching
0x00000000385fa000 	/System/Library/Frameworks/Carbon.framework/Versions/A/Frameworks/CommonPanels.framework/Versions/A/CommonPanels
0x00000000385fa000 	/System/Library/Frameworks/Carbon.framework/Versions/A/Frameworks/Help.framework/Versions/A/Help
0x00000000385fa000 	/System/Library/Frameworks/Carbon.framework/Versions/A/Frameworks/ImageCapture.framework/Versions/A/ImageCapture
0x00000000385fa000 	/System/Library/Frameworks/Carbon.framework/Versions/A/Frameworks/OpenScripting.framework/Versions/A/OpenScripting
0x00000000385fa000 	/System/Library/Frameworks/Carbon.framework/Versions/A/Frameworks/Print.framework/Versions/A/Print
0x00000000385fa000 	/System/Library/Frameworks/Carbon.framework/Versions/A/Frameworks/SecurityHI.framework/Versions/A/SecurityHI
0x000000011f98c000 	/Library/Java/JavaVirtualMachines/jdk1.8.0_131.jdk/Contents/Home/jre/lib/libawt.dylib
0x000000011fa34000 	/Library/Java/JavaVirtualMachines/jdk1.8.0_131.jdk/Contents/Home/jre/lib/./libmlib_image.dylib
0x000000011fb00000 	/Library/Java/JavaVirtualMachines/jdk1.8.0_131.jdk/Contents/Home/jre/lib/libawt_lwawt.dylib
0x000000011fbb7000 	/Library/Java/JavaVirtualMachines/jdk1.8.0_131.jdk/Contents/Home/jre/lib/./libosxapp.dylib
0x00000000385fa000 	/System/Library/Frameworks/ExceptionHandling.framework/Versions/A/ExceptionHandling
0x00000000385fa000 	/System/Library/PrivateFrameworks/CoreServicesInternal.framework/Versions/A/CoreServicesInternal
0x00000000385fa000 	/System/Library/CoreServices/RawCamera.bundle/Contents/MacOS/RawCamera
0x00000000385fa000 	/System/Library/Frameworks/Accelerate.framework/Versions/A/Frameworks/vImage.framework/Versions/A/Libraries/libCGInterfaces.dylib
0x00000000385fa000 	/System/Library/Frameworks/ApplicationServices.framework/Versions/A/Frameworks/ATS.framework/Versions/A/Resources/libTrueTypeScaler.dylib
0x0000000121a16000 	/System/Library/Frameworks/OpenGL.framework/Resources/GLEngine.bundle/GLEngine
0x00000000385fa000 	/System/Library/Frameworks/OpenGL.framework/Versions/A/Libraries/libGLProgrammability.dylib
0x0000000121bfb000 	/System/Library/Extensions/AppleIntelSKLGraphicsGLDriver.bundle/Contents/MacOS/AppleIntelSKLGraphicsGLDriver
0x00000000385fa000 	/System/Library/PrivateFrameworks/GPUSupport.framework/Versions/A/Libraries/libGPUSupportMercury.dylib
0x000000012297f000 	/System/Library/Frameworks/OpenGL.framework/Resources//GLRendererFloat.bundle/GLRendererFloat
0x00000000385fa000 	/System/Library/Frameworks/OpenCL.framework/Versions/A/Libraries/libcldcpuengine.dylib
0x00000000385fa000 	/usr/lib/libcrypto.0.9.8.dylib
0x00000000385fa000 	/System/Library/PrivateFrameworks/TrustEvaluationAgent.framework/Versions/A/TrustEvaluationAgent
0x00000001229b3000 	/System/Library/Extensions/AppleIntelSKLGraphicsMTLDriver.bundle/Contents/MacOS/AppleIntelSKLGraphicsMTLDriver
0x00000000385fa000 	/System/Library/PrivateFrameworks/FamilyControls.framework/Versions/A/FamilyControls
0x00000000385fa000 	/System/Library/PrivateFrameworks/CommerceKit.framework/Versions/A/Frameworks/CommerceCore.framework/Versions/A/CommerceCore
0x00000000385fa000 	/System/Library/PrivateFrameworks/SystemAdministration.framework/Versions/A/SystemAdministration
0x00000000385fa000 	/System/Library/PrivateFrameworks/AppContainer.framework/Versions/A/AppContainer
0x00000000385fa000 	/System/Library/PrivateFrameworks/SecCodeWrapper.framework/Versions/A/SecCodeWrapper
0x00000000385fa000 	/System/Library/Frameworks/DirectoryService.framework/Versions/A/DirectoryService
0x00000000385fa000 	/System/Library/PrivateFrameworks/DiskImages.framework/Versions/A/DiskImages
0x00000000385fa000 	/System/Library/PrivateFrameworks/LoginUIKit.framework/Versions/A/Frameworks/LoginUICore.framework/Versions/A/LoginUICore
0x00000000385fa000 	/usr/lib/libCoreStorage.dylib
0x00000000385fa000 	/usr/lib/libcsfde.dylib
0x00000000385fa000 	/usr/lib/libodfde.dylib
0x00000000385fa000 	/System/Library/Frameworks/DiscRecording.framework/Versions/A/DiscRecording
0x00000000385fa000 	/usr/lib/libcurl.4.dylib
0x00000000385fa000 	/System/Library/PrivateFrameworks/MediaKit.framework/Versions/A/MediaKit
0x00000000385fa000 	/System/Library/PrivateFrameworks/ProtectedCloudStorage.framework/Versions/A/ProtectedCloudStorage
0x00000000385fa000 	/System/Library/PrivateFrameworks/EFILogin.framework/Versions/A/EFILogin
0x00000000385fa000 	/usr/lib/libutil.dylib
0x00000000385fa000 	/System/Library/Frameworks/LDAP.framework/Versions/A/LDAP
0x00000000385fa000 	/usr/lib/libsasl2.2.dylib
0x00000000385fa000 	/System/Library/PrivateFrameworks/CoreDaemon.framework/Versions/B/CoreDaemon
0x00000000385fa000 	/System/Library/PrivateFrameworks/AppleSRP.framework/Versions/A/AppleSRP
0x00000000385fa000 	/System/Library/PrivateFrameworks/APFS.framework/Versions/A/APFS
0x000000012483e000 	/Library/Java/JavaVirtualMachines/jdk1.8.0_131.jdk/Contents/Home/jre/lib/libfontmanager.dylib
0x00000000385fa000 	/System/Library/PrivateFrameworks/ViewBridge.framework/Versions/A/ViewBridge
0x00000000385fa000 	/System/Library/PrivateFrameworks/XPCService.framework/Versions/A/XPCService
0x00000000385fa000 	/System/Library/PrivateFrameworks/AppSandbox.framework/Versions/A/AppSandbox
0x00000000385fa000 	/usr/lib/libsandbox.1.dylib
0x00000000385fa000 	/usr/lib/libMatch.1.dylib
0x0000000125cd5000 	/Library/Java/JavaVirtualMachines/jdk1.8.0_131.jdk/Contents/Home/jre/lib/libosxui.dylib
0x0000000126878000 	/Library/Java/JavaVirtualMachines/jdk1.8.0_131.jdk/Contents/Home/jre/lib/libnet.dylib
0x0000000126a77000 	/Library/Java/JavaVirtualMachines/jdk1.8.0_131.jdk/Contents/Home/jre/lib/libnio.dylib
0x0000000125c38000 	/private/var/folders/lr/vg0t0wxx3tg6yq252w_p67_00000gn/T/jogamp_0000/file_cache/jln1678795125509464458/jln5649169213004787392/libgluegen-rt.jnilib
0x0000000125c3c000 	/private/var/folders/lr/vg0t0wxx3tg6yq252w_p67_00000gn/T/jogamp_0000/file_cache/jln1678795125509464458/jln5649169213004787392/libnativewindow_awt.jnilib
0x000000018f0c5000 	/Library/Java/JavaVirtualMachines/jdk1.8.0_131.jdk/Contents/Home/jre/lib/libjawt.dylib
0x000000018f0c8000 	/private/var/folders/lr/vg0t0wxx3tg6yq252w_p67_00000gn/T/jogamp_0000/file_cache/jln1678795125509464458/jln5649169213004787392/libnativewindow_macosx.jnilib
0x000000018f946000 	/private/var/folders/lr/vg0t0wxx3tg6yq252w_p67_00000gn/T/jogamp_0000/file_cache/jln1678795125509464458/jln5649169213004787392/libjogl_desktop.jnilib
0x00000001206dc000 	/Library/Java/JavaVirtualMachines/jdk1.8.0_131.jdk/Contents/Home/jre/lib/libsunec.dylib
0x0000000198884000 	/Library/Java/JavaVirtualMachines/jdk1.8.0_131.jdk/Contents/Home/jre/lib/libt2k.dylib
0x000000018f535000 	/Library/Java/JavaVirtualMachines/jdk1.8.0_131.jdk/Contents/Home/jre/lib/libjpeg.dylib

VM Arguments:
jvm_args: -Djava.security.policy=java.policy.applet -Dfile.encoding=UTF-8 
java_command: sun.applet.AppletViewer finalProjectUCSD1.EarthquakeCityMap1500305656613.html
java_class_path (initial): /Users/sravanjr/Documents/College Classes/Eclipse Practice/UCSDUnfoldingMaps/build:/Users/sravanjr/Documents/College Classes/Eclipse Practice/UCSDUnfoldingMaps/lib/core.jar:/Users/sravanjr/Documents/College Classes/Eclipse Practice/UCSDUnfoldingMaps/lib/gluegen-rt.jar:/Users/sravanjr/Documents/College Classes/Eclipse Practice/UCSDUnfoldingMaps/lib/jogl-all.jar:/Users/sravanjr/Documents/College Classes/Eclipse Practice/UCSDUnfoldingMaps/lib/log4j-1.2.15.jar:/Users/sravanjr/Documents/College Classes/Eclipse Practice/UCSDUnfoldingMaps/lib/sqlite-jdbc-3.7.2.jar:/Users/sravanjr/Documents/College Classes/Eclipse Practice/UCSDUnfoldingMaps/lib/json4processing.jar:/Users/sravanjr/Documents/College Classes/Eclipse Practice/UCSDUnfoldingMaps/lib/libTUIO.jar:/Users/sravanjr/Documents/College Classes/Eclipse Practice/UCSDUnfoldingMaps/lib/unfolding.0.9.7-uscd.jar
Launcher Type: SUN_STANDARD

Environment Variables:
PATH=/usr/bin:/bin:/usr/sbin:/sbin
SHELL=/bin/bash

Signal Handlers:
SIGSEGV: [libjvm.dylib+0x5b1eb1], sa_mask[0]=11111111011111110111111111111111, sa_flags=SA_ONSTACK|SA_RESTART|SA_SIGINFO
SIGBUS: [libjvm.dylib+0x5b1eb1], sa_mask[0]=11111111011111110111111111111111, sa_flags=SA_RESTART|SA_SIGINFO
SIGFPE: [libjvm.dylib+0x488988], sa_mask[0]=11111111011111110111111111111111, sa_flags=SA_RESTART|SA_SIGINFO
SIGPIPE: [libjvm.dylib+0x488988], sa_mask[0]=11111111011111110111111111111111, sa_flags=SA_RESTART|SA_SIGINFO
SIGXFSZ: [libjvm.dylib+0x488988], sa_mask[0]=11111111011111110111111111111111, sa_flags=SA_RESTART|SA_SIGINFO
SIGILL: [libjvm.dylib+0x488988], sa_mask[0]=11111111011111110111111111111111, sa_flags=SA_RESTART|SA_SIGINFO
SIGUSR1: SIG_DFL, sa_mask[0]=00000000000000000000000000000000, sa_flags=none
SIGUSR2: [libjvm.dylib+0x4884a6], sa_mask[0]=00100000000000000000000000000000, sa_flags=SA_RESTART|SA_SIGINFO
SIGHUP: [libjvm.dylib+0x486a7d], sa_mask[0]=11111111011111110111111111111111, sa_flags=SA_RESTART|SA_SIGINFO
SIGINT: [libjvm.dylib+0x486a7d], sa_mask[0]=11111111011111110111111111111111, sa_flags=SA_RESTART|SA_SIGINFO
SIGTERM: [libjvm.dylib+0x486a7d], sa_mask[0]=11111111011111110111111111111111, sa_flags=SA_RESTART|SA_SIGINFO
SIGQUIT: [libjvm.dylib+0x486a7d], sa_mask[0]=11111111011111110111111111111111, sa_flags=SA_RESTART|SA_SIGINFO


---------------  S Y S T E M  ---------------

OS:Bsduname:Darwin 16.6.0 Darwin Kernel Version 16.6.0: Fri Apr 14 16:21:16 PDT 2017; root:xnu-3789.60.24~6/RELEASE_X86_64 x86_64
rlimit: STACK 8192k, CORE 0k, NPROC 709, NOFILE 10240, AS infinity
load average:2.21 2.50 2.37

CPU:total 4 (initial active 4) (2 cores per cpu, 2 threads per core) family 6 model 78 stepping 3, cmov, cx8, fxsr, mmx, sse, sse2, sse3, ssse3, sse4.1, sse4.2, popcnt, avx, avx2, aes, clmul, erms, rtm, 3dnowpref, lzcnt, ht, tsc, tscinvbit, bmi1, bmi2, adx

Memory: 4k page, physical 8388608k(91972k free)

/proc/meminfo:


vm_info: Java HotSpot(TM) 64-Bit Server VM (25.131-b11) for bsd-amd64 JRE (1.8.0_131-b11), built on Mar 15 2017 01:32:22 by "java_re" with gcc 4.2.1 (Based on Apple Inc. build 5658) (LLVM build 2336.11.00)

time: Mon Jul 17 08:35:19 2017
elapsed time: 62 seconds (0d 0h 1m 2s)

