#
# A fatal error has been detected by the Java Runtime Environment:
#
#  SIGSEGV (0xb) at pc=0x00007fffc287e05d, pid=2374, tid=0x0000000000000307
#
# JRE version: Java(TM) SE Runtime Environment (8.0_131-b11) (build 1.8.0_131-b11)
# Java VM: Java HotSpot(TM) 64-Bit Server VM (25.131-b11 mixed mode bsd-amd64 compressed oops)
# Problematic frame:
# C  [libobjc.A.dylib+0x705d]  objc_msgSend+0x1d
#
# Failed to write core dump. Core dumps have been disabled. To enable core dumping, try "ulimit -c unlimited" before starting Java again
#
# If you would like to submit a bug report, please visit:
#   http://bugreport.java.com/bugreport/crash.jsp
# The crash happened outside the Java Virtual Machine in native code.
# See problematic frame for where to report the bug.
#

---------------  T H R E A D  ---------------

Current thread (0x00007f9f99041000):  JavaThread "AWT-AppKit" daemon [_thread_in_native, id=775, stack(0x00007fff5cf99000,0x00007fff5d799000)]

siginfo: si_signo: 11 (SIGSEGV), si_code: 1 (SEGV_MAPERR), si_addr: 0x0000000000000018

Registers:
RAX=0x00007f9f9da23fe0, RBX=0x000000018a789450, RCX=0x00007f9f9a601030, RDX=0x0000000000000000
RSP=0x00007fff5d794288, RBP=0x00007fff5d794340, RSI=0x00007fffac118116, RDI=0x00007f9f9d813300
R8 =0x0000000000000018, R9 =0x00007f9f9a600c50, R10=0x0000000000000000, R11=0x00007fffac118116
R12=0x0000000000000000, R13=0x00000001914daf60, R14=0x000000018a789440, R15=0x00007f9f99041000
RIP=0x00007fffc287e05d, EFLAGS=0x0000000000010246, ERR=0x0000000000000004
  TRAPNO=0x000000000000000e

Top of Stack: (sp=0x00007fff5d794288)
0x00007fff5d794288:   000000018a787157 00007fff5d7942e0
0x00007fff5d794298:   0000000000000003 00007fff5d7942c0
0x00007fff5d7942a8:   0000000102ff36d2 00000001914daf60
0x00007fff5d7942b8:   00000001914daf60 00007f9f9da23fe0
0x00007fff5d7942c8:   000000018a7896a0 000000018a789710
0x00007fff5d7942d8:   00007fffc88e26d0 00007fffc95121e0
0x00007fff5d7942e8:   000000018a789450 000000018a789690
0x00007fff5d7942f8:   00007f9f9da23fe0 00007f9f9d813300
0x00007fff5d794308:   00007f9f9dd76a20 00007f9f9da23fe0
0x00007fff5d794318:   00007f9f9d813300 00007fff5d7943c8
0x00007fff5d794328:   00007f9f990411f8 00000001914daf60
0x00007fff5d794338:   00007fff5d7943f0 00007fff5d7943b8
0x00007fff5d794348:   00000001081579f4 00000001914daf60
0x00007fff5d794358:   00007fff5d7943f0 00007fff5d7943b8
0x00007fff5d794368:   0000000108157787 0000000108157742
0x00007fff5d794378:   00007fff5d794378 00000001914daf60
0x00007fff5d794388:   00007fff5d7943f0 00000001913fb5b0
0x00007fff5d794398:   0000000000000000 00000001914daf60
0x00007fff5d7943a8:   0000000000000000 00007fff5d7943d8
0x00007fff5d7943b8:   00007fff5d794438 00000001081482bd
0x00007fff5d7943c8:   00000007404401a0 0000000108151538
0x00007fff5d7943d8:   00007f9f9da23fe0 00007fff5d794438
0x00007fff5d7943e8:   00007f9f9d813300 0000000108152e02
0x00007fff5d7943f8:   00007fff5d7943f8 00000001914db12a
0x00007fff5d794408:   00007fff5d794460 00000001913fb5b0
0x00007fff5d794418:   0000000000000000 00000001914db138
0x00007fff5d794428:   00007fff5d7943d8 00007fff5d794448
0x00007fff5d794438:   00007fff5d7944a8 00000001081482bd
0x00007fff5d794448:   00007f9f9da23fe0 00000007404a92f0
0x00007fff5d794458:   00007f9f9d813300 00000007404a92f0
0x00007fff5d794468:   00007fff5d794468 0000000197d2aace
0x00007fff5d794478:   00007fff5d7944b8 0000000197d2ab88 

Instructions: (pc=0x00007fffc287e05d)
0x00007fffc287e03d:   0f 1f 00 48 85 ff 2e 74 62 40 f6 c7 01 2e 75 66
0x00007fffc287e04d:   49 ba f8 ff ff ff ff 7f 00 00 4c 23 17 49 89 f3
0x00007fffc287e05d:   45 23 5a 18 49 c1 e3 04 4d 03 5a 10 49 3b 33 75
0x00007fffc287e06d:   04 41 ff 63 08 49 83 3b 01 76 0d 49 83 c3 10 49 

Register to memory mapping:

RAX=0x00007f9f9da23fe0 is an unknown value
RBX=0x000000018a789450: Java_jogamp_nativewindow_macosx_OSXUtil_GetScreenRefreshRate0+0x1cf0 in /private/var/folders/lr/vg0t0wxx3tg6yq252w_p67_00000gn/T/jogamp_0000/file_cache/jln31744839811887594/jln7228301482759185807/libnativewindow_macosx.jnilib at 0x000000018a782000
RCX=0x00007f9f9a601030 is an unknown value
RDX=0x0000000000000000 is an unknown value
RSP=0x00007fff5d794288 is pointing into the stack for thread: 0x00007f9f99041000
RBP=0x00007fff5d794340 is pointing into the stack for thread: 0x00007f9f99041000
RSI=0x00007fffac118116: __NSStyleNameIndexTable+0x7fd5e in /System/Library/Frameworks/AppKit.framework/Versions/C/AppKit at 0x00007fffab4ab000
RDI=0x00007f9f9d813300 is an unknown value
R8 =0x0000000000000018 is an unknown value
R9 =0x00007f9f9a600c50 is an unknown value
R10=0x0000000000000000 is an unknown value
R11=0x00007fffac118116: __NSStyleNameIndexTable+0x7fd5e in /System/Library/Frameworks/AppKit.framework/Versions/C/AppKit at 0x00007fffab4ab000
R12=0x0000000000000000 is an unknown value
R13={method} {0x00000001914daf60} 'UnsetJAWTRootSurfaceLayer0' '(JJ)V' in 'jogamp/nativewindow/jawt/macosx/MacOSXJAWTWindow'
R14=0x000000018a789440: Java_jogamp_nativewindow_macosx_OSXUtil_GetScreenRefreshRate0+0x1ce0 in /private/var/folders/lr/vg0t0wxx3tg6yq252w_p67_00000gn/T/jogamp_0000/file_cache/jln31744839811887594/jln7228301482759185807/libnativewindow_macosx.jnilib at 0x000000018a782000
R15=0x00007f9f99041000 is a thread


Stack: [0x00007fff5cf99000,0x00007fff5d799000],  sp=0x00007fff5d794288,  free space=8172k
Native frames: (J=compiled Java code, j=interpreted, Vv=VM code, C=native code)
C  [libobjc.A.dylib+0x705d]  objc_msgSend+0x1d
j  jogamp.nativewindow.jawt.macosx.MacOSXJAWTWindow.UnsetJAWTRootSurfaceLayer0(JJ)V+0
j  jogamp.nativewindow.jawt.macosx.MacOSXJAWTWindow.access$200(JJ)V+2
j  jogamp.nativewindow.jawt.macosx.MacOSXJAWTWindow$1.run()V+38
J 3219 C1 com.jogamp.common.util.RunnableTask.run()V (345 bytes) @ 0x0000000108ae6334 [0x0000000108ae61a0+0x194]
v  ~StubRoutines::call_stub
V  [libjvm.dylib+0x2ee5b6]  JavaCalls::call_helper(JavaValue*, methodHandle*, JavaCallArguments*, Thread*)+0x6ae
V  [libjvm.dylib+0x325765]  jni_invoke_nonstatic(JNIEnv_*, JavaValue*, _jobject*, JNICallType, _jmethodID*, JNI_ArgumentPusher*, Thread*)+0x2ec
V  [libjvm.dylib+0x317f33]  jni_CallVoidMethod+0x16b
C  [libnativewindow_macosx.jnilib+0x5326]  Java_jogamp_nativewindow_jawt_macosx_MacOSXJAWTWindow_UnsetJAWTRootSurfaceLayer0+0x2b6
C  [Foundation+0x717ba]  __NSThreadPerformPerform+0x146
C  [CoreFoundation+0xa7321]  __CFRUNLOOP_IS_CALLING_OUT_TO_A_SOURCE0_PERFORM_FUNCTION__+0x11
C  [CoreFoundation+0x8821d]  __CFRunLoopDoSources0+0x22d
C  [CoreFoundation+0x87716]  __CFRunLoopRun+0x3a6
C  [CoreFoundation+0x87114]  CFRunLoopRunSpecific+0x1a4
C  [HIToolbox+0x30ebc]  RunCurrentEventLoopInMode+0xf0
C  [HIToolbox+0x30bf9]  ReceiveNextEventCommon+0xb8
C  [HIToolbox+0x30b26]  _BlockUntilNextEventMatchingListInModeWithFilter+0x47
C  [AppKit+0x46a54]  _DPSNextEvent+0x460
C  [AppKit+0x7c27ee]  -[NSApplication(NSEvent) _nextEventMatchingEventMask:untilDate:inMode:dequeue:]+0xaec
C  [libosxapp.dylib+0x23aa]  -[NSApplicationAWT nextEventMatchingMask:untilDate:inMode:dequeue:]+0x7c
C  [AppKit+0x3b3db]  -[NSApplication run]+0x39e
C  [libosxapp.dylib+0x214d]  +[NSApplicationAWT runAWTLoopWithApp:]+0x9c
C  [libawt_lwawt.dylib+0x45edf]  -[AWTStarter starter:]+0x389
C  [Foundation+0x717ba]  __NSThreadPerformPerform+0x146
C  [CoreFoundation+0xa7321]  __CFRUNLOOP_IS_CALLING_OUT_TO_A_SOURCE0_PERFORM_FUNCTION__+0x11
C  [CoreFoundation+0x8821d]  __CFRunLoopDoSources0+0x22d
C  [CoreFoundation+0x87716]  __CFRunLoopRun+0x3a6
C  [CoreFoundation+0x87114]  CFRunLoopRunSpecific+0x1a4
C  [java+0x6465]  CreateExecutionEnvironment+0x367
C  [java+0x218c]  JLI_Launch+0x7a0
C  [java+0x84c2]  main+0x65
C  [java+0x19e4]  start+0x34
C  0x0000000000000007

Java frames: (J=compiled Java code, j=interpreted, Vv=VM code)
j  jogamp.nativewindow.jawt.macosx.MacOSXJAWTWindow.UnsetJAWTRootSurfaceLayer0(JJ)V+0
j  jogamp.nativewindow.jawt.macosx.MacOSXJAWTWindow.access$200(JJ)V+2
j  jogamp.nativewindow.jawt.macosx.MacOSXJAWTWindow$1.run()V+38
J 3219 C1 com.jogamp.common.util.RunnableTask.run()V (345 bytes) @ 0x0000000108ae6334 [0x0000000108ae61a0+0x194]
v  ~StubRoutines::call_stub

---------------  P R O C E S S  ---------------

Java Threads: ( => current thread )
  0x00007f9f9998e000 JavaThread "Thread-19" [_thread_blocked, id=21463, stack(0x000070000e8c4000,0x000070000e9c4000)]
  0x00007f9f99c5c000 JavaThread "AWT-EventQueue-1" [_thread_in_native, id=65439, stack(0x000070000e6bb000,0x000070000e7bb000)]
  0x00007f9f99a77800 JavaThread "DestroyJavaVM" [_thread_blocked, id=7171, stack(0x000070000d073000,0x000070000d173000)]
  0x00007f9f99a4d000 JavaThread "AWT-EventQueue-0" [_thread_blocked, id=59923, stack(0x000070000e4b5000,0x000070000e5b5000)]
  0x00007f9f989ed000 JavaThread "Java2D Disposer" daemon [_thread_blocked, id=56591, stack(0x000070000e22c000,0x000070000e32c000)]
  0x00007f9f9896d800 JavaThread "Java2D Queue Flusher" daemon [_thread_blocked, id=54535, stack(0x000070000e129000,0x000070000e229000)]
  0x00007f9f99132000 JavaThread "AWT-Shutdown" [_thread_blocked, id=29727, stack(0x000070000df20000,0x000070000e020000)]
=>0x00007f9f99041000 JavaThread "AWT-AppKit" daemon [_thread_in_native, id=775, stack(0x00007fff5cf99000,0x00007fff5d799000)]
  0x00007f9f99019000 JavaThread "Service Thread" daemon [_thread_blocked, id=18435, stack(0x000070000dc97000,0x000070000dd97000)]
  0x00007f9f9883c800 JavaThread "C1 CompilerThread2" daemon [_thread_blocked, id=17923, stack(0x000070000db94000,0x000070000dc94000)]
  0x00007f9f9800e000 JavaThread "C2 CompilerThread1" daemon [_thread_blocked, id=17411, stack(0x000070000da91000,0x000070000db91000)]
  0x00007f9f9882f800 JavaThread "C2 CompilerThread0" daemon [_thread_blocked, id=16899, stack(0x000070000d98e000,0x000070000da8e000)]
  0x00007f9f98832800 JavaThread "Signal Dispatcher" daemon [_thread_blocked, id=16387, stack(0x000070000d88b000,0x000070000d98b000)]
  0x00007f9f98824800 JavaThread "Finalizer" daemon [_thread_blocked, id=12547, stack(0x000070000d788000,0x000070000d888000)]
  0x00007f9f9980a000 JavaThread "Reference Handler" daemon [_thread_blocked, id=12035, stack(0x000070000d685000,0x000070000d785000)]

Other Threads:
  0x00007f9f99807000 VMThread [stack: 0x000070000d582000,0x000070000d682000] [id=11523]
  0x00007f9f9803c800 WatcherThread [stack: 0x000070000dd9a000,0x000070000de9a000] [id=18947]

VM state:not at safepoint (normal execution)

VM Mutex/Monitor currently owned by a thread: None

Heap:
 PSYoungGen      total 174592K, used 11909K [0x0000000795580000, 0x00000007a1300000, 0x00000007c0000000)
  eden space 168448K, 6% used [0x0000000795580000,0x0000000795fe97b0,0x000000079fa00000)
  from space 6144K, 20% used [0x00000007a0d00000,0x00000007a0e38020,0x00000007a1300000)
  to   space 12800K, 0% used [0x000000079fa00000,0x000000079fa00000,0x00000007a0680000)
 ParOldGen       total 49664K, used 22240K [0x0000000740000000, 0x0000000743080000, 0x0000000795580000)
  object space 49664K, 44% used [0x0000000740000000,0x00000007415b8188,0x0000000743080000)
 Metaspace       used 24975K, capacity 25329K, committed 25728K, reserved 1073152K
  class space    used 2467K, capacity 2587K, committed 2688K, reserved 1048576K

Card table byte_map: [0x0000000104163000,0x0000000104564000] byte_map_base: 0x0000000100763000

Marking Bits: (ParMarkBitMap*) 0x00000001036f1ea0
 Begin Bits: [0x0000000117140000, 0x0000000119140000)
 End Bits:   [0x0000000119140000, 0x000000011b140000)

Polling page: 0x0000000102527000

CodeCache: size=245760Kb used=11862Kb max_used=11881Kb free=233897Kb
 bounds [0x0000000108140000, 0x0000000108cf0000, 0x0000000117140000]
 total_blobs=4370 nmethods=3421 adapters=862
 compilation: enabled

Compilation events (10 events):
Event: 33.298 Thread 0x00007f9f9800e000 3763       4       sun.awt.SunToolkit::getAppContext (42 bytes)
Event: 33.300 Thread 0x00007f9f9800e000 nmethod 3763 0x00000001088a9f90 code [0x00000001088aa100, 0x00000001088aa208]
Event: 33.350 Thread 0x00007f9f9882f800 3764       4       processing.opengl.PGraphicsOpenGL$TexCache::addTexture (85 bytes)
Event: 33.354 Thread 0x00007f9f9882f800 nmethod 3764 0x0000000108847250 code [0x00000001088473c0, 0x00000001088476b8]
Event: 34.130 Thread 0x00007f9f9800e000 3765       4       java.awt.Rectangle::<init> (26 bytes)
Event: 34.131 Thread 0x00007f9f9800e000 nmethod 3765 0x0000000108b45ed0 code [0x0000000108b46020, 0x0000000108b46098]
Event: 34.164 Thread 0x00007f9f9883c800 3766       1       sun.java2d.SurfaceData::isValid (5 bytes)
Event: 34.164 Thread 0x00007f9f9883c800 nmethod 3766 0x00000001083a75d0 code [0x00000001083a7720, 0x00000001083a7830]
Event: 34.165 Thread 0x00007f9f9883c800 3767       3       sun.java2d.SunGraphics2D::setColor (108 bytes)
Event: 34.165 Thread 0x00007f9f9883c800 nmethod 3767 0x000000010892d3d0 code [0x000000010892d560, 0x000000010892da98]

GC Heap History (10 events):
Event: 4.846 GC heap before
{Heap before GC invocations=5 (full 1):
 PSYoungGen      total 38400K, used 33149K [0x0000000795580000, 0x000000079a080000, 0x00000007c0000000)
  eden space 33280K, 99% used [0x0000000795580000,0x00000007975df608,0x0000000797600000)
  from space 5120K, 0% used [0x0000000797600000,0x0000000797600000,0x0000000797b00000)
  to   space 5120K, 0% used [0x0000000799b80000,0x0000000799b80000,0x000000079a080000)
 ParOldGen       total 49664K, used 7437K [0x0000000740000000, 0x0000000743080000, 0x0000000795580000)
  object space 49664K, 14% used [0x0000000740000000,0x0000000740743760,0x0000000743080000)
 Metaspace       used 23572K, capacity 23941K, committed 24064K, reserved 1071104K
  class space    used 2419K, capacity 2553K, committed 2560K, reserved 1048576K
Event: 4.855 GC heap after
Heap after GC invocations=5 (full 1):
 PSYoungGen      total 65536K, used 5105K [0x0000000795580000, 0x000000079a080000, 0x00000007c0000000)
  eden space 60416K, 0% used [0x0000000795580000,0x0000000795580000,0x0000000799080000)
  from space 5120K, 99% used [0x0000000799b80000,0x000000079a07c580,0x000000079a080000)
  to   space 5120K, 0% used [0x0000000799680000,0x0000000799680000,0x0000000799b80000)
 ParOldGen       total 49664K, used 14900K [0x0000000740000000, 0x0000000743080000, 0x0000000795580000)
  object space 49664K, 30% used [0x0000000740000000,0x0000000740e8d2c0,0x0000000743080000)
 Metaspace       used 23572K, capacity 23941K, committed 24064K, reserved 1071104K
  class space    used 2419K, capacity 2553K, committed 2560K, reserved 1048576K
}
Event: 6.866 GC heap before
{Heap before GC invocations=6 (full 1):
 PSYoungGen      total 65536K, used 65521K [0x0000000795580000, 0x000000079a080000, 0x00000007c0000000)
  eden space 60416K, 100% used [0x0000000795580000,0x0000000799080000,0x0000000799080000)
  from space 5120K, 99% used [0x0000000799b80000,0x000000079a07c580,0x000000079a080000)
  to   space 5120K, 0% used [0x0000000799680000,0x0000000799680000,0x0000000799b80000)
 ParOldGen       total 49664K, used 14902K [0x0000000740000000, 0x0000000743080000, 0x0000000795580000)
  object space 49664K, 30% used [0x0000000740000000,0x0000000740e8db58,0x0000000743080000)
 Metaspace       used 24499K, capacity 24881K, committed 25216K, reserved 1071104K
  class space    used 2460K, capacity 2587K, committed 2688K, reserved 1048576K
Event: 6.872 GC heap after
Heap after GC invocations=6 (full 1):
 PSYoungGen      total 71680K, used 5075K [0x0000000795580000, 0x000000079d780000, 0x00000007c0000000)
  eden space 66560K, 0% used [0x0000000795580000,0x0000000795580000,0x0000000799680000)
  from space 5120K, 99% used [0x0000000799680000,0x0000000799b74ea8,0x0000000799b80000)
  to   space 13312K, 0% used [0x000000079ca80000,0x000000079ca80000,0x000000079d780000)
 ParOldGen       total 49664K, used 18495K [0x0000000740000000, 0x0000000743080000, 0x0000000795580000)
  object space 49664K, 37% used [0x0000000740000000,0x000000074120fc38,0x0000000743080000)
 Metaspace       used 24499K, capacity 24881K, committed 25216K, reserved 1071104K
  class space    used 2460K, capacity 2587K, committed 2688K, reserved 1048576K
}
Event: 12.815 GC heap before
{Heap before GC invocations=7 (full 1):
 PSYoungGen      total 71680K, used 71635K [0x0000000795580000, 0x000000079d780000, 0x00000007c0000000)
  eden space 66560K, 100% used [0x0000000795580000,0x0000000799680000,0x0000000799680000)
  from space 5120K, 99% used [0x0000000799680000,0x0000000799b74ea8,0x0000000799b80000)
  to   space 13312K, 0% used [0x000000079ca80000,0x000000079ca80000,0x000000079d780000)
 ParOldGen       total 49664K, used 18495K [0x0000000740000000, 0x0000000743080000, 0x0000000795580000)
  object space 49664K, 37% used [0x0000000740000000,0x000000074120fc38,0x0000000743080000)
 Metaspace       used 24853K, capacity 25265K, committed 25472K, reserved 1073152K
  class space    used 2460K, capacity 2587K, committed 2688K, reserved 1048576K
Event: 12.820 GC heap after
Heap after GC invocations=7 (full 1):
 PSYoungGen      total 120320K, used 5041K [0x0000000795580000, 0x000000079dd80000, 0x00000007c0000000)
  eden space 107008K, 0% used [0x0000000795580000,0x0000000795580000,0x000000079be00000)
  from space 13312K, 37% used [0x000000079ca80000,0x000000079cf6c590,0x000000079d780000)
  to   space 12800K, 0% used [0x000000079be00000,0x000000079be00000,0x000000079ca80000)
 ParOldGen       total 49664K, used 18495K [0x0000000740000000, 0x0000000743080000, 0x0000000795580000)
  object space 49664K, 37% used [0x0000000740000000,0x000000074120fc38,0x0000000743080000)
 Metaspace       used 24853K, capacity 25265K, committed 25472K, reserved 1073152K
  class space    used 2460K, capacity 2587K, committed 2688K, reserved 1048576K
}
Event: 23.231 GC heap before
{Heap before GC invocations=8 (full 1):
 PSYoungGen      total 120320K, used 112049K [0x0000000795580000, 0x000000079dd80000, 0x00000007c0000000)
  eden space 107008K, 100% used [0x0000000795580000,0x000000079be00000,0x000000079be00000)
  from space 13312K, 37% used [0x000000079ca80000,0x000000079cf6c590,0x000000079d780000)
  to   space 12800K, 0% used [0x000000079be00000,0x000000079be00000,0x000000079ca80000)
 ParOldGen       total 49664K, used 18495K [0x0000000740000000, 0x0000000743080000, 0x0000000795580000)
  object space 49664K, 37% used [0x0000000740000000,0x000000074120fc38,0x0000000743080000)
 Metaspace       used 24936K, capacity 25329K, committed 25728K, reserved 1073152K
  class space    used 2460K, capacity 2587K, committed 2688K, reserved 1048576K
Event: 23.236 GC heap after
Heap after GC invocations=8 (full 1):
 PSYoungGen      total 119808K, used 5009K [0x0000000795580000, 0x00000007a1900000, 0x00000007c0000000)
  eden space 107008K, 0% used [0x0000000795580000,0x0000000795580000,0x000000079be00000)
  from space 12800K, 39% used [0x000000079be00000,0x000000079c2e4570,0x000000079ca80000)
  to   space 12288K, 0% used [0x00000007a0d00000,0x00000007a0d00000,0x00000007a1900000)
 ParOldGen       total 49664K, used 18495K [0x0000000740000000, 0x0000000743080000, 0x0000000795580000)
  object space 49664K, 37% used [0x0000000740000000,0x000000074120fc38,0x0000000743080000)
 Metaspace       used 24936K, capacity 25329K, committed 25728K, reserved 1073152K
  class space    used 2460K, capacity 2587K, committed 2688K, reserved 1048576K
}
Event: 33.631 GC heap before
{Heap before GC invocations=9 (full 1):
 PSYoungGen      total 119808K, used 112017K [0x0000000795580000, 0x00000007a1900000, 0x00000007c0000000)
  eden space 107008K, 100% used [0x0000000795580000,0x000000079be00000,0x000000079be00000)
  from space 12800K, 39% used [0x000000079be00000,0x000000079c2e4570,0x000000079ca80000)
  to   space 12288K, 0% used [0x00000007a0d00000,0x00000007a0d00000,0x00000007a1900000)
 ParOldGen       total 49664K, used 18495K [0x0000000740000000, 0x0000000743080000, 0x0000000795580000)
  object space 49664K, 37% used [0x0000000740000000,0x000000074120fc38,0x0000000743080000)
 Metaspace       used 24939K, capacity 25329K, committed 25728K, reserved 1073152K
  class space    used 2460K, capacity 2587K, committed 2688K, reserved 1048576K
Event: 33.635 GC heap after
Heap after GC invocations=9 (full 1):
 PSYoungGen      total 174592K, used 1248K [0x0000000795580000, 0x00000007a1300000, 0x00000007c0000000)
  eden space 168448K, 0% used [0x0000000795580000,0x0000000795580000,0x000000079fa00000)
  from space 6144K, 20% used [0x00000007a0d00000,0x00000007a0e38020,0x00000007a1300000)
  to   space 12800K, 0% used [0x000000079fa00000,0x000000079fa00000,0x00000007a0680000)
 ParOldGen       total 49664K, used 22240K [0x0000000740000000, 0x0000000743080000, 0x0000000795580000)
  object space 49664K, 44% used [0x0000000740000000,0x00000007415b8188,0x0000000743080000)
 Metaspace       used 24939K, capacity 25329K, committed 25728K, reserved 1073152K
  class space    used 2460K, capacity 2587K, committed 2688K, reserved 1048576K
}

Deoptimization events (10 events):
Event: 27.445 Thread 0x00007f9f99041000 Uncommon trap: reason=unstable_if action=reinterpret pc=0x0000000108cd59e0 method=sun.java2d.pipe.Region.contains(II)Z @ 21
Event: 27.445 Thread 0x00007f9f99041000 Uncommon trap: reason=unstable_if action=reinterpret pc=0x0000000108c6baa8 method=sun.java2d.pipe.Region.contains(II)Z @ 21
Event: 34.130 Thread 0x00007f9f99c67000 Uncommon trap: reason=unstable_if action=reinterpret pc=0x0000000108c5fc30 method=java.awt.EventQueue.getPriority(Ljava/awt/AWTEvent;)I @ 22
Event: 34.130 Thread 0x00007f9f99c5c000 Uncommon trap: reason=unstable_if action=reinterpret pc=0x0000000108946928 method=com.jogamp.common.util.VersionNumber.compareTo(Lcom/jogamp/common/util/VersionNumber;)I @ 21
Event: 34.131 Thread 0x00007f9f99c5c000 Uncommon trap: reason=unstable_if action=reinterpret pc=0x0000000108cdd7a4 method=java.awt.EventQueue.uncacheEQItem(Lsun/awt/EventQueueItem;)V @ 23
Event: 34.132 Thread 0x00007f9f99a4d000 Uncommon trap: reason=unstable_if action=reinterpret pc=0x0000000108982194 method=java.awt.Font.equals(Ljava/lang/Object;)Z @ 2
Event: 34.163 Thread 0x00007f9f98120000 Uncommon trap: reason=class_check action=maybe_recompile pc=0x000000010866997c method=java.util.HashMap.putVal(ILjava/lang/Object;Ljava/lang/Object;ZZ)Ljava/lang/Object; @ 91
Event: 34.163 Thread 0x00007f9f98120000 Uncommon trap: reason=class_check action=maybe_recompile pc=0x000000010866997c method=java.util.HashMap.putVal(ILjava/lang/Object;Ljava/lang/Object;ZZ)Ljava/lang/Object; @ 91
Event: 34.163 Thread 0x00007f9f98120000 Uncommon trap: reason=class_check action=maybe_recompile pc=0x000000010862d990 method=java.util.HashMap.putVal(ILjava/lang/Object;Ljava/lang/Object;ZZ)Ljava/lang/Object; @ 91
Event: 34.175 Thread 0x00007f9f99c5c000 Uncommon trap: reason=unstable_if action=reinterpret pc=0x00000001089d269c method=java.security.AccessControlContext.optimize()Ljava/security/AccessControlContext; @ 233

Internal exceptions (10 events):
Event: 0.150 Thread 0x00007f9f98009000 Exception <a 'java/lang/NoSuchFieldError': method resolution failed> (0x0000000795794d70) thrown at [/Users/java_re/workspace/8-2-build-macosx-x86_64/jdk8u131/8869/hotspot/src/share/vm/prims/methodHandles.cpp, line 1146]
Event: 0.303 Thread 0x00007f9f98009000 Exception <a 'java/io/FileNotFoundException'> (0x0000000795810268) thrown at [/Users/java_re/workspace/8-2-build-macosx-x86_64/jdk8u131/8869/hotspot/src/share/vm/prims/jni.cpp, line 709]
Event: 0.303 Thread 0x00007f9f98009000 Exception <a 'java/io/FileNotFoundException'> (0x0000000795810de8) thrown at [/Users/java_re/workspace/8-2-build-macosx-x86_64/jdk8u131/8869/hotspot/src/share/vm/prims/jni.cpp, line 709]
Event: 0.445 Thread 0x00007f9f98009000 Exception <a 'java/io/FileNotFoundException'> (0x0000000795954b18) thrown at [/Users/java_re/workspace/8-2-build-macosx-x86_64/jdk8u131/8869/hotspot/src/share/vm/prims/jni.cpp, line 709]
Event: 2.536 Thread 0x00007f9f99c67000 Exception <a 'java/lang/UnsatisfiedLinkError': com.jogamp.common.util.JarUtil.fixNativeLibAttribs(Ljava/lang/String;)Z> (0x0000000796d62678) thrown at [/Users/java_re/workspace/8-2-build-macosx-x86_64/jdk8u131/8869/hotspot/src/share/vm/prims/nativeLookup.
Event: 2.751 Thread 0x00007f9f98824800 Exception <a 'java/lang/NullPointerException'> (0x00000007956a8f40) thrown at [/Users/java_re/workspace/8-2-build-macosx-x86_64/jdk8u131/8869/hotspot/src/share/vm/interpreter/linkResolver.cpp, line 1197]
Event: 3.592 Thread 0x00007f9f99c5c000 Exception <a 'java/io/FileNotFoundException'> (0x000000079619a4d0) thrown at [/Users/java_re/workspace/8-2-build-macosx-x86_64/jdk8u131/8869/hotspot/src/share/vm/prims/jni.cpp, line 709]
Event: 3.593 Thread 0x00007f9f99c5c000 Exception <a 'java/io/FileNotFoundException'> (0x00000007961a32b8) thrown at [/Users/java_re/workspace/8-2-build-macosx-x86_64/jdk8u131/8869/hotspot/src/share/vm/prims/jni.cpp, line 709]
Event: 3.593 Thread 0x00007f9f99c5c000 Implicit null exception at 0x000000010831c176 to 0x000000010831c541
Event: 3.877 Thread 0x00007f9f99c5c000 Implicit null exception at 0x0000000108554d06 to 0x0000000108554f4d

Events (10 events):
Event: 34.175 Thread 0x00007f9f99c5c000 Uncommon trap: trap_request=0xffffff65 fr.pc=0x00000001089d269c
Event: 34.175 Thread 0x00007f9f99c5c000 DEOPT PACKING pc=0x00000001089d269c sp=0x000070000e7b8900
Event: 34.175 Thread 0x00007f9f99c5c000 DEOPT UNPACKING pc=0x0000000108145229 sp=0x000070000e7b88d0 mode 2
Event: 34.175 loading class java/awt/LightweightDispatcher$2
Event: 34.175 loading class java/awt/LightweightDispatcher$2 done
Event: 34.175 loading class java/awt/event/AWTEventListenerProxy
Event: 34.175 loading class java/awt/event/AWTEventListenerProxy done
Event: 34.176 Executing VM operation: Deoptimize
Event: 34.176 Executing VM operation: Deoptimize done
Event: 34.176 loading class java/awt/Toolkit$ToolkitEventMulticaster


Dynamic libraries:
0x00000000385fa000 	/System/Library/Frameworks/Cocoa.framework/Versions/A/Cocoa
0x00000000385fa000 	/System/Library/Frameworks/Security.framework/Versions/A/Security
0x00000000385fa000 	/System/Library/Frameworks/ApplicationServices.framework/Versions/A/ApplicationServices
0x00000000385fa000 	/usr/lib/libz.1.dylib
0x00000000385fa000 	/usr/lib/libSystem.B.dylib
0x00000000385fa000 	/usr/lib/libobjc.A.dylib
0x00000000385fa000 	/System/Library/Frameworks/CoreFoundation.framework/Versions/A/CoreFoundation
0x00000000385fa000 	/System/Library/Frameworks/Foundation.framework/Versions/C/Foundation
0x00000000385fa000 	/System/Library/Frameworks/AppKit.framework/Versions/C/AppKit
0x00000000385fa000 	/System/Library/Frameworks/CoreData.framework/Versions/A/CoreData
0x00000000385fa000 	/System/Library/PrivateFrameworks/RemoteViewServices.framework/Versions/A/RemoteViewServices
0x00000000385fa000 	/System/Library/PrivateFrameworks/UIFoundation.framework/Versions/A/UIFoundation
0x00000000385fa000 	/System/Library/PrivateFrameworks/DFRFoundation.framework/Versions/A/DFRFoundation
0x00000000385fa000 	/usr/lib/libenergytrace.dylib
0x00000000385fa000 	/System/Library/PrivateFrameworks/SkyLight.framework/Versions/A/SkyLight
0x00000000385fa000 	/System/Library/Frameworks/CoreGraphics.framework/Versions/A/CoreGraphics
0x00000000385fa000 	/usr/lib/libScreenReader.dylib
0x00000000385fa000 	/System/Library/Frameworks/Accelerate.framework/Versions/A/Accelerate
0x00000000385fa000 	/System/Library/Frameworks/IOSurface.framework/Versions/A/IOSurface
0x00000000385fa000 	/System/Library/Frameworks/AudioToolbox.framework/Versions/A/AudioToolbox
0x00000000385fa000 	/System/Library/Frameworks/AudioUnit.framework/Versions/A/AudioUnit
0x00000000385fa000 	/System/Library/PrivateFrameworks/DataDetectorsCore.framework/Versions/A/DataDetectorsCore
0x00000000385fa000 	/System/Library/PrivateFrameworks/DesktopServicesPriv.framework/Versions/A/DesktopServicesPriv
0x00000000385fa000 	/System/Library/Frameworks/Carbon.framework/Versions/A/Frameworks/HIToolbox.framework/Versions/A/HIToolbox
0x00000000385fa000 	/usr/lib/libicucore.A.dylib
0x00000000385fa000 	/System/Library/Frameworks/QuartzCore.framework/Versions/A/QuartzCore
0x00000000385fa000 	/System/Library/Frameworks/Carbon.framework/Versions/A/Frameworks/SpeechRecognition.framework/Versions/A/SpeechRecognition
0x00000000385fa000 	/usr/lib/libauto.dylib
0x00000000385fa000 	/usr/lib/libxml2.2.dylib
0x00000000385fa000 	/System/Library/PrivateFrameworks/CoreUI.framework/Versions/A/CoreUI
0x00000000385fa000 	/System/Library/Frameworks/CoreAudio.framework/Versions/A/CoreAudio
0x00000000385fa000 	/System/Library/Frameworks/DiskArbitration.framework/Versions/A/DiskArbitration
0x00000000385fa000 	/usr/lib/liblangid.dylib
0x00000000385fa000 	/System/Library/PrivateFrameworks/MultitouchSupport.framework/Versions/A/MultitouchSupport
0x00000000385fa000 	/System/Library/Frameworks/IOKit.framework/Versions/A/IOKit
0x00000000385fa000 	/usr/lib/libDiagnosticMessagesClient.dylib
0x00000000385fa000 	/System/Library/Frameworks/CoreServices.framework/Versions/A/CoreServices
0x00000000385fa000 	/System/Library/PrivateFrameworks/PerformanceAnalysis.framework/Versions/A/PerformanceAnalysis
0x00000000385fa000 	/System/Library/PrivateFrameworks/GenerationalStorage.framework/Versions/A/GenerationalStorage
0x00000000385fa000 	/System/Library/Frameworks/OpenGL.framework/Versions/A/OpenGL
0x00000000385fa000 	/System/Library/Frameworks/CoreImage.framework/Versions/A/CoreImage
0x00000000385fa000 	/System/Library/Frameworks/CoreText.framework/Versions/A/CoreText
0x00000000385fa000 	/System/Library/Frameworks/ImageIO.framework/Versions/A/ImageIO
0x00000000385fa000 	/System/Library/PrivateFrameworks/Backup.framework/Versions/A/Backup
0x00000000385fa000 	/usr/lib/libarchive.2.dylib
0x00000000385fa000 	/System/Library/Frameworks/CFNetwork.framework/Versions/A/CFNetwork
0x00000000385fa000 	/System/Library/Frameworks/SystemConfiguration.framework/Versions/A/SystemConfiguration
0x00000000385fa000 	/usr/lib/libCRFSuite.dylib
0x00000000385fa000 	/usr/lib/libc++.1.dylib
0x00000000385fa000 	/usr/lib/libc++abi.dylib
0x00000000385fa000 	/usr/lib/system/libcache.dylib
0x00000000385fa000 	/usr/lib/system/libcommonCrypto.dylib
0x00000000385fa000 	/usr/lib/system/libcompiler_rt.dylib
0x00000000385fa000 	/usr/lib/system/libcopyfile.dylib
0x00000000385fa000 	/usr/lib/system/libcorecrypto.dylib
0x00000000385fa000 	/usr/lib/system/libdispatch.dylib
0x00000000385fa000 	/usr/lib/system/libdyld.dylib
0x00000000385fa000 	/usr/lib/system/libkeymgr.dylib
0x00000000385fa000 	/usr/lib/system/liblaunch.dylib
0x00000000385fa000 	/usr/lib/system/libmacho.dylib
0x00000000385fa000 	/usr/lib/system/libquarantine.dylib
0x00000000385fa000 	/usr/lib/system/libremovefile.dylib
0x00000000385fa000 	/usr/lib/system/libsystem_asl.dylib
0x00000000385fa000 	/usr/lib/system/libsystem_blocks.dylib
0x00000000385fa000 	/usr/lib/system/libsystem_c.dylib
0x00000000385fa000 	/usr/lib/system/libsystem_configuration.dylib
0x00000000385fa000 	/usr/lib/system/libsystem_coreservices.dylib
0x00000000385fa000 	/usr/lib/system/libsystem_coretls.dylib
0x00000000385fa000 	/usr/lib/system/libsystem_dnssd.dylib
0x00000000385fa000 	/usr/lib/system/libsystem_info.dylib
0x00000000385fa000 	/usr/lib/system/libsystem_kernel.dylib
0x00000000385fa000 	/usr/lib/system/libsystem_m.dylib
0x00000000385fa000 	/usr/lib/system/libsystem_malloc.dylib
0x00000000385fa000 	/usr/lib/system/libsystem_network.dylib
0x00000000385fa000 	/usr/lib/system/libsystem_networkextension.dylib
0x00000000385fa000 	/usr/lib/system/libsystem_notify.dylib
0x00000000385fa000 	/usr/lib/system/libsystem_platform.dylib
0x00000000385fa000 	/usr/lib/system/libsystem_pthread.dylib
0x00000000385fa000 	/usr/lib/system/libsystem_sandbox.dylib
0x00000000385fa000 	/usr/lib/system/libsystem_secinit.dylib
0x00000000385fa000 	/usr/lib/system/libsystem_symptoms.dylib
0x00000000385fa000 	/usr/lib/system/libsystem_trace.dylib
0x00000000385fa000 	/usr/lib/system/libunwind.dylib
0x00000000385fa000 	/usr/lib/system/libxpc.dylib
0x00000000385fa000 	/usr/lib/libbsm.0.dylib
0x00000000385fa000 	/usr/lib/system/libkxld.dylib
0x00000000385fa000 	/usr/lib/libcoretls.dylib
0x00000000385fa000 	/usr/lib/libcoretls_cfhelpers.dylib
0x00000000385fa000 	/usr/lib/libOpenScriptingUtil.dylib
0x00000000385fa000 	/usr/lib/libpam.2.dylib
0x00000000385fa000 	/usr/lib/libsqlite3.dylib
0x00000000385fa000 	/usr/lib/libxar.1.dylib
0x00000000385fa000 	/usr/lib/libbz2.1.0.dylib
0x00000000385fa000 	/usr/lib/liblzma.5.dylib
0x00000000385fa000 	/usr/lib/libnetwork.dylib
0x00000000385fa000 	/usr/lib/libpcap.A.dylib
0x00000000385fa000 	/System/Library/Frameworks/CoreServices.framework/Versions/A/Frameworks/FSEvents.framework/Versions/A/FSEvents
0x00000000385fa000 	/System/Library/Frameworks/CoreServices.framework/Versions/A/Frameworks/CarbonCore.framework/Versions/A/CarbonCore
0x00000000385fa000 	/System/Library/Frameworks/CoreServices.framework/Versions/A/Frameworks/Metadata.framework/Versions/A/Metadata
0x00000000385fa000 	/System/Library/Frameworks/CoreServices.framework/Versions/A/Frameworks/OSServices.framework/Versions/A/OSServices
0x00000000385fa000 	/System/Library/Frameworks/CoreServices.framework/Versions/A/Frameworks/SearchKit.framework/Versions/A/SearchKit
0x00000000385fa000 	/System/Library/Frameworks/CoreServices.framework/Versions/A/Frameworks/AE.framework/Versions/A/AE
0x00000000385fa000 	/System/Library/Frameworks/CoreServices.framework/Versions/A/Frameworks/LaunchServices.framework/Versions/A/LaunchServices
0x00000000385fa000 	/System/Library/Frameworks/CoreServices.framework/Versions/A/Frameworks/DictionaryServices.framework/Versions/A/DictionaryServices
0x00000000385fa000 	/System/Library/Frameworks/CoreServices.framework/Versions/A/Frameworks/SharedFileList.framework/Versions/A/SharedFileList
0x00000000385fa000 	/System/Library/Frameworks/NetFS.framework/Versions/A/NetFS
0x00000000385fa000 	/System/Library/PrivateFrameworks/NetAuth.framework/Versions/A/NetAuth
0x00000000385fa000 	/System/Library/PrivateFrameworks/login.framework/Versions/A/Frameworks/loginsupport.framework/Versions/A/loginsupport
0x00000000385fa000 	/System/Library/PrivateFrameworks/TCC.framework/Versions/A/TCC
0x00000000385fa000 	/usr/lib/libmecabra.dylib
0x00000000385fa000 	/System/Library/Frameworks/ApplicationServices.framework/Versions/A/Frameworks/ATS.framework/Versions/A/ATS
0x00000000385fa000 	/System/Library/Frameworks/ApplicationServices.framework/Versions/A/Frameworks/ColorSync.framework/Versions/A/ColorSync
0x00000000385fa000 	/System/Library/Frameworks/ApplicationServices.framework/Versions/A/Frameworks/HIServices.framework/Versions/A/HIServices
0x00000000385fa000 	/System/Library/Frameworks/ApplicationServices.framework/Versions/A/Frameworks/LangAnalysis.framework/Versions/A/LangAnalysis
0x00000000385fa000 	/System/Library/Frameworks/ApplicationServices.framework/Versions/A/Frameworks/PrintCore.framework/Versions/A/PrintCore
0x00000000385fa000 	/System/Library/Frameworks/ApplicationServices.framework/Versions/A/Frameworks/QD.framework/Versions/A/QD
0x00000000385fa000 	/System/Library/Frameworks/ApplicationServices.framework/Versions/A/Frameworks/SpeechSynthesis.framework/Versions/A/SpeechSynthesis
0x00000000385fa000 	/System/Library/Frameworks/Accelerate.framework/Versions/A/Frameworks/vImage.framework/Versions/A/vImage
0x00000000385fa000 	/System/Library/Frameworks/Accelerate.framework/Versions/A/Frameworks/vecLib.framework/Versions/A/vecLib
0x00000000385fa000 	/System/Library/Frameworks/Accelerate.framework/Versions/A/Frameworks/vecLib.framework/Versions/A/libvDSP.dylib
0x00000000385fa000 	/System/Library/Frameworks/Accelerate.framework/Versions/A/Frameworks/vecLib.framework/Versions/A/libBNNS.dylib
0x00000000385fa000 	/System/Library/Frameworks/Accelerate.framework/Versions/A/Frameworks/vecLib.framework/Versions/A/libQuadrature.dylib
0x00000000385fa000 	/System/Library/Frameworks/Accelerate.framework/Versions/A/Frameworks/vecLib.framework/Versions/A/libvMisc.dylib
0x00000000385fa000 	/System/Library/Frameworks/Accelerate.framework/Versions/A/Frameworks/vecLib.framework/Versions/A/libLAPACK.dylib
0x00000000385fa000 	/System/Library/Frameworks/Accelerate.framework/Versions/A/Frameworks/vecLib.framework/Versions/A/libBLAS.dylib
0x00000000385fa000 	/System/Library/Frameworks/Accelerate.framework/Versions/A/Frameworks/vecLib.framework/Versions/A/libLinearAlgebra.dylib
0x00000000385fa000 	/System/Library/Frameworks/Accelerate.framework/Versions/A/Frameworks/vecLib.framework/Versions/A/libSparseBLAS.dylib
0x00000000385fa000 	/System/Library/Frameworks/ApplicationServices.framework/Versions/A/Frameworks/ATS.framework/Versions/A/Resources/libFontParser.dylib
0x00000000385fa000 	/System/Library/Frameworks/ApplicationServices.framework/Versions/A/Frameworks/ATS.framework/Versions/A/Resources/libFontRegistry.dylib
0x00000000385fa000 	/System/Library/Frameworks/ImageIO.framework/Versions/A/Resources/libJPEG.dylib
0x00000000385fa000 	/System/Library/Frameworks/ImageIO.framework/Versions/A/Resources/libTIFF.dylib
0x00000000385fa000 	/System/Library/Frameworks/ImageIO.framework/Versions/A/Resources/libPng.dylib
0x00000000385fa000 	/System/Library/Frameworks/ImageIO.framework/Versions/A/Resources/libGIF.dylib
0x00000000385fa000 	/System/Library/Frameworks/ImageIO.framework/Versions/A/Resources/libJP2.dylib
0x00000000385fa000 	/System/Library/Frameworks/ImageIO.framework/Versions/A/Resources/libRadiance.dylib
0x00000000385fa000 	/usr/lib/libcompression.dylib
0x00000000385fa000 	/System/Library/PrivateFrameworks/AppleJPEG.framework/Versions/A/AppleJPEG
0x00000000385fa000 	/usr/lib/libcups.2.dylib
0x00000000385fa000 	/System/Library/Frameworks/Kerberos.framework/Versions/A/Kerberos
0x00000000385fa000 	/System/Library/Frameworks/GSS.framework/Versions/A/GSS
0x00000000385fa000 	/usr/lib/libresolv.9.dylib
0x00000000385fa000 	/usr/lib/libiconv.2.dylib
0x00000000385fa000 	/System/Library/PrivateFrameworks/Heimdal.framework/Versions/A/Heimdal
0x00000000385fa000 	/usr/lib/libheimdal-asn1.dylib
0x00000000385fa000 	/System/Library/Frameworks/OpenDirectory.framework/Versions/A/OpenDirectory
0x00000000385fa000 	/System/Library/PrivateFrameworks/CommonAuth.framework/Versions/A/CommonAuth
0x00000000385fa000 	/System/Library/Frameworks/OpenDirectory.framework/Versions/A/Frameworks/CFOpenDirectory.framework/Versions/A/CFOpenDirectory
0x00000000385fa000 	/System/Library/Frameworks/SecurityFoundation.framework/Versions/A/SecurityFoundation
0x00000000385fa000 	/System/Library/PrivateFrameworks/LanguageModeling.framework/Versions/A/LanguageModeling
0x00000000385fa000 	/usr/lib/libmarisa.dylib
0x00000000385fa000 	/usr/lib/libChineseTokenizer.dylib
0x00000000385fa000 	/usr/lib/libcmph.dylib
0x00000000385fa000 	/System/Library/PrivateFrameworks/CoreEmoji.framework/Versions/A/CoreEmoji
0x00000000385fa000 	/System/Library/Frameworks/ServiceManagement.framework/Versions/A/ServiceManagement
0x00000000385fa000 	/usr/lib/libxslt.1.dylib
0x00000000385fa000 	/System/Library/Frameworks/Carbon.framework/Versions/A/Frameworks/Ink.framework/Versions/A/Ink
0x00000000385fa000 	/System/Library/PrivateFrameworks/TextureIO.framework/Versions/A/TextureIO
0x00000000385fa000 	/System/Library/Frameworks/Metal.framework/Versions/A/Metal
0x00000000385fa000 	/usr/lib/libate.dylib
0x00000000385fa000 	/System/Library/PrivateFrameworks/GPUCompiler.framework/libmetal_timestamp.dylib
0x00000000385fa000 	/System/Library/Frameworks/OpenGL.framework/Versions/A/Libraries/libCoreFSCache.dylib
0x00000000385fa000 	/System/Library/PrivateFrameworks/IOAccelerator.framework/Versions/A/IOAccelerator
0x00000000385fa000 	/System/Library/Frameworks/CoreVideo.framework/Versions/A/CoreVideo
0x00000000385fa000 	/usr/lib/libFosl_dynamic.dylib
0x00000000385fa000 	/System/Library/PrivateFrameworks/MetalPerformanceShaders.framework/Versions/A/MetalPerformanceShaders
0x00000000385fa000 	/System/Library/PrivateFrameworks/FaceCore.framework/Versions/A/FaceCore
0x00000000385fa000 	/System/Library/Frameworks/OpenCL.framework/Versions/A/OpenCL
0x00000000385fa000 	/System/Library/Frameworks/OpenGL.framework/Versions/A/Libraries/libGLU.dylib
0x00000000385fa000 	/System/Library/Frameworks/OpenGL.framework/Versions/A/Libraries/libGFXShared.dylib
0x00000000385fa000 	/System/Library/Frameworks/OpenGL.framework/Versions/A/Libraries/libGL.dylib
0x00000000385fa000 	/System/Library/Frameworks/OpenGL.framework/Versions/A/Libraries/libGLImage.dylib
0x00000000385fa000 	/System/Library/Frameworks/OpenGL.framework/Versions/A/Libraries/libCVMSPluginSupport.dylib
0x00000000385fa000 	/System/Library/Frameworks/OpenGL.framework/Versions/A/Libraries/libCoreVMClient.dylib
0x00000000385fa000 	/System/Library/PrivateFrameworks/CrashReporterSupport.framework/Versions/A/CrashReporterSupport
0x00000000385fa000 	/System/Library/PrivateFrameworks/Sharing.framework/Versions/A/Sharing
0x00000000385fa000 	/System/Library/PrivateFrameworks/IconServices.framework/Versions/A/IconServices
0x00000000385fa000 	/System/Library/PrivateFrameworks/ProtocolBuffer.framework/Versions/A/ProtocolBuffer
0x00000000385fa000 	/System/Library/PrivateFrameworks/Apple80211.framework/Versions/A/Apple80211
0x00000000385fa000 	/System/Library/Frameworks/CoreWLAN.framework/Versions/A/CoreWLAN
0x00000000385fa000 	/System/Library/PrivateFrameworks/CoreUtils.framework/Versions/A/CoreUtils
0x00000000385fa000 	/System/Library/Frameworks/IOBluetooth.framework/Versions/A/IOBluetooth
0x00000000385fa000 	/System/Library/PrivateFrameworks/CoreWiFi.framework/Versions/A/CoreWiFi
0x00000000385fa000 	/System/Library/Frameworks/CoreBluetooth.framework/Versions/A/CoreBluetooth
0x00000000385fa000 	/System/Library/Frameworks/CoreDisplay.framework/Versions/A/CoreDisplay
0x00000000385fa000 	/System/Library/PrivateFrameworks/IOPresentment.framework/Versions/A/IOPresentment
0x00000000385fa000 	/System/Library/PrivateFrameworks/DSExternalDisplay.framework/Versions/A/DSExternalDisplay
0x00000000385fa000 	/System/Library/PrivateFrameworks/DebugSymbols.framework/Versions/A/DebugSymbols
0x00000000385fa000 	/System/Library/PrivateFrameworks/CoreSymbolication.framework/Versions/A/CoreSymbolication
0x00000000385fa000 	/System/Library/PrivateFrameworks/Symbolication.framework/Versions/A/Symbolication
0x00000000385fa000 	/System/Library/PrivateFrameworks/AppleFSCompression.framework/Versions/A/AppleFSCompression
0x00000000385fa000 	/System/Library/PrivateFrameworks/SpeechRecognitionCore.framework/Versions/A/SpeechRecognitionCore
0x00000000385fa000 	/System/Library/PrivateFrameworks/ChunkingLibrary.framework/Versions/A/ChunkingLibrary
0x0000000102e00000 	/Library/Java/JavaVirtualMachines/jdk1.8.0_131.jdk/Contents/Home/jre/lib/server/libjvm.dylib
0x00000000385fa000 	/usr/lib/libstdc++.6.dylib
0x00000001024e4000 	/Library/Java/JavaVirtualMachines/jdk1.8.0_131.jdk/Contents/Home/jre/lib/libverify.dylib
0x00000001024f2000 	/Library/Java/JavaVirtualMachines/jdk1.8.0_131.jdk/Contents/Home/jre/lib/libjava.dylib
0x0000000102531000 	/Library/Java/JavaVirtualMachines/jdk1.8.0_131.jdk/Contents/Home/jre/lib/libzip.dylib
0x00000001025e6000 	/System/Library/Frameworks/JavaVM.framework/Frameworks/JavaRuntimeSupport.framework/JavaRuntimeSupport
0x000000010665b000 	/System/Library/Frameworks/JavaVM.framework/Versions/A/Frameworks/JavaNativeFoundation.framework/Versions/A/JavaNativeFoundation
0x0000000106670000 	/System/Library/Frameworks/JavaVM.framework/Versions/A/JavaVM
0x00000000385fa000 	/System/Library/Frameworks/Carbon.framework/Versions/A/Carbon
0x000000010667d000 	/System/Library/PrivateFrameworks/JavaLaunching.framework/Versions/A/JavaLaunching
0x00000000385fa000 	/System/Library/Frameworks/Carbon.framework/Versions/A/Frameworks/CommonPanels.framework/Versions/A/CommonPanels
0x00000000385fa000 	/System/Library/Frameworks/Carbon.framework/Versions/A/Frameworks/Help.framework/Versions/A/Help
0x00000000385fa000 	/System/Library/Frameworks/Carbon.framework/Versions/A/Frameworks/ImageCapture.framework/Versions/A/ImageCapture
0x00000000385fa000 	/System/Library/Frameworks/Carbon.framework/Versions/A/Frameworks/OpenScripting.framework/Versions/A/OpenScripting
0x00000000385fa000 	/System/Library/Frameworks/Carbon.framework/Versions/A/Frameworks/Print.framework/Versions/A/Print
0x00000000385fa000 	/System/Library/Frameworks/Carbon.framework/Versions/A/Frameworks/SecurityHI.framework/Versions/A/SecurityHI
0x0000000107f8c000 	/Library/Java/JavaVirtualMachines/jdk1.8.0_131.jdk/Contents/Home/jre/lib/libawt.dylib
0x000000011b140000 	/Library/Java/JavaVirtualMachines/jdk1.8.0_131.jdk/Contents/Home/jre/lib/./libmlib_image.dylib
0x000000011b20c000 	/Library/Java/JavaVirtualMachines/jdk1.8.0_131.jdk/Contents/Home/jre/lib/libawt_lwawt.dylib
0x0000000108034000 	/Library/Java/JavaVirtualMachines/jdk1.8.0_131.jdk/Contents/Home/jre/lib/./libosxapp.dylib
0x00000000385fa000 	/System/Library/Frameworks/ExceptionHandling.framework/Versions/A/ExceptionHandling
0x00000000385fa000 	/System/Library/PrivateFrameworks/CoreServicesInternal.framework/Versions/A/CoreServicesInternal
0x00000000385fa000 	/System/Library/CoreServices/RawCamera.bundle/Contents/MacOS/RawCamera
0x00000000385fa000 	/System/Library/Frameworks/Accelerate.framework/Versions/A/Frameworks/vImage.framework/Versions/A/Libraries/libCGInterfaces.dylib
0x00000000385fa000 	/System/Library/Frameworks/ApplicationServices.framework/Versions/A/Frameworks/ATS.framework/Versions/A/Resources/libTrueTypeScaler.dylib
0x000000011d06b000 	/System/Library/Frameworks/OpenGL.framework/Resources/GLEngine.bundle/GLEngine
0x00000000385fa000 	/System/Library/Frameworks/OpenGL.framework/Versions/A/Libraries/libGLProgrammability.dylib
0x000000011d250000 	/System/Library/Extensions/AppleIntelSKLGraphicsGLDriver.bundle/Contents/MacOS/AppleIntelSKLGraphicsGLDriver
0x00000000385fa000 	/System/Library/PrivateFrameworks/GPUSupport.framework/Versions/A/Libraries/libGPUSupportMercury.dylib
0x000000011dfd4000 	/System/Library/Frameworks/OpenGL.framework/Resources//GLRendererFloat.bundle/GLRendererFloat
0x00000000385fa000 	/System/Library/Frameworks/OpenCL.framework/Versions/A/Libraries/libcldcpuengine.dylib
0x00000000385fa000 	/usr/lib/libcrypto.0.9.8.dylib
0x00000000385fa000 	/System/Library/PrivateFrameworks/TrustEvaluationAgent.framework/Versions/A/TrustEvaluationAgent
0x000000011e008000 	/System/Library/Extensions/AppleIntelSKLGraphicsMTLDriver.bundle/Contents/MacOS/AppleIntelSKLGraphicsMTLDriver
0x00000000385fa000 	/System/Library/PrivateFrameworks/FamilyControls.framework/Versions/A/FamilyControls
0x00000000385fa000 	/System/Library/PrivateFrameworks/CommerceKit.framework/Versions/A/Frameworks/CommerceCore.framework/Versions/A/CommerceCore
0x00000000385fa000 	/System/Library/PrivateFrameworks/SystemAdministration.framework/Versions/A/SystemAdministration
0x00000000385fa000 	/System/Library/PrivateFrameworks/AppContainer.framework/Versions/A/AppContainer
0x00000000385fa000 	/System/Library/PrivateFrameworks/SecCodeWrapper.framework/Versions/A/SecCodeWrapper
0x00000000385fa000 	/System/Library/Frameworks/DirectoryService.framework/Versions/A/DirectoryService
0x00000000385fa000 	/System/Library/PrivateFrameworks/DiskImages.framework/Versions/A/DiskImages
0x00000000385fa000 	/System/Library/PrivateFrameworks/LoginUIKit.framework/Versions/A/Frameworks/LoginUICore.framework/Versions/A/LoginUICore
0x00000000385fa000 	/usr/lib/libCoreStorage.dylib
0x00000000385fa000 	/usr/lib/libcsfde.dylib
0x00000000385fa000 	/usr/lib/libodfde.dylib
0x00000000385fa000 	/System/Library/Frameworks/DiscRecording.framework/Versions/A/DiscRecording
0x00000000385fa000 	/usr/lib/libcurl.4.dylib
0x00000000385fa000 	/System/Library/PrivateFrameworks/MediaKit.framework/Versions/A/MediaKit
0x00000000385fa000 	/System/Library/PrivateFrameworks/ProtectedCloudStorage.framework/Versions/A/ProtectedCloudStorage
0x00000000385fa000 	/System/Library/PrivateFrameworks/EFILogin.framework/Versions/A/EFILogin
0x00000000385fa000 	/usr/lib/libutil.dylib
0x00000000385fa000 	/System/Library/Frameworks/LDAP.framework/Versions/A/LDAP
0x00000000385fa000 	/usr/lib/libsasl2.2.dylib
0x00000000385fa000 	/System/Library/PrivateFrameworks/CoreDaemon.framework/Versions/B/CoreDaemon
0x00000000385fa000 	/System/Library/PrivateFrameworks/AppleSRP.framework/Versions/A/AppleSRP
0x00000000385fa000 	/System/Library/PrivateFrameworks/APFS.framework/Versions/A/APFS
0x000000011fec6000 	/Library/Java/JavaVirtualMachines/jdk1.8.0_131.jdk/Contents/Home/jre/lib/libfontmanager.dylib
0x00000000385fa000 	/System/Library/PrivateFrameworks/ViewBridge.framework/Versions/A/ViewBridge
0x00000000385fa000 	/System/Library/PrivateFrameworks/XPCService.framework/Versions/A/XPCService
0x00000000385fa000 	/System/Library/PrivateFrameworks/AppSandbox.framework/Versions/A/AppSandbox
0x00000000385fa000 	/usr/lib/libsandbox.1.dylib
0x00000000385fa000 	/usr/lib/libMatch.1.dylib
0x0000000121380000 	/Library/Java/JavaVirtualMachines/jdk1.8.0_131.jdk/Contents/Home/jre/lib/libosxui.dylib
0x0000000121f22000 	/Library/Java/JavaVirtualMachines/jdk1.8.0_131.jdk/Contents/Home/jre/lib/libnet.dylib
0x0000000122121000 	/Library/Java/JavaVirtualMachines/jdk1.8.0_131.jdk/Contents/Home/jre/lib/libnio.dylib
0x0000000121071000 	/private/var/folders/lr/vg0t0wxx3tg6yq252w_p67_00000gn/T/jogamp_0000/file_cache/jln31744839811887594/jln7228301482759185807/libgluegen-rt.jnilib
0x0000000121075000 	/private/var/folders/lr/vg0t0wxx3tg6yq252w_p67_00000gn/T/jogamp_0000/file_cache/jln31744839811887594/jln7228301482759185807/libnativewindow_awt.jnilib
0x000000018a77f000 	/Library/Java/JavaVirtualMachines/jdk1.8.0_131.jdk/Contents/Home/jre/lib/libjawt.dylib
0x000000018a782000 	/private/var/folders/lr/vg0t0wxx3tg6yq252w_p67_00000gn/T/jogamp_0000/file_cache/jln31744839811887594/jln7228301482759185807/libnativewindow_macosx.jnilib
0x000000018af47000 	/private/var/folders/lr/vg0t0wxx3tg6yq252w_p67_00000gn/T/jogamp_0000/file_cache/jln31744839811887594/jln7228301482759185807/libjogl_desktop.jnilib
0x00000001941e2000 	/Library/Java/JavaVirtualMachines/jdk1.8.0_131.jdk/Contents/Home/jre/lib/libsunec.dylib
0x000000018ae10000 	/Library/Java/JavaVirtualMachines/jdk1.8.0_131.jdk/Contents/Home/jre/lib/libjpeg.dylib
0x000000011cd99000 	/Library/Java/JavaVirtualMachines/jdk1.8.0_131.jdk/Contents/Home/jre/lib/libt2k.dylib

VM Arguments:
jvm_args: -Djava.security.policy=java.policy.applet -Dfile.encoding=UTF-8 
java_command: sun.applet.AppletViewer finalProjectUCSD1.EarthquakeCityMap1500305488433.html
java_class_path (initial): /Users/sravanjr/Documents/College Classes/Eclipse Practice/UCSDUnfoldingMaps/build:/Users/sravanjr/Documents/College Classes/Eclipse Practice/UCSDUnfoldingMaps/lib/core.jar:/Users/sravanjr/Documents/College Classes/Eclipse Practice/UCSDUnfoldingMaps/lib/gluegen-rt.jar:/Users/sravanjr/Documents/College Classes/Eclipse Practice/UCSDUnfoldingMaps/lib/jogl-all.jar:/Users/sravanjr/Documents/College Classes/Eclipse Practice/UCSDUnfoldingMaps/lib/log4j-1.2.15.jar:/Users/sravanjr/Documents/College Classes/Eclipse Practice/UCSDUnfoldingMaps/lib/sqlite-jdbc-3.7.2.jar:/Users/sravanjr/Documents/College Classes/Eclipse Practice/UCSDUnfoldingMaps/lib/json4processing.jar:/Users/sravanjr/Documents/College Classes/Eclipse Practice/UCSDUnfoldingMaps/lib/libTUIO.jar:/Users/sravanjr/Documents/College Classes/Eclipse Practice/UCSDUnfoldingMaps/lib/unfolding.0.9.7-uscd.jar
Launcher Type: SUN_STANDARD

Environment Variables:
PATH=/usr/bin:/bin:/usr/sbin:/sbin
SHELL=/bin/bash

Signal Handlers:
SIGSEGV: [libjvm.dylib+0x5b1eb1], sa_mask[0]=11111111011111110111111111111111, sa_flags=SA_ONSTACK|SA_RESTART|SA_SIGINFO
SIGBUS: [libjvm.dylib+0x5b1eb1], sa_mask[0]=11111111011111110111111111111111, sa_flags=SA_RESTART|SA_SIGINFO
SIGFPE: [libjvm.dylib+0x488988], sa_mask[0]=11111111011111110111111111111111, sa_flags=SA_RESTART|SA_SIGINFO
SIGPIPE: [libjvm.dylib+0x488988], sa_mask[0]=11111111011111110111111111111111, sa_flags=SA_RESTART|SA_SIGINFO
SIGXFSZ: [libjvm.dylib+0x488988], sa_mask[0]=11111111011111110111111111111111, sa_flags=SA_RESTART|SA_SIGINFO
SIGILL: [libjvm.dylib+0x488988], sa_mask[0]=11111111011111110111111111111111, sa_flags=SA_RESTART|SA_SIGINFO
SIGUSR1: SIG_DFL, sa_mask[0]=00000000000000000000000000000000, sa_flags=none
SIGUSR2: [libjvm.dylib+0x4884a6], sa_mask[0]=00100000000000000000000000000000, sa_flags=SA_RESTART|SA_SIGINFO
SIGHUP: [libjvm.dylib+0x486a7d], sa_mask[0]=11111111011111110111111111111111, sa_flags=SA_RESTART|SA_SIGINFO
SIGINT: [libjvm.dylib+0x486a7d], sa_mask[0]=11111111011111110111111111111111, sa_flags=SA_RESTART|SA_SIGINFO
SIGTERM: [libjvm.dylib+0x486a7d], sa_mask[0]=11111111011111110111111111111111, sa_flags=SA_RESTART|SA_SIGINFO
SIGQUIT: [libjvm.dylib+0x486a7d], sa_mask[0]=11111111011111110111111111111111, sa_flags=SA_RESTART|SA_SIGINFO


---------------  S Y S T E M  ---------------

OS:Bsduname:Darwin 16.6.0 Darwin Kernel Version 16.6.0: Fri Apr 14 16:21:16 PDT 2017; root:xnu-3789.60.24~6/RELEASE_X86_64 x86_64
rlimit: STACK 8192k, CORE 0k, NPROC 709, NOFILE 10240, AS infinity
load average:1.64 2.01 2.16

CPU:total 4 (initial active 4) (2 cores per cpu, 2 threads per core) family 6 model 78 stepping 3, cmov, cx8, fxsr, mmx, sse, sse2, sse3, ssse3, sse4.1, sse4.2, popcnt, avx, avx2, aes, clmul, erms, rtm, 3dnowpref, lzcnt, ht, tsc, tscinvbit, bmi1, bmi2, adx

Memory: 4k page, physical 8388608k(194468k free)

/proc/meminfo:


vm_info: Java HotSpot(TM) 64-Bit Server VM (25.131-b11) for bsd-amd64 JRE (1.8.0_131-b11), built on Mar 15 2017 01:32:22 by "java_re" with gcc 4.2.1 (Based on Apple Inc. build 5658) (LLVM build 2336.11.00)

time: Mon Jul 17 08:32:02 2017
elapsed time: 34 seconds (0d 0h 0m 34s)

