#
# A fatal error has been detected by the Java Runtime Environment:
#
#  SIGSEGV (0xb) at pc=0x00007fffc287e05d, pid=2323, tid=0x0000000000000307
#
# JRE version: Java(TM) SE Runtime Environment (8.0_131-b11) (build 1.8.0_131-b11)
# Java VM: Java HotSpot(TM) 64-Bit Server VM (25.131-b11 mixed mode bsd-amd64 compressed oops)
# Problematic frame:
# C  [libobjc.A.dylib+0x705d]  objc_msgSend+0x1d
#
# Failed to write core dump. Core dumps have been disabled. To enable core dumping, try "ulimit -c unlimited" before starting Java again
#
# If you would like to submit a bug report, please visit:
#   http://bugreport.java.com/bugreport/crash.jsp
# The crash happened outside the Java Virtual Machine in native code.
# See problematic frame for where to report the bug.
#

---------------  T H R E A D  ---------------

Current thread (0x00007fe1718cd000):  JavaThread "AWT-AppKit" daemon [_thread_in_native, id=775, stack(0x00007fff5be79000,0x00007fff5c679000)]

siginfo: si_signo: 11 (SIGSEGV), si_code: 1 (SEGV_MAPERR), si_addr: 0x000007fe170d3100

Registers:
RAX=0x00007fe170f73f90, RBX=0x000000012217a450, RCX=0x00007fe1732013e0, RDX=0x0000000000000000
RSP=0x00007fff5c674288, RBP=0x00007fff5c674340, RSI=0x00007fffac118116, RDI=0x00007fe17690b340
R8 =0x0000000000000018, R9 =0x00007fe173201320, R10=0x000007fe170d30e8, R11=0x00007fffac118116
R12=0x0000000000000000, R13=0x00000001925bffc0, R14=0x000000012217a440, R15=0x00007fe1718cd000
RIP=0x00007fffc287e05d, EFLAGS=0x0000000000010206, ERR=0x0000000000000004
  TRAPNO=0x000000000000000e

Top of Stack: (sp=0x00007fff5c674288)
0x00007fff5c674288:   0000000122178157 00007fff5c6742e0
0x00007fff5c674298:   0000000000000003 00007fff5c6742c0
0x00007fff5c6742a8:   00000001041f36d2 00000001925bffc0
0x00007fff5c6742b8:   00000001925bffc0 00007fe170f73f90
0x00007fff5c6742c8:   000000012217a6a0 000000012217a710
0x00007fff5c6742d8:   00007fffc88e26d0 00007fffc95121e0
0x00007fff5c6742e8:   000000012217a450 000000012217a690
0x00007fff5c6742f8:   00007fe170f73f90 00007fe17690b340
0x00007fff5c674308:   00007fe170d45400 00007fe170f73f90
0x00007fff5c674318:   00007fe17690b340 00007fff5c6743c8
0x00007fff5c674328:   00007fe1718cd1f8 00000001925bffc0
0x00007fff5c674338:   00007fff5c6743f0 00007fff5c6743b8
0x00007fff5c674348:   000000010591d9f4 00000001925bffc0
0x00007fff5c674358:   00007fff5c6743f0 00007fff5c6743b8
0x00007fff5c674368:   000000010591d787 000000010591d742
0x00007fff5c674378:   00007fff5c674378 00000001925bffc0
0x00007fff5c674388:   00007fff5c6743f0 000000018b70c2a0
0x00007fff5c674398:   0000000000000000 00000001925bffc0
0x00007fff5c6743a8:   0000000000000000 00007fff5c6743d8
0x00007fff5c6743b8:   00007fff5c674438 000000010590e2bd
0x00007fff5c6743c8:   00000007404b0038 0000000105917538
0x00007fff5c6743d8:   00007fe170f73f90 00007fff5c674438
0x00007fff5c6743e8:   00007fe17690b340 0000000105918e02
0x00007fff5c6743f8:   00007fff5c6743f8 00000001925c018a
0x00007fff5c674408:   00007fff5c674460 000000018b70c2a0
0x00007fff5c674418:   0000000000000000 00000001925c0198
0x00007fff5c674428:   00007fff5c6743d8 00007fff5c674448
0x00007fff5c674438:   00007fff5c6744a8 000000010590e2bd
0x00007fff5c674448:   00007fe170f73f90 000000074039de20
0x00007fff5c674458:   00007fe17690b340 000000074039de20
0x00007fff5c674468:   00007fff5c674468 00000001982d2d26
0x00007fff5c674478:   00007fff5c6744b8 00000001982d2de0 

Instructions: (pc=0x00007fffc287e05d)
0x00007fffc287e03d:   0f 1f 00 48 85 ff 2e 74 62 40 f6 c7 01 2e 75 66
0x00007fffc287e04d:   49 ba f8 ff ff ff ff 7f 00 00 4c 23 17 49 89 f3
0x00007fffc287e05d:   45 23 5a 18 49 c1 e3 04 4d 03 5a 10 49 3b 33 75
0x00007fffc287e06d:   04 41 ff 63 08 49 83 3b 01 76 0d 49 83 c3 10 49 

Register to memory mapping:

RAX=0x00007fe170f73f90 is an unknown value
RBX=0x000000012217a450: Java_jogamp_nativewindow_macosx_OSXUtil_GetScreenRefreshRate0+0x1cf0 in /private/var/folders/lr/vg0t0wxx3tg6yq252w_p67_00000gn/T/jogamp_0000/file_cache/jln1728552955412306307/jln3628339403366595368/libnativewindow_macosx.jnilib at 0x0000000122173000
RCX=0x00007fe1732013e0 is an unknown value
RDX=0x0000000000000000 is an unknown value
RSP=0x00007fff5c674288 is pointing into the stack for thread: 0x00007fe1718cd000
RBP=0x00007fff5c674340 is pointing into the stack for thread: 0x00007fe1718cd000
RSI=0x00007fffac118116: __NSStyleNameIndexTable+0x7fd5e in /System/Library/Frameworks/AppKit.framework/Versions/C/AppKit at 0x00007fffab4ab000
RDI=0x00007fe17690b340 is an unknown value
R8 =0x0000000000000018 is an unknown value
R9 =0x00007fe173201320 is an unknown value
R10=0x000007fe170d30e8 is an unknown value
R11=0x00007fffac118116: __NSStyleNameIndexTable+0x7fd5e in /System/Library/Frameworks/AppKit.framework/Versions/C/AppKit at 0x00007fffab4ab000
R12=0x0000000000000000 is an unknown value
R13={method} {0x00000001925bffc0} 'UnsetJAWTRootSurfaceLayer0' '(JJ)V' in 'jogamp/nativewindow/jawt/macosx/MacOSXJAWTWindow'
R14=0x000000012217a440: Java_jogamp_nativewindow_macosx_OSXUtil_GetScreenRefreshRate0+0x1ce0 in /private/var/folders/lr/vg0t0wxx3tg6yq252w_p67_00000gn/T/jogamp_0000/file_cache/jln1728552955412306307/jln3628339403366595368/libnativewindow_macosx.jnilib at 0x0000000122173000
R15=0x00007fe1718cd000 is a thread


Stack: [0x00007fff5be79000,0x00007fff5c679000],  sp=0x00007fff5c674288,  free space=8172k
Native frames: (J=compiled Java code, j=interpreted, Vv=VM code, C=native code)
C  [libobjc.A.dylib+0x705d]  objc_msgSend+0x1d
j  jogamp.nativewindow.jawt.macosx.MacOSXJAWTWindow.UnsetJAWTRootSurfaceLayer0(JJ)V+0
j  jogamp.nativewindow.jawt.macosx.MacOSXJAWTWindow.access$200(JJ)V+2
j  jogamp.nativewindow.jawt.macosx.MacOSXJAWTWindow$1.run()V+38
J 2998 C1 com.jogamp.common.util.RunnableTask.run()V (345 bytes) @ 0x00000001061e78b4 [0x00000001061e7720+0x194]
v  ~StubRoutines::call_stub
V  [libjvm.dylib+0x2ee5b6]
V  [libjvm.dylib+0x325765]
V  [libjvm.dylib+0x317f33]
C  [libnativewindow_macosx.jnilib+0x5326]  Java_jogamp_nativewindow_jawt_macosx_MacOSXJAWTWindow_UnsetJAWTRootSurfaceLayer0+0x2b6
C  [Foundation+0x717ba]  __NSThreadPerformPerform+0x146
C  [CoreFoundation+0xa7321]  __CFRUNLOOP_IS_CALLING_OUT_TO_A_SOURCE0_PERFORM_FUNCTION__+0x11
C  [CoreFoundation+0x8821d]  __CFRunLoopDoSources0+0x22d
C  [CoreFoundation+0x87716]  __CFRunLoopRun+0x3a6
C  [CoreFoundation+0x87114]  CFRunLoopRunSpecific+0x1a4
C  [HIToolbox+0x30ebc]  RunCurrentEventLoopInMode+0xf0
C  [HIToolbox+0x30bf9]  ReceiveNextEventCommon+0xb8
C  [HIToolbox+0x30b26]  _BlockUntilNextEventMatchingListInModeWithFilter+0x47
C  [AppKit+0x46a54]  _DPSNextEvent+0x460
C  [AppKit+0x7c27ee]  -[NSApplication(NSEvent) _nextEventMatchingEventMask:untilDate:inMode:dequeue:]+0xaec
C  [libosxapp.dylib+0x23aa]  -[NSApplicationAWT nextEventMatchingMask:untilDate:inMode:dequeue:]+0x7c
C  [AppKit+0x3b3db]  -[NSApplication run]+0x39e
C  [libosxapp.dylib+0x214d]  +[NSApplicationAWT runAWTLoopWithApp:]+0x9c
C  [libawt_lwawt.dylib+0x45edf]  -[AWTStarter starter:]+0x389
C  [Foundation+0x717ba]  __NSThreadPerformPerform+0x146
C  [CoreFoundation+0xa7321]  __CFRUNLOOP_IS_CALLING_OUT_TO_A_SOURCE0_PERFORM_FUNCTION__+0x11
C  [CoreFoundation+0x8821d]  __CFRunLoopDoSources0+0x22d
C  [CoreFoundation+0x87716]  __CFRunLoopRun+0x3a6
C  [CoreFoundation+0x87114]  CFRunLoopRunSpecific+0x1a4
C  [java+0x6465]  CreateExecutionEnvironment+0x367
C  [java+0x218c]  JLI_Launch+0x7a0
C  [java+0x84c2]  main+0x65
C  [java+0x19e4]  start+0x34
C  0x0000000000000007

Java frames: (J=compiled Java code, j=interpreted, Vv=VM code)
j  jogamp.nativewindow.jawt.macosx.MacOSXJAWTWindow.UnsetJAWTRootSurfaceLayer0(JJ)V+0
j  jogamp.nativewindow.jawt.macosx.MacOSXJAWTWindow.access$200(JJ)V+2
j  jogamp.nativewindow.jawt.macosx.MacOSXJAWTWindow$1.run()V+38
J 2998 C1 com.jogamp.common.util.RunnableTask.run()V (345 bytes) @ 0x00000001061e78b4 [0x00000001061e7720+0x194]
v  ~StubRoutines::call_stub

---------------  P R O C E S S  ---------------

Java Threads: ( => current thread )
  0x00007fe1719f5000 JavaThread "Thread-19" [_thread_blocked, id=71955, stack(0x00007000110e2000,0x00007000111e2000)]
  0x00007fe1719b7000 JavaThread "AWT-EventQueue-1" [_thread_in_native, id=66583, stack(0x0000700010f5c000,0x000070001105c000)]
  0x00007fe171226800 JavaThread "DestroyJavaVM" [_thread_blocked, id=7171, stack(0x000070000f914000,0x000070000fa14000)]
  0x00007fe17198f800 JavaThread "AWT-EventQueue-0" [_thread_blocked, id=59651, stack(0x0000700010cd3000,0x0000700010dd3000)]
  0x00007fe171188000 JavaThread "Java2D Disposer" daemon [_thread_blocked, id=56335, stack(0x0000700010a4a000,0x0000700010b4a000)]
  0x00007fe171933000 JavaThread "Java2D Queue Flusher" daemon [_thread_blocked, id=47155, stack(0x0000700010947000,0x0000700010a47000)]
  0x00007fe17115e000 JavaThread "AWT-Shutdown" [_thread_blocked, id=29727, stack(0x00007000107c1000,0x00007000108c1000)]
=>0x00007fe1718cd000 JavaThread "AWT-AppKit" daemon [_thread_in_native, id=775, stack(0x00007fff5be79000,0x00007fff5c679000)]
  0x00007fe172815800 JavaThread "Service Thread" daemon [_thread_blocked, id=18435, stack(0x0000700010538000,0x0000700010638000)]
  0x00007fe171814800 JavaThread "C1 CompilerThread2" daemon [_thread_blocked, id=17923, stack(0x0000700010435000,0x0000700010535000)]
  0x00007fe17180d800 JavaThread "C2 CompilerThread1" daemon [_thread_blocked, id=17411, stack(0x0000700010332000,0x0000700010432000)]
  0x00007fe171003000 JavaThread "C2 CompilerThread0" daemon [_thread_blocked, id=16899, stack(0x000070001022f000,0x000070001032f000)]
  0x00007fe171810000 JavaThread "Signal Dispatcher" daemon [_thread_blocked, id=16387, stack(0x000070001012c000,0x000070001022c000)]
  0x00007fe17100c800 JavaThread "Finalizer" daemon [_thread_blocked, id=12547, stack(0x0000700010029000,0x0000700010129000)]
  0x00007fe17203d800 JavaThread "Reference Handler" daemon [_thread_blocked, id=12035, stack(0x000070000ff26000,0x0000700010026000)]

Other Threads:
  0x00007fe17281d800 VMThread [stack: 0x000070000fe23000,0x000070000ff23000] [id=11523]
  0x00007fe17183f800 WatcherThread [stack: 0x000070001063b000,0x000070001073b000] [id=18947]

VM state:not at safepoint (normal execution)

VM Mutex/Monitor currently owned by a thread: None

Heap:
 PSYoungGen      total 88064K, used 10847K [0x0000000795580000, 0x000000079c180000, 0x00000007c0000000)
  eden space 73728K, 12% used [0x0000000795580000,0x0000000795e338d0,0x0000000799d80000)
  from space 14336K, 13% used [0x0000000799d80000,0x0000000799f644a0,0x000000079ab80000)
  to   space 14336K, 0% used [0x000000079b380000,0x000000079b380000,0x000000079c180000)
 ParOldGen       total 68096K, used 23136K [0x0000000740000000, 0x0000000744280000, 0x0000000795580000)
  object space 68096K, 33% used [0x0000000740000000,0x0000000741698208,0x0000000744280000)
 Metaspace       used 24998K, capacity 25377K, committed 25728K, reserved 1073152K
  class space    used 2473K, capacity 2587K, committed 2688K, reserved 1048576K

Card table byte_map: [0x0000000105363000,0x0000000105764000] byte_map_base: 0x0000000101963000

Marking Bits: (ParMarkBitMap*) 0x00000001048f1ea0
 Begin Bits: [0x0000000114bb1000, 0x0000000116bb1000)
 End Bits:   [0x0000000116bb1000, 0x0000000118bb1000)

Polling page: 0x0000000103647000

CodeCache: size=245760Kb used=12001Kb max_used=12008Kb free=233758Kb
 bounds [0x0000000105906000, 0x00000001064d6000, 0x0000000114906000]
 total_blobs=4407 nmethods=3458 adapters=862
 compilation: enabled

Compilation events (10 events):
Event: 30.535 Thread 0x00007fe171003000 3802       4       java.nio.ByteBuffer::<init> (45 bytes)
Event: 30.537 Thread 0x00007fe171003000 nmethod 3802 0x00000001064ca890 code [0x00000001064caa00, 0x00000001064cac38]
Event: 30.541 Thread 0x00007fe17180d800 3803       4       java.util.concurrent.locks.AbstractQueuedSynchronizer::release (33 bytes)
Event: 30.545 Thread 0x00007fe17180d800 nmethod 3803 0x00000001064ca3d0 code [0x00000001064ca520, 0x00000001064ca728]
Event: 31.398 Thread 0x00007fe171003000 3804       4       sun.util.logging.PlatformLogger::isLoggable (38 bytes)
Event: 31.400 Thread 0x00007fe171003000 nmethod 3804 0x00000001064c9ed0 code [0x00000001064ca040, 0x00000001064ca1b8]
Event: 31.416 Thread 0x00007fe171814800 3805       1       sun.java2d.SurfaceData::isValid (5 bytes)
Event: 31.416 Thread 0x00007fe171814800 nmethod 3805 0x00000001064b2f90 code [0x00000001064b30e0, 0x00000001064b31f0]
Event: 31.427 Thread 0x00007fe171814800 3806       3       java.security.CodeSource::matchCerts (254 bytes)
Event: 31.429 Thread 0x00007fe171814800 nmethod 3806 0x00000001064cb110 code [0x00000001064cb320, 0x00000001064cbeb8]

GC Heap History (10 events):
Event: 9.720 GC heap before
{Heap before GC invocations=6 (full 1):
 PSYoungGen      total 51712K, used 51681K [0x0000000795580000, 0x0000000798d80000, 0x00000007c0000000)
  eden space 46592K, 100% used [0x0000000795580000,0x0000000798300000,0x0000000798300000)
  from space 5120K, 99% used [0x0000000798800000,0x0000000798cf8790,0x0000000798d00000)
  to   space 5120K, 0% used [0x0000000798300000,0x0000000798300000,0x0000000798800000)
 ParOldGen       total 68096K, used 19839K [0x0000000740000000, 0x0000000744280000, 0x0000000795580000)
  object space 68096K, 29% used [0x0000000740000000,0x000000074135fcf8,0x0000000744280000)
 Metaspace       used 24729K, capacity 25121K, committed 25472K, reserved 1073152K
  class space    used 2464K, capacity 2587K, committed 2688K, reserved 1048576K
Event: 9.727 GC heap after
Heap after GC invocations=6 (full 1):
 PSYoungGen      total 51712K, used 2129K [0x0000000795580000, 0x000000079af00000, 0x00000007c0000000)
  eden space 46592K, 0% used [0x0000000795580000,0x0000000795580000,0x0000000798300000)
  from space 5120K, 41% used [0x0000000798300000,0x00000007985144e0,0x0000000798800000)
  to   space 14336K, 0% used [0x000000079a100000,0x000000079a100000,0x000000079af00000)
 ParOldGen       total 68096K, used 23128K [0x0000000740000000, 0x0000000744280000, 0x0000000795580000)
  object space 68096K, 33% used [0x0000000740000000,0x0000000741696208,0x0000000744280000)
 Metaspace       used 24729K, capacity 25121K, committed 25472K, reserved 1073152K
  class space    used 2464K, capacity 2587K, committed 2688K, reserved 1048576K
}
Event: 14.092 GC heap before
{Heap before GC invocations=7 (full 1):
 PSYoungGen      total 51712K, used 48721K [0x0000000795580000, 0x000000079af00000, 0x00000007c0000000)
  eden space 46592K, 100% used [0x0000000795580000,0x0000000798300000,0x0000000798300000)
  from space 5120K, 41% used [0x0000000798300000,0x00000007985144e0,0x0000000798800000)
  to   space 14336K, 0% used [0x000000079a100000,0x000000079a100000,0x000000079af00000)
 ParOldGen       total 68096K, used 23128K [0x0000000740000000, 0x0000000744280000, 0x0000000795580000)
  object space 68096K, 33% used [0x0000000740000000,0x0000000741696208,0x0000000744280000)
 Metaspace       used 24896K, capacity 25313K, committed 25472K, reserved 1073152K
  class space    used 2464K, capacity 2587K, committed 2688K, reserved 1048576K
Event: 14.096 GC heap after
Heap after GC invocations=7 (full 1):
 PSYoungGen      total 74240K, used 1968K [0x0000000795580000, 0x000000079ae00000, 0x00000007c0000000)
  eden space 60928K, 0% used [0x0000000795580000,0x0000000795580000,0x0000000799100000)
  from space 13312K, 14% used [0x000000079a100000,0x000000079a2ec2a0,0x000000079ae00000)
  to   space 14848K, 0% used [0x0000000799100000,0x0000000799100000,0x0000000799f80000)
 ParOldGen       total 68096K, used 23136K [0x0000000740000000, 0x0000000744280000, 0x0000000795580000)
  object space 68096K, 33% used [0x0000000740000000,0x0000000741698208,0x0000000744280000)
 Metaspace       used 24896K, capacity 25313K, committed 25472K, reserved 1073152K
  class space    used 2464K, capacity 2587K, committed 2688K, reserved 1048576K
}
Event: 19.802 GC heap before
{Heap before GC invocations=8 (full 1):
 PSYoungGen      total 74240K, used 62896K [0x0000000795580000, 0x000000079ae00000, 0x00000007c0000000)
  eden space 60928K, 100% used [0x0000000795580000,0x0000000799100000,0x0000000799100000)
  from space 13312K, 14% used [0x000000079a100000,0x000000079a2ec2a0,0x000000079ae00000)
  to   space 14848K, 0% used [0x0000000799100000,0x0000000799100000,0x0000000799f80000)
 ParOldGen       total 68096K, used 23136K [0x0000000740000000, 0x0000000744280000, 0x0000000795580000)
  object space 68096K, 33% used [0x0000000740000000,0x0000000741698208,0x0000000744280000)
 Metaspace       used 24935K, capacity 25313K, committed 25472K, reserved 1073152K
  class space    used 2464K, capacity 2587K, committed 2688K, reserved 1048576K
Event: 19.805 GC heap after
Heap after GC invocations=8 (full 1):
 PSYoungGen      total 75776K, used 1872K [0x0000000795580000, 0x000000079bd00000, 0x00000007c0000000)
  eden space 60928K, 0% used [0x0000000795580000,0x0000000795580000,0x0000000799100000)
  from space 14848K, 12% used [0x0000000799100000,0x00000007992d4280,0x0000000799f80000)
  to   space 14848K, 0% used [0x000000079ae80000,0x000000079ae80000,0x000000079bd00000)
 ParOldGen       total 68096K, used 23136K [0x0000000740000000, 0x0000000744280000, 0x0000000795580000)
  object space 68096K, 33% used [0x0000000740000000,0x0000000741698208,0x0000000744280000)
 Metaspace       used 24935K, capacity 25313K, committed 25472K, reserved 1073152K
  class space    used 2464K, capacity 2587K, committed 2688K, reserved 1048576K
}
Event: 25.434 GC heap before
{Heap before GC invocations=9 (full 1):
 PSYoungGen      total 75776K, used 62800K [0x0000000795580000, 0x000000079bd00000, 0x00000007c0000000)
  eden space 60928K, 100% used [0x0000000795580000,0x0000000799100000,0x0000000799100000)
  from space 14848K, 12% used [0x0000000799100000,0x00000007992d4280,0x0000000799f80000)
  to   space 14848K, 0% used [0x000000079ae80000,0x000000079ae80000,0x000000079bd00000)
 ParOldGen       total 68096K, used 23136K [0x0000000740000000, 0x0000000744280000, 0x0000000795580000)
  object space 68096K, 33% used [0x0000000740000000,0x0000000741698208,0x0000000744280000)
 Metaspace       used 24935K, capacity 25313K, committed 25472K, reserved 1073152K
  class space    used 2464K, capacity 2587K, committed 2688K, reserved 1048576K
Event: 25.437 GC heap after
Heap after GC invocations=9 (full 1):
 PSYoungGen      total 84992K, used 1905K [0x0000000795580000, 0x000000079b980000, 0x00000007c0000000)
  eden space 73728K, 0% used [0x0000000795580000,0x0000000795580000,0x0000000799d80000)
  from space 11264K, 16% used [0x000000079ae80000,0x000000079b05c4a0,0x000000079b980000)
  to   space 14336K, 0% used [0x0000000799d80000,0x0000000799d80000,0x000000079ab80000)
 ParOldGen       total 68096K, used 23136K [0x0000000740000000, 0x0000000744280000, 0x0000000795580000)
  object space 68096K, 33% used [0x0000000740000000,0x0000000741698208,0x0000000744280000)
 Metaspace       used 24935K, capacity 25313K, committed 25472K, reserved 1073152K
  class space    used 2464K, capacity 2587K, committed 2688K, reserved 1048576K
}
Event: 30.735 GC heap before
{Heap before GC invocations=10 (full 1):
 PSYoungGen      total 84992K, used 75633K [0x0000000795580000, 0x000000079b980000, 0x00000007c0000000)
  eden space 73728K, 100% used [0x0000000795580000,0x0000000799d80000,0x0000000799d80000)
  from space 11264K, 16% used [0x000000079ae80000,0x000000079b05c4a0,0x000000079b980000)
  to   space 14336K, 0% used [0x0000000799d80000,0x0000000799d80000,0x000000079ab80000)
 ParOldGen       total 68096K, used 23136K [0x0000000740000000, 0x0000000744280000, 0x0000000795580000)
  object space 68096K, 33% used [0x0000000740000000,0x0000000741698208,0x0000000744280000)
 Metaspace       used 24963K, capacity 25377K, committed 25728K, reserved 1073152K
  class space    used 2465K, capacity 2587K, committed 2688K, reserved 1048576K
Event: 30.739 GC heap after
Heap after GC invocations=10 (full 1):
 PSYoungGen      total 88064K, used 1937K [0x0000000795580000, 0x000000079c180000, 0x00000007c0000000)
  eden space 73728K, 0% used [0x0000000795580000,0x0000000795580000,0x0000000799d80000)
  from space 14336K, 13% used [0x0000000799d80000,0x0000000799f644a0,0x000000079ab80000)
  to   space 14336K, 0% used [0x000000079b380000,0x000000079b380000,0x000000079c180000)
 ParOldGen       total 68096K, used 23136K [0x0000000740000000, 0x0000000744280000, 0x0000000795580000)
  object space 68096K, 33% used [0x0000000740000000,0x0000000741698208,0x0000000744280000)
 Metaspace       used 24963K, capacity 25377K, committed 25728K, reserved 1073152K
  class space    used 2465K, capacity 2587K, committed 2688K, reserved 1048576K
}

Deoptimization events (10 events):
Event: 31.399 Thread 0x00007fe1719b7000 Uncommon trap: reason=unstable_if action=reinterpret pc=0x000000010620c46c method=java.util.WeakHashMap.get(Ljava/lang/Object;)Ljava/lang/Object; @ 35
Event: 31.400 Thread 0x00007fe17198f800 Uncommon trap: reason=class_check action=maybe_recompile pc=0x000000010645b7e0 method=java.awt.EventQueue.coalesceEvent(Ljava/awt/AWTEvent;I)Z @ 32
Event: 31.400 Thread 0x00007fe1719b7000 Uncommon trap: reason=unstable_if action=reinterpret pc=0x000000010645a3bc method=java.awt.EventQueue.getPriority(Ljava/awt/AWTEvent;)I @ 22
Event: 31.401 Thread 0x00007fe17198f800 Uncommon trap: reason=unstable_if action=reinterpret pc=0x0000000105fcaedc method=java.awt.font.FontRenderContext.equals(Ljava/awt/font/FontRenderContext;)Z @ 2
Event: 31.402 Thread 0x00007fe17198f800 Uncommon trap: reason=unstable_if action=reinterpret pc=0x0000000105a79a54 method=java.awt.Font.equals(Ljava/lang/Object;)Z @ 2
Event: 31.415 Thread 0x00007fe171978000 Uncommon trap: reason=class_check action=maybe_recompile pc=0x0000000105e0016c method=java.util.HashMap.putVal(ILjava/lang/Object;Ljava/lang/Object;ZZ)Ljava/lang/Object; @ 91
Event: 31.415 Thread 0x00007fe171978000 Uncommon trap: reason=class_check action=maybe_recompile pc=0x0000000105e0016c method=java.util.HashMap.putVal(ILjava/lang/Object;Ljava/lang/Object;ZZ)Ljava/lang/Object; @ 91
Event: 31.415 Thread 0x00007fe171978000 Uncommon trap: reason=class_check action=maybe_recompile pc=0x0000000105dd6d44 method=java.util.HashMap.putVal(ILjava/lang/Object;Ljava/lang/Object;ZZ)Ljava/lang/Object; @ 91
Event: 31.416 Thread 0x00007fe17198f800 Uncommon trap: reason=unstable_if action=reinterpret pc=0x0000000105f56438 method=java.awt.font.FontRenderContext.equals(Ljava/awt/font/FontRenderContext;)Z @ 2
Event: 31.430 Thread 0x00007fe1719b7000 Uncommon trap: reason=unstable_if action=reinterpret pc=0x00000001061c76c4 method=java.security.AccessControlContext.optimize()Ljava/security/AccessControlContext; @ 233

Internal exceptions (10 events):
Event: 0.197 Thread 0x00007fe172005800 Exception <a 'java/lang/NoSuchFieldError': method resolution failed> (0x0000000795794d70) thrown at [/Users/java_re/workspace/8-2-build-macosx-x86_64/jdk8u131/8869/hotspot/src/share/vm/prims/methodHandles.cpp, line 1146]
Event: 0.365 Thread 0x00007fe172005800 Exception <a 'java/io/FileNotFoundException'> (0x0000000795810268) thrown at [/Users/java_re/workspace/8-2-build-macosx-x86_64/jdk8u131/8869/hotspot/src/share/vm/prims/jni.cpp, line 709]
Event: 0.365 Thread 0x00007fe172005800 Exception <a 'java/io/FileNotFoundException'> (0x0000000795810de8) thrown at [/Users/java_re/workspace/8-2-build-macosx-x86_64/jdk8u131/8869/hotspot/src/share/vm/prims/jni.cpp, line 709]
Event: 0.499 Thread 0x00007fe172005800 Exception <a 'java/io/FileNotFoundException'> (0x0000000795954b18) thrown at [/Users/java_re/workspace/8-2-build-macosx-x86_64/jdk8u131/8869/hotspot/src/share/vm/prims/jni.cpp, line 709]
Event: 2.656 Thread 0x00007fe171b9e800 Exception <a 'java/lang/UnsatisfiedLinkError': com.jogamp.common.util.JarUtil.fixNativeLibAttribs(Ljava/lang/String;)Z> (0x0000000796ce98c0) thrown at [/Users/java_re/workspace/8-2-build-macosx-x86_64/jdk8u131/8869/hotspot/src/share/vm/prims/nativeLookup.
Event: 2.880 Thread 0x00007fe17100c800 Exception <a 'java/lang/NullPointerException'> (0x00000007956a2660) thrown at [/Users/java_re/workspace/8-2-build-macosx-x86_64/jdk8u131/8869/hotspot/src/share/vm/interpreter/linkResolver.cpp, line 1197]
Event: 3.680 Thread 0x00007fe1719b7000 Exception <a 'java/io/FileNotFoundException'> (0x00000007960c50a0) thrown at [/Users/java_re/workspace/8-2-build-macosx-x86_64/jdk8u131/8869/hotspot/src/share/vm/prims/jni.cpp, line 709]
Event: 3.681 Thread 0x00007fe1719b7000 Exception <a 'java/io/FileNotFoundException'> (0x00000007960cdec8) thrown at [/Users/java_re/workspace/8-2-build-macosx-x86_64/jdk8u131/8869/hotspot/src/share/vm/prims/jni.cpp, line 709]
Event: 3.681 Thread 0x00007fe1719b7000 Implicit null exception at 0x0000000105aebff6 to 0x0000000105aec3c1
Event: 3.987 Thread 0x00007fe1719b7000 Implicit null exception at 0x0000000105d12506 to 0x0000000105d1274d

Events (10 events):
Event: 31.430 Thread 0x00007fe1719b7000 DEOPT PACKING pc=0x00000001061c76c4 sp=0x00007000110598b0
Event: 31.430 Thread 0x00007fe1719b7000 DEOPT UNPACKING pc=0x000000010590b229 sp=0x0000700011059880 mode 2
Event: 31.430 loading class java/awt/LightweightDispatcher$2
Event: 31.430 loading class java/awt/LightweightDispatcher$2 done
Event: 31.430 loading class java/awt/event/AWTEventListenerProxy
Event: 31.430 loading class java/awt/event/AWTEventListenerProxy done
Event: 31.430 Executing VM operation: Deoptimize
Event: 31.431 Executing VM operation: Deoptimize done
Event: 31.431 loading class java/awt/Toolkit$ToolkitEventMulticaster
Event: 31.431 loading class java/awt/Toolkit$ToolkitEventMulticaster done


Dynamic libraries:
0x00000000385fa000 	/System/Library/Frameworks/Cocoa.framework/Versions/A/Cocoa
0x00000000385fa000 	/System/Library/Frameworks/Security.framework/Versions/A/Security
0x00000000385fa000 	/System/Library/Frameworks/ApplicationServices.framework/Versions/A/ApplicationServices
0x00000000385fa000 	/usr/lib/libz.1.dylib
0x00000000385fa000 	/usr/lib/libSystem.B.dylib
0x00000000385fa000 	/usr/lib/libobjc.A.dylib
0x00000000385fa000 	/System/Library/Frameworks/CoreFoundation.framework/Versions/A/CoreFoundation
0x00000000385fa000 	/System/Library/Frameworks/Foundation.framework/Versions/C/Foundation
0x00000000385fa000 	/System/Library/Frameworks/AppKit.framework/Versions/C/AppKit
0x00000000385fa000 	/System/Library/Frameworks/CoreData.framework/Versions/A/CoreData
0x00000000385fa000 	/System/Library/PrivateFrameworks/RemoteViewServices.framework/Versions/A/RemoteViewServices
0x00000000385fa000 	/System/Library/PrivateFrameworks/UIFoundation.framework/Versions/A/UIFoundation
0x00000000385fa000 	/System/Library/PrivateFrameworks/DFRFoundation.framework/Versions/A/DFRFoundation
0x00000000385fa000 	/usr/lib/libenergytrace.dylib
0x00000000385fa000 	/System/Library/PrivateFrameworks/SkyLight.framework/Versions/A/SkyLight
0x00000000385fa000 	/System/Library/Frameworks/CoreGraphics.framework/Versions/A/CoreGraphics
0x00000000385fa000 	/usr/lib/libScreenReader.dylib
0x00000000385fa000 	/System/Library/Frameworks/Accelerate.framework/Versions/A/Accelerate
0x00000000385fa000 	/System/Library/Frameworks/IOSurface.framework/Versions/A/IOSurface
0x00000000385fa000 	/System/Library/Frameworks/AudioToolbox.framework/Versions/A/AudioToolbox
0x00000000385fa000 	/System/Library/Frameworks/AudioUnit.framework/Versions/A/AudioUnit
0x00000000385fa000 	/System/Library/PrivateFrameworks/DataDetectorsCore.framework/Versions/A/DataDetectorsCore
0x00000000385fa000 	/System/Library/PrivateFrameworks/DesktopServicesPriv.framework/Versions/A/DesktopServicesPriv
0x00000000385fa000 	/System/Library/Frameworks/Carbon.framework/Versions/A/Frameworks/HIToolbox.framework/Versions/A/HIToolbox
0x00000000385fa000 	/usr/lib/libicucore.A.dylib
0x00000000385fa000 	/System/Library/Frameworks/QuartzCore.framework/Versions/A/QuartzCore
0x00000000385fa000 	/System/Library/Frameworks/Carbon.framework/Versions/A/Frameworks/SpeechRecognition.framework/Versions/A/SpeechRecognition
0x00000000385fa000 	/usr/lib/libauto.dylib
0x00000000385fa000 	/usr/lib/libxml2.2.dylib
0x00000000385fa000 	/System/Library/PrivateFrameworks/CoreUI.framework/Versions/A/CoreUI
0x00000000385fa000 	/System/Library/Frameworks/CoreAudio.framework/Versions/A/CoreAudio
0x00000000385fa000 	/System/Library/Frameworks/DiskArbitration.framework/Versions/A/DiskArbitration
0x00000000385fa000 	/usr/lib/liblangid.dylib
0x00000000385fa000 	/System/Library/PrivateFrameworks/MultitouchSupport.framework/Versions/A/MultitouchSupport
0x00000000385fa000 	/System/Library/Frameworks/IOKit.framework/Versions/A/IOKit
0x00000000385fa000 	/usr/lib/libDiagnosticMessagesClient.dylib
0x00000000385fa000 	/System/Library/Frameworks/CoreServices.framework/Versions/A/CoreServices
0x00000000385fa000 	/System/Library/PrivateFrameworks/PerformanceAnalysis.framework/Versions/A/PerformanceAnalysis
0x00000000385fa000 	/System/Library/PrivateFrameworks/GenerationalStorage.framework/Versions/A/GenerationalStorage
0x00000000385fa000 	/System/Library/Frameworks/OpenGL.framework/Versions/A/OpenGL
0x00000000385fa000 	/System/Library/Frameworks/CoreImage.framework/Versions/A/CoreImage
0x00000000385fa000 	/System/Library/Frameworks/CoreText.framework/Versions/A/CoreText
0x00000000385fa000 	/System/Library/Frameworks/ImageIO.framework/Versions/A/ImageIO
0x00000000385fa000 	/System/Library/PrivateFrameworks/Backup.framework/Versions/A/Backup
0x00000000385fa000 	/usr/lib/libarchive.2.dylib
0x00000000385fa000 	/System/Library/Frameworks/CFNetwork.framework/Versions/A/CFNetwork
0x00000000385fa000 	/System/Library/Frameworks/SystemConfiguration.framework/Versions/A/SystemConfiguration
0x00000000385fa000 	/usr/lib/libCRFSuite.dylib
0x00000000385fa000 	/usr/lib/libc++.1.dylib
0x00000000385fa000 	/usr/lib/libc++abi.dylib
0x00000000385fa000 	/usr/lib/system/libcache.dylib
0x00000000385fa000 	/usr/lib/system/libcommonCrypto.dylib
0x00000000385fa000 	/usr/lib/system/libcompiler_rt.dylib
0x00000000385fa000 	/usr/lib/system/libcopyfile.dylib
0x00000000385fa000 	/usr/lib/system/libcorecrypto.dylib
0x00000000385fa000 	/usr/lib/system/libdispatch.dylib
0x00000000385fa000 	/usr/lib/system/libdyld.dylib
0x00000000385fa000 	/usr/lib/system/libkeymgr.dylib
0x00000000385fa000 	/usr/lib/system/liblaunch.dylib
0x00000000385fa000 	/usr/lib/system/libmacho.dylib
0x00000000385fa000 	/usr/lib/system/libquarantine.dylib
0x00000000385fa000 	/usr/lib/system/libremovefile.dylib
0x00000000385fa000 	/usr/lib/system/libsystem_asl.dylib
0x00000000385fa000 	/usr/lib/system/libsystem_blocks.dylib
0x00000000385fa000 	/usr/lib/system/libsystem_c.dylib
0x00000000385fa000 	/usr/lib/system/libsystem_configuration.dylib
0x00000000385fa000 	/usr/lib/system/libsystem_coreservices.dylib
0x00000000385fa000 	/usr/lib/system/libsystem_coretls.dylib
0x00000000385fa000 	/usr/lib/system/libsystem_dnssd.dylib
0x00000000385fa000 	/usr/lib/system/libsystem_info.dylib
0x00000000385fa000 	/usr/lib/system/libsystem_kernel.dylib
0x00000000385fa000 	/usr/lib/system/libsystem_m.dylib
0x00000000385fa000 	/usr/lib/system/libsystem_malloc.dylib
0x00000000385fa000 	/usr/lib/system/libsystem_network.dylib
0x00000000385fa000 	/usr/lib/system/libsystem_networkextension.dylib
0x00000000385fa000 	/usr/lib/system/libsystem_notify.dylib
0x00000000385fa000 	/usr/lib/system/libsystem_platform.dylib
0x00000000385fa000 	/usr/lib/system/libsystem_pthread.dylib
0x00000000385fa000 	/usr/lib/system/libsystem_sandbox.dylib
0x00000000385fa000 	/usr/lib/system/libsystem_secinit.dylib
0x00000000385fa000 	/usr/lib/system/libsystem_symptoms.dylib
0x00000000385fa000 	/usr/lib/system/libsystem_trace.dylib
0x00000000385fa000 	/usr/lib/system/libunwind.dylib
0x00000000385fa000 	/usr/lib/system/libxpc.dylib
0x00000000385fa000 	/usr/lib/libbsm.0.dylib
0x00000000385fa000 	/usr/lib/system/libkxld.dylib
0x00000000385fa000 	/usr/lib/libcoretls.dylib
0x00000000385fa000 	/usr/lib/libcoretls_cfhelpers.dylib
0x00000000385fa000 	/usr/lib/libOpenScriptingUtil.dylib
0x00000000385fa000 	/usr/lib/libpam.2.dylib
0x00000000385fa000 	/usr/lib/libsqlite3.dylib
0x00000000385fa000 	/usr/lib/libxar.1.dylib
0x00000000385fa000 	/usr/lib/libbz2.1.0.dylib
0x00000000385fa000 	/usr/lib/liblzma.5.dylib
0x00000000385fa000 	/usr/lib/libnetwork.dylib
0x00000000385fa000 	/usr/lib/libpcap.A.dylib
0x00000000385fa000 	/System/Library/Frameworks/CoreServices.framework/Versions/A/Frameworks/FSEvents.framework/Versions/A/FSEvents
0x00000000385fa000 	/System/Library/Frameworks/CoreServices.framework/Versions/A/Frameworks/CarbonCore.framework/Versions/A/CarbonCore
0x00000000385fa000 	/System/Library/Frameworks/CoreServices.framework/Versions/A/Frameworks/Metadata.framework/Versions/A/Metadata
0x00000000385fa000 	/System/Library/Frameworks/CoreServices.framework/Versions/A/Frameworks/OSServices.framework/Versions/A/OSServices
0x00000000385fa000 	/System/Library/Frameworks/CoreServices.framework/Versions/A/Frameworks/SearchKit.framework/Versions/A/SearchKit
0x00000000385fa000 	/System/Library/Frameworks/CoreServices.framework/Versions/A/Frameworks/AE.framework/Versions/A/AE
0x00000000385fa000 	/System/Library/Frameworks/CoreServices.framework/Versions/A/Frameworks/LaunchServices.framework/Versions/A/LaunchServices
0x00000000385fa000 	/System/Library/Frameworks/CoreServices.framework/Versions/A/Frameworks/DictionaryServices.framework/Versions/A/DictionaryServices
0x00000000385fa000 	/System/Library/Frameworks/CoreServices.framework/Versions/A/Frameworks/SharedFileList.framework/Versions/A/SharedFileList
0x00000000385fa000 	/System/Library/Frameworks/NetFS.framework/Versions/A/NetFS
0x00000000385fa000 	/System/Library/PrivateFrameworks/NetAuth.framework/Versions/A/NetAuth
0x00000000385fa000 	/System/Library/PrivateFrameworks/login.framework/Versions/A/Frameworks/loginsupport.framework/Versions/A/loginsupport
0x00000000385fa000 	/System/Library/PrivateFrameworks/TCC.framework/Versions/A/TCC
0x00000000385fa000 	/usr/lib/libmecabra.dylib
0x00000000385fa000 	/System/Library/Frameworks/ApplicationServices.framework/Versions/A/Frameworks/ATS.framework/Versions/A/ATS
0x00000000385fa000 	/System/Library/Frameworks/ApplicationServices.framework/Versions/A/Frameworks/ColorSync.framework/Versions/A/ColorSync
0x00000000385fa000 	/System/Library/Frameworks/ApplicationServices.framework/Versions/A/Frameworks/HIServices.framework/Versions/A/HIServices
0x00000000385fa000 	/System/Library/Frameworks/ApplicationServices.framework/Versions/A/Frameworks/LangAnalysis.framework/Versions/A/LangAnalysis
0x00000000385fa000 	/System/Library/Frameworks/ApplicationServices.framework/Versions/A/Frameworks/PrintCore.framework/Versions/A/PrintCore
0x00000000385fa000 	/System/Library/Frameworks/ApplicationServices.framework/Versions/A/Frameworks/QD.framework/Versions/A/QD
0x00000000385fa000 	/System/Library/Frameworks/ApplicationServices.framework/Versions/A/Frameworks/SpeechSynthesis.framework/Versions/A/SpeechSynthesis
0x00000000385fa000 	/System/Library/Frameworks/Accelerate.framework/Versions/A/Frameworks/vImage.framework/Versions/A/vImage
0x00000000385fa000 	/System/Library/Frameworks/Accelerate.framework/Versions/A/Frameworks/vecLib.framework/Versions/A/vecLib
0x00000000385fa000 	/System/Library/Frameworks/Accelerate.framework/Versions/A/Frameworks/vecLib.framework/Versions/A/libvDSP.dylib
0x00000000385fa000 	/System/Library/Frameworks/Accelerate.framework/Versions/A/Frameworks/vecLib.framework/Versions/A/libBNNS.dylib
0x00000000385fa000 	/System/Library/Frameworks/Accelerate.framework/Versions/A/Frameworks/vecLib.framework/Versions/A/libQuadrature.dylib
0x00000000385fa000 	/System/Library/Frameworks/Accelerate.framework/Versions/A/Frameworks/vecLib.framework/Versions/A/libvMisc.dylib
0x00000000385fa000 	/System/Library/Frameworks/Accelerate.framework/Versions/A/Frameworks/vecLib.framework/Versions/A/libLAPACK.dylib
0x00000000385fa000 	/System/Library/Frameworks/Accelerate.framework/Versions/A/Frameworks/vecLib.framework/Versions/A/libBLAS.dylib
0x00000000385fa000 	/System/Library/Frameworks/Accelerate.framework/Versions/A/Frameworks/vecLib.framework/Versions/A/libLinearAlgebra.dylib
0x00000000385fa000 	/System/Library/Frameworks/Accelerate.framework/Versions/A/Frameworks/vecLib.framework/Versions/A/libSparseBLAS.dylib
0x00000000385fa000 	/System/Library/Frameworks/ApplicationServices.framework/Versions/A/Frameworks/ATS.framework/Versions/A/Resources/libFontParser.dylib
0x00000000385fa000 	/System/Library/Frameworks/ApplicationServices.framework/Versions/A/Frameworks/ATS.framework/Versions/A/Resources/libFontRegistry.dylib
0x00000000385fa000 	/System/Library/Frameworks/ImageIO.framework/Versions/A/Resources/libJPEG.dylib
0x00000000385fa000 	/System/Library/Frameworks/ImageIO.framework/Versions/A/Resources/libTIFF.dylib
0x00000000385fa000 	/System/Library/Frameworks/ImageIO.framework/Versions/A/Resources/libPng.dylib
0x00000000385fa000 	/System/Library/Frameworks/ImageIO.framework/Versions/A/Resources/libGIF.dylib
0x00000000385fa000 	/System/Library/Frameworks/ImageIO.framework/Versions/A/Resources/libJP2.dylib
0x00000000385fa000 	/System/Library/Frameworks/ImageIO.framework/Versions/A/Resources/libRadiance.dylib
0x00000000385fa000 	/usr/lib/libcompression.dylib
0x00000000385fa000 	/System/Library/PrivateFrameworks/AppleJPEG.framework/Versions/A/AppleJPEG
0x00000000385fa000 	/usr/lib/libcups.2.dylib
0x00000000385fa000 	/System/Library/Frameworks/Kerberos.framework/Versions/A/Kerberos
0x00000000385fa000 	/System/Library/Frameworks/GSS.framework/Versions/A/GSS
0x00000000385fa000 	/usr/lib/libresolv.9.dylib
0x00000000385fa000 	/usr/lib/libiconv.2.dylib
0x00000000385fa000 	/System/Library/PrivateFrameworks/Heimdal.framework/Versions/A/Heimdal
0x00000000385fa000 	/usr/lib/libheimdal-asn1.dylib
0x00000000385fa000 	/System/Library/Frameworks/OpenDirectory.framework/Versions/A/OpenDirectory
0x00000000385fa000 	/System/Library/PrivateFrameworks/CommonAuth.framework/Versions/A/CommonAuth
0x00000000385fa000 	/System/Library/Frameworks/OpenDirectory.framework/Versions/A/Frameworks/CFOpenDirectory.framework/Versions/A/CFOpenDirectory
0x00000000385fa000 	/System/Library/Frameworks/SecurityFoundation.framework/Versions/A/SecurityFoundation
0x00000000385fa000 	/System/Library/PrivateFrameworks/LanguageModeling.framework/Versions/A/LanguageModeling
0x00000000385fa000 	/usr/lib/libmarisa.dylib
0x00000000385fa000 	/usr/lib/libChineseTokenizer.dylib
0x00000000385fa000 	/usr/lib/libcmph.dylib
0x00000000385fa000 	/System/Library/PrivateFrameworks/CoreEmoji.framework/Versions/A/CoreEmoji
0x00000000385fa000 	/System/Library/Frameworks/ServiceManagement.framework/Versions/A/ServiceManagement
0x00000000385fa000 	/usr/lib/libxslt.1.dylib
0x00000000385fa000 	/System/Library/Frameworks/Carbon.framework/Versions/A/Frameworks/Ink.framework/Versions/A/Ink
0x00000000385fa000 	/System/Library/PrivateFrameworks/TextureIO.framework/Versions/A/TextureIO
0x00000000385fa000 	/System/Library/Frameworks/Metal.framework/Versions/A/Metal
0x00000000385fa000 	/usr/lib/libate.dylib
0x00000000385fa000 	/System/Library/PrivateFrameworks/GPUCompiler.framework/libmetal_timestamp.dylib
0x00000000385fa000 	/System/Library/Frameworks/OpenGL.framework/Versions/A/Libraries/libCoreFSCache.dylib
0x00000000385fa000 	/System/Library/PrivateFrameworks/IOAccelerator.framework/Versions/A/IOAccelerator
0x00000000385fa000 	/System/Library/Frameworks/CoreVideo.framework/Versions/A/CoreVideo
0x00000000385fa000 	/usr/lib/libFosl_dynamic.dylib
0x00000000385fa000 	/System/Library/PrivateFrameworks/MetalPerformanceShaders.framework/Versions/A/MetalPerformanceShaders
0x00000000385fa000 	/System/Library/PrivateFrameworks/FaceCore.framework/Versions/A/FaceCore
0x00000000385fa000 	/System/Library/Frameworks/OpenCL.framework/Versions/A/OpenCL
0x00000000385fa000 	/System/Library/Frameworks/OpenGL.framework/Versions/A/Libraries/libGLU.dylib
0x00000000385fa000 	/System/Library/Frameworks/OpenGL.framework/Versions/A/Libraries/libGFXShared.dylib
0x00000000385fa000 	/System/Library/Frameworks/OpenGL.framework/Versions/A/Libraries/libGL.dylib
0x00000000385fa000 	/System/Library/Frameworks/OpenGL.framework/Versions/A/Libraries/libGLImage.dylib
0x00000000385fa000 	/System/Library/Frameworks/OpenGL.framework/Versions/A/Libraries/libCVMSPluginSupport.dylib
0x00000000385fa000 	/System/Library/Frameworks/OpenGL.framework/Versions/A/Libraries/libCoreVMClient.dylib
0x00000000385fa000 	/System/Library/PrivateFrameworks/CrashReporterSupport.framework/Versions/A/CrashReporterSupport
0x00000000385fa000 	/System/Library/PrivateFrameworks/Sharing.framework/Versions/A/Sharing
0x00000000385fa000 	/System/Library/PrivateFrameworks/IconServices.framework/Versions/A/IconServices
0x00000000385fa000 	/System/Library/PrivateFrameworks/ProtocolBuffer.framework/Versions/A/ProtocolBuffer
0x00000000385fa000 	/System/Library/PrivateFrameworks/Apple80211.framework/Versions/A/Apple80211
0x00000000385fa000 	/System/Library/Frameworks/CoreWLAN.framework/Versions/A/CoreWLAN
0x00000000385fa000 	/System/Library/PrivateFrameworks/CoreUtils.framework/Versions/A/CoreUtils
0x00000000385fa000 	/System/Library/Frameworks/IOBluetooth.framework/Versions/A/IOBluetooth
0x00000000385fa000 	/System/Library/PrivateFrameworks/CoreWiFi.framework/Versions/A/CoreWiFi
0x00000000385fa000 	/System/Library/Frameworks/CoreBluetooth.framework/Versions/A/CoreBluetooth
0x00000000385fa000 	/System/Library/Frameworks/CoreDisplay.framework/Versions/A/CoreDisplay
0x00000000385fa000 	/System/Library/PrivateFrameworks/IOPresentment.framework/Versions/A/IOPresentment
0x00000000385fa000 	/System/Library/PrivateFrameworks/DSExternalDisplay.framework/Versions/A/DSExternalDisplay
0x00000000385fa000 	/System/Library/PrivateFrameworks/DebugSymbols.framework/Versions/A/DebugSymbols
0x00000000385fa000 	/System/Library/PrivateFrameworks/CoreSymbolication.framework/Versions/A/CoreSymbolication
0x00000000385fa000 	/System/Library/PrivateFrameworks/Symbolication.framework/Versions/A/Symbolication
0x00000000385fa000 	/System/Library/PrivateFrameworks/AppleFSCompression.framework/Versions/A/AppleFSCompression
0x00000000385fa000 	/System/Library/PrivateFrameworks/SpeechRecognitionCore.framework/Versions/A/SpeechRecognitionCore
0x00000000385fa000 	/System/Library/PrivateFrameworks/ChunkingLibrary.framework/Versions/A/ChunkingLibrary
0x0000000104000000 	/Library/Java/JavaVirtualMachines/jdk1.8.0_131.jdk/Contents/Home/jre/lib/server/libjvm.dylib
0x00000000385fa000 	/usr/lib/libstdc++.6.dylib
0x0000000103604000 	/Library/Java/JavaVirtualMachines/jdk1.8.0_131.jdk/Contents/Home/jre/lib/libverify.dylib
0x0000000103612000 	/Library/Java/JavaVirtualMachines/jdk1.8.0_131.jdk/Contents/Home/jre/lib/libjava.dylib
0x0000000103651000 	/Library/Java/JavaVirtualMachines/jdk1.8.0_131.jdk/Contents/Home/jre/lib/libzip.dylib
0x000000011a816000 	/System/Library/Frameworks/JavaVM.framework/Frameworks/JavaRuntimeSupport.framework/JavaRuntimeSupport
0x0000000105864000 	/System/Library/Frameworks/JavaVM.framework/Versions/A/Frameworks/JavaNativeFoundation.framework/Versions/A/JavaNativeFoundation
0x00000001037ed000 	/System/Library/Frameworks/JavaVM.framework/Versions/A/JavaVM
0x00000000385fa000 	/System/Library/Frameworks/Carbon.framework/Versions/A/Carbon
0x000000011a830000 	/System/Library/PrivateFrameworks/JavaLaunching.framework/Versions/A/JavaLaunching
0x00000000385fa000 	/System/Library/Frameworks/Carbon.framework/Versions/A/Frameworks/CommonPanels.framework/Versions/A/CommonPanels
0x00000000385fa000 	/System/Library/Frameworks/Carbon.framework/Versions/A/Frameworks/Help.framework/Versions/A/Help
0x00000000385fa000 	/System/Library/Frameworks/Carbon.framework/Versions/A/Frameworks/ImageCapture.framework/Versions/A/ImageCapture
0x00000000385fa000 	/System/Library/Frameworks/Carbon.framework/Versions/A/Frameworks/OpenScripting.framework/Versions/A/OpenScripting
0x00000000385fa000 	/System/Library/Frameworks/Carbon.framework/Versions/A/Frameworks/Print.framework/Versions/A/Print
0x00000000385fa000 	/System/Library/Frameworks/Carbon.framework/Versions/A/Frameworks/SecurityHI.framework/Versions/A/SecurityHI
0x000000011c139000 	/Library/Java/JavaVirtualMachines/jdk1.8.0_131.jdk/Contents/Home/jre/lib/libawt.dylib
0x000000011c1e1000 	/Library/Java/JavaVirtualMachines/jdk1.8.0_131.jdk/Contents/Home/jre/lib/./libmlib_image.dylib
0x000000011c2ad000 	/Library/Java/JavaVirtualMachines/jdk1.8.0_131.jdk/Contents/Home/jre/lib/libawt_lwawt.dylib
0x000000011c364000 	/Library/Java/JavaVirtualMachines/jdk1.8.0_131.jdk/Contents/Home/jre/lib/./libosxapp.dylib
0x00000000385fa000 	/System/Library/Frameworks/ExceptionHandling.framework/Versions/A/ExceptionHandling
0x00000000385fa000 	/System/Library/PrivateFrameworks/CoreServicesInternal.framework/Versions/A/CoreServicesInternal
0x00000000385fa000 	/System/Library/CoreServices/RawCamera.bundle/Contents/MacOS/RawCamera
0x00000000385fa000 	/System/Library/Frameworks/Accelerate.framework/Versions/A/Frameworks/vImage.framework/Versions/A/Libraries/libCGInterfaces.dylib
0x00000000385fa000 	/System/Library/Frameworks/ApplicationServices.framework/Versions/A/Frameworks/ATS.framework/Versions/A/Resources/libTrueTypeScaler.dylib
0x000000011e1c2000 	/System/Library/Frameworks/OpenGL.framework/Resources/GLEngine.bundle/GLEngine
0x00000000385fa000 	/System/Library/Frameworks/OpenGL.framework/Versions/A/Libraries/libGLProgrammability.dylib
0x000000011e3a7000 	/System/Library/Extensions/AppleIntelSKLGraphicsGLDriver.bundle/Contents/MacOS/AppleIntelSKLGraphicsGLDriver
0x00000000385fa000 	/System/Library/PrivateFrameworks/GPUSupport.framework/Versions/A/Libraries/libGPUSupportMercury.dylib
0x000000011f12b000 	/System/Library/Frameworks/OpenGL.framework/Resources//GLRendererFloat.bundle/GLRendererFloat
0x00000000385fa000 	/System/Library/Frameworks/OpenCL.framework/Versions/A/Libraries/libcldcpuengine.dylib
0x00000000385fa000 	/usr/lib/libcrypto.0.9.8.dylib
0x00000000385fa000 	/System/Library/PrivateFrameworks/TrustEvaluationAgent.framework/Versions/A/TrustEvaluationAgent
0x000000011f15f000 	/System/Library/Extensions/AppleIntelSKLGraphicsMTLDriver.bundle/Contents/MacOS/AppleIntelSKLGraphicsMTLDriver
0x00000000385fa000 	/System/Library/PrivateFrameworks/FamilyControls.framework/Versions/A/FamilyControls
0x00000000385fa000 	/System/Library/PrivateFrameworks/CommerceKit.framework/Versions/A/Frameworks/CommerceCore.framework/Versions/A/CommerceCore
0x00000000385fa000 	/System/Library/PrivateFrameworks/SystemAdministration.framework/Versions/A/SystemAdministration
0x00000000385fa000 	/System/Library/PrivateFrameworks/AppContainer.framework/Versions/A/AppContainer
0x00000000385fa000 	/System/Library/PrivateFrameworks/SecCodeWrapper.framework/Versions/A/SecCodeWrapper
0x00000000385fa000 	/System/Library/Frameworks/DirectoryService.framework/Versions/A/DirectoryService
0x00000000385fa000 	/System/Library/PrivateFrameworks/DiskImages.framework/Versions/A/DiskImages
0x00000000385fa000 	/System/Library/PrivateFrameworks/LoginUIKit.framework/Versions/A/Frameworks/LoginUICore.framework/Versions/A/LoginUICore
0x00000000385fa000 	/usr/lib/libCoreStorage.dylib
0x00000000385fa000 	/usr/lib/libcsfde.dylib
0x00000000385fa000 	/usr/lib/libodfde.dylib
0x00000000385fa000 	/System/Library/Frameworks/DiscRecording.framework/Versions/A/DiscRecording
0x00000000385fa000 	/usr/lib/libcurl.4.dylib
0x00000000385fa000 	/System/Library/PrivateFrameworks/MediaKit.framework/Versions/A/MediaKit
0x00000000385fa000 	/System/Library/PrivateFrameworks/ProtectedCloudStorage.framework/Versions/A/ProtectedCloudStorage
0x00000000385fa000 	/System/Library/PrivateFrameworks/EFILogin.framework/Versions/A/EFILogin
0x00000000385fa000 	/usr/lib/libutil.dylib
0x00000000385fa000 	/System/Library/Frameworks/LDAP.framework/Versions/A/LDAP
0x00000000385fa000 	/usr/lib/libsasl2.2.dylib
0x00000000385fa000 	/System/Library/PrivateFrameworks/CoreDaemon.framework/Versions/B/CoreDaemon
0x00000000385fa000 	/System/Library/PrivateFrameworks/AppleSRP.framework/Versions/A/AppleSRP
0x00000000385fa000 	/System/Library/PrivateFrameworks/APFS.framework/Versions/A/APFS
0x0000000120fea000 	/Library/Java/JavaVirtualMachines/jdk1.8.0_131.jdk/Contents/Home/jre/lib/libfontmanager.dylib
0x00000000385fa000 	/System/Library/PrivateFrameworks/ViewBridge.framework/Versions/A/ViewBridge
0x00000000385fa000 	/System/Library/PrivateFrameworks/XPCService.framework/Versions/A/XPCService
0x00000000385fa000 	/System/Library/PrivateFrameworks/AppSandbox.framework/Versions/A/AppSandbox
0x00000000385fa000 	/usr/lib/libsandbox.1.dylib
0x00000000385fa000 	/usr/lib/libMatch.1.dylib
0x00000001220b5000 	/Library/Java/JavaVirtualMachines/jdk1.8.0_131.jdk/Contents/Home/jre/lib/libosxui.dylib
0x0000000123220000 	/Library/Java/JavaVirtualMachines/jdk1.8.0_131.jdk/Contents/Home/jre/lib/libnet.dylib
0x0000000122f90000 	/Library/Java/JavaVirtualMachines/jdk1.8.0_131.jdk/Contents/Home/jre/lib/libnio.dylib
0x0000000122142000 	/private/var/folders/lr/vg0t0wxx3tg6yq252w_p67_00000gn/T/jogamp_0000/file_cache/jln1728552955412306307/jln3628339403366595368/libgluegen-rt.jnilib
0x00000001220b2000 	/private/var/folders/lr/vg0t0wxx3tg6yq252w_p67_00000gn/T/jogamp_0000/file_cache/jln1728552955412306307/jln3628339403366595368/libnativewindow_awt.jnilib
0x0000000122146000 	/Library/Java/JavaVirtualMachines/jdk1.8.0_131.jdk/Contents/Home/jre/lib/libjawt.dylib
0x0000000122173000 	/private/var/folders/lr/vg0t0wxx3tg6yq252w_p67_00000gn/T/jogamp_0000/file_cache/jln1728552955412306307/jln3628339403366595368/libnativewindow_macosx.jnilib
0x000000018c045000 	/private/var/folders/lr/vg0t0wxx3tg6yq252w_p67_00000gn/T/jogamp_0000/file_cache/jln1728552955412306307/jln3628339403366595368/libjogl_desktop.jnilib
0x0000000195256000 	/Library/Java/JavaVirtualMachines/jdk1.8.0_131.jdk/Contents/Home/jre/lib/libsunec.dylib
0x000000019527e000 	/Library/Java/JavaVirtualMachines/jdk1.8.0_131.jdk/Contents/Home/jre/lib/libjpeg.dylib
0x00000001952ab000 	/Library/Java/JavaVirtualMachines/jdk1.8.0_131.jdk/Contents/Home/jre/lib/libt2k.dylib

VM Arguments:
jvm_args: -Djava.security.policy=java.policy.applet -Dfile.encoding=UTF-8 
java_command: sun.applet.AppletViewer finalProjectUCSD1.EarthquakeCityMap1500305149688.html
java_class_path (initial): /Users/sravanjr/Documents/College Classes/Eclipse Practice/UCSDUnfoldingMaps/build:/Users/sravanjr/Documents/College Classes/Eclipse Practice/UCSDUnfoldingMaps/lib/core.jar:/Users/sravanjr/Documents/College Classes/Eclipse Practice/UCSDUnfoldingMaps/lib/gluegen-rt.jar:/Users/sravanjr/Documents/College Classes/Eclipse Practice/UCSDUnfoldingMaps/lib/jogl-all.jar:/Users/sravanjr/Documents/College Classes/Eclipse Practice/UCSDUnfoldingMaps/lib/log4j-1.2.15.jar:/Users/sravanjr/Documents/College Classes/Eclipse Practice/UCSDUnfoldingMaps/lib/sqlite-jdbc-3.7.2.jar:/Users/sravanjr/Documents/College Classes/Eclipse Practice/UCSDUnfoldingMaps/lib/json4processing.jar:/Users/sravanjr/Documents/College Classes/Eclipse Practice/UCSDUnfoldingMaps/lib/libTUIO.jar:/Users/sravanjr/Documents/College Classes/Eclipse Practice/UCSDUnfoldingMaps/lib/unfolding.0.9.7-uscd.jar
Launcher Type: SUN_STANDARD

Environment Variables:
PATH=/usr/bin:/bin:/usr/sbin:/sbin
SHELL=/bin/bash

Signal Handlers:
SIGSEGV: [libjvm.dylib+0x5b1eb1], sa_mask[0]=11111111011111110111111111111111, sa_flags=SA_ONSTACK|SA_RESTART|SA_SIGINFO
SIGBUS: [libjvm.dylib+0x5b1eb1], sa_mask[0]=11111111011111110111111111111111, sa_flags=SA_RESTART|SA_SIGINFO
SIGFPE: [libjvm.dylib+0x488988], sa_mask[0]=11111111011111110111111111111111, sa_flags=SA_RESTART|SA_SIGINFO
SIGPIPE: [libjvm.dylib+0x488988], sa_mask[0]=11111111011111110111111111111111, sa_flags=SA_RESTART|SA_SIGINFO
SIGXFSZ: [libjvm.dylib+0x488988], sa_mask[0]=11111111011111110111111111111111, sa_flags=SA_RESTART|SA_SIGINFO
SIGILL: [libjvm.dylib+0x488988], sa_mask[0]=11111111011111110111111111111111, sa_flags=SA_RESTART|SA_SIGINFO
SIGUSR1: SIG_DFL, sa_mask[0]=00000000000000000000000000000000, sa_flags=none
SIGUSR2: [libjvm.dylib+0x4884a6], sa_mask[0]=00100000000000000000000000000000, sa_flags=SA_RESTART|SA_SIGINFO
SIGHUP: [libjvm.dylib+0x486a7d], sa_mask[0]=11111111011111110111111111111111, sa_flags=SA_RESTART|SA_SIGINFO
SIGINT: [libjvm.dylib+0x486a7d], sa_mask[0]=11111111011111110111111111111111, sa_flags=SA_RESTART|SA_SIGINFO
SIGTERM: [libjvm.dylib+0x486a7d], sa_mask[0]=11111111011111110111111111111111, sa_flags=SA_RESTART|SA_SIGINFO
SIGQUIT: [libjvm.dylib+0x486a7d], sa_mask[0]=11111111011111110111111111111111, sa_flags=SA_RESTART|SA_SIGINFO


---------------  S Y S T E M  ---------------

OS:Bsduname:Darwin 16.6.0 Darwin Kernel Version 16.6.0: Fri Apr 14 16:21:16 PDT 2017; root:xnu-3789.60.24~6/RELEASE_X86_64 x86_64
rlimit: STACK 8192k, CORE 0k, NPROC 709, NOFILE 10240, AS infinity
load average:1.86 2.20 2.26

CPU:total 4 (initial active 4) (2 cores per cpu, 2 threads per core) family 6 model 78 stepping 3, cmov, cx8, fxsr, mmx, sse, sse2, sse3, ssse3, sse4.1, sse4.2, popcnt, avx, avx2, aes, clmul, erms, rtm, 3dnowpref, lzcnt, ht, tsc, tscinvbit, bmi1, bmi2, adx

Memory: 4k page, physical 8388608k(213620k free)

/proc/meminfo:


vm_info: Java HotSpot(TM) 64-Bit Server VM (25.131-b11) for bsd-amd64 JRE (1.8.0_131-b11), built on Mar 15 2017 01:32:22 by "java_re" with gcc 4.2.1 (Based on Apple Inc. build 5658) (LLVM build 2336.11.00)

time: Mon Jul 17 08:26:21 2017
elapsed time: 31 seconds (0d 0h 0m 31s)

