#
# A fatal error has been detected by the Java Runtime Environment:
#
#  SIGSEGV (0xb) at pc=0x00007fffc287e05d, pid=1854, tid=0x0000000000000307
#
# JRE version: Java(TM) SE Runtime Environment (8.0_131-b11) (build 1.8.0_131-b11)
# Java VM: Java HotSpot(TM) 64-Bit Server VM (25.131-b11 mixed mode bsd-amd64 compressed oops)
# Problematic frame:
# C  [libobjc.A.dylib+0x705d]  objc_msgSend+0x1d
#
# Failed to write core dump. Core dumps have been disabled. To enable core dumping, try "ulimit -c unlimited" before starting Java again
#
# If you would like to submit a bug report, please visit:
#   http://bugreport.java.com/bugreport/crash.jsp
# The crash happened outside the Java Virtual Machine in native code.
# See problematic frame for where to report the bug.
#

---------------  T H R E A D  ---------------

Current thread (0x00007f92db914000):  JavaThread "AWT-AppKit" daemon [_thread_in_native, id=775, stack(0x00007fff54419000,0x00007fff54c19000)]

siginfo: si_signo: 11 (SIGSEGV), si_code: 1 (SEGV_MAPERR), si_addr: 0x0000000000000018

Registers:
RAX=0x00007f92dfd686a0, RBX=0x0000000193299450, RCX=0x00007f92dce00650, RDX=0x0000000000000000
RSP=0x00007fff54c14298, RBP=0x00007fff54c14350, RSI=0x00007fffac118116, RDI=0x00007f92dfd5d4e0
R8 =0x0000000000000018, R9 =0x00007f92dce000b0, R10=0x0000000000000000, R11=0x00007fffac118116
R12=0x0000000000000000, R13=0x000000019a06af60, R14=0x0000000193299440, R15=0x00007f92db914000
RIP=0x00007fffc287e05d, EFLAGS=0x0000000000010246, ERR=0x0000000000000004
  TRAPNO=0x000000000000000e

Top of Stack: (sp=0x00007fff54c14298)
0x00007fff54c14298:   0000000193297157 00007fff54c142f0
0x00007fff54c142a8:   0000000000000003 00007fff54c142d0
0x00007fff54c142b8:   000000010b2576d2 000000019a06af60
0x00007fff54c142c8:   000000019a06af60 00007f92dfd686a0
0x00007fff54c142d8:   00000001932996a0 0000000193299710
0x00007fff54c142e8:   00007fffc88e26d0 00007fffc95121e0
0x00007fff54c142f8:   0000000193299450 0000000193299690
0x00007fff54c14308:   00007f92dfd686a0 00007f92dfd5d4e0
0x00007fff54c14318:   00007f92da72f470 00007f92dfd686a0
0x00007fff54c14328:   00007f92dfd5d4e0 00007fff54c143d8
0x00007fff54c14338:   00007f92db9141f8 000000019a06af60
0x00007fff54c14348:   00007fff54c14400 00007fff54c143c8
0x00007fff54c14358:   000000010c6d39f4 000000019a06af60
0x00007fff54c14368:   00007fff54c14400 00007fff54c143c8
0x00007fff54c14378:   000000010c6d3787 000000010c6d3742
0x00007fff54c14388:   00007fff54c14388 000000019a06af60
0x00007fff54c14398:   00007fff54c14400 00000001932da9e8
0x00007fff54c143a8:   0000000000000000 000000019a06af60
0x00007fff54c143b8:   0000000000000000 00007fff54c143e8
0x00007fff54c143c8:   00007fff54c14448 000000010c6c42bd
0x00007fff54c143d8:   000000074110f698 000000010c6cd538
0x00007fff54c143e8:   00007f92dfd686a0 00007fff54c14448
0x00007fff54c143f8:   00007f92dfd5d4e0 000000010c6cee02
0x00007fff54c14408:   00007fff54c14408 000000019a06b12a
0x00007fff54c14418:   00007fff54c14470 00000001932da9e8
0x00007fff54c14428:   0000000000000000 000000019a06b138
0x00007fff54c14438:   00007fff54c143e8 00007fff54c14458
0x00007fff54c14448:   00007fff54c144b8 000000010c6c42bd
0x00007fff54c14458:   00007f92dfd686a0 0000000740c81148
0x00007fff54c14468:   00007f92dfd5d4e0 0000000740c81148
0x00007fff54c14478:   00007fff54c14478 000000019f2d9ea6
0x00007fff54c14488:   00007fff54c144c8 000000019f2d9f60 

Instructions: (pc=0x00007fffc287e05d)
0x00007fffc287e03d:   0f 1f 00 48 85 ff 2e 74 62 40 f6 c7 01 2e 75 66
0x00007fffc287e04d:   49 ba f8 ff ff ff ff 7f 00 00 4c 23 17 49 89 f3
0x00007fffc287e05d:   45 23 5a 18 49 c1 e3 04 4d 03 5a 10 49 3b 33 75
0x00007fffc287e06d:   04 41 ff 63 08 49 83 3b 01 76 0d 49 83 c3 10 49 

Register to memory mapping:

RAX=0x00007f92dfd686a0 is an unknown value
RBX=0x0000000193299450: Java_jogamp_nativewindow_macosx_OSXUtil_GetScreenRefreshRate0+0x1cf0 in /private/var/folders/lr/vg0t0wxx3tg6yq252w_p67_00000gn/T/jogamp_0000/file_cache/jln4049425563215710526/jln5428812180264048610/libnativewindow_macosx.jnilib at 0x0000000193292000
RCX=0x00007f92dce00650 is an unknown value
RDX=0x0000000000000000 is an unknown value
RSP=0x00007fff54c14298 is pointing into the stack for thread: 0x00007f92db914000
RBP=0x00007fff54c14350 is pointing into the stack for thread: 0x00007f92db914000
RSI=0x00007fffac118116: __NSStyleNameIndexTable+0x7fd5e in /System/Library/Frameworks/AppKit.framework/Versions/C/AppKit at 0x00007fffab4ab000
RDI=0x00007f92dfd5d4e0 is an unknown value
R8 =0x0000000000000018 is an unknown value
R9 =0x00007f92dce000b0 is an unknown value
R10=0x0000000000000000 is an unknown value
R11=0x00007fffac118116: __NSStyleNameIndexTable+0x7fd5e in /System/Library/Frameworks/AppKit.framework/Versions/C/AppKit at 0x00007fffab4ab000
R12=0x0000000000000000 is an unknown value
R13={method} {0x000000019a06af60} 'UnsetJAWTRootSurfaceLayer0' '(JJ)V' in 'jogamp/nativewindow/jawt/macosx/MacOSXJAWTWindow'
R14=0x0000000193299440: Java_jogamp_nativewindow_macosx_OSXUtil_GetScreenRefreshRate0+0x1ce0 in /private/var/folders/lr/vg0t0wxx3tg6yq252w_p67_00000gn/T/jogamp_0000/file_cache/jln4049425563215710526/jln5428812180264048610/libnativewindow_macosx.jnilib at 0x0000000193292000
R15=0x00007f92db914000 is a thread


Stack: [0x00007fff54419000,0x00007fff54c19000],  sp=0x00007fff54c14298,  free space=8172k
Native frames: (J=compiled Java code, j=interpreted, Vv=VM code, C=native code)
C  [libobjc.A.dylib+0x705d]  objc_msgSend+0x1d
j  jogamp.nativewindow.jawt.macosx.MacOSXJAWTWindow.UnsetJAWTRootSurfaceLayer0(JJ)V+0
j  jogamp.nativewindow.jawt.macosx.MacOSXJAWTWindow.access$200(JJ)V+2
j  jogamp.nativewindow.jawt.macosx.MacOSXJAWTWindow$1.run()V+38
J 2612 C1 com.jogamp.common.util.RunnableTask.run()V (345 bytes) @ 0x000000010cec8ff4 [0x000000010cec8e60+0x194]
v  ~StubRoutines::call_stub
V  [libjvm.dylib+0x2ee5b6]
V  [libjvm.dylib+0x325765]
V  [libjvm.dylib+0x317f33]
C  [libnativewindow_macosx.jnilib+0x5326]  Java_jogamp_nativewindow_jawt_macosx_MacOSXJAWTWindow_UnsetJAWTRootSurfaceLayer0+0x2b6
C  [Foundation+0x717ba]  __NSThreadPerformPerform+0x146
C  [CoreFoundation+0xa7321]  __CFRUNLOOP_IS_CALLING_OUT_TO_A_SOURCE0_PERFORM_FUNCTION__+0x11
C  [CoreFoundation+0x8821d]  __CFRunLoopDoSources0+0x22d
C  [CoreFoundation+0x87716]  __CFRunLoopRun+0x3a6
C  [CoreFoundation+0x87114]  CFRunLoopRunSpecific+0x1a4
C  [HIToolbox+0x30ebc]  RunCurrentEventLoopInMode+0xf0
C  [HIToolbox+0x30bf9]  ReceiveNextEventCommon+0xb8
C  [HIToolbox+0x30b26]  _BlockUntilNextEventMatchingListInModeWithFilter+0x47
C  [AppKit+0x46a54]  _DPSNextEvent+0x460
C  [AppKit+0x7c27ee]  -[NSApplication(NSEvent) _nextEventMatchingEventMask:untilDate:inMode:dequeue:]+0xaec
C  [libosxapp.dylib+0x23aa]  -[NSApplicationAWT nextEventMatchingMask:untilDate:inMode:dequeue:]+0x7c
C  [AppKit+0x3b3db]  -[NSApplication run]+0x39e
C  [libosxapp.dylib+0x214d]  +[NSApplicationAWT runAWTLoopWithApp:]+0x9c
C  [libawt_lwawt.dylib+0x45edf]  -[AWTStarter starter:]+0x389
C  [Foundation+0x717ba]  __NSThreadPerformPerform+0x146
C  [CoreFoundation+0xa7321]  __CFRUNLOOP_IS_CALLING_OUT_TO_A_SOURCE0_PERFORM_FUNCTION__+0x11
C  [CoreFoundation+0x8821d]  __CFRunLoopDoSources0+0x22d
C  [CoreFoundation+0x87716]  __CFRunLoopRun+0x3a6
C  [CoreFoundation+0x87114]  CFRunLoopRunSpecific+0x1a4
C  [java+0x6465]  CreateExecutionEnvironment+0x367
C  [java+0x218c]  JLI_Launch+0x7a0
C  [java+0x84c2]  main+0x65
C  [java+0x19e4]  start+0x34
C  0x0000000000000007

Java frames: (J=compiled Java code, j=interpreted, Vv=VM code)
j  jogamp.nativewindow.jawt.macosx.MacOSXJAWTWindow.UnsetJAWTRootSurfaceLayer0(JJ)V+0
j  jogamp.nativewindow.jawt.macosx.MacOSXJAWTWindow.access$200(JJ)V+2
j  jogamp.nativewindow.jawt.macosx.MacOSXJAWTWindow$1.run()V+38
J 2612 C1 com.jogamp.common.util.RunnableTask.run()V (345 bytes) @ 0x000000010cec8ff4 [0x000000010cec8e60+0x194]
v  ~StubRoutines::call_stub

---------------  P R O C E S S  ---------------

Java Threads: ( => current thread )
  0x00007f92e10ce800 JavaThread "Thread-19" [_thread_blocked, id=72211, stack(0x000070000b636000,0x000070000b736000)]
  0x00007f92dc42e800 JavaThread "AWT-EventQueue-1" [_thread_in_native, id=66323, stack(0x000070000b4b0000,0x000070000b5b0000)]
  0x00007f92db9f5800 JavaThread "DestroyJavaVM" [_thread_blocked, id=3587, stack(0x0000700009cdf000,0x0000700009ddf000)]
  0x00007f92db940800 JavaThread "AWT-EventQueue-0" [_thread_blocked, id=59667, stack(0x000070000b227000,0x000070000b327000)]
  0x00007f92db92b000 JavaThread "Java2D Disposer" daemon [_thread_blocked, id=56335, stack(0x000070000af9e000,0x000070000b09e000)]
  0x00007f92da941000 JavaThread "Java2D Queue Flusher" daemon [_thread_blocked, id=54279, stack(0x000070000ae9b000,0x000070000af9b000)]
  0x00007f92db91b800 JavaThread "AWT-Shutdown" [_thread_blocked, id=29471, stack(0x000070000ad15000,0x000070000ae15000)]
=>0x00007f92db914000 JavaThread "AWT-AppKit" daemon [_thread_in_native, id=775, stack(0x00007fff54419000,0x00007fff54c19000)]
  0x00007f92db05f000 JavaThread "Service Thread" daemon [_thread_blocked, id=18691, stack(0x000070000aa8c000,0x000070000ab8c000)]
  0x00007f92db808800 JavaThread "C1 CompilerThread2" daemon [_thread_blocked, id=18179, stack(0x000070000a989000,0x000070000aa89000)]
  0x00007f92dc007800 JavaThread "C2 CompilerThread1" daemon [_thread_blocked, id=17667, stack(0x000070000a886000,0x000070000a986000)]
  0x00007f92dc006000 JavaThread "C2 CompilerThread0" daemon [_thread_blocked, id=17155, stack(0x000070000a783000,0x000070000a883000)]
  0x00007f92dc002000 JavaThread "Signal Dispatcher" daemon [_thread_blocked, id=16643, stack(0x000070000a680000,0x000070000a780000)]
  0x00007f92db808000 JavaThread "Finalizer" daemon [_thread_blocked, id=12547, stack(0x000070000a57d000,0x000070000a67d000)]
  0x00007f92da816000 JavaThread "Reference Handler" daemon [_thread_blocked, id=12035, stack(0x000070000a47a000,0x000070000a57a000)]

Other Threads:
  0x00007f92da811800 VMThread [stack: 0x000070000a377000,0x000070000a477000] [id=11523]
  0x00007f92da81c800 WatcherThread [stack: 0x000070000ab8f000,0x000070000ac8f000] [id=19203]

VM state:not at safepoint (normal execution)

VM Mutex/Monitor currently owned by a thread: None

Heap:
 PSYoungGen      total 77824K, used 60059K [0x0000000795580000, 0x000000079b200000, 0x00000007c0000000)
  eden space 64000K, 93% used [0x0000000795580000,0x0000000798ffec78,0x0000000799400000)
  from space 13824K, 1% used [0x000000079a480000,0x000000079a4a8000,0x000000079b200000)
  to   space 15360K, 0% used [0x0000000799400000,0x0000000799400000,0x000000079a300000)
 ParOldGen       total 62464K, used 17550K [0x0000000740000000, 0x0000000743d00000, 0x0000000795580000)
  object space 62464K, 28% used [0x0000000740000000,0x0000000741123b20,0x0000000743d00000)
 Metaspace       used 21510K, capacity 21883K, committed 22140K, reserved 1069056K
  class space    used 2106K, capacity 2216K, committed 2304K, reserved 1048576K

Card table byte_map: [0x000000011c000000,0x000000011c401000] byte_map_base: 0x0000000118600000

Marking Bits: (ParMarkBitMap*) 0x000000010b955ea0
 Begin Bits: [0x000000011c6ac000, 0x000000011e6ac000)
 End Bits:   [0x000000011e6ac000, 0x00000001206ac000)

Polling page: 0x000000010c04a000

CodeCache: size=245760Kb used=9637Kb max_used=9650Kb free=236122Kb
 bounds [0x000000010c6bc000, 0x000000010d03c000, 0x000000011b6bc000]
 total_blobs=3675 nmethods=2761 adapters=827
 compilation: enabled

Compilation events (10 events):
Event: 20.618 Thread 0x00007f92dc006000 2989       4       sun.font.SunFontManager::getInstance (9 bytes)
Event: 20.621 Thread 0x00007f92db808800 nmethod 2987 0x000000010cbce750 code [0x000000010cbcea00, 0x000000010cbcfd58]
Event: 20.622 Thread 0x00007f92dc007800 nmethod 2986 0x000000010cbc7d50 code [0x000000010cbc7ec0, 0x000000010cbc8218]
Event: 20.622 Thread 0x00007f92dc006000 nmethod 2989 0x000000010cbc8490 code [0x000000010cbc8600, 0x000000010cbc8878]
Event: 20.622 Thread 0x00007f92db808800 2988   !   3       sun.font.FontDesignMetrics::getMetrics (265 bytes)
Event: 20.625 Thread 0x00007f92db808800 nmethod 2988 0x000000010cbca610 code [0x000000010cbcaa20, 0x000000010cbcd358]
Event: 20.655 Thread 0x00007f92db808800 2991       3       java.util.HashSet::<init> (16 bytes)
Event: 20.655 Thread 0x00007f92db808800 nmethod 2991 0x000000010cbc9e90 code [0x000000010cbca020, 0x000000010cbca430]
Event: 20.668 Thread 0x00007f92dc007800 2992  s!   4       sun.misc.URLClassPath::getLoader (243 bytes)
Event: 20.669 Thread 0x00007f92dc006000 2993  s    4       sun.misc.URLClassPath::getNextLoader (88 bytes)

GC Heap History (10 events):
Event: 4.472 GC heap before
{Heap before GC invocations=3 (full 0):
 PSYoungGen      total 38400K, used 38246K [0x0000000795580000, 0x0000000798000000, 0x00000007c0000000)
  eden space 33280K, 99% used [0x0000000795580000,0x00000007975dd628,0x0000000797600000)
  from space 5120K, 99% used [0x0000000797b00000,0x0000000797ffc530,0x0000000798000000)
  to   space 5120K, 0% used [0x0000000797600000,0x0000000797600000,0x0000000797b00000)
 ParOldGen       total 87552K, used 4839K [0x0000000740000000, 0x0000000745580000, 0x0000000795580000)
  object space 87552K, 5% used [0x0000000740000000,0x00000007404b9f68,0x0000000745580000)
 Metaspace       used 20696K, capacity 21019K, committed 21248K, reserved 1069056K
  class space    used 2097K, capacity 2184K, committed 2304K, reserved 1048576K
Event: 4.483 GC heap after
Heap after GC invocations=3 (full 0):
 PSYoungGen      total 38400K, used 5105K [0x0000000795580000, 0x0000000798000000, 0x00000007c0000000)
  eden space 33280K, 0% used [0x0000000795580000,0x0000000795580000,0x0000000797600000)
  from space 5120K, 99% used [0x0000000797600000,0x0000000797afc540,0x0000000797b00000)
  to   space 5120K, 0% used [0x0000000797b00000,0x0000000797b00000,0x0000000798000000)
 ParOldGen       total 87552K, used 12434K [0x0000000740000000, 0x0000000745580000, 0x0000000795580000)
  object space 87552K, 14% used [0x0000000740000000,0x0000000740c249d0,0x0000000745580000)
 Metaspace       used 20696K, capacity 21019K, committed 21248K, reserved 1069056K
  class space    used 2097K, capacity 2184K, committed 2304K, reserved 1048576K
}
Event: 4.496 GC heap before
{Heap before GC invocations=4 (full 0):
 PSYoungGen      total 38400K, used 6998K [0x0000000795580000, 0x0000000798000000, 0x00000007c0000000)
  eden space 33280K, 5% used [0x0000000795580000,0x0000000795759418,0x0000000797600000)
  from space 5120K, 99% used [0x0000000797600000,0x0000000797afc540,0x0000000797b00000)
  to   space 5120K, 0% used [0x0000000797b00000,0x0000000797b00000,0x0000000798000000)
 ParOldGen       total 87552K, used 12434K [0x0000000740000000, 0x0000000745580000, 0x0000000795580000)
  object space 87552K, 14% used [0x0000000740000000,0x0000000740c249d0,0x0000000745580000)
 Metaspace       used 20701K, capacity 21083K, committed 21504K, reserved 1069056K
  class space    used 2097K, capacity 2184K, committed 2304K, reserved 1048576K
Event: 4.503 GC heap after
Heap after GC invocations=4 (full 0):
 PSYoungGen      total 38400K, used 5089K [0x0000000795580000, 0x000000079a080000, 0x00000007c0000000)
  eden space 33280K, 0% used [0x0000000795580000,0x0000000795580000,0x0000000797600000)
  from space 5120K, 99% used [0x0000000797b00000,0x0000000797ff8550,0x0000000798000000)
  to   space 5120K, 0% used [0x0000000797600000,0x0000000797600000,0x0000000797b00000)
 ParOldGen       total 87552K, used 13058K [0x0000000740000000, 0x0000000745580000, 0x0000000795580000)
  object space 87552K, 14% used [0x0000000740000000,0x0000000740cc0a30,0x0000000745580000)
 Metaspace       used 20701K, capacity 21083K, committed 21504K, reserved 1069056K
  class space    used 2097K, capacity 2184K, committed 2304K, reserved 1048576K
}
Event: 6.251 GC heap before
{Heap before GC invocations=5 (full 0):
 PSYoungGen      total 38400K, used 24873K [0x0000000795580000, 0x000000079a080000, 0x00000007c0000000)
  eden space 33280K, 59% used [0x0000000795580000,0x00000007968d1fb0,0x0000000797600000)
  from space 5120K, 99% used [0x0000000797b00000,0x0000000797ff8550,0x0000000798000000)
  to   space 5120K, 0% used [0x0000000797600000,0x0000000797600000,0x0000000797b00000)
 ParOldGen       total 87552K, used 13058K [0x0000000740000000, 0x0000000745580000, 0x0000000795580000)
  object space 87552K, 14% used [0x0000000740000000,0x0000000740cc0a30,0x0000000745580000)
 Metaspace       used 21024K, capacity 21339K, committed 21628K, reserved 1069056K
  class space    used 2098K, capacity 2184K, committed 2304K, reserved 1048576K
Event: 6.257 GC heap after
Heap after GC invocations=5 (full 0):
 PSYoungGen      total 38400K, used 5105K [0x0000000795580000, 0x000000079b280000, 0x00000007c0000000)
  eden space 33280K, 0% used [0x0000000795580000,0x0000000795580000,0x0000000797600000)
  from space 5120K, 99% used [0x0000000797600000,0x0000000797afc560,0x0000000797b00000)
  to   space 14336K, 0% used [0x000000079a480000,0x000000079a480000,0x000000079b280000)
 ParOldGen       total 87552K, used 14480K [0x0000000740000000, 0x0000000745580000, 0x0000000795580000)
  object space 87552K, 16% used [0x0000000740000000,0x0000000740e24148,0x0000000745580000)
 Metaspace       used 21024K, capacity 21339K, committed 21628K, reserved 1069056K
  class space    used 2098K, capacity 2184K, committed 2304K, reserved 1048576K
}
Event: 6.257 GC heap before
{Heap before GC invocations=6 (full 1):
 PSYoungGen      total 38400K, used 5105K [0x0000000795580000, 0x000000079b280000, 0x00000007c0000000)
  eden space 33280K, 0% used [0x0000000795580000,0x0000000795580000,0x0000000797600000)
  from space 5120K, 99% used [0x0000000797600000,0x0000000797afc560,0x0000000797b00000)
  to   space 14336K, 0% used [0x000000079a480000,0x000000079a480000,0x000000079b280000)
 ParOldGen       total 87552K, used 14480K [0x0000000740000000, 0x0000000745580000, 0x0000000795580000)
  object space 87552K, 16% used [0x0000000740000000,0x0000000740e24148,0x0000000745580000)
 Metaspace       used 21024K, capacity 21339K, committed 21628K, reserved 1069056K
  class space    used 2098K, capacity 2184K, committed 2304K, reserved 1048576K
Event: 6.289 GC heap after
Heap after GC invocations=6 (full 1):
 PSYoungGen      total 38400K, used 0K [0x0000000795580000, 0x000000079b280000, 0x00000007c0000000)
  eden space 33280K, 0% used [0x0000000795580000,0x0000000795580000,0x0000000797600000)
  from space 5120K, 0% used [0x0000000797600000,0x0000000797600000,0x0000000797b00000)
  to   space 14336K, 0% used [0x000000079a480000,0x000000079a480000,0x000000079b280000)
 ParOldGen       total 62464K, used 17542K [0x0000000740000000, 0x0000000743d00000, 0x0000000795580000)
  object space 62464K, 28% used [0x0000000740000000,0x0000000741121b20,0x0000000743d00000)
 Metaspace       used 21024K, capacity 21339K, committed 21628K, reserved 1069056K
  class space    used 2098K, capacity 2184K, committed 2304K, reserved 1048576K
}
Event: 11.457 GC heap before
{Heap before GC invocations=7 (full 1):
 PSYoungGen      total 38400K, used 33280K [0x0000000795580000, 0x000000079b280000, 0x00000007c0000000)
  eden space 33280K, 100% used [0x0000000795580000,0x0000000797600000,0x0000000797600000)
  from space 5120K, 0% used [0x0000000797600000,0x0000000797600000,0x0000000797b00000)
  to   space 14336K, 0% used [0x000000079a480000,0x000000079a480000,0x000000079b280000)
 ParOldGen       total 62464K, used 17542K [0x0000000740000000, 0x0000000743d00000, 0x0000000795580000)
  object space 62464K, 28% used [0x0000000740000000,0x0000000741121b20,0x0000000743d00000)
 Metaspace       used 21401K, capacity 21723K, committed 22140K, reserved 1069056K
  class space    used 2098K, capacity 2184K, committed 2304K, reserved 1048576K
Event: 11.459 GC heap after
Heap after GC invocations=7 (full 1):
 PSYoungGen      total 77824K, used 160K [0x0000000795580000, 0x000000079b200000, 0x00000007c0000000)
  eden space 64000K, 0% used [0x0000000795580000,0x0000000795580000,0x0000000799400000)
  from space 13824K, 1% used [0x000000079a480000,0x000000079a4a8000,0x000000079b200000)
  to   space 15360K, 0% used [0x0000000799400000,0x0000000799400000,0x000000079a300000)
 ParOldGen       total 62464K, used 17550K [0x0000000740000000, 0x0000000743d00000, 0x0000000795580000)
  object space 62464K, 28% used [0x0000000740000000,0x0000000741123b20,0x0000000743d00000)
 Metaspace       used 21401K, capacity 21723K, committed 22140K, reserved 1069056K
  class space    used 2098K, capacity 2184K, committed 2304K, reserved 1048576K
}

Deoptimization events (10 events):
Event: 5.288 Thread 0x00007f92dc42e800 Uncommon trap: reason=unstable_if action=reinterpret pc=0x000000010cd93104 method=module6.CommonMarker.draw(Lprocessing/core/PGraphics;FF)V @ 18
Event: 5.288 Thread 0x00007f92dc42e800 Uncommon trap: reason=unstable_if action=reinterpret pc=0x000000010caef9f8 method=java.awt.font.FontRenderContext.equals(Ljava/awt/font/FontRenderContext;)Z @ 2
Event: 5.295 Thread 0x00007f92dc42e800 Uncommon trap: reason=unstable_if action=reinterpret pc=0x000000010cdb7c68 method=processing.core.PFont.indexActual(C)I @ 4
Event: 5.805 Thread 0x00007f92dc42e800 Uncommon trap: reason=unstable_if action=reinterpret pc=0x000000010cc67b94 method=de.fhpotsdam.unfolding.mapdisplay.Java2DMapDisplay.getTransformedPosition(FFZ)[F @ 1
Event: 20.608 Thread 0x00007f92dc42e800 Uncommon trap: reason=unstable_if action=reinterpret pc=0x000000010cdbd0e8 method=com.jogamp.common.util.VersionNumber.compareTo(Lcom/jogamp/common/util/VersionNumber;)I @ 21
Event: 20.609 Thread 0x00007f92dc42e800 Uncommon trap: reason=unstable_if action=reinterpret pc=0x000000010d00cf30 method=java.awt.EventQueue.getPriority(Ljava/awt/AWTEvent;)I @ 22
Event: 20.611 Thread 0x00007f92db940800 Uncommon trap: reason=unstable_if action=reinterpret pc=0x000000010cdb8a18 method=java.awt.font.FontRenderContext.equals(Ljava/awt/font/FontRenderContext;)Z @ 2
Event: 20.654 Thread 0x00007f92da9c6800 Uncommon trap: reason=unstable_if action=reinterpret pc=0x000000010cc165a8 method=java.util.HashMap.putVal(ILjava/lang/Object;Ljava/lang/Object;ZZ)Ljava/lang/Object; @ 81
Event: 20.654 Thread 0x00007f92da9c6800 Uncommon trap: reason=unstable_if action=reinterpret pc=0x000000010cbf0d7c method=java.util.HashMap.putVal(ILjava/lang/Object;Ljava/lang/Object;ZZ)Ljava/lang/Object; @ 81
Event: 20.671 Thread 0x00007f92dc42e800 Uncommon trap: reason=unstable_if action=reinterpret pc=0x000000010ce4468c method=java.security.AccessControlContext.optimize()Ljava/security/AccessControlContext; @ 233

Internal exceptions (10 events):
Event: 0.162 Thread 0x00007f92da808800 Exception <a 'java/lang/NoSuchFieldError': method resolution failed> (0x0000000795794d60) thrown at [/Users/java_re/workspace/8-2-build-macosx-x86_64/jdk8u131/8869/hotspot/src/share/vm/prims/methodHandles.cpp, line 1146]
Event: 0.302 Thread 0x00007f92da808800 Exception <a 'java/io/FileNotFoundException'> (0x0000000795810258) thrown at [/Users/java_re/workspace/8-2-build-macosx-x86_64/jdk8u131/8869/hotspot/src/share/vm/prims/jni.cpp, line 709]
Event: 0.303 Thread 0x00007f92da808800 Exception <a 'java/io/FileNotFoundException'> (0x0000000795810dd8) thrown at [/Users/java_re/workspace/8-2-build-macosx-x86_64/jdk8u131/8869/hotspot/src/share/vm/prims/jni.cpp, line 709]
Event: 0.472 Thread 0x00007f92da808800 Exception <a 'java/io/FileNotFoundException'> (0x0000000795954940) thrown at [/Users/java_re/workspace/8-2-build-macosx-x86_64/jdk8u131/8869/hotspot/src/share/vm/prims/jni.cpp, line 709]
Event: 2.564 Thread 0x00007f92daa32000 Exception <a 'java/lang/UnsatisfiedLinkError': com.jogamp.common.util.JarUtil.fixNativeLibAttribs(Ljava/lang/String;)Z> (0x0000000796d4f480) thrown at [/Users/java_re/workspace/8-2-build-macosx-x86_64/jdk8u131/8869/hotspot/src/share/vm/prims/nativeLookup.
Event: 2.791 Thread 0x00007f92db808000 Exception <a 'java/lang/NullPointerException'> (0x00000007956a38c0) thrown at [/Users/java_re/workspace/8-2-build-macosx-x86_64/jdk8u131/8869/hotspot/src/share/vm/interpreter/linkResolver.cpp, line 1197]
Event: 3.561 Thread 0x00007f92dc42e800 Exception <a 'java/io/FileNotFoundException'> (0x0000000796187ec8) thrown at [/Users/java_re/workspace/8-2-build-macosx-x86_64/jdk8u131/8869/hotspot/src/share/vm/prims/jni.cpp, line 709]
Event: 3.562 Thread 0x00007f92dc42e800 Exception <a 'java/io/FileNotFoundException'> (0x0000000796190cb0) thrown at [/Users/java_re/workspace/8-2-build-macosx-x86_64/jdk8u131/8869/hotspot/src/share/vm/prims/jni.cpp, line 709]
Event: 3.562 Thread 0x00007f92dc42e800 Implicit null exception at 0x000000010c8a42f4 to 0x000000010c8a46ed
Event: 3.990 Thread 0x00007f92dc42e800 Implicit null exception at 0x000000010cac80c6 to 0x000000010cac830d

Events (10 events):
Event: 20.671 Thread 0x00007f92dc42e800 DEOPT PACKING pc=0x000000010ce4468c sp=0x000070000b5ad8b0
Event: 20.671 Thread 0x00007f92dc42e800 DEOPT UNPACKING pc=0x000000010c6c1229 sp=0x000070000b5ad880 mode 2
Event: 20.671 loading class java/awt/LightweightDispatcher$2
Event: 20.671 loading class java/awt/LightweightDispatcher$2 done
Event: 20.671 loading class java/awt/event/AWTEventListenerProxy
Event: 20.671 loading class java/awt/event/AWTEventListenerProxy done
Event: 20.671 Executing VM operation: Deoptimize
Event: 20.672 Executing VM operation: Deoptimize done
Event: 20.672 loading class java/awt/Toolkit$ToolkitEventMulticaster
Event: 20.672 loading class java/awt/Toolkit$ToolkitEventMulticaster done


Dynamic libraries:
0x00000000385fa000 	/System/Library/Frameworks/Cocoa.framework/Versions/A/Cocoa
0x00000000385fa000 	/System/Library/Frameworks/Security.framework/Versions/A/Security
0x00000000385fa000 	/System/Library/Frameworks/ApplicationServices.framework/Versions/A/ApplicationServices
0x00000000385fa000 	/usr/lib/libz.1.dylib
0x00000000385fa000 	/usr/lib/libSystem.B.dylib
0x00000000385fa000 	/usr/lib/libobjc.A.dylib
0x00000000385fa000 	/System/Library/Frameworks/CoreFoundation.framework/Versions/A/CoreFoundation
0x00000000385fa000 	/System/Library/Frameworks/Foundation.framework/Versions/C/Foundation
0x00000000385fa000 	/System/Library/Frameworks/AppKit.framework/Versions/C/AppKit
0x00000000385fa000 	/System/Library/Frameworks/CoreData.framework/Versions/A/CoreData
0x00000000385fa000 	/System/Library/PrivateFrameworks/RemoteViewServices.framework/Versions/A/RemoteViewServices
0x00000000385fa000 	/System/Library/PrivateFrameworks/UIFoundation.framework/Versions/A/UIFoundation
0x00000000385fa000 	/System/Library/PrivateFrameworks/DFRFoundation.framework/Versions/A/DFRFoundation
0x00000000385fa000 	/usr/lib/libenergytrace.dylib
0x00000000385fa000 	/System/Library/PrivateFrameworks/SkyLight.framework/Versions/A/SkyLight
0x00000000385fa000 	/System/Library/Frameworks/CoreGraphics.framework/Versions/A/CoreGraphics
0x00000000385fa000 	/usr/lib/libScreenReader.dylib
0x00000000385fa000 	/System/Library/Frameworks/Accelerate.framework/Versions/A/Accelerate
0x00000000385fa000 	/System/Library/Frameworks/IOSurface.framework/Versions/A/IOSurface
0x00000000385fa000 	/System/Library/Frameworks/AudioToolbox.framework/Versions/A/AudioToolbox
0x00000000385fa000 	/System/Library/Frameworks/AudioUnit.framework/Versions/A/AudioUnit
0x00000000385fa000 	/System/Library/PrivateFrameworks/DataDetectorsCore.framework/Versions/A/DataDetectorsCore
0x00000000385fa000 	/System/Library/PrivateFrameworks/DesktopServicesPriv.framework/Versions/A/DesktopServicesPriv
0x00000000385fa000 	/System/Library/Frameworks/Carbon.framework/Versions/A/Frameworks/HIToolbox.framework/Versions/A/HIToolbox
0x00000000385fa000 	/usr/lib/libicucore.A.dylib
0x00000000385fa000 	/System/Library/Frameworks/QuartzCore.framework/Versions/A/QuartzCore
0x00000000385fa000 	/System/Library/Frameworks/Carbon.framework/Versions/A/Frameworks/SpeechRecognition.framework/Versions/A/SpeechRecognition
0x00000000385fa000 	/usr/lib/libauto.dylib
0x00000000385fa000 	/usr/lib/libxml2.2.dylib
0x00000000385fa000 	/System/Library/PrivateFrameworks/CoreUI.framework/Versions/A/CoreUI
0x00000000385fa000 	/System/Library/Frameworks/CoreAudio.framework/Versions/A/CoreAudio
0x00000000385fa000 	/System/Library/Frameworks/DiskArbitration.framework/Versions/A/DiskArbitration
0x00000000385fa000 	/usr/lib/liblangid.dylib
0x00000000385fa000 	/System/Library/PrivateFrameworks/MultitouchSupport.framework/Versions/A/MultitouchSupport
0x00000000385fa000 	/System/Library/Frameworks/IOKit.framework/Versions/A/IOKit
0x00000000385fa000 	/usr/lib/libDiagnosticMessagesClient.dylib
0x00000000385fa000 	/System/Library/Frameworks/CoreServices.framework/Versions/A/CoreServices
0x00000000385fa000 	/System/Library/PrivateFrameworks/PerformanceAnalysis.framework/Versions/A/PerformanceAnalysis
0x00000000385fa000 	/System/Library/PrivateFrameworks/GenerationalStorage.framework/Versions/A/GenerationalStorage
0x00000000385fa000 	/System/Library/Frameworks/OpenGL.framework/Versions/A/OpenGL
0x00000000385fa000 	/System/Library/Frameworks/CoreImage.framework/Versions/A/CoreImage
0x00000000385fa000 	/System/Library/Frameworks/CoreText.framework/Versions/A/CoreText
0x00000000385fa000 	/System/Library/Frameworks/ImageIO.framework/Versions/A/ImageIO
0x00000000385fa000 	/System/Library/PrivateFrameworks/Backup.framework/Versions/A/Backup
0x00000000385fa000 	/usr/lib/libarchive.2.dylib
0x00000000385fa000 	/System/Library/Frameworks/CFNetwork.framework/Versions/A/CFNetwork
0x00000000385fa000 	/System/Library/Frameworks/SystemConfiguration.framework/Versions/A/SystemConfiguration
0x00000000385fa000 	/usr/lib/libCRFSuite.dylib
0x00000000385fa000 	/usr/lib/libc++.1.dylib
0x00000000385fa000 	/usr/lib/libc++abi.dylib
0x00000000385fa000 	/usr/lib/system/libcache.dylib
0x00000000385fa000 	/usr/lib/system/libcommonCrypto.dylib
0x00000000385fa000 	/usr/lib/system/libcompiler_rt.dylib
0x00000000385fa000 	/usr/lib/system/libcopyfile.dylib
0x00000000385fa000 	/usr/lib/system/libcorecrypto.dylib
0x00000000385fa000 	/usr/lib/system/libdispatch.dylib
0x00000000385fa000 	/usr/lib/system/libdyld.dylib
0x00000000385fa000 	/usr/lib/system/libkeymgr.dylib
0x00000000385fa000 	/usr/lib/system/liblaunch.dylib
0x00000000385fa000 	/usr/lib/system/libmacho.dylib
0x00000000385fa000 	/usr/lib/system/libquarantine.dylib
0x00000000385fa000 	/usr/lib/system/libremovefile.dylib
0x00000000385fa000 	/usr/lib/system/libsystem_asl.dylib
0x00000000385fa000 	/usr/lib/system/libsystem_blocks.dylib
0x00000000385fa000 	/usr/lib/system/libsystem_c.dylib
0x00000000385fa000 	/usr/lib/system/libsystem_configuration.dylib
0x00000000385fa000 	/usr/lib/system/libsystem_coreservices.dylib
0x00000000385fa000 	/usr/lib/system/libsystem_coretls.dylib
0x00000000385fa000 	/usr/lib/system/libsystem_dnssd.dylib
0x00000000385fa000 	/usr/lib/system/libsystem_info.dylib
0x00000000385fa000 	/usr/lib/system/libsystem_kernel.dylib
0x00000000385fa000 	/usr/lib/system/libsystem_m.dylib
0x00000000385fa000 	/usr/lib/system/libsystem_malloc.dylib
0x00000000385fa000 	/usr/lib/system/libsystem_network.dylib
0x00000000385fa000 	/usr/lib/system/libsystem_networkextension.dylib
0x00000000385fa000 	/usr/lib/system/libsystem_notify.dylib
0x00000000385fa000 	/usr/lib/system/libsystem_platform.dylib
0x00000000385fa000 	/usr/lib/system/libsystem_pthread.dylib
0x00000000385fa000 	/usr/lib/system/libsystem_sandbox.dylib
0x00000000385fa000 	/usr/lib/system/libsystem_secinit.dylib
0x00000000385fa000 	/usr/lib/system/libsystem_symptoms.dylib
0x00000000385fa000 	/usr/lib/system/libsystem_trace.dylib
0x00000000385fa000 	/usr/lib/system/libunwind.dylib
0x00000000385fa000 	/usr/lib/system/libxpc.dylib
0x00000000385fa000 	/usr/lib/libbsm.0.dylib
0x00000000385fa000 	/usr/lib/system/libkxld.dylib
0x00000000385fa000 	/usr/lib/libcoretls.dylib
0x00000000385fa000 	/usr/lib/libcoretls_cfhelpers.dylib
0x00000000385fa000 	/usr/lib/libOpenScriptingUtil.dylib
0x00000000385fa000 	/usr/lib/libpam.2.dylib
0x00000000385fa000 	/usr/lib/libsqlite3.dylib
0x00000000385fa000 	/usr/lib/libxar.1.dylib
0x00000000385fa000 	/usr/lib/libbz2.1.0.dylib
0x00000000385fa000 	/usr/lib/liblzma.5.dylib
0x00000000385fa000 	/usr/lib/libnetwork.dylib
0x00000000385fa000 	/usr/lib/libpcap.A.dylib
0x00000000385fa000 	/System/Library/Frameworks/CoreServices.framework/Versions/A/Frameworks/FSEvents.framework/Versions/A/FSEvents
0x00000000385fa000 	/System/Library/Frameworks/CoreServices.framework/Versions/A/Frameworks/CarbonCore.framework/Versions/A/CarbonCore
0x00000000385fa000 	/System/Library/Frameworks/CoreServices.framework/Versions/A/Frameworks/Metadata.framework/Versions/A/Metadata
0x00000000385fa000 	/System/Library/Frameworks/CoreServices.framework/Versions/A/Frameworks/OSServices.framework/Versions/A/OSServices
0x00000000385fa000 	/System/Library/Frameworks/CoreServices.framework/Versions/A/Frameworks/SearchKit.framework/Versions/A/SearchKit
0x00000000385fa000 	/System/Library/Frameworks/CoreServices.framework/Versions/A/Frameworks/AE.framework/Versions/A/AE
0x00000000385fa000 	/System/Library/Frameworks/CoreServices.framework/Versions/A/Frameworks/LaunchServices.framework/Versions/A/LaunchServices
0x00000000385fa000 	/System/Library/Frameworks/CoreServices.framework/Versions/A/Frameworks/DictionaryServices.framework/Versions/A/DictionaryServices
0x00000000385fa000 	/System/Library/Frameworks/CoreServices.framework/Versions/A/Frameworks/SharedFileList.framework/Versions/A/SharedFileList
0x00000000385fa000 	/System/Library/Frameworks/NetFS.framework/Versions/A/NetFS
0x00000000385fa000 	/System/Library/PrivateFrameworks/NetAuth.framework/Versions/A/NetAuth
0x00000000385fa000 	/System/Library/PrivateFrameworks/login.framework/Versions/A/Frameworks/loginsupport.framework/Versions/A/loginsupport
0x00000000385fa000 	/System/Library/PrivateFrameworks/TCC.framework/Versions/A/TCC
0x00000000385fa000 	/usr/lib/libmecabra.dylib
0x00000000385fa000 	/System/Library/Frameworks/ApplicationServices.framework/Versions/A/Frameworks/ATS.framework/Versions/A/ATS
0x00000000385fa000 	/System/Library/Frameworks/ApplicationServices.framework/Versions/A/Frameworks/ColorSync.framework/Versions/A/ColorSync
0x00000000385fa000 	/System/Library/Frameworks/ApplicationServices.framework/Versions/A/Frameworks/HIServices.framework/Versions/A/HIServices
0x00000000385fa000 	/System/Library/Frameworks/ApplicationServices.framework/Versions/A/Frameworks/LangAnalysis.framework/Versions/A/LangAnalysis
0x00000000385fa000 	/System/Library/Frameworks/ApplicationServices.framework/Versions/A/Frameworks/PrintCore.framework/Versions/A/PrintCore
0x00000000385fa000 	/System/Library/Frameworks/ApplicationServices.framework/Versions/A/Frameworks/QD.framework/Versions/A/QD
0x00000000385fa000 	/System/Library/Frameworks/ApplicationServices.framework/Versions/A/Frameworks/SpeechSynthesis.framework/Versions/A/SpeechSynthesis
0x00000000385fa000 	/System/Library/Frameworks/Accelerate.framework/Versions/A/Frameworks/vImage.framework/Versions/A/vImage
0x00000000385fa000 	/System/Library/Frameworks/Accelerate.framework/Versions/A/Frameworks/vecLib.framework/Versions/A/vecLib
0x00000000385fa000 	/System/Library/Frameworks/Accelerate.framework/Versions/A/Frameworks/vecLib.framework/Versions/A/libvDSP.dylib
0x00000000385fa000 	/System/Library/Frameworks/Accelerate.framework/Versions/A/Frameworks/vecLib.framework/Versions/A/libBNNS.dylib
0x00000000385fa000 	/System/Library/Frameworks/Accelerate.framework/Versions/A/Frameworks/vecLib.framework/Versions/A/libQuadrature.dylib
0x00000000385fa000 	/System/Library/Frameworks/Accelerate.framework/Versions/A/Frameworks/vecLib.framework/Versions/A/libvMisc.dylib
0x00000000385fa000 	/System/Library/Frameworks/Accelerate.framework/Versions/A/Frameworks/vecLib.framework/Versions/A/libLAPACK.dylib
0x00000000385fa000 	/System/Library/Frameworks/Accelerate.framework/Versions/A/Frameworks/vecLib.framework/Versions/A/libBLAS.dylib
0x00000000385fa000 	/System/Library/Frameworks/Accelerate.framework/Versions/A/Frameworks/vecLib.framework/Versions/A/libLinearAlgebra.dylib
0x00000000385fa000 	/System/Library/Frameworks/Accelerate.framework/Versions/A/Frameworks/vecLib.framework/Versions/A/libSparseBLAS.dylib
0x00000000385fa000 	/System/Library/Frameworks/ApplicationServices.framework/Versions/A/Frameworks/ATS.framework/Versions/A/Resources/libFontParser.dylib
0x00000000385fa000 	/System/Library/Frameworks/ApplicationServices.framework/Versions/A/Frameworks/ATS.framework/Versions/A/Resources/libFontRegistry.dylib
0x00000000385fa000 	/System/Library/Frameworks/ImageIO.framework/Versions/A/Resources/libJPEG.dylib
0x00000000385fa000 	/System/Library/Frameworks/ImageIO.framework/Versions/A/Resources/libTIFF.dylib
0x00000000385fa000 	/System/Library/Frameworks/ImageIO.framework/Versions/A/Resources/libPng.dylib
0x00000000385fa000 	/System/Library/Frameworks/ImageIO.framework/Versions/A/Resources/libGIF.dylib
0x00000000385fa000 	/System/Library/Frameworks/ImageIO.framework/Versions/A/Resources/libJP2.dylib
0x00000000385fa000 	/System/Library/Frameworks/ImageIO.framework/Versions/A/Resources/libRadiance.dylib
0x00000000385fa000 	/usr/lib/libcompression.dylib
0x00000000385fa000 	/System/Library/PrivateFrameworks/AppleJPEG.framework/Versions/A/AppleJPEG
0x00000000385fa000 	/usr/lib/libcups.2.dylib
0x00000000385fa000 	/System/Library/Frameworks/Kerberos.framework/Versions/A/Kerberos
0x00000000385fa000 	/System/Library/Frameworks/GSS.framework/Versions/A/GSS
0x00000000385fa000 	/usr/lib/libresolv.9.dylib
0x00000000385fa000 	/usr/lib/libiconv.2.dylib
0x00000000385fa000 	/System/Library/PrivateFrameworks/Heimdal.framework/Versions/A/Heimdal
0x00000000385fa000 	/usr/lib/libheimdal-asn1.dylib
0x00000000385fa000 	/System/Library/Frameworks/OpenDirectory.framework/Versions/A/OpenDirectory
0x00000000385fa000 	/System/Library/PrivateFrameworks/CommonAuth.framework/Versions/A/CommonAuth
0x00000000385fa000 	/System/Library/Frameworks/OpenDirectory.framework/Versions/A/Frameworks/CFOpenDirectory.framework/Versions/A/CFOpenDirectory
0x00000000385fa000 	/System/Library/Frameworks/SecurityFoundation.framework/Versions/A/SecurityFoundation
0x00000000385fa000 	/System/Library/PrivateFrameworks/LanguageModeling.framework/Versions/A/LanguageModeling
0x00000000385fa000 	/usr/lib/libmarisa.dylib
0x00000000385fa000 	/usr/lib/libChineseTokenizer.dylib
0x00000000385fa000 	/usr/lib/libcmph.dylib
0x00000000385fa000 	/System/Library/PrivateFrameworks/CoreEmoji.framework/Versions/A/CoreEmoji
0x00000000385fa000 	/System/Library/Frameworks/ServiceManagement.framework/Versions/A/ServiceManagement
0x00000000385fa000 	/usr/lib/libxslt.1.dylib
0x00000000385fa000 	/System/Library/Frameworks/Carbon.framework/Versions/A/Frameworks/Ink.framework/Versions/A/Ink
0x00000000385fa000 	/System/Library/PrivateFrameworks/TextureIO.framework/Versions/A/TextureIO
0x00000000385fa000 	/System/Library/Frameworks/Metal.framework/Versions/A/Metal
0x00000000385fa000 	/usr/lib/libate.dylib
0x00000000385fa000 	/System/Library/PrivateFrameworks/GPUCompiler.framework/libmetal_timestamp.dylib
0x00000000385fa000 	/System/Library/Frameworks/OpenGL.framework/Versions/A/Libraries/libCoreFSCache.dylib
0x00000000385fa000 	/System/Library/PrivateFrameworks/IOAccelerator.framework/Versions/A/IOAccelerator
0x00000000385fa000 	/System/Library/Frameworks/CoreVideo.framework/Versions/A/CoreVideo
0x00000000385fa000 	/usr/lib/libFosl_dynamic.dylib
0x00000000385fa000 	/System/Library/PrivateFrameworks/MetalPerformanceShaders.framework/Versions/A/MetalPerformanceShaders
0x00000000385fa000 	/System/Library/PrivateFrameworks/FaceCore.framework/Versions/A/FaceCore
0x00000000385fa000 	/System/Library/Frameworks/OpenCL.framework/Versions/A/OpenCL
0x00000000385fa000 	/System/Library/Frameworks/OpenGL.framework/Versions/A/Libraries/libGLU.dylib
0x00000000385fa000 	/System/Library/Frameworks/OpenGL.framework/Versions/A/Libraries/libGFXShared.dylib
0x00000000385fa000 	/System/Library/Frameworks/OpenGL.framework/Versions/A/Libraries/libGL.dylib
0x00000000385fa000 	/System/Library/Frameworks/OpenGL.framework/Versions/A/Libraries/libGLImage.dylib
0x00000000385fa000 	/System/Library/Frameworks/OpenGL.framework/Versions/A/Libraries/libCVMSPluginSupport.dylib
0x00000000385fa000 	/System/Library/Frameworks/OpenGL.framework/Versions/A/Libraries/libCoreVMClient.dylib
0x00000000385fa000 	/System/Library/PrivateFrameworks/CrashReporterSupport.framework/Versions/A/CrashReporterSupport
0x00000000385fa000 	/System/Library/PrivateFrameworks/Sharing.framework/Versions/A/Sharing
0x00000000385fa000 	/System/Library/PrivateFrameworks/IconServices.framework/Versions/A/IconServices
0x00000000385fa000 	/System/Library/PrivateFrameworks/ProtocolBuffer.framework/Versions/A/ProtocolBuffer
0x00000000385fa000 	/System/Library/PrivateFrameworks/Apple80211.framework/Versions/A/Apple80211
0x00000000385fa000 	/System/Library/Frameworks/CoreWLAN.framework/Versions/A/CoreWLAN
0x00000000385fa000 	/System/Library/PrivateFrameworks/CoreUtils.framework/Versions/A/CoreUtils
0x00000000385fa000 	/System/Library/Frameworks/IOBluetooth.framework/Versions/A/IOBluetooth
0x00000000385fa000 	/System/Library/PrivateFrameworks/CoreWiFi.framework/Versions/A/CoreWiFi
0x00000000385fa000 	/System/Library/Frameworks/CoreBluetooth.framework/Versions/A/CoreBluetooth
0x00000000385fa000 	/System/Library/Frameworks/CoreDisplay.framework/Versions/A/CoreDisplay
0x00000000385fa000 	/System/Library/PrivateFrameworks/IOPresentment.framework/Versions/A/IOPresentment
0x00000000385fa000 	/System/Library/PrivateFrameworks/DSExternalDisplay.framework/Versions/A/DSExternalDisplay
0x00000000385fa000 	/System/Library/PrivateFrameworks/DebugSymbols.framework/Versions/A/DebugSymbols
0x00000000385fa000 	/System/Library/PrivateFrameworks/CoreSymbolication.framework/Versions/A/CoreSymbolication
0x00000000385fa000 	/System/Library/PrivateFrameworks/Symbolication.framework/Versions/A/Symbolication
0x00000000385fa000 	/System/Library/PrivateFrameworks/AppleFSCompression.framework/Versions/A/AppleFSCompression
0x00000000385fa000 	/System/Library/PrivateFrameworks/SpeechRecognitionCore.framework/Versions/A/SpeechRecognitionCore
0x00000000385fa000 	/System/Library/PrivateFrameworks/ChunkingLibrary.framework/Versions/A/ChunkingLibrary
0x000000010b064000 	/Library/Java/JavaVirtualMachines/jdk1.8.0_131.jdk/Contents/Home/jre/lib/server/libjvm.dylib
0x00000000385fa000 	/usr/lib/libstdc++.6.dylib
0x000000010c007000 	/Library/Java/JavaVirtualMachines/jdk1.8.0_131.jdk/Contents/Home/jre/lib/libverify.dylib
0x000000010c015000 	/Library/Java/JavaVirtualMachines/jdk1.8.0_131.jdk/Contents/Home/jre/lib/libjava.dylib
0x000000010c054000 	/Library/Java/JavaVirtualMachines/jdk1.8.0_131.jdk/Contents/Home/jre/lib/libzip.dylib
0x000000011b7bc000 	/System/Library/Frameworks/JavaVM.framework/Frameworks/JavaRuntimeSupport.framework/JavaRuntimeSupport
0x000000011b7d6000 	/System/Library/Frameworks/JavaVM.framework/Versions/A/Frameworks/JavaNativeFoundation.framework/Versions/A/JavaNativeFoundation
0x000000011b7eb000 	/System/Library/Frameworks/JavaVM.framework/Versions/A/JavaVM
0x00000000385fa000 	/System/Library/Frameworks/Carbon.framework/Versions/A/Carbon
0x0000000122291000 	/System/Library/PrivateFrameworks/JavaLaunching.framework/Versions/A/JavaLaunching
0x00000000385fa000 	/System/Library/Frameworks/Carbon.framework/Versions/A/Frameworks/CommonPanels.framework/Versions/A/CommonPanels
0x00000000385fa000 	/System/Library/Frameworks/Carbon.framework/Versions/A/Frameworks/Help.framework/Versions/A/Help
0x00000000385fa000 	/System/Library/Frameworks/Carbon.framework/Versions/A/Frameworks/ImageCapture.framework/Versions/A/ImageCapture
0x00000000385fa000 	/System/Library/Frameworks/Carbon.framework/Versions/A/Frameworks/OpenScripting.framework/Versions/A/OpenScripting
0x00000000385fa000 	/System/Library/Frameworks/Carbon.framework/Versions/A/Frameworks/Print.framework/Versions/A/Print
0x00000000385fa000 	/System/Library/Frameworks/Carbon.framework/Versions/A/Frameworks/SecurityHI.framework/Versions/A/SecurityHI
0x0000000123b98000 	/Library/Java/JavaVirtualMachines/jdk1.8.0_131.jdk/Contents/Home/jre/lib/libawt.dylib
0x0000000123c40000 	/Library/Java/JavaVirtualMachines/jdk1.8.0_131.jdk/Contents/Home/jre/lib/./libmlib_image.dylib
0x0000000123d0c000 	/Library/Java/JavaVirtualMachines/jdk1.8.0_131.jdk/Contents/Home/jre/lib/libawt_lwawt.dylib
0x0000000123dc3000 	/Library/Java/JavaVirtualMachines/jdk1.8.0_131.jdk/Contents/Home/jre/lib/./libosxapp.dylib
0x00000000385fa000 	/System/Library/Frameworks/ExceptionHandling.framework/Versions/A/ExceptionHandling
0x00000000385fa000 	/System/Library/PrivateFrameworks/CoreServicesInternal.framework/Versions/A/CoreServicesInternal
0x00000000385fa000 	/System/Library/CoreServices/RawCamera.bundle/Contents/MacOS/RawCamera
0x00000000385fa000 	/System/Library/Frameworks/Accelerate.framework/Versions/A/Frameworks/vImage.framework/Versions/A/Libraries/libCGInterfaces.dylib
0x00000000385fa000 	/System/Library/Frameworks/ApplicationServices.framework/Versions/A/Frameworks/ATS.framework/Versions/A/Resources/libTrueTypeScaler.dylib
0x0000000125bf1000 	/System/Library/Frameworks/OpenGL.framework/Resources/GLEngine.bundle/GLEngine
0x00000000385fa000 	/System/Library/Frameworks/OpenGL.framework/Versions/A/Libraries/libGLProgrammability.dylib
0x0000000125dd6000 	/System/Library/Extensions/AppleIntelSKLGraphicsGLDriver.bundle/Contents/MacOS/AppleIntelSKLGraphicsGLDriver
0x00000000385fa000 	/System/Library/PrivateFrameworks/GPUSupport.framework/Versions/A/Libraries/libGPUSupportMercury.dylib
0x0000000126b5a000 	/System/Library/Frameworks/OpenGL.framework/Resources//GLRendererFloat.bundle/GLRendererFloat
0x00000000385fa000 	/System/Library/Frameworks/OpenCL.framework/Versions/A/Libraries/libcldcpuengine.dylib
0x00000000385fa000 	/usr/lib/libcrypto.0.9.8.dylib
0x00000000385fa000 	/System/Library/PrivateFrameworks/TrustEvaluationAgent.framework/Versions/A/TrustEvaluationAgent
0x0000000126b8e000 	/System/Library/Extensions/AppleIntelSKLGraphicsMTLDriver.bundle/Contents/MacOS/AppleIntelSKLGraphicsMTLDriver
0x00000000385fa000 	/System/Library/PrivateFrameworks/FamilyControls.framework/Versions/A/FamilyControls
0x00000000385fa000 	/System/Library/PrivateFrameworks/CommerceKit.framework/Versions/A/Frameworks/CommerceCore.framework/Versions/A/CommerceCore
0x00000000385fa000 	/System/Library/PrivateFrameworks/SystemAdministration.framework/Versions/A/SystemAdministration
0x00000000385fa000 	/System/Library/PrivateFrameworks/AppContainer.framework/Versions/A/AppContainer
0x00000000385fa000 	/System/Library/PrivateFrameworks/SecCodeWrapper.framework/Versions/A/SecCodeWrapper
0x00000000385fa000 	/System/Library/Frameworks/DirectoryService.framework/Versions/A/DirectoryService
0x00000000385fa000 	/System/Library/PrivateFrameworks/DiskImages.framework/Versions/A/DiskImages
0x00000000385fa000 	/System/Library/PrivateFrameworks/LoginUIKit.framework/Versions/A/Frameworks/LoginUICore.framework/Versions/A/LoginUICore
0x00000000385fa000 	/usr/lib/libCoreStorage.dylib
0x00000000385fa000 	/usr/lib/libcsfde.dylib
0x00000000385fa000 	/usr/lib/libodfde.dylib
0x00000000385fa000 	/System/Library/Frameworks/DiscRecording.framework/Versions/A/DiscRecording
0x00000000385fa000 	/usr/lib/libcurl.4.dylib
0x00000000385fa000 	/System/Library/PrivateFrameworks/MediaKit.framework/Versions/A/MediaKit
0x00000000385fa000 	/System/Library/PrivateFrameworks/ProtectedCloudStorage.framework/Versions/A/ProtectedCloudStorage
0x00000000385fa000 	/System/Library/PrivateFrameworks/EFILogin.framework/Versions/A/EFILogin
0x00000000385fa000 	/usr/lib/libutil.dylib
0x00000000385fa000 	/System/Library/Frameworks/LDAP.framework/Versions/A/LDAP
0x00000000385fa000 	/usr/lib/libsasl2.2.dylib
0x00000000385fa000 	/System/Library/PrivateFrameworks/CoreDaemon.framework/Versions/B/CoreDaemon
0x00000000385fa000 	/System/Library/PrivateFrameworks/AppleSRP.framework/Versions/A/AppleSRP
0x00000000385fa000 	/System/Library/PrivateFrameworks/APFS.framework/Versions/A/APFS
0x0000000128a45000 	/Library/Java/JavaVirtualMachines/jdk1.8.0_131.jdk/Contents/Home/jre/lib/libfontmanager.dylib
0x00000000385fa000 	/System/Library/PrivateFrameworks/ViewBridge.framework/Versions/A/ViewBridge
0x00000000385fa000 	/System/Library/PrivateFrameworks/XPCService.framework/Versions/A/XPCService
0x00000000385fa000 	/System/Library/PrivateFrameworks/AppSandbox.framework/Versions/A/AppSandbox
0x00000000385fa000 	/usr/lib/libsandbox.1.dylib
0x00000000385fa000 	/usr/lib/libMatch.1.dylib
0x0000000129edf000 	/Library/Java/JavaVirtualMachines/jdk1.8.0_131.jdk/Contents/Home/jre/lib/libosxui.dylib
0x000000012ac79000 	/Library/Java/JavaVirtualMachines/jdk1.8.0_131.jdk/Contents/Home/jre/lib/libnet.dylib
0x000000012aa8e000 	/Library/Java/JavaVirtualMachines/jdk1.8.0_131.jdk/Contents/Home/jre/lib/libnio.dylib
0x0000000129bd0000 	/private/var/folders/lr/vg0t0wxx3tg6yq252w_p67_00000gn/T/jogamp_0000/file_cache/jln4049425563215710526/jln5428812180264048610/libgluegen-rt.jnilib
0x0000000129bd4000 	/private/var/folders/lr/vg0t0wxx3tg6yq252w_p67_00000gn/T/jogamp_0000/file_cache/jln4049425563215710526/jln5428812180264048610/libnativewindow_awt.jnilib
0x000000019328f000 	/Library/Java/JavaVirtualMachines/jdk1.8.0_131.jdk/Contents/Home/jre/lib/libjawt.dylib
0x0000000193292000 	/private/var/folders/lr/vg0t0wxx3tg6yq252w_p67_00000gn/T/jogamp_0000/file_cache/jln4049425563215710526/jln5428812180264048610/libnativewindow_macosx.jnilib
0x000000019349c000 	/private/var/folders/lr/vg0t0wxx3tg6yq252w_p67_00000gn/T/jogamp_0000/file_cache/jln4049425563215710526/jln5428812180264048610/libjogl_desktop.jnilib
0x0000000129e86000 	/Library/Java/JavaVirtualMachines/jdk1.8.0_131.jdk/Contents/Home/jre/lib/libt2k.dylib
0x00000001935c1000 	/Library/Java/JavaVirtualMachines/jdk1.8.0_131.jdk/Contents/Home/jre/lib/libjpeg.dylib

VM Arguments:
jvm_args: -Djava.security.policy=java.policy.applet -Dfile.encoding=UTF-8 
java_command: sun.applet.AppletViewer module6.EarthquakeCityMap1500273705103.html
java_class_path (initial): /Users/sravanjr/Documents/College Classes/Eclipse Practice/UCSDUnfoldingMaps/build:/Users/sravanjr/Documents/College Classes/Eclipse Practice/UCSDUnfoldingMaps/lib/core.jar:/Users/sravanjr/Documents/College Classes/Eclipse Practice/UCSDUnfoldingMaps/lib/gluegen-rt.jar:/Users/sravanjr/Documents/College Classes/Eclipse Practice/UCSDUnfoldingMaps/lib/jogl-all.jar:/Users/sravanjr/Documents/College Classes/Eclipse Practice/UCSDUnfoldingMaps/lib/log4j-1.2.15.jar:/Users/sravanjr/Documents/College Classes/Eclipse Practice/UCSDUnfoldingMaps/lib/sqlite-jdbc-3.7.2.jar:/Users/sravanjr/Documents/College Classes/Eclipse Practice/UCSDUnfoldingMaps/lib/json4processing.jar:/Users/sravanjr/Documents/College Classes/Eclipse Practice/UCSDUnfoldingMaps/lib/libTUIO.jar:/Users/sravanjr/Documents/College Classes/Eclipse Practice/UCSDUnfoldingMaps/lib/unfolding.0.9.7-uscd.jar
Launcher Type: SUN_STANDARD

Environment Variables:
PATH=/usr/bin:/bin:/usr/sbin:/sbin
SHELL=/bin/bash

Signal Handlers:
SIGSEGV: [libjvm.dylib+0x5b1eb1], sa_mask[0]=11111111011111110111111111111111, sa_flags=SA_ONSTACK|SA_RESTART|SA_SIGINFO
SIGBUS: [libjvm.dylib+0x5b1eb1], sa_mask[0]=11111111011111110111111111111111, sa_flags=SA_RESTART|SA_SIGINFO
SIGFPE: [libjvm.dylib+0x488988], sa_mask[0]=11111111011111110111111111111111, sa_flags=SA_RESTART|SA_SIGINFO
SIGPIPE: [libjvm.dylib+0x488988], sa_mask[0]=11111111011111110111111111111111, sa_flags=SA_RESTART|SA_SIGINFO
SIGXFSZ: [libjvm.dylib+0x488988], sa_mask[0]=11111111011111110111111111111111, sa_flags=SA_RESTART|SA_SIGINFO
SIGILL: [libjvm.dylib+0x488988], sa_mask[0]=11111111011111110111111111111111, sa_flags=SA_RESTART|SA_SIGINFO
SIGUSR1: SIG_DFL, sa_mask[0]=00000000000000000000000000000000, sa_flags=none
SIGUSR2: [libjvm.dylib+0x4884a6], sa_mask[0]=00100000000000000000000000000000, sa_flags=SA_RESTART|SA_SIGINFO
SIGHUP: [libjvm.dylib+0x486a7d], sa_mask[0]=11111111011111110111111111111111, sa_flags=SA_RESTART|SA_SIGINFO
SIGINT: [libjvm.dylib+0x486a7d], sa_mask[0]=11111111011111110111111111111111, sa_flags=SA_RESTART|SA_SIGINFO
SIGTERM: [libjvm.dylib+0x486a7d], sa_mask[0]=11111111011111110111111111111111, sa_flags=SA_RESTART|SA_SIGINFO
SIGQUIT: [libjvm.dylib+0x486a7d], sa_mask[0]=11111111011111110111111111111111, sa_flags=SA_RESTART|SA_SIGINFO


---------------  S Y S T E M  ---------------

OS:Bsduname:Darwin 16.6.0 Darwin Kernel Version 16.6.0: Fri Apr 14 16:21:16 PDT 2017; root:xnu-3789.60.24~6/RELEASE_X86_64 x86_64
rlimit: STACK 8192k, CORE 0k, NPROC 709, NOFILE 10240, AS infinity
load average:2.06 1.86 1.77

CPU:total 4 (initial active 4) (2 cores per cpu, 2 threads per core) family 6 model 78 stepping 3, cmov, cx8, fxsr, mmx, sse, sse2, sse3, ssse3, sse4.1, sse4.2, popcnt, avx, avx2, aes, clmul, erms, rtm, 3dnowpref, lzcnt, ht, tsc, tscinvbit, bmi1, bmi2, adx

Memory: 4k page, physical 8388608k(53416k free)

/proc/meminfo:


vm_info: Java HotSpot(TM) 64-Bit Server VM (25.131-b11) for bsd-amd64 JRE (1.8.0_131-b11), built on Mar 15 2017 01:32:22 by "java_re" with gcc 4.2.1 (Based on Apple Inc. build 5658) (LLVM build 2336.11.00)

time: Sun Jul 16 23:42:05 2017
elapsed time: 20 seconds (0d 0h 0m 20s)

