#
# A fatal error has been detected by the Java Runtime Environment:
#
#  SIGSEGV (0xb) at pc=0x00007fffc287e069, pid=2984, tid=0x0000000000000307
#
# JRE version: Java(TM) SE Runtime Environment (8.0_131-b11) (build 1.8.0_131-b11)
# Java VM: Java HotSpot(TM) 64-Bit Server VM (25.131-b11 mixed mode bsd-amd64 compressed oops)
# Problematic frame:
# C  [libobjc.A.dylib+0x7069]  objc_msgSend+0x29
#
# Failed to write core dump. Core dumps have been disabled. To enable core dumping, try "ulimit -c unlimited" before starting Java again
#
# If you would like to submit a bug report, please visit:
#   http://bugreport.java.com/bugreport/crash.jsp
# The crash happened outside the Java Virtual Machine in native code.
# See problematic frame for where to report the bug.
#

---------------  T H R E A D  ---------------

Current thread (0x00007fceb18e4800):  JavaThread "AWT-AppKit" daemon [_thread_in_native, id=775, stack(0x00007fff58f49000,0x00007fff59749000)]

siginfo: si_signo: 11 (SIGSEGV), si_code: 1 (SEGV_MAPERR), si_addr: 0x0000000000000000

Registers:
RAX=0x00007fceb730e2c0, RBX=0x00000001250ae450, RCX=0x00007fceb3f00570, RDX=0x0000000000000000
RSP=0x00007fff59744288, RBP=0x00007fff59744340, RSI=0x00007fffac118116, RDI=0x00007fceb17c2350
R8 =0x0000000000000018, R9 =0x00007fceb3f01840, R10=0x00007fceb81d0800, R11=0x0000000000000000
R12=0x0000000000000000, R13=0x000000019552e0f8, R14=0x00000001250ae440, R15=0x00007fceb18e4800
RIP=0x00007fffc287e069, EFLAGS=0x0000000000010246, ERR=0x0000000000000004
  TRAPNO=0x000000000000000e

Top of Stack: (sp=0x00007fff59744288)
0x00007fff59744288:   00000001250ac157 00007fff597442e0
0x00007fff59744298:   0000000000000003 00007fff597442c0
0x00007fff597442a8:   0000000106ff36d2 000000019552e0f8
0x00007fff597442b8:   000000019552e0f8 00007fceb730e2c0
0x00007fff597442c8:   00000001250ae6a0 00000001250ae710
0x00007fff597442d8:   00007fffc88e26d0 00007fffc95121e0
0x00007fff597442e8:   00000001250ae450 00000001250ae690
0x00007fff597442f8:   00007fceb730e2c0 00007fceb17c2350
0x00007fff59744308:   00007fceb71238e0 00007fceb730e2c0
0x00007fff59744318:   00007fceb17c2350 00007fff597443c8
0x00007fff59744328:   00007fceb18e49f8 000000019552e0f8
0x00007fff59744338:   00007fff597443f0 00007fff597443b8
0x00007fff59744348:   000000010c1919f4 000000019552e0f8
0x00007fff59744358:   00007fff597443f0 00007fff597443b8
0x00007fff59744368:   000000010c191787 000000010c191742
0x00007fff59744378:   00007fff59744378 000000019552e0f8
0x00007fff59744388:   00007fff597443f0 0000000195530d30
0x00007fff59744398:   0000000000000000 000000019552e0f8
0x00007fff597443a8:   0000000000000000 00007fff597443d8
0x00007fff597443b8:   00007fff59744438 000000010c1822bd
0x00007fff597443c8:   00000007404fbd80 000000010c18b538
0x00007fff597443d8:   00007fceb730e2c0 00007fff59744438
0x00007fff597443e8:   00007fceb17c2350 000000010c18ce02
0x00007fff597443f8:   00007fff597443f8 000000019552e2c2
0x00007fff59744408:   00007fff59744460 0000000195530d30
0x00007fff59744418:   0000000000000000 000000019552e2d0
0x00007fff59744428:   00007fff597443d8 00007fff59744448
0x00007fff59744438:   00007fff597444a8 000000010c1822bd
0x00007fff59744448:   00007fceb730e2c0 000000074034b1c8
0x00007fff59744458:   00007fceb17c2350 000000074034b1c8
0x00007fff59744468:   00007fff59744468 000000019b2df75e
0x00007fff59744478:   00007fff597444b8 000000019b2df818 

Instructions: (pc=0x00007fffc287e069)
0x00007fffc287e049:   01 2e 75 66 49 ba f8 ff ff ff ff 7f 00 00 4c 23
0x00007fffc287e059:   17 49 89 f3 45 23 5a 18 49 c1 e3 04 4d 03 5a 10
0x00007fffc287e069:   49 3b 33 75 04 41 ff 63 08 49 83 3b 01 76 0d 49
0x00007fffc287e079:   83 c3 10 49 3b 33 75 f1 41 ff 63 08 72 64 4d 8b 

Register to memory mapping:

RAX=0x00007fceb730e2c0 is an unknown value
RBX=0x00000001250ae450: Java_jogamp_nativewindow_macosx_OSXUtil_GetScreenRefreshRate0+0x1cf0 in /private/var/folders/lr/vg0t0wxx3tg6yq252w_p67_00000gn/T/jogamp_0000/file_cache/jln8492795262894155980/jln2179760929488912058/libnativewindow_macosx.jnilib at 0x00000001250a7000
RCX=0x00007fceb3f00570 is an unknown value
RDX=0x0000000000000000 is an unknown value
RSP=0x00007fff59744288 is pointing into the stack for thread: 0x00007fceb18e4800
RBP=0x00007fff59744340 is pointing into the stack for thread: 0x00007fceb18e4800
RSI=0x00007fffac118116: __NSStyleNameIndexTable+0x7fd5e in /System/Library/Frameworks/AppKit.framework/Versions/C/AppKit at 0x00007fffab4ab000
RDI=0x00007fceb17c2350 is an unknown value
R8 =0x0000000000000018 is an unknown value
R9 =0x00007fceb3f01840 is an unknown value
R10=0x00007fceb81d0800 is a thread
R11=0x0000000000000000 is an unknown value
R12=0x0000000000000000 is an unknown value
R13={method} {0x000000019552e0f8} 'UnsetJAWTRootSurfaceLayer0' '(JJ)V' in 'jogamp/nativewindow/jawt/macosx/MacOSXJAWTWindow'
R14=0x00000001250ae440: Java_jogamp_nativewindow_macosx_OSXUtil_GetScreenRefreshRate0+0x1ce0 in /private/var/folders/lr/vg0t0wxx3tg6yq252w_p67_00000gn/T/jogamp_0000/file_cache/jln8492795262894155980/jln2179760929488912058/libnativewindow_macosx.jnilib at 0x00000001250a7000
R15=0x00007fceb18e4800 is a thread


Stack: [0x00007fff58f49000,0x00007fff59749000],  sp=0x00007fff59744288,  free space=8172k
Native frames: (J=compiled Java code, j=interpreted, Vv=VM code, C=native code)
C  [libobjc.A.dylib+0x7069]  objc_msgSend+0x29
j  jogamp.nativewindow.jawt.macosx.MacOSXJAWTWindow.UnsetJAWTRootSurfaceLayer0(JJ)V+0
j  jogamp.nativewindow.jawt.macosx.MacOSXJAWTWindow.access$200(JJ)V+2
j  jogamp.nativewindow.jawt.macosx.MacOSXJAWTWindow$1.run()V+38
J 2813 C1 com.jogamp.common.util.RunnableTask.run()V (345 bytes) @ 0x000000010c9e7834 [0x000000010c9e76a0+0x194]
v  ~StubRoutines::call_stub
V  [libjvm.dylib+0x2ee5b6]  JavaCalls::call_helper(JavaValue*, methodHandle*, JavaCallArguments*, Thread*)+0x6ae
V  [libjvm.dylib+0x325765]  jni_invoke_nonstatic(JNIEnv_*, JavaValue*, _jobject*, JNICallType, _jmethodID*, JNI_ArgumentPusher*, Thread*)+0x2ec
V  [libjvm.dylib+0x317f33]  jni_CallVoidMethod+0x16b
C  [libnativewindow_macosx.jnilib+0x5326]  Java_jogamp_nativewindow_jawt_macosx_MacOSXJAWTWindow_UnsetJAWTRootSurfaceLayer0+0x2b6
C  [Foundation+0x717ba]  __NSThreadPerformPerform+0x146
C  [CoreFoundation+0xa7321]  __CFRUNLOOP_IS_CALLING_OUT_TO_A_SOURCE0_PERFORM_FUNCTION__+0x11
C  [CoreFoundation+0x8821d]  __CFRunLoopDoSources0+0x22d
C  [CoreFoundation+0x87716]  __CFRunLoopRun+0x3a6
C  [CoreFoundation+0x87114]  CFRunLoopRunSpecific+0x1a4
C  [HIToolbox+0x30ebc]  RunCurrentEventLoopInMode+0xf0
C  [HIToolbox+0x30bf9]  ReceiveNextEventCommon+0xb8
C  [HIToolbox+0x30b26]  _BlockUntilNextEventMatchingListInModeWithFilter+0x47
C  [AppKit+0x46a54]  _DPSNextEvent+0x460
C  [AppKit+0x7c27ee]  -[NSApplication(NSEvent) _nextEventMatchingEventMask:untilDate:inMode:dequeue:]+0xaec
C  [libosxapp.dylib+0x23aa]  -[NSApplicationAWT nextEventMatchingMask:untilDate:inMode:dequeue:]+0x7c
C  [AppKit+0x3b3db]  -[NSApplication run]+0x39e
C  [libosxapp.dylib+0x214d]  +[NSApplicationAWT runAWTLoopWithApp:]+0x9c
C  [libawt_lwawt.dylib+0x45edf]  -[AWTStarter starter:]+0x389
C  [Foundation+0x717ba]  __NSThreadPerformPerform+0x146
C  [CoreFoundation+0xa7321]  __CFRUNLOOP_IS_CALLING_OUT_TO_A_SOURCE0_PERFORM_FUNCTION__+0x11
C  [CoreFoundation+0x8821d]  __CFRunLoopDoSources0+0x22d
C  [CoreFoundation+0x87716]  __CFRunLoopRun+0x3a6
C  [CoreFoundation+0x87114]  CFRunLoopRunSpecific+0x1a4
C  [java+0x6465]  CreateExecutionEnvironment+0x367
C  [java+0x218c]  JLI_Launch+0x7a0
C  [java+0x84c2]  main+0x65
C  [java+0x19e4]  start+0x34
C  0x0000000000000007

Java frames: (J=compiled Java code, j=interpreted, Vv=VM code)
j  jogamp.nativewindow.jawt.macosx.MacOSXJAWTWindow.UnsetJAWTRootSurfaceLayer0(JJ)V+0
j  jogamp.nativewindow.jawt.macosx.MacOSXJAWTWindow.access$200(JJ)V+2
j  jogamp.nativewindow.jawt.macosx.MacOSXJAWTWindow$1.run()V+38
J 2813 C1 com.jogamp.common.util.RunnableTask.run()V (345 bytes) @ 0x000000010c9e7834 [0x000000010c9e76a0+0x194]
v  ~StubRoutines::call_stub

---------------  P R O C E S S  ---------------

Java Threads: ( => current thread )
  0x00007fceb81d0800 JavaThread "Thread-19" [_thread_blocked, id=74251, stack(0x000070000de82000,0x000070000df82000)]
  0x00007fceb239a000 JavaThread "AWT-EventQueue-1" [_thread_in_native, id=67851, stack(0x000070000dcfc000,0x000070000ddfc000)]
  0x00007fceb2002800 JavaThread "DestroyJavaVM" [_thread_blocked, id=7171, stack(0x000070000c6b4000,0x000070000c7b4000)]
  0x00007fceb1982000 JavaThread "AWT-EventQueue-0" [_thread_blocked, id=59907, stack(0x000070000daf6000,0x000070000dbf6000)]
  0x00007fceb21f7800 JavaThread "Java2D Disposer" daemon [_thread_blocked, id=56591, stack(0x000070000d86d000,0x000070000d96d000)]
  0x00007fceb1980800 JavaThread "Java2D Queue Flusher" daemon [_thread_blocked, id=54535, stack(0x000070000d76a000,0x000070000d86a000)]
  0x00007fceb2878000 JavaThread "AWT-Shutdown" [_thread_blocked, id=29727, stack(0x000070000d561000,0x000070000d661000)]
=>0x00007fceb18e4800 JavaThread "AWT-AppKit" daemon [_thread_in_native, id=775, stack(0x00007fff58f49000,0x00007fff59749000)]
  0x00007fceb2822800 JavaThread "Service Thread" daemon [_thread_blocked, id=18435, stack(0x000070000d2d8000,0x000070000d3d8000)]
  0x00007fceb301d800 JavaThread "C1 CompilerThread2" daemon [_thread_blocked, id=17923, stack(0x000070000d1d5000,0x000070000d2d5000)]
  0x00007fceb301c800 JavaThread "C2 CompilerThread1" daemon [_thread_blocked, id=17411, stack(0x000070000d0d2000,0x000070000d1d2000)]
  0x00007fceb3016000 JavaThread "C2 CompilerThread0" daemon [_thread_blocked, id=16899, stack(0x000070000cfcf000,0x000070000d0cf000)]
  0x00007fceb1813800 JavaThread "Signal Dispatcher" daemon [_thread_blocked, id=16387, stack(0x000070000cecc000,0x000070000cfcc000)]
  0x00007fceb2044800 JavaThread "Finalizer" daemon [_thread_blocked, id=12547, stack(0x000070000cdc9000,0x000070000cec9000)]
  0x00007fceb2041800 JavaThread "Reference Handler" daemon [_thread_blocked, id=12035, stack(0x000070000ccc6000,0x000070000cdc6000)]

Other Threads:
  0x00007fceb203d000 VMThread [stack: 0x000070000cbc3000,0x000070000ccc3000] [id=11523]
  0x00007fceb2823800 WatcherThread [stack: 0x000070000d3db000,0x000070000d4db000] [id=18947]

VM state:not at safepoint (normal execution)

VM Mutex/Monitor currently owned by a thread: None

Heap:
 PSYoungGen      total 72192K, used 22268K [0x0000000795580000, 0x000000079b580000, 0x00000007c0000000)
  eden space 59392K, 29% used [0x0000000795580000,0x000000079669cf50,0x0000000798f80000)
  from space 12800K, 37% used [0x0000000798f80000,0x00000007994221a0,0x0000000799c00000)
  to   space 12800K, 0% used [0x000000079a900000,0x000000079a900000,0x000000079b580000)
 ParOldGen       total 68096K, used 18514K [0x0000000740000000, 0x0000000744280000, 0x0000000795580000)
  object space 68096K, 27% used [0x0000000740000000,0x0000000741214a28,0x0000000744280000)
 Metaspace       used 24909K, capacity 25317K, committed 25728K, reserved 1073152K
  class space    used 2471K, capacity 2587K, committed 2688K, reserved 1048576K

Card table byte_map: [0x0000000108163000,0x0000000108564000] byte_map_base: 0x0000000104763000

Marking Bits: (ParMarkBitMap*) 0x00000001076f1ea0
 Begin Bits: [0x000000011b17a000, 0x000000011d17a000)
 End Bits:   [0x000000011d17a000, 0x000000011f17a000)

Polling page: 0x0000000106577000

CodeCache: size=245760Kb used=11957Kb max_used=11969Kb free=233802Kb
 bounds [0x000000010c17a000, 0x000000010cd3a000, 0x000000011b17a000]
 total_blobs=4291 nmethods=3342 adapters=862
 compilation: enabled

Compilation events (10 events):
Event: 33.534 Thread 0x00007fceb301d800 nmethod 3655 0x000000010ccfee50 code [0x000000010ccfefc0, 0x000000010ccff230]
Event: 33.534 Thread 0x00007fceb301d800 3657       1       sun.java2d.SurfaceData::isValid (5 bytes)
Event: 33.535 Thread 0x00007fceb301d800 nmethod 3657 0x000000010cd0ded0 code [0x000000010cd0e020, 0x000000010cd0e130]
Event: 33.542 Thread 0x00007fceb301c800 nmethod 3659 0x000000010ccfe110 code [0x000000010ccfe2c0, 0x000000010ccfe8a8]
Event: 33.549 Thread 0x00007fceb301d800 3660       3       java.security.CodeSource::matchCerts (254 bytes)
Event: 33.550 Thread 0x00007fceb301d800 nmethod 3660 0x000000010cd0bbd0 code [0x000000010cd0bde0, 0x000000010cd0c978]
Event: 33.551 Thread 0x00007fceb3016000 3661       4       java.util.ArrayList::rangeCheck (22 bytes)
Event: 33.551 Thread 0x00007fceb301d800 3662       1       java.util.ArrayList::elementData (7 bytes)
Event: 33.551 Thread 0x00007fceb301d800 nmethod 3662 0x000000010ccfdd90 code [0x000000010ccfdee0, 0x000000010ccfe010]
Event: 33.552 Thread 0x00007fceb3016000 nmethod 3661 0x000000010cc83690 code [0x000000010cc837e0, 0x000000010cc83858]

GC Heap History (10 events):
Event: 5.427 GC heap before
{Heap before GC invocations=4 (full 1):
 PSYoungGen      total 38400K, used 33280K [0x0000000795580000, 0x0000000798000000, 0x00000007c0000000)
  eden space 33280K, 100% used [0x0000000795580000,0x0000000797600000,0x0000000797600000)
  from space 5120K, 0% used [0x0000000797b00000,0x0000000797b00000,0x0000000798000000)
  to   space 5120K, 0% used [0x0000000797600000,0x0000000797600000,0x0000000797b00000)
 ParOldGen       total 68096K, used 8331K [0x0000000740000000, 0x0000000744280000, 0x0000000795580000)
  object space 68096K, 12% used [0x0000000740000000,0x0000000740822d38,0x0000000744280000)
 Metaspace       used 23402K, capacity 23755K, committed 24064K, reserved 1071104K
  class space    used 2408K, capacity 2518K, committed 2560K, reserved 1048576K
Event: 5.434 GC heap after
Heap after GC invocations=4 (full 1):
 PSYoungGen      total 38400K, used 5103K [0x0000000795580000, 0x0000000798d00000, 0x00000007c0000000)
  eden space 33280K, 0% used [0x0000000795580000,0x0000000795580000,0x0000000797600000)
  from space 5120K, 99% used [0x0000000797600000,0x0000000797afbea8,0x0000000797b00000)
  to   space 5120K, 0% used [0x0000000798800000,0x0000000798800000,0x0000000798d00000)
 ParOldGen       total 68096K, used 15315K [0x0000000740000000, 0x0000000744280000, 0x0000000795580000)
  object space 68096K, 22% used [0x0000000740000000,0x0000000740ef4da8,0x0000000744280000)
 Metaspace       used 23402K, capacity 23755K, committed 24064K, reserved 1071104K
  class space    used 2408K, capacity 2518K, committed 2560K, reserved 1048576K
}
Event: 7.174 GC heap before
{Heap before GC invocations=5 (full 1):
 PSYoungGen      total 38400K, used 38383K [0x0000000795580000, 0x0000000798d00000, 0x00000007c0000000)
  eden space 33280K, 100% used [0x0000000795580000,0x0000000797600000,0x0000000797600000)
  from space 5120K, 99% used [0x0000000797600000,0x0000000797afbea8,0x0000000797b00000)
  to   space 5120K, 0% used [0x0000000798800000,0x0000000798800000,0x0000000798d00000)
 ParOldGen       total 68096K, used 15315K [0x0000000740000000, 0x0000000744280000, 0x0000000795580000)
  object space 68096K, 22% used [0x0000000740000000,0x0000000740ef4da8,0x0000000744280000)
 Metaspace       used 23933K, capacity 24309K, committed 24576K, reserved 1071104K
  class space    used 2420K, capacity 2551K, committed 2560K, reserved 1048576K
Event: 7.183 GC heap after
Heap after GC invocations=5 (full 1):
 PSYoungGen      total 51200K, used 5104K [0x0000000795580000, 0x0000000798d00000, 0x00000007c0000000)
  eden space 46080K, 0% used [0x0000000795580000,0x0000000795580000,0x0000000798280000)
  from space 5120K, 99% used [0x0000000798800000,0x0000000798cfc1c0,0x0000000798d00000)
  to   space 5120K, 0% used [0x0000000798300000,0x0000000798300000,0x0000000798800000)
 ParOldGen       total 68096K, used 17970K [0x0000000740000000, 0x0000000744280000, 0x0000000795580000)
  object space 68096K, 26% used [0x0000000740000000,0x000000074118ca08,0x0000000744280000)
 Metaspace       used 23933K, capacity 24309K, committed 24576K, reserved 1071104K
  class space    used 2420K, capacity 2551K, committed 2560K, reserved 1048576K
}
Event: 12.060 GC heap before
{Heap before GC invocations=6 (full 1):
 PSYoungGen      total 51200K, used 51184K [0x0000000795580000, 0x0000000798d00000, 0x00000007c0000000)
  eden space 46080K, 100% used [0x0000000795580000,0x0000000798280000,0x0000000798280000)
  from space 5120K, 99% used [0x0000000798800000,0x0000000798cfc1c0,0x0000000798d00000)
  to   space 5120K, 0% used [0x0000000798300000,0x0000000798300000,0x0000000798800000)
 ParOldGen       total 68096K, used 17970K [0x0000000740000000, 0x0000000744280000, 0x0000000795580000)
  object space 68096K, 26% used [0x0000000740000000,0x000000074118ca08,0x0000000744280000)
 Metaspace       used 24637K, capacity 24997K, committed 25472K, reserved 1073152K
  class space    used 2463K, capacity 2587K, committed 2688K, reserved 1048576K
Event: 12.065 GC heap after
Heap after GC invocations=6 (full 1):
 PSYoungGen      total 51712K, used 5096K [0x0000000795580000, 0x000000079aa80000, 0x00000007c0000000)
  eden space 46592K, 0% used [0x0000000795580000,0x0000000795580000,0x0000000798300000)
  from space 5120K, 99% used [0x0000000798300000,0x00000007987fa1a0,0x0000000798800000)
  to   space 12800K, 0% used [0x0000000799e00000,0x0000000799e00000,0x000000079aa80000)
 ParOldGen       total 68096K, used 18498K [0x0000000740000000, 0x0000000744280000, 0x0000000795580000)
  object space 68096K, 27% used [0x0000000740000000,0x0000000741210a28,0x0000000744280000)
 Metaspace       used 24637K, capacity 24997K, committed 25472K, reserved 1073152K
  class space    used 2463K, capacity 2587K, committed 2688K, reserved 1048576K
}
Event: 20.014 GC heap before
{Heap before GC invocations=7 (full 1):
 PSYoungGen      total 51712K, used 51688K [0x0000000795580000, 0x000000079aa80000, 0x00000007c0000000)
  eden space 46592K, 100% used [0x0000000795580000,0x0000000798300000,0x0000000798300000)
  from space 5120K, 99% used [0x0000000798300000,0x00000007987fa1a0,0x0000000798800000)
  to   space 12800K, 0% used [0x0000000799e00000,0x0000000799e00000,0x000000079aa80000)
 ParOldGen       total 68096K, used 18498K [0x0000000740000000, 0x0000000744280000, 0x0000000795580000)
  object space 68096K, 27% used [0x0000000740000000,0x0000000741210a28,0x0000000744280000)
 Metaspace       used 24801K, capacity 25189K, committed 25472K, reserved 1073152K
  class space    used 2463K, capacity 2587K, committed 2688K, reserved 1048576K
Event: 20.018 GC heap after
Heap after GC invocations=7 (full 1):
 PSYoungGen      total 70144K, used 4744K [0x0000000795580000, 0x000000079a880000, 0x00000007c0000000)
  eden space 59392K, 0% used [0x0000000795580000,0x0000000795580000,0x0000000798f80000)
  from space 10752K, 44% used [0x0000000799e00000,0x000000079a2a2180,0x000000079a880000)
  to   space 12800K, 0% used [0x0000000798f80000,0x0000000798f80000,0x0000000799c00000)
 ParOldGen       total 68096K, used 18506K [0x0000000740000000, 0x0000000744280000, 0x0000000795580000)
  object space 68096K, 27% used [0x0000000740000000,0x0000000741212a28,0x0000000744280000)
 Metaspace       used 24801K, capacity 25189K, committed 25472K, reserved 1073152K
  class space    used 2463K, capacity 2587K, committed 2688K, reserved 1048576K
}
Event: 30.581 GC heap before
{Heap before GC invocations=8 (full 1):
 PSYoungGen      total 70144K, used 64136K [0x0000000795580000, 0x000000079a880000, 0x00000007c0000000)
  eden space 59392K, 100% used [0x0000000795580000,0x0000000798f80000,0x0000000798f80000)
  from space 10752K, 44% used [0x0000000799e00000,0x000000079a2a2180,0x000000079a880000)
  to   space 12800K, 0% used [0x0000000798f80000,0x0000000798f80000,0x0000000799c00000)
 ParOldGen       total 68096K, used 18506K [0x0000000740000000, 0x0000000744280000, 0x0000000795580000)
  object space 68096K, 27% used [0x0000000740000000,0x0000000741212a28,0x0000000744280000)
 Metaspace       used 24832K, capacity 25253K, committed 25728K, reserved 1073152K
  class space    used 2463K, capacity 2587K, committed 2688K, reserved 1048576K
Event: 30.585 GC heap after
Heap after GC invocations=8 (full 1):
 PSYoungGen      total 72192K, used 4744K [0x0000000795580000, 0x000000079b580000, 0x00000007c0000000)
  eden space 59392K, 0% used [0x0000000795580000,0x0000000795580000,0x0000000798f80000)
  from space 12800K, 37% used [0x0000000798f80000,0x00000007994221a0,0x0000000799c00000)
  to   space 12800K, 0% used [0x000000079a900000,0x000000079a900000,0x000000079b580000)
 ParOldGen       total 68096K, used 18514K [0x0000000740000000, 0x0000000744280000, 0x0000000795580000)
  object space 68096K, 27% used [0x0000000740000000,0x0000000741214a28,0x0000000744280000)
 Metaspace       used 24832K, capacity 25253K, committed 25728K, reserved 1073152K
  class space    used 2463K, capacity 2587K, committed 2688K, reserved 1048576K
}

Deoptimization events (10 events):
Event: 11.061 Thread 0x00007fceb239a000 Uncommon trap: reason=unstable_if action=reinterpret pc=0x000000010c7c22a0 method=sun.misc.FloatingDecimal$BinaryToASCIIBuffer.dtoa(IJIZ)V @ 386
Event: 11.061 Thread 0x00007fceb239a000 Uncommon trap: reason=unstable_if action=reinterpret pc=0x000000010c56f6c8 method=java.text.DigitList.getDataChars(I)[C @ 4
Event: 11.061 Thread 0x00007fceb239a000 Uncommon trap: reason=unstable_if action=reinterpret pc=0x000000010c7d46f0 method=java.text.DecimalFormat.getPositivePrefixFieldPositions()[Ljava/text/FieldPosition; @ 4
Event: 33.498 Thread 0x00007fceb239a000 Uncommon trap: reason=unstable_if action=reinterpret pc=0x000000010c8686a8 method=com.jogamp.common.util.VersionNumber.compareTo(Lcom/jogamp/common/util/VersionNumber;)I @ 21
Event: 33.498 Thread 0x00007fceb1982000 Uncommon trap: reason=unstable_if action=reinterpret pc=0x000000010cd12ae4 method=java.awt.EventQueue.getPriority(Ljava/awt/AWTEvent;)I @ 71
Event: 33.508 Thread 0x00007fceb1982000 Uncommon trap: reason=unstable_if action=reinterpret pc=0x000000010c96eb14 method=java.awt.Font.equals(Ljava/lang/Object;)Z @ 2
Event: 33.528 Thread 0x00007fceb3224000 Uncommon trap: reason=class_check action=maybe_recompile pc=0x000000010c68c6b8 method=java.util.HashMap.putVal(ILjava/lang/Object;Ljava/lang/Object;ZZ)Ljava/lang/Object; @ 91
Event: 33.528 Thread 0x00007fceb3224000 Uncommon trap: reason=class_check action=maybe_recompile pc=0x000000010c68c6b8 method=java.util.HashMap.putVal(ILjava/lang/Object;Ljava/lang/Object;ZZ)Ljava/lang/Object; @ 91
Event: 33.528 Thread 0x00007fceb3224000 Uncommon trap: reason=class_check action=maybe_recompile pc=0x000000010c618a0c method=java.util.HashMap.putVal(ILjava/lang/Object;Ljava/lang/Object;ZZ)Ljava/lang/Object; @ 91
Event: 33.551 Thread 0x00007fceb239a000 Uncommon trap: reason=unstable_if action=reinterpret pc=0x000000010cb8b4dc method=java.security.AccessControlContext.optimize()Ljava/security/AccessControlContext; @ 233

Internal exceptions (10 events):
Event: 0.294 Thread 0x00007fceb2002800 Exception <a 'java/io/FileNotFoundException'> (0x0000000795810268) thrown at [/Users/java_re/workspace/8-2-build-macosx-x86_64/jdk8u131/8869/hotspot/src/share/vm/prims/jni.cpp, line 709]
Event: 0.294 Thread 0x00007fceb2002800 Exception <a 'java/io/FileNotFoundException'> (0x0000000795810de8) thrown at [/Users/java_re/workspace/8-2-build-macosx-x86_64/jdk8u131/8869/hotspot/src/share/vm/prims/jni.cpp, line 709]
Event: 0.426 Thread 0x00007fceb2002800 Exception <a 'java/io/FileNotFoundException'> (0x0000000795954b18) thrown at [/Users/java_re/workspace/8-2-build-macosx-x86_64/jdk8u131/8869/hotspot/src/share/vm/prims/jni.cpp, line 709]
Event: 3.021 Thread 0x00007fceb31db000 Exception <a 'java/lang/UnsatisfiedLinkError': com.jogamp.common.util.JarUtil.fixNativeLibAttribs(Ljava/lang/String;)Z> (0x0000000796cc86d0) thrown at [/Users/java_re/workspace/8-2-build-macosx-x86_64/jdk8u131/8869/hotspot/src/share/vm/prims/nativeLookup.
Event: 3.307 Thread 0x00007fceb2044800 Exception <a 'java/lang/NullPointerException'> (0x00000007956a2c30) thrown at [/Users/java_re/workspace/8-2-build-macosx-x86_64/jdk8u131/8869/hotspot/src/share/vm/interpreter/linkResolver.cpp, line 1197]
Event: 4.108 Thread 0x00007fceb239a000 Exception <a 'java/io/FileNotFoundException'> (0x000000079602ad18) thrown at [/Users/java_re/workspace/8-2-build-macosx-x86_64/jdk8u131/8869/hotspot/src/share/vm/prims/jni.cpp, line 709]
Event: 4.109 Thread 0x00007fceb239a000 Exception <a 'java/io/FileNotFoundException'> (0x0000000796033b40) thrown at [/Users/java_re/workspace/8-2-build-macosx-x86_64/jdk8u131/8869/hotspot/src/share/vm/prims/jni.cpp, line 709]
Event: 4.109 Thread 0x00007fceb239a000 Implicit null exception at 0x000000010c349df6 to 0x000000010c34a1c1
Event: 4.473 Thread 0x00007fceb239a000 Implicit null exception at 0x000000010c556046 to 0x000000010c55628d
Event: 11.061 Thread 0x00007fceb239a000 Implicit null exception at 0x000000010c56f275 to 0x000000010c56f6a1

Events (10 events):
Event: 33.551 Thread 0x00007fceb239a000 DEOPT UNPACKING pc=0x000000010c17f229 sp=0x000070000ddf9880 mode 2
Event: 33.551 loading class java/awt/LightweightDispatcher$2
Event: 33.551 loading class java/awt/LightweightDispatcher$2 done
Event: 33.551 loading class java/awt/event/AWTEventListenerProxy
Event: 33.551 loading class java/awt/event/AWTEventListenerProxy done
Event: 33.551 loading class java/awt/Toolkit$ToolkitEventMulticaster
Event: 33.551 loading class java/awt/Toolkit$ToolkitEventMulticaster done
Event: 33.551 Thread 0x00007fceb3224000 Thread exited: 0x00007fceb3224000
Event: 33.552 loading class java/awt/Window$1DisposeAction
Event: 33.552 loading class java/awt/Window$1DisposeAction done


Dynamic libraries:
0x00000000385fa000 	/System/Library/Frameworks/Cocoa.framework/Versions/A/Cocoa
0x00000000385fa000 	/System/Library/Frameworks/Security.framework/Versions/A/Security
0x00000000385fa000 	/System/Library/Frameworks/ApplicationServices.framework/Versions/A/ApplicationServices
0x00000000385fa000 	/usr/lib/libz.1.dylib
0x00000000385fa000 	/usr/lib/libSystem.B.dylib
0x00000000385fa000 	/usr/lib/libobjc.A.dylib
0x00000000385fa000 	/System/Library/Frameworks/CoreFoundation.framework/Versions/A/CoreFoundation
0x00000000385fa000 	/System/Library/Frameworks/Foundation.framework/Versions/C/Foundation
0x00000000385fa000 	/System/Library/Frameworks/AppKit.framework/Versions/C/AppKit
0x00000000385fa000 	/System/Library/Frameworks/CoreData.framework/Versions/A/CoreData
0x00000000385fa000 	/System/Library/PrivateFrameworks/RemoteViewServices.framework/Versions/A/RemoteViewServices
0x00000000385fa000 	/System/Library/PrivateFrameworks/UIFoundation.framework/Versions/A/UIFoundation
0x00000000385fa000 	/System/Library/PrivateFrameworks/DFRFoundation.framework/Versions/A/DFRFoundation
0x00000000385fa000 	/usr/lib/libenergytrace.dylib
0x00000000385fa000 	/System/Library/PrivateFrameworks/SkyLight.framework/Versions/A/SkyLight
0x00000000385fa000 	/System/Library/Frameworks/CoreGraphics.framework/Versions/A/CoreGraphics
0x00000000385fa000 	/usr/lib/libScreenReader.dylib
0x00000000385fa000 	/System/Library/Frameworks/Accelerate.framework/Versions/A/Accelerate
0x00000000385fa000 	/System/Library/Frameworks/IOSurface.framework/Versions/A/IOSurface
0x00000000385fa000 	/System/Library/Frameworks/AudioToolbox.framework/Versions/A/AudioToolbox
0x00000000385fa000 	/System/Library/Frameworks/AudioUnit.framework/Versions/A/AudioUnit
0x00000000385fa000 	/System/Library/PrivateFrameworks/DataDetectorsCore.framework/Versions/A/DataDetectorsCore
0x00000000385fa000 	/System/Library/PrivateFrameworks/DesktopServicesPriv.framework/Versions/A/DesktopServicesPriv
0x00000000385fa000 	/System/Library/Frameworks/Carbon.framework/Versions/A/Frameworks/HIToolbox.framework/Versions/A/HIToolbox
0x00000000385fa000 	/usr/lib/libicucore.A.dylib
0x00000000385fa000 	/System/Library/Frameworks/QuartzCore.framework/Versions/A/QuartzCore
0x00000000385fa000 	/System/Library/Frameworks/Carbon.framework/Versions/A/Frameworks/SpeechRecognition.framework/Versions/A/SpeechRecognition
0x00000000385fa000 	/usr/lib/libauto.dylib
0x00000000385fa000 	/usr/lib/libxml2.2.dylib
0x00000000385fa000 	/System/Library/PrivateFrameworks/CoreUI.framework/Versions/A/CoreUI
0x00000000385fa000 	/System/Library/Frameworks/CoreAudio.framework/Versions/A/CoreAudio
0x00000000385fa000 	/System/Library/Frameworks/DiskArbitration.framework/Versions/A/DiskArbitration
0x00000000385fa000 	/usr/lib/liblangid.dylib
0x00000000385fa000 	/System/Library/PrivateFrameworks/MultitouchSupport.framework/Versions/A/MultitouchSupport
0x00000000385fa000 	/System/Library/Frameworks/IOKit.framework/Versions/A/IOKit
0x00000000385fa000 	/usr/lib/libDiagnosticMessagesClient.dylib
0x00000000385fa000 	/System/Library/Frameworks/CoreServices.framework/Versions/A/CoreServices
0x00000000385fa000 	/System/Library/PrivateFrameworks/PerformanceAnalysis.framework/Versions/A/PerformanceAnalysis
0x00000000385fa000 	/System/Library/PrivateFrameworks/GenerationalStorage.framework/Versions/A/GenerationalStorage
0x00000000385fa000 	/System/Library/Frameworks/OpenGL.framework/Versions/A/OpenGL
0x00000000385fa000 	/System/Library/Frameworks/CoreImage.framework/Versions/A/CoreImage
0x00000000385fa000 	/System/Library/Frameworks/CoreText.framework/Versions/A/CoreText
0x00000000385fa000 	/System/Library/Frameworks/ImageIO.framework/Versions/A/ImageIO
0x00000000385fa000 	/System/Library/PrivateFrameworks/Backup.framework/Versions/A/Backup
0x00000000385fa000 	/usr/lib/libarchive.2.dylib
0x00000000385fa000 	/System/Library/Frameworks/CFNetwork.framework/Versions/A/CFNetwork
0x00000000385fa000 	/System/Library/Frameworks/SystemConfiguration.framework/Versions/A/SystemConfiguration
0x00000000385fa000 	/usr/lib/libCRFSuite.dylib
0x00000000385fa000 	/usr/lib/libc++.1.dylib
0x00000000385fa000 	/usr/lib/libc++abi.dylib
0x00000000385fa000 	/usr/lib/system/libcache.dylib
0x00000000385fa000 	/usr/lib/system/libcommonCrypto.dylib
0x00000000385fa000 	/usr/lib/system/libcompiler_rt.dylib
0x00000000385fa000 	/usr/lib/system/libcopyfile.dylib
0x00000000385fa000 	/usr/lib/system/libcorecrypto.dylib
0x00000000385fa000 	/usr/lib/system/libdispatch.dylib
0x00000000385fa000 	/usr/lib/system/libdyld.dylib
0x00000000385fa000 	/usr/lib/system/libkeymgr.dylib
0x00000000385fa000 	/usr/lib/system/liblaunch.dylib
0x00000000385fa000 	/usr/lib/system/libmacho.dylib
0x00000000385fa000 	/usr/lib/system/libquarantine.dylib
0x00000000385fa000 	/usr/lib/system/libremovefile.dylib
0x00000000385fa000 	/usr/lib/system/libsystem_asl.dylib
0x00000000385fa000 	/usr/lib/system/libsystem_blocks.dylib
0x00000000385fa000 	/usr/lib/system/libsystem_c.dylib
0x00000000385fa000 	/usr/lib/system/libsystem_configuration.dylib
0x00000000385fa000 	/usr/lib/system/libsystem_coreservices.dylib
0x00000000385fa000 	/usr/lib/system/libsystem_coretls.dylib
0x00000000385fa000 	/usr/lib/system/libsystem_dnssd.dylib
0x00000000385fa000 	/usr/lib/system/libsystem_info.dylib
0x00000000385fa000 	/usr/lib/system/libsystem_kernel.dylib
0x00000000385fa000 	/usr/lib/system/libsystem_m.dylib
0x00000000385fa000 	/usr/lib/system/libsystem_malloc.dylib
0x00000000385fa000 	/usr/lib/system/libsystem_network.dylib
0x00000000385fa000 	/usr/lib/system/libsystem_networkextension.dylib
0x00000000385fa000 	/usr/lib/system/libsystem_notify.dylib
0x00000000385fa000 	/usr/lib/system/libsystem_platform.dylib
0x00000000385fa000 	/usr/lib/system/libsystem_pthread.dylib
0x00000000385fa000 	/usr/lib/system/libsystem_sandbox.dylib
0x00000000385fa000 	/usr/lib/system/libsystem_secinit.dylib
0x00000000385fa000 	/usr/lib/system/libsystem_symptoms.dylib
0x00000000385fa000 	/usr/lib/system/libsystem_trace.dylib
0x00000000385fa000 	/usr/lib/system/libunwind.dylib
0x00000000385fa000 	/usr/lib/system/libxpc.dylib
0x00000000385fa000 	/usr/lib/libbsm.0.dylib
0x00000000385fa000 	/usr/lib/system/libkxld.dylib
0x00000000385fa000 	/usr/lib/libcoretls.dylib
0x00000000385fa000 	/usr/lib/libcoretls_cfhelpers.dylib
0x00000000385fa000 	/usr/lib/libOpenScriptingUtil.dylib
0x00000000385fa000 	/usr/lib/libpam.2.dylib
0x00000000385fa000 	/usr/lib/libsqlite3.dylib
0x00000000385fa000 	/usr/lib/libxar.1.dylib
0x00000000385fa000 	/usr/lib/libbz2.1.0.dylib
0x00000000385fa000 	/usr/lib/liblzma.5.dylib
0x00000000385fa000 	/usr/lib/libnetwork.dylib
0x00000000385fa000 	/usr/lib/libpcap.A.dylib
0x00000000385fa000 	/System/Library/Frameworks/CoreServices.framework/Versions/A/Frameworks/FSEvents.framework/Versions/A/FSEvents
0x00000000385fa000 	/System/Library/Frameworks/CoreServices.framework/Versions/A/Frameworks/CarbonCore.framework/Versions/A/CarbonCore
0x00000000385fa000 	/System/Library/Frameworks/CoreServices.framework/Versions/A/Frameworks/Metadata.framework/Versions/A/Metadata
0x00000000385fa000 	/System/Library/Frameworks/CoreServices.framework/Versions/A/Frameworks/OSServices.framework/Versions/A/OSServices
0x00000000385fa000 	/System/Library/Frameworks/CoreServices.framework/Versions/A/Frameworks/SearchKit.framework/Versions/A/SearchKit
0x00000000385fa000 	/System/Library/Frameworks/CoreServices.framework/Versions/A/Frameworks/AE.framework/Versions/A/AE
0x00000000385fa000 	/System/Library/Frameworks/CoreServices.framework/Versions/A/Frameworks/LaunchServices.framework/Versions/A/LaunchServices
0x00000000385fa000 	/System/Library/Frameworks/CoreServices.framework/Versions/A/Frameworks/DictionaryServices.framework/Versions/A/DictionaryServices
0x00000000385fa000 	/System/Library/Frameworks/CoreServices.framework/Versions/A/Frameworks/SharedFileList.framework/Versions/A/SharedFileList
0x00000000385fa000 	/System/Library/Frameworks/NetFS.framework/Versions/A/NetFS
0x00000000385fa000 	/System/Library/PrivateFrameworks/NetAuth.framework/Versions/A/NetAuth
0x00000000385fa000 	/System/Library/PrivateFrameworks/login.framework/Versions/A/Frameworks/loginsupport.framework/Versions/A/loginsupport
0x00000000385fa000 	/System/Library/PrivateFrameworks/TCC.framework/Versions/A/TCC
0x00000000385fa000 	/usr/lib/libmecabra.dylib
0x00000000385fa000 	/System/Library/Frameworks/ApplicationServices.framework/Versions/A/Frameworks/ATS.framework/Versions/A/ATS
0x00000000385fa000 	/System/Library/Frameworks/ApplicationServices.framework/Versions/A/Frameworks/ColorSync.framework/Versions/A/ColorSync
0x00000000385fa000 	/System/Library/Frameworks/ApplicationServices.framework/Versions/A/Frameworks/HIServices.framework/Versions/A/HIServices
0x00000000385fa000 	/System/Library/Frameworks/ApplicationServices.framework/Versions/A/Frameworks/LangAnalysis.framework/Versions/A/LangAnalysis
0x00000000385fa000 	/System/Library/Frameworks/ApplicationServices.framework/Versions/A/Frameworks/PrintCore.framework/Versions/A/PrintCore
0x00000000385fa000 	/System/Library/Frameworks/ApplicationServices.framework/Versions/A/Frameworks/QD.framework/Versions/A/QD
0x00000000385fa000 	/System/Library/Frameworks/ApplicationServices.framework/Versions/A/Frameworks/SpeechSynthesis.framework/Versions/A/SpeechSynthesis
0x00000000385fa000 	/System/Library/Frameworks/Accelerate.framework/Versions/A/Frameworks/vImage.framework/Versions/A/vImage
0x00000000385fa000 	/System/Library/Frameworks/Accelerate.framework/Versions/A/Frameworks/vecLib.framework/Versions/A/vecLib
0x00000000385fa000 	/System/Library/Frameworks/Accelerate.framework/Versions/A/Frameworks/vecLib.framework/Versions/A/libvDSP.dylib
0x00000000385fa000 	/System/Library/Frameworks/Accelerate.framework/Versions/A/Frameworks/vecLib.framework/Versions/A/libBNNS.dylib
0x00000000385fa000 	/System/Library/Frameworks/Accelerate.framework/Versions/A/Frameworks/vecLib.framework/Versions/A/libQuadrature.dylib
0x00000000385fa000 	/System/Library/Frameworks/Accelerate.framework/Versions/A/Frameworks/vecLib.framework/Versions/A/libvMisc.dylib
0x00000000385fa000 	/System/Library/Frameworks/Accelerate.framework/Versions/A/Frameworks/vecLib.framework/Versions/A/libLAPACK.dylib
0x00000000385fa000 	/System/Library/Frameworks/Accelerate.framework/Versions/A/Frameworks/vecLib.framework/Versions/A/libBLAS.dylib
0x00000000385fa000 	/System/Library/Frameworks/Accelerate.framework/Versions/A/Frameworks/vecLib.framework/Versions/A/libLinearAlgebra.dylib
0x00000000385fa000 	/System/Library/Frameworks/Accelerate.framework/Versions/A/Frameworks/vecLib.framework/Versions/A/libSparseBLAS.dylib
0x00000000385fa000 	/System/Library/Frameworks/ApplicationServices.framework/Versions/A/Frameworks/ATS.framework/Versions/A/Resources/libFontParser.dylib
0x00000000385fa000 	/System/Library/Frameworks/ApplicationServices.framework/Versions/A/Frameworks/ATS.framework/Versions/A/Resources/libFontRegistry.dylib
0x00000000385fa000 	/System/Library/Frameworks/ImageIO.framework/Versions/A/Resources/libJPEG.dylib
0x00000000385fa000 	/System/Library/Frameworks/ImageIO.framework/Versions/A/Resources/libTIFF.dylib
0x00000000385fa000 	/System/Library/Frameworks/ImageIO.framework/Versions/A/Resources/libPng.dylib
0x00000000385fa000 	/System/Library/Frameworks/ImageIO.framework/Versions/A/Resources/libGIF.dylib
0x00000000385fa000 	/System/Library/Frameworks/ImageIO.framework/Versions/A/Resources/libJP2.dylib
0x00000000385fa000 	/System/Library/Frameworks/ImageIO.framework/Versions/A/Resources/libRadiance.dylib
0x00000000385fa000 	/usr/lib/libcompression.dylib
0x00000000385fa000 	/System/Library/PrivateFrameworks/AppleJPEG.framework/Versions/A/AppleJPEG
0x00000000385fa000 	/usr/lib/libcups.2.dylib
0x00000000385fa000 	/System/Library/Frameworks/Kerberos.framework/Versions/A/Kerberos
0x00000000385fa000 	/System/Library/Frameworks/GSS.framework/Versions/A/GSS
0x00000000385fa000 	/usr/lib/libresolv.9.dylib
0x00000000385fa000 	/usr/lib/libiconv.2.dylib
0x00000000385fa000 	/System/Library/PrivateFrameworks/Heimdal.framework/Versions/A/Heimdal
0x00000000385fa000 	/usr/lib/libheimdal-asn1.dylib
0x00000000385fa000 	/System/Library/Frameworks/OpenDirectory.framework/Versions/A/OpenDirectory
0x00000000385fa000 	/System/Library/PrivateFrameworks/CommonAuth.framework/Versions/A/CommonAuth
0x00000000385fa000 	/System/Library/Frameworks/OpenDirectory.framework/Versions/A/Frameworks/CFOpenDirectory.framework/Versions/A/CFOpenDirectory
0x00000000385fa000 	/System/Library/Frameworks/SecurityFoundation.framework/Versions/A/SecurityFoundation
0x00000000385fa000 	/System/Library/PrivateFrameworks/LanguageModeling.framework/Versions/A/LanguageModeling
0x00000000385fa000 	/usr/lib/libmarisa.dylib
0x00000000385fa000 	/usr/lib/libChineseTokenizer.dylib
0x00000000385fa000 	/usr/lib/libcmph.dylib
0x00000000385fa000 	/System/Library/PrivateFrameworks/CoreEmoji.framework/Versions/A/CoreEmoji
0x00000000385fa000 	/System/Library/Frameworks/ServiceManagement.framework/Versions/A/ServiceManagement
0x00000000385fa000 	/usr/lib/libxslt.1.dylib
0x00000000385fa000 	/System/Library/Frameworks/Carbon.framework/Versions/A/Frameworks/Ink.framework/Versions/A/Ink
0x00000000385fa000 	/System/Library/PrivateFrameworks/TextureIO.framework/Versions/A/TextureIO
0x00000000385fa000 	/System/Library/Frameworks/Metal.framework/Versions/A/Metal
0x00000000385fa000 	/usr/lib/libate.dylib
0x00000000385fa000 	/System/Library/PrivateFrameworks/GPUCompiler.framework/libmetal_timestamp.dylib
0x00000000385fa000 	/System/Library/Frameworks/OpenGL.framework/Versions/A/Libraries/libCoreFSCache.dylib
0x00000000385fa000 	/System/Library/PrivateFrameworks/IOAccelerator.framework/Versions/A/IOAccelerator
0x00000000385fa000 	/System/Library/Frameworks/CoreVideo.framework/Versions/A/CoreVideo
0x00000000385fa000 	/usr/lib/libFosl_dynamic.dylib
0x00000000385fa000 	/System/Library/PrivateFrameworks/MetalPerformanceShaders.framework/Versions/A/MetalPerformanceShaders
0x00000000385fa000 	/System/Library/PrivateFrameworks/FaceCore.framework/Versions/A/FaceCore
0x00000000385fa000 	/System/Library/Frameworks/OpenCL.framework/Versions/A/OpenCL
0x00000000385fa000 	/System/Library/Frameworks/OpenGL.framework/Versions/A/Libraries/libGLU.dylib
0x00000000385fa000 	/System/Library/Frameworks/OpenGL.framework/Versions/A/Libraries/libGFXShared.dylib
0x00000000385fa000 	/System/Library/Frameworks/OpenGL.framework/Versions/A/Libraries/libGL.dylib
0x00000000385fa000 	/System/Library/Frameworks/OpenGL.framework/Versions/A/Libraries/libGLImage.dylib
0x00000000385fa000 	/System/Library/Frameworks/OpenGL.framework/Versions/A/Libraries/libCVMSPluginSupport.dylib
0x00000000385fa000 	/System/Library/Frameworks/OpenGL.framework/Versions/A/Libraries/libCoreVMClient.dylib
0x00000000385fa000 	/System/Library/PrivateFrameworks/CrashReporterSupport.framework/Versions/A/CrashReporterSupport
0x00000000385fa000 	/System/Library/PrivateFrameworks/Sharing.framework/Versions/A/Sharing
0x00000000385fa000 	/System/Library/PrivateFrameworks/IconServices.framework/Versions/A/IconServices
0x00000000385fa000 	/System/Library/PrivateFrameworks/ProtocolBuffer.framework/Versions/A/ProtocolBuffer
0x00000000385fa000 	/System/Library/PrivateFrameworks/Apple80211.framework/Versions/A/Apple80211
0x00000000385fa000 	/System/Library/Frameworks/CoreWLAN.framework/Versions/A/CoreWLAN
0x00000000385fa000 	/System/Library/PrivateFrameworks/CoreUtils.framework/Versions/A/CoreUtils
0x00000000385fa000 	/System/Library/Frameworks/IOBluetooth.framework/Versions/A/IOBluetooth
0x00000000385fa000 	/System/Library/PrivateFrameworks/CoreWiFi.framework/Versions/A/CoreWiFi
0x00000000385fa000 	/System/Library/Frameworks/CoreBluetooth.framework/Versions/A/CoreBluetooth
0x00000000385fa000 	/System/Library/Frameworks/CoreDisplay.framework/Versions/A/CoreDisplay
0x00000000385fa000 	/System/Library/PrivateFrameworks/IOPresentment.framework/Versions/A/IOPresentment
0x00000000385fa000 	/System/Library/PrivateFrameworks/DSExternalDisplay.framework/Versions/A/DSExternalDisplay
0x00000000385fa000 	/System/Library/PrivateFrameworks/DebugSymbols.framework/Versions/A/DebugSymbols
0x00000000385fa000 	/System/Library/PrivateFrameworks/CoreSymbolication.framework/Versions/A/CoreSymbolication
0x00000000385fa000 	/System/Library/PrivateFrameworks/Symbolication.framework/Versions/A/Symbolication
0x00000000385fa000 	/System/Library/PrivateFrameworks/AppleFSCompression.framework/Versions/A/AppleFSCompression
0x00000000385fa000 	/System/Library/PrivateFrameworks/SpeechRecognitionCore.framework/Versions/A/SpeechRecognitionCore
0x00000000385fa000 	/System/Library/PrivateFrameworks/ChunkingLibrary.framework/Versions/A/ChunkingLibrary
0x0000000106e00000 	/Library/Java/JavaVirtualMachines/jdk1.8.0_131.jdk/Contents/Home/jre/lib/server/libjvm.dylib
0x00000000385fa000 	/usr/lib/libstdc++.6.dylib
0x0000000106534000 	/Library/Java/JavaVirtualMachines/jdk1.8.0_131.jdk/Contents/Home/jre/lib/libverify.dylib
0x0000000106542000 	/Library/Java/JavaVirtualMachines/jdk1.8.0_131.jdk/Contents/Home/jre/lib/libjava.dylib
0x0000000106581000 	/Library/Java/JavaVirtualMachines/jdk1.8.0_131.jdk/Contents/Home/jre/lib/libzip.dylib
0x000000010a696000 	/System/Library/Frameworks/JavaVM.framework/Frameworks/JavaRuntimeSupport.framework/JavaRuntimeSupport
0x000000010a6b0000 	/System/Library/Frameworks/JavaVM.framework/Versions/A/Frameworks/JavaNativeFoundation.framework/Versions/A/JavaNativeFoundation
0x000000010a6c5000 	/System/Library/Frameworks/JavaVM.framework/Versions/A/JavaVM
0x00000000385fa000 	/System/Library/Frameworks/Carbon.framework/Versions/A/Carbon
0x000000010a6d2000 	/System/Library/PrivateFrameworks/JavaLaunching.framework/Versions/A/JavaLaunching
0x00000000385fa000 	/System/Library/Frameworks/Carbon.framework/Versions/A/Frameworks/CommonPanels.framework/Versions/A/CommonPanels
0x00000000385fa000 	/System/Library/Frameworks/Carbon.framework/Versions/A/Frameworks/Help.framework/Versions/A/Help
0x00000000385fa000 	/System/Library/Frameworks/Carbon.framework/Versions/A/Frameworks/ImageCapture.framework/Versions/A/ImageCapture
0x00000000385fa000 	/System/Library/Frameworks/Carbon.framework/Versions/A/Frameworks/OpenScripting.framework/Versions/A/OpenScripting
0x00000000385fa000 	/System/Library/Frameworks/Carbon.framework/Versions/A/Frameworks/Print.framework/Versions/A/Print
0x00000000385fa000 	/System/Library/Frameworks/Carbon.framework/Versions/A/Frameworks/SecurityHI.framework/Versions/A/SecurityHI
0x000000010bfdd000 	/Library/Java/JavaVirtualMachines/jdk1.8.0_131.jdk/Contents/Home/jre/lib/libawt.dylib
0x000000011f17a000 	/Library/Java/JavaVirtualMachines/jdk1.8.0_131.jdk/Contents/Home/jre/lib/./libmlib_image.dylib
0x000000011f246000 	/Library/Java/JavaVirtualMachines/jdk1.8.0_131.jdk/Contents/Home/jre/lib/libawt_lwawt.dylib
0x000000010c085000 	/Library/Java/JavaVirtualMachines/jdk1.8.0_131.jdk/Contents/Home/jre/lib/./libosxapp.dylib
0x00000000385fa000 	/System/Library/Frameworks/ExceptionHandling.framework/Versions/A/ExceptionHandling
0x00000000385fa000 	/System/Library/PrivateFrameworks/CoreServicesInternal.framework/Versions/A/CoreServicesInternal
0x00000000385fa000 	/System/Library/CoreServices/RawCamera.bundle/Contents/MacOS/RawCamera
0x00000000385fa000 	/System/Library/Frameworks/Accelerate.framework/Versions/A/Frameworks/vImage.framework/Versions/A/Libraries/libCGInterfaces.dylib
0x00000000385fa000 	/System/Library/Frameworks/ApplicationServices.framework/Versions/A/Frameworks/ATS.framework/Versions/A/Resources/libTrueTypeScaler.dylib
0x000000012111d000 	/System/Library/Frameworks/OpenGL.framework/Resources/GLEngine.bundle/GLEngine
0x00000000385fa000 	/System/Library/Frameworks/OpenGL.framework/Versions/A/Libraries/libGLProgrammability.dylib
0x0000000121302000 	/System/Library/Extensions/AppleIntelSKLGraphicsGLDriver.bundle/Contents/MacOS/AppleIntelSKLGraphicsGLDriver
0x00000000385fa000 	/System/Library/PrivateFrameworks/GPUSupport.framework/Versions/A/Libraries/libGPUSupportMercury.dylib
0x000000011fde1000 	/System/Library/Frameworks/OpenGL.framework/Resources//GLRendererFloat.bundle/GLRendererFloat
0x00000000385fa000 	/System/Library/Frameworks/OpenCL.framework/Versions/A/Libraries/libcldcpuengine.dylib
0x00000000385fa000 	/usr/lib/libcrypto.0.9.8.dylib
0x00000000385fa000 	/System/Library/PrivateFrameworks/TrustEvaluationAgent.framework/Versions/A/TrustEvaluationAgent
0x0000000122086000 	/System/Library/Extensions/AppleIntelSKLGraphicsMTLDriver.bundle/Contents/MacOS/AppleIntelSKLGraphicsMTLDriver
0x00000000385fa000 	/System/Library/PrivateFrameworks/FamilyControls.framework/Versions/A/FamilyControls
0x00000000385fa000 	/System/Library/PrivateFrameworks/CommerceKit.framework/Versions/A/Frameworks/CommerceCore.framework/Versions/A/CommerceCore
0x00000000385fa000 	/System/Library/PrivateFrameworks/SystemAdministration.framework/Versions/A/SystemAdministration
0x00000000385fa000 	/System/Library/PrivateFrameworks/AppContainer.framework/Versions/A/AppContainer
0x00000000385fa000 	/System/Library/PrivateFrameworks/SecCodeWrapper.framework/Versions/A/SecCodeWrapper
0x00000000385fa000 	/System/Library/Frameworks/DirectoryService.framework/Versions/A/DirectoryService
0x00000000385fa000 	/System/Library/PrivateFrameworks/DiskImages.framework/Versions/A/DiskImages
0x00000000385fa000 	/System/Library/PrivateFrameworks/LoginUIKit.framework/Versions/A/Frameworks/LoginUICore.framework/Versions/A/LoginUICore
0x00000000385fa000 	/usr/lib/libCoreStorage.dylib
0x00000000385fa000 	/usr/lib/libcsfde.dylib
0x00000000385fa000 	/usr/lib/libodfde.dylib
0x00000000385fa000 	/System/Library/Frameworks/DiscRecording.framework/Versions/A/DiscRecording
0x00000000385fa000 	/usr/lib/libcurl.4.dylib
0x00000000385fa000 	/System/Library/PrivateFrameworks/MediaKit.framework/Versions/A/MediaKit
0x00000000385fa000 	/System/Library/PrivateFrameworks/ProtectedCloudStorage.framework/Versions/A/ProtectedCloudStorage
0x00000000385fa000 	/System/Library/PrivateFrameworks/EFILogin.framework/Versions/A/EFILogin
0x00000000385fa000 	/usr/lib/libutil.dylib
0x00000000385fa000 	/System/Library/Frameworks/LDAP.framework/Versions/A/LDAP
0x00000000385fa000 	/usr/lib/libsasl2.2.dylib
0x00000000385fa000 	/System/Library/PrivateFrameworks/CoreDaemon.framework/Versions/B/CoreDaemon
0x00000000385fa000 	/System/Library/PrivateFrameworks/AppleSRP.framework/Versions/A/AppleSRP
0x00000000385fa000 	/System/Library/PrivateFrameworks/APFS.framework/Versions/A/APFS
0x0000000123f16000 	/Library/Java/JavaVirtualMachines/jdk1.8.0_131.jdk/Contents/Home/jre/lib/libfontmanager.dylib
0x00000000385fa000 	/System/Library/PrivateFrameworks/ViewBridge.framework/Versions/A/ViewBridge
0x00000000385fa000 	/System/Library/PrivateFrameworks/XPCService.framework/Versions/A/XPCService
0x00000000385fa000 	/System/Library/PrivateFrameworks/AppSandbox.framework/Versions/A/AppSandbox
0x00000000385fa000 	/usr/lib/libsandbox.1.dylib
0x00000000385fa000 	/usr/lib/libMatch.1.dylib
0x0000000124fe5000 	/Library/Java/JavaVirtualMachines/jdk1.8.0_131.jdk/Contents/Home/jre/lib/libosxui.dylib
0x0000000125f5b000 	/Library/Java/JavaVirtualMachines/jdk1.8.0_131.jdk/Contents/Home/jre/lib/libnet.dylib
0x000000012615d000 	/Library/Java/JavaVirtualMachines/jdk1.8.0_131.jdk/Contents/Home/jre/lib/libnio.dylib
0x00000001250a3000 	/private/var/folders/lr/vg0t0wxx3tg6yq252w_p67_00000gn/T/jogamp_0000/file_cache/jln8492795262894155980/jln2179760929488912058/libgluegen-rt.jnilib
0x0000000124fe2000 	/private/var/folders/lr/vg0t0wxx3tg6yq252w_p67_00000gn/T/jogamp_0000/file_cache/jln8492795262894155980/jln2179760929488912058/libnativewindow_awt.jnilib
0x0000000125077000 	/Library/Java/JavaVirtualMachines/jdk1.8.0_131.jdk/Contents/Home/jre/lib/libjawt.dylib
0x00000001250a7000 	/private/var/folders/lr/vg0t0wxx3tg6yq252w_p67_00000gn/T/jogamp_0000/file_cache/jln8492795262894155980/jln2179760929488912058/libnativewindow_macosx.jnilib
0x000000018f03f000 	/private/var/folders/lr/vg0t0wxx3tg6yq252w_p67_00000gn/T/jogamp_0000/file_cache/jln8492795262894155980/jln2179760929488912058/libjogl_desktop.jnilib
0x000000011fa7d000 	/Library/Java/JavaVirtualMachines/jdk1.8.0_131.jdk/Contents/Home/jre/lib/libsunec.dylib
0x00000001262ad000 	/Library/Java/JavaVirtualMachines/jdk1.8.0_131.jdk/Contents/Home/jre/lib/libjpeg.dylib
0x000000019884e000 	/Library/Java/JavaVirtualMachines/jdk1.8.0_131.jdk/Contents/Home/jre/lib/libt2k.dylib

VM Arguments:
jvm_args: -Djava.security.policy=java.policy.applet -Dfile.encoding=UTF-8 
java_command: sun.applet.AppletViewer finalProjectUCSD1.EarthquakeCityMap1500311128364.html
java_class_path (initial): /Users/sravanjr/Documents/College Classes/Eclipse Practice/UCSDUnfoldingMaps/build:/Users/sravanjr/Documents/College Classes/Eclipse Practice/UCSDUnfoldingMaps/lib/core.jar:/Users/sravanjr/Documents/College Classes/Eclipse Practice/UCSDUnfoldingMaps/lib/gluegen-rt.jar:/Users/sravanjr/Documents/College Classes/Eclipse Practice/UCSDUnfoldingMaps/lib/jogl-all.jar:/Users/sravanjr/Documents/College Classes/Eclipse Practice/UCSDUnfoldingMaps/lib/log4j-1.2.15.jar:/Users/sravanjr/Documents/College Classes/Eclipse Practice/UCSDUnfoldingMaps/lib/sqlite-jdbc-3.7.2.jar:/Users/sravanjr/Documents/College Classes/Eclipse Practice/UCSDUnfoldingMaps/lib/json4processing.jar:/Users/sravanjr/Documents/College Classes/Eclipse Practice/UCSDUnfoldingMaps/lib/libTUIO.jar:/Users/sravanjr/Documents/College Classes/Eclipse Practice/UCSDUnfoldingMaps/lib/unfolding.0.9.7-uscd.jar
Launcher Type: SUN_STANDARD

Environment Variables:
PATH=/usr/bin:/bin:/usr/sbin:/sbin
SHELL=/bin/bash

Signal Handlers:
SIGSEGV: [libjvm.dylib+0x5b1eb1], sa_mask[0]=11111111011111110111111111111111, sa_flags=SA_ONSTACK|SA_RESTART|SA_SIGINFO
SIGBUS: [libjvm.dylib+0x5b1eb1], sa_mask[0]=11111111011111110111111111111111, sa_flags=SA_RESTART|SA_SIGINFO
SIGFPE: [libjvm.dylib+0x488988], sa_mask[0]=11111111011111110111111111111111, sa_flags=SA_RESTART|SA_SIGINFO
SIGPIPE: [libjvm.dylib+0x488988], sa_mask[0]=11111111011111110111111111111111, sa_flags=SA_RESTART|SA_SIGINFO
SIGXFSZ: [libjvm.dylib+0x488988], sa_mask[0]=11111111011111110111111111111111, sa_flags=SA_RESTART|SA_SIGINFO
SIGILL: [libjvm.dylib+0x488988], sa_mask[0]=11111111011111110111111111111111, sa_flags=SA_RESTART|SA_SIGINFO
SIGUSR1: SIG_DFL, sa_mask[0]=00000000000000000000000000000000, sa_flags=none
SIGUSR2: [libjvm.dylib+0x4884a6], sa_mask[0]=00100000000000000000000000000000, sa_flags=SA_RESTART|SA_SIGINFO
SIGHUP: [libjvm.dylib+0x486a7d], sa_mask[0]=11111111011111110111111111111111, sa_flags=SA_RESTART|SA_SIGINFO
SIGINT: [libjvm.dylib+0x486a7d], sa_mask[0]=11111111011111110111111111111111, sa_flags=SA_RESTART|SA_SIGINFO
SIGTERM: [libjvm.dylib+0x486a7d], sa_mask[0]=11111111011111110111111111111111, sa_flags=SA_RESTART|SA_SIGINFO
SIGQUIT: [libjvm.dylib+0x486a7d], sa_mask[0]=11111111011111110111111111111111, sa_flags=SA_RESTART|SA_SIGINFO


---------------  S Y S T E M  ---------------

OS:Bsduname:Darwin 16.6.0 Darwin Kernel Version 16.6.0: Fri Apr 14 16:21:16 PDT 2017; root:xnu-3789.60.24~6/RELEASE_X86_64 x86_64
rlimit: STACK 8192k, CORE 0k, NPROC 709, NOFILE 10240, AS infinity
load average:2.93 2.38 2.18

CPU:total 4 (initial active 4) (2 cores per cpu, 2 threads per core) family 6 model 78 stepping 3, cmov, cx8, fxsr, mmx, sse, sse2, sse3, ssse3, sse4.1, sse4.2, popcnt, avx, avx2, aes, clmul, erms, rtm, 3dnowpref, lzcnt, ht, tsc, tscinvbit, bmi1, bmi2, adx

Memory: 4k page, physical 8388608k(126256k free)

/proc/meminfo:


vm_info: Java HotSpot(TM) 64-Bit Server VM (25.131-b11) for bsd-amd64 JRE (1.8.0_131-b11), built on Mar 15 2017 01:32:22 by "java_re" with gcc 4.2.1 (Based on Apple Inc. build 5658) (LLVM build 2336.11.00)

time: Mon Jul 17 10:06:01 2017
elapsed time: 33 seconds (0d 0h 0m 33s)

